[32mINFO    [0m integration.ha_tests.helpers:helpers.py:628 Cluster members are: [{'name': 'postgresql-1', 'role': 'leader', 'state': 'running', 'api_url': 'https://10.19.202.122:8008/patroni', 'host': '10.19.202.122', 'port': 5432, 'timeline': 3}, {'name': 'postgresql-2', 'role': 'sync_standby', 'state': 'streaming', 'api_url': 'https://10.19.202.127:8008/patroni', 'host': '10.19.202.127', 'port': 5432, 'timeline': 3, 'lag': 0}]
[32mINFO    [0m integration.ha_tests.test_scaling:test_scaling.py:114 Deleting sync replica
[32mINFO    [0m juju.model:__init__.py:3254 Waiting for model:
  postgresql-test-app/0 [idle] active: received database credentials of the first database
  postgresql/1 [executing] active: Primary
  postgresql/2 [executing] active: 
[32mINFO    [0m juju.model:__init__.py:3254 Waiting for model:
  postgresql-test-app/0 [idle] active: received database credentials of the first database
  postgresql/1 [idle] active: Primary
[32mINFO    [0m juju.model:__init__.py:3254 Waiting for model:
  postgresql/1 [idle] active: Primary
[32mINFO    [0m juju.model:__init__.py:3254 Waiting for model:
  postgresql/1 [idle] active: Primary
[32mINFO    [0m integration.ha_tests.test_scaling:test_scaling.py:123 Scaling back up
[32mINFO    [0m juju.model:__init__.py:3254 Waiting for model:
  postgresql-test-app/0 [idle] active: received database credentials of the first database
  postgresql/1 [idle] active: Primary
  postgresql/3 [allocating] waiting: waiting for machine
[32mINFO    [0m juju.model:__init__.py:3254 Waiting for model:
  postgresql/3 [allocating] waiting: waiting for machine
[32mINFO    [0m juju.model:__init__.py:3254 Waiting for model:
  postgresql/3 [executing] waiting: agent initialising
[32mINFO    [0m juju.model:__init__.py:3254 Waiting for model:
  postgresql/3 [executing] maintenance: installing PostgreSQL
[32mINFO    [0m juju.model:__init__.py:3254 Waiting for model:
  postgresql/1 [idle] active: Primary (read-only)
  postgresql/3 [executing] waiting: awaiting for member to start
[32mINFO    [0m juju.model:__init__.py:3254 Waiting for model:
  postgresql/3 [executing] active: 
[32mINFO    [0m integration.ha_tests.helpers:helpers.py:104 Initial writes {'testing.postgresql-2': -1}
[32mINFO    [0m integration.ha_tests.helpers:helpers.py:114 Retry writes {'testing.postgresql-2': -1}
[32mINFO    [0m integration.ha_tests.helpers:helpers.py:114 Retry writes {'testing.postgresql-2': -1}
[32mINFO    [0m integration.ha_tests.helpers:helpers.py:114 Retry writes {'testing.postgresql-2': -1}
[32mINFO    [0m integration.ha_tests.helpers:helpers.py:114 Retry writes {'testing.postgresql-2': -1}
[32mINFO    [0m integration.ha_tests.helpers:helpers.py:114 Retry writes {'testing.postgresql-2': -1}
[32mINFO    [0m integration.ha_tests.helpers:helpers.py:114 Retry writes {'testing.postgresql-2': -1}
[32mINFO    [0m integration.ha_tests.helpers:helpers.py:114 Retry writes {'testing.postgresql-2': -1}
[32mINFO    [0m integration.ha_tests.helpers:helpers.py:114 Retry writes {'testing.postgresql-2': -1}
[32mINFO    [0m integration.ha_tests.helpers:helpers.py:114 Retry writes {'testing.postgresql-2': -1}
[32mINFO    [0m integration.ha_tests.helpers:helpers.py:114 Retry writes {'testing.postgresql-2': -1}
[32mINFO    [0m integration.ha_tests.helpers:helpers.py:114 Retry writes {'testing.postgresql-2': -1}
[32mINFO    [0m integration.ha_tests.helpers:helpers.py:114 Retry writes {'testing.postgresql-2': -1}
[32mINFO    [0m integration.ha_tests.helpers:helpers.py:114 Retry writes {'testing.postgresql-2': -1}
[32mINFO    [0m integration.ha_tests.helpers:helpers.py:114 Retry writes {'testing.postgresql-2': -1}
[32mINFO    [0m integration.ha_tests.helpers:helpers.py:114 Retry writes {'testing.postgresql-2': -1}
[32mINFO    [0m integration.ha_tests.helpers:helpers.py:114 Retry writes {'testing.postgresql-2': -1}
[32mINFO    [0m integration.ha_tests.helpers:helpers.py:114 Retry writes {'testing.postgresql-2': -1}
[32mINFO    [0m integration.ha_tests.helpers:helpers.py:114 Retry writes {'testing.postgresql-2': -1}
[32mINFO    [0m integration.ha_tests.helpers:helpers.py:114 Retry writes {'testing.postgresql-2': -1}
[32mINFO    [0m integration.ha_tests.helpers:helpers.py:114 Retry writes {'testing.postgresql-2': -1}
[32mINFO    [0m integration.ha_tests.helpers:helpers.py:114 Retry writes {'testing.postgresql-2': -1}
[32mINFO    [0m integration.ha_tests.helpers:helpers.py:114 Retry writes {'testing.postgresql-2': -1}
[32mINFO    [0m integration.ha_tests.helpers:helpers.py:114 Retry writes {'testing.postgresql-2': -1}
[32mINFO    [0m integration.ha_tests.helpers:helpers.py:114 Retry writes {'testing.postgresql-2': -1}
[32mINFO    [0m integration.ha_tests.helpers:helpers.py:114 Retry writes {'testing.postgresql-2': -1}
[32mINFO    [0m integration.ha_tests.helpers:helpers.py:114 Retry writes {'testing.postgresql-2': -1}
[32mINFO    [0m integration.ha_tests.helpers:helpers.py:114 Retry writes {'testing.postgresql-2': -1}
[32mINFO    [0m pytest_operator.plugin:plugin.py:951 Model status:

Model    Controller     Cloud/Region         Version  SLA          Timestamp
testing  concierge-lxd  localhost/localhost  3.6.14   unsupported  01:58:26Z

App                  Version  Status  Scale  Charm                Channel      Rev  Exposed  Message
postgresql           16.11    active      2  postgresql                          0  no       
postgresql-test-app           active      1  postgresql-test-app  latest/edge  434  no       received database credentials of the first database

Unit                    Workload  Agent  Machine  Public address  Ports     Message
postgresql-test-app/0*  active    idle   0        10.19.202.66              received database credentials of the first database
postgresql/1*           active    idle   2        10.19.202.122   5432/tcp  Primary (read-only)
postgresql/3            active    idle   4        10.19.202.161   5432/tcp  

Machine  State    Address        Inst id        Base          AZ             Message
0        started  10.19.202.66   juju-5e5d5d-0  ubuntu@22.04  runnervmkj6or  Running
2        started  10.19.202.122  juju-5e5d5d-2  ubuntu@24.04  runnervmkj6or  Running
4        started  10.19.202.161  juju-5e5d5d-4  ubuntu@24.04  runnervmkj6or  Running

[32mINFO    [0m pytest_operator.plugin:plugin.py:957 Juju error logs:

machine-1: 01:34:48 ERROR juju.worker.dependency "kvm-container-provisioner" manifold worker returned unexpected error: container types not yet available
machine-1: 01:34:48 ERROR juju.worker.dependency "lxd-container-provisioner" manifold worker returned unexpected error: container types not yet available
machine-2: 01:34:54 ERROR juju.worker.dependency "lxd-container-provisioner" manifold worker returned unexpected error: container types not yet available
machine-2: 01:34:54 ERROR juju.worker.dependency "kvm-container-provisioner" manifold worker returned unexpected error: container types not yet available
machine-0: 01:35:14 ERROR juju.worker.dependency "kvm-container-provisioner" manifold worker returned unexpected error: container types not yet available
machine-0: 01:35:14 ERROR juju.worker.dependency "lxd-container-provisioner" manifold worker returned unexpected error: container types not yet available
unit-postgresql-0: 01:35:50 ERROR unit.postgresql/0.juju-log cluster:Unable to get the state of the cluster
Traceback (most recent call last):
  File "/var/lib/juju/agents/unit-postgresql-0/charm/src/cluster.py", line 592, in online_cluster_members
    cluster_status = self.cluster_status()
                     ^^^^^^^^^^^^^^^^^^^^^
  File "/var/lib/juju/agents/unit-postgresql-0/charm/lib/charms/tempo_coordinator_k8s/v0/charm_tracing.py", line 1153, in wrapped_function
    return callable(*args, **kwargs)  # type: ignore
           ^^^^^^^^^^^^^^^^^^^^^^^^^
  File "/var/lib/juju/agents/unit-postgresql-0/charm/src/cluster.py", line 283, in cluster_status
    raise RetryError(
tenacity.RetryError: RetryError[<Future at 0x7f27a11b2f30 state=finished raised Exception>]
unit-postgresql-0: 01:35:54 ERROR unit.postgresql/0.juju-log cluster:Unable to get the state of the cluster
Traceback (most recent call last):
  File "/var/lib/juju/agents/unit-postgresql-0/charm/src/cluster.py", line 592, in online_cluster_members
    cluster_status = self.cluster_status()
                     ^^^^^^^^^^^^^^^^^^^^^
  File "/var/lib/juju/agents/unit-postgresql-0/charm/lib/charms/tempo_coordinator_k8s/v0/charm_tracing.py", line 1153, in wrapped_function
    return callable(*args, **kwargs)  # type: ignore
           ^^^^^^^^^^^^^^^^^^^^^^^^^
  File "/var/lib/juju/agents/unit-postgresql-0/charm/src/cluster.py", line 283, in cluster_status
    raise RetryError(
tenacity.RetryError: RetryError[<Future at 0x7fa2a1b8fd10 state=finished raised Exception>]
controller-0: 01:39:16 ERROR juju.worker.provisioner failed to remove dead machine "1"
machine-3: 01:42:52 ERROR juju.worker.dependency "lxd-container-provisioner" manifold worker returned unexpected error: container types not yet available
machine-3: 01:42:52 ERROR juju.worker.dependency "kvm-container-provisioner" manifold worker returned unexpected error: container types not yet available
unit-postgresql-test-app-0: 01:45:20 ERROR juju.worker.dependency "log-sender" manifold worker returned unexpected error: sending log message: websocket: close 1005 (no status): websocket: close sent
unit-postgresql-1: 01:45:22 ERROR juju.worker.dependency "log-sender" manifold worker returned unexpected error: sending log message: websocket: close 1005 (no status): websocket: close sent
controller-0: 01:45:28 ERROR juju.worker.provisioner failed to remove dead machine "3"
machine-4: 01:47:57 ERROR juju.worker.dependency "kvm-container-provisioner" manifold worker returned unexpected error: container types not yet available
machine-4: 01:47:57 ERROR juju.worker.dependency "lxd-container-provisioner" manifold worker returned unexpected error: container types not yet available
unit-postgresql-test-app-0: 01:53:44 ERROR juju.worker.dependency "log-sender" manifold worker returned unexpected error: sending log message: websocket: close 1005 (no status): websocket: close sent
unit-postgresql-test-app-0: 01:53:44 ERROR unit.postgresql-test-app/0.juju-log Unable to drop table
Traceback (most recent call last):
  File "/var/lib/juju/agents/unit-postgresql-test-app-0/charm/src/charm.py", line 337, in _on_clear_continuous_writes_action
    cursor.execute("DROP TABLE IF EXISTS continuous_writes;")
psycopg2.errors.ReadOnlySqlTransaction: cannot execute DROP TABLE in a read-only transaction

unit-postgresql-test-app-0: 01:53:48 ERROR unit.postgresql-test-app/0.juju-log Unable to drop table
Traceback (most recent call last):
  File "/var/lib/juju/agents/unit-postgresql-test-app-0/charm/src/charm.py", line 337, in _on_clear_continuous_writes_action
    cursor.execute("DROP TABLE IF EXISTS continuous_writes;")
psycopg2.errors.ReadOnlySqlTransaction: cannot execute DROP TABLE in a read-only transaction

unit-postgresql-test-app-0: 01:53:52 ERROR unit.postgresql-test-app/0.juju-log Unable to drop table
Traceback (most recent call last):
  File "/var/lib/juju/agents/unit-postgresql-test-app-0/charm/src/charm.py", line 337, in _on_clear_continuous_writes_action
    cursor.execute("DROP TABLE IF EXISTS continuous_writes;")
psycopg2.errors.ReadOnlySqlTransaction: cannot execute DROP TABLE in a read-only transaction

unit-postgresql-test-app-0: 01:53:56 ERROR unit.postgresql-test-app/0.juju-log Unable to drop table
Traceback (most recent call last):
  File "/var/lib/juju/agents/unit-postgresql-test-app-0/charm/src/charm.py", line 337, in _on_clear_continuous_writes_action
    cursor.execute("DROP TABLE IF EXISTS continuous_writes;")
psycopg2.errors.ReadOnlySqlTransaction: cannot execute DROP TABLE in a read-only transaction

unit-postgresql-test-app-0: 01:54:00 ERROR unit.postgresql-test-app/0.juju-log Unable to drop table
Traceback (most recent call last):
  File "/var/lib/juju/agents/unit-postgresql-test-app-0/charm/src/charm.py", line 337, in _on_clear_continuous_writes_action
    cursor.execute("DROP TABLE IF EXISTS continuous_writes;")
psycopg2.errors.ReadOnlySqlTransaction: cannot execute DROP TABLE in a read-only transaction

unit-postgresql-test-app-0: 01:54:04 ERROR unit.postgresql-test-app/0.juju-log Unable to drop table
Traceback (most recent call last):
  File "/var/lib/juju/agents/unit-postgresql-test-app-0/charm/src/charm.py", line 337, in _on_clear_continuous_writes_action
    cursor.execute("DROP TABLE IF EXISTS continuous_writes;")
psycopg2.errors.ReadOnlySqlTransaction: cannot execute DROP TABLE in a read-only transaction

unit-postgresql-test-app-0: 01:54:08 ERROR unit.postgresql-test-app/0.juju-log Unable to drop table
Traceback (most recent call last):
  File "/var/lib/juju/agents/unit-postgresql-test-app-0/charm/src/charm.py", line 337, in _on_clear_continuous_writes_action
    cursor.execute("DROP TABLE IF EXISTS continuous_writes;")
psycopg2.errors.ReadOnlySqlTransaction: cannot execute DROP TABLE in a read-only transaction

unit-postgresql-test-app-0: 01:54:12 ERROR unit.postgresql-test-app/0.juju-log Unable to drop table
Traceback (most recent call last):
  File "/var/lib/juju/agents/unit-postgresql-test-app-0/charm/src/charm.py", line 337, in _on_clear_continuous_writes_action
    cursor.execute("DROP TABLE IF EXISTS continuous_writes;")
psycopg2.errors.ReadOnlySqlTransaction: cannot execute DROP TABLE in a read-only transaction

unit-postgresql-test-app-0: 01:54:16 ERROR unit.postgresql-test-app/0.juju-log Unable to drop table
Traceback (most recent call last):
  File "/var/lib/juju/agents/unit-postgresql-test-app-0/charm/src/charm.py", line 337, in _on_clear_continuous_writes_action
    cursor.execute("DROP TABLE IF EXISTS continuous_writes;")
psycopg2.errors.ReadOnlySqlTransaction: cannot execute DROP TABLE in a read-only transaction

unit-postgresql-test-app-0: 01:54:20 ERROR unit.postgresql-test-app/0.juju-log Unable to drop table
Traceback (most recent call last):
  File "/var/lib/juju/agents/unit-postgresql-test-app-0/charm/src/charm.py", line 337, in _on_clear_continuous_writes_action
    cursor.execute("DROP TABLE IF EXISTS continuous_writes;")
psycopg2.errors.ReadOnlySqlTransaction: cannot execute DROP TABLE in a read-only transaction

unit-postgresql-test-app-0: 01:54:24 ERROR unit.postgresql-test-app/0.juju-log Unable to drop table
Traceback (most recent call last):
  File "/var/lib/juju/agents/unit-postgresql-test-app-0/charm/src/charm.py", line 337, in _on_clear_continuous_writes_action
    cursor.execute("DROP TABLE IF EXISTS continuous_writes;")
psycopg2.errors.ReadOnlySqlTransaction: cannot execute DROP TABLE in a read-only transaction

unit-postgresql-test-app-0: 01:54:28 ERROR unit.postgresql-test-app/0.juju-log Unable to drop table
Traceback (most recent call last):
  File "/var/lib/juju/agents/unit-postgresql-test-app-0/charm/src/charm.py", line 337, in _on_clear_continuous_writes_action
    cursor.execute("DROP TABLE IF EXISTS continuous_writes;")
psycopg2.errors.ReadOnlySqlTransaction: cannot execute DROP TABLE in a read-only transaction

unit-postgresql-test-app-0: 01:54:32 ERROR unit.postgresql-test-app/0.juju-log Unable to drop table
Traceback (most recent call last):
  File "/var/lib/juju/agents/unit-postgresql-test-app-0/charm/src/charm.py", line 337, in _on_clear_continuous_writes_action
    cursor.execute("DROP TABLE IF EXISTS continuous_writes;")
psycopg2.errors.ReadOnlySqlTransaction: cannot execute DROP TABLE in a read-only transaction

unit-postgresql-test-app-0: 01:54:36 ERROR unit.postgresql-test-app/0.juju-log Unable to drop table
Traceback (most recent call last):
  File "/var/lib/juju/agents/unit-postgresql-test-app-0/charm/src/charm.py", line 337, in _on_clear_continuous_writes_action
    cursor.execute("DROP TABLE IF EXISTS continuous_writes;")
psycopg2.errors.ReadOnlySqlTransaction: cannot execute DROP TABLE in a read-only transaction

unit-postgresql-test-app-0: 01:54:40 ERROR unit.postgresql-test-app/0.juju-log Unable to drop table
Traceback (most recent call last):
  File "/var/lib/juju/agents/unit-postgresql-test-app-0/charm/src/charm.py", line 337, in _on_clear_continuous_writes_action
    cursor.execute("DROP TABLE IF EXISTS continuous_writes;")
psycopg2.errors.ReadOnlySqlTransaction: cannot execute DROP TABLE in a read-only transaction

unit-postgresql-test-app-0: 01:54:44 ERROR unit.postgresql-test-app/0.juju-log Unable to drop table
Traceback (most recent call last):
  File "/var/lib/juju/agents/unit-postgresql-test-app-0/charm/src/charm.py", line 337, in _on_clear_continuous_writes_action
    cursor.execute("DROP TABLE IF EXISTS continuous_writes;")
psycopg2.errors.ReadOnlySqlTransaction: cannot execute DROP TABLE in a read-only transaction

unit-postgresql-test-app-0: 01:54:48 ERROR unit.postgresql-test-app/0.juju-log Unable to drop table
Traceback (most recent call last):
  File "/var/lib/juju/agents/unit-postgresql-test-app-0/charm/src/charm.py", line 337, in _on_clear_continuous_writes_action
    cursor.execute("DROP TABLE IF EXISTS continuous_writes;")
psycopg2.errors.ReadOnlySqlTransaction: cannot execute DROP TABLE in a read-only transaction

unit-postgresql-test-app-0: 01:54:52 ERROR unit.postgresql-test-app/0.juju-log Unable to drop table
Traceback (most recent call last):
  File "/var/lib/juju/agents/unit-postgresql-test-app-0/charm/src/charm.py", line 337, in _on_clear_continuous_writes_action
    cursor.execute("DROP TABLE IF EXISTS continuous_writes;")
psycopg2.errors.ReadOnlySqlTransaction: cannot execute DROP TABLE in a read-only transaction

unit-postgresql-test-app-0: 01:54:56 ERROR unit.postgresql-test-app/0.juju-log Unable to drop table
Traceback (most recent call last):
  File "/var/lib/juju/agents/unit-postgresql-test-app-0/charm/src/charm.py", line 337, in _on_clear_continuous_writes_action
    cursor.execute("DROP TABLE IF EXISTS continuous_writes;")
psycopg2.errors.ReadOnlySqlTransaction: cannot execute DROP TABLE in a read-only transaction

unit-postgresql-test-app-0: 01:55:00 ERROR unit.postgresql-test-app/0.juju-log Unable to drop table
Traceback (most recent call last):
  File "/var/lib/juju/agents/unit-postgresql-test-app-0/charm/src/charm.py", line 337, in _on_clear_continuous_writes_action
    cursor.execute("DROP TABLE IF EXISTS continuous_writes;")
psycopg2.errors.ReadOnlySqlTransaction: cannot execute DROP TABLE in a read-only transaction

unit-postgresql-test-app-0: 01:55:04 ERROR unit.postgresql-test-app/0.juju-log Unable to drop table
Traceback (most recent call last):
  File "/var/lib/juju/agents/unit-postgresql-test-app-0/charm/src/charm.py", line 337, in _on_clear_continuous_writes_action
    cursor.execute("DROP TABLE IF EXISTS continuous_writes;")
psycopg2.errors.ReadOnlySqlTransaction: cannot execute DROP TABLE in a read-only transaction

unit-postgresql-test-app-0: 01:55:08 ERROR unit.postgresql-test-app/0.juju-log Unable to drop table
Traceback (most recent call last):
  File "/var/lib/juju/agents/unit-postgresql-test-app-0/charm/src/charm.py", line 337, in _on_clear_continuous_writes_action
    cursor.execute("DROP TABLE IF EXISTS continuous_writes;")
psycopg2.errors.ReadOnlySqlTransaction: cannot execute DROP TABLE in a read-only transaction

unit-postgresql-test-app-0: 01:55:12 ERROR unit.postgresql-test-app/0.juju-log Unable to drop table
Traceback (most recent call last):
  File "/var/lib/juju/agents/unit-postgresql-test-app-0/charm/src/charm.py", line 337, in _on_clear_continuous_writes_action
    cursor.execute("DROP TABLE IF EXISTS continuous_writes;")
psycopg2.errors.ReadOnlySqlTransaction: cannot execute DROP TABLE in a read-only transaction

unit-postgresql-test-app-0: 01:55:16 ERROR unit.postgresql-test-app/0.juju-log Unable to drop table
Traceback (most recent call last):
  File "/var/lib/juju/agents/unit-postgresql-test-app-0/charm/src/charm.py", line 337, in _on_clear_continuous_writes_action
    cursor.execute("DROP TABLE IF EXISTS continuous_writes;")
psycopg2.errors.ReadOnlySqlTransaction: cannot execute DROP TABLE in a read-only transaction

unit-postgresql-test-app-0: 01:55:20 ERROR unit.postgresql-test-app/0.juju-log Unable to drop table
Traceback (most recent call last):
  File "/var/lib/juju/agents/unit-postgresql-test-app-0/charm/src/charm.py", line 337, in _on_clear_continuous_writes_action
    cursor.execute("DROP TABLE IF EXISTS continuous_writes;")
psycopg2.errors.ReadOnlySqlTransaction: cannot execute DROP TABLE in a read-only transaction

unit-postgresql-test-app-0: 01:55:24 ERROR unit.postgresql-test-app/0.juju-log Unable to drop table
Traceback (most recent call last):
  File "/var/lib/juju/agents/unit-postgresql-test-app-0/charm/src/charm.py", line 337, in _on_clear_continuous_writes_action
    cursor.execute("DROP TABLE IF EXISTS continuous_writes;")
psycopg2.errors.ReadOnlySqlTransaction: cannot execute DROP TABLE in a read-only transaction

unit-postgresql-test-app-0: 01:55:28 ERROR unit.postgresql-test-app/0.juju-log Unable to drop table
Traceback (most recent call last):
  File "/var/lib/juju/agents/unit-postgresql-test-app-0/charm/src/charm.py", line 337, in _on_clear_continuous_writes_action
    cursor.execute("DROP TABLE IF EXISTS continuous_writes;")
psycopg2.errors.ReadOnlySqlTransaction: cannot execute DROP TABLE in a read-only transaction

unit-postgresql-test-app-0: 01:55:32 ERROR unit.postgresql-test-app/0.juju-log Unable to drop table
Traceback (most recent call last):
  File "/var/lib/juju/agents/unit-postgresql-test-app-0/charm/src/charm.py", line 337, in _on_clear_continuous_writes_action
    cursor.execute("DROP TABLE IF EXISTS continuous_writes;")
psycopg2.errors.ReadOnlySqlTransaction: cannot execute DROP TABLE in a read-only transaction

unit-postgresql-test-app-0: 01:55:36 ERROR unit.postgresql-test-app/0.juju-log Unable to drop table
Traceback (most recent call last):
  File "/var/lib/juju/agents/unit-postgresql-test-app-0/charm/src/charm.py", line 337, in _on_clear_continuous_writes_action
    cursor.execute("DROP TABLE IF EXISTS continuous_writes;")
psycopg2.errors.ReadOnlySqlTransaction: cannot execute DROP TABLE in a read-only transaction

unit-postgresql-test-app-0: 01:55:40 ERROR unit.postgresql-test-app/0.juju-log Unable to drop table
Traceback (most recent call last):
  File "/var/lib/juju/agents/unit-postgresql-test-app-0/charm/src/charm.py", line 337, in _on_clear_continuous_writes_action
    cursor.execute("DROP TABLE IF EXISTS continuous_writes;")
psycopg2.errors.ReadOnlySqlTransaction: cannot execute DROP TABLE in a read-only transaction

unit-postgresql-test-app-0: 01:55:44 ERROR unit.postgresql-test-app/0.juju-log Unable to drop table
Traceback (most recent call last):
  File "/var/lib/juju/agents/unit-postgresql-test-app-0/charm/src/charm.py", line 337, in _on_clear_continuous_writes_action
    cursor.execute("DROP TABLE IF EXISTS continuous_writes;")
psycopg2.errors.ReadOnlySqlTransaction: cannot execute DROP TABLE in a read-only transaction

unit-postgresql-test-app-0: 01:55:49 ERROR unit.postgresql-test-app/0.juju-log Unable to drop table
Traceback (most recent call last):
  File "/var/lib/juju/agents/unit-postgresql-test-app-0/charm/src/charm.py", line 337, in _on_clear_continuous_writes_action
    cursor.execute("DROP TABLE IF EXISTS continuous_writes;")
psycopg2.errors.ReadOnlySqlTransaction: cannot execute DROP TABLE in a read-only transaction

unit-postgresql-test-app-0: 01:55:53 ERROR unit.postgresql-test-app/0.juju-log Unable to drop table
Traceback (most recent call last):
  File "/var/lib/juju/agents/unit-postgresql-test-app-0/charm/src/charm.py", line 337, in _on_clear_continuous_writes_action
    cursor.execute("DROP TABLE IF EXISTS continuous_writes;")
psycopg2.errors.ReadOnlySqlTransaction: cannot execute DROP TABLE in a read-only transaction

unit-postgresql-test-app-0: 01:55:57 ERROR unit.postgresql-test-app/0.juju-log Unable to drop table
Traceback (most recent call last):
  File "/var/lib/juju/agents/unit-postgresql-test-app-0/charm/src/charm.py", line 337, in _on_clear_continuous_writes_action
    cursor.execute("DROP TABLE IF EXISTS continuous_writes;")
psycopg2.errors.ReadOnlySqlTransaction: cannot execute DROP TABLE in a read-only transaction

unit-postgresql-test-app-0: 01:56:01 ERROR unit.postgresql-test-app/0.juju-log Unable to drop table
Traceback (most recent call last):
  File "/var/lib/juju/agents/unit-postgresql-test-app-0/charm/src/charm.py", line 337, in _on_clear_continuous_writes_action
    cursor.execute("DROP TABLE IF EXISTS continuous_writes;")
psycopg2.errors.ReadOnlySqlTransaction: cannot execute DROP TABLE in a read-only transaction

unit-postgresql-test-app-0: 01:56:05 ERROR unit.postgresql-test-app/0.juju-log Unable to drop table
Traceback (most recent call last):
  File "/var/lib/juju/agents/unit-postgresql-test-app-0/charm/src/charm.py", line 337, in _on_clear_continuous_writes_action
    cursor.execute("DROP TABLE IF EXISTS continuous_writes;")
psycopg2.errors.ReadOnlySqlTransaction: cannot execute DROP TABLE in a read-only transaction

unit-postgresql-test-app-0: 01:56:09 ERROR unit.postgresql-test-app/0.juju-log Unable to drop table
Traceback (most recent call last):
  File "/var/lib/juju/agents/unit-postgresql-test-app-0/charm/src/charm.py", line 337, in _on_clear_continuous_writes_action
    cursor.execute("DROP TABLE IF EXISTS continuous_writes;")
psycopg2.errors.ReadOnlySqlTransaction: cannot execute DROP TABLE in a read-only transaction

unit-postgresql-test-app-0: 01:56:13 ERROR unit.postgresql-test-app/0.juju-log Unable to drop table
Traceback (most recent call last):
  File "/var/lib/juju/agents/unit-postgresql-test-app-0/charm/src/charm.py", line 337, in _on_clear_continuous_writes_action
    cursor.execute("DROP TABLE IF EXISTS continuous_writes;")
psycopg2.errors.ReadOnlySqlTransaction: cannot execute DROP TABLE in a read-only transaction

unit-postgresql-test-app-0: 01:56:17 ERROR unit.postgresql-test-app/0.juju-log Unable to drop table
Traceback (most recent call last):
  File "/var/lib/juju/agents/unit-postgresql-test-app-0/charm/src/charm.py", line 337, in _on_clear_continuous_writes_action
    cursor.execute("DROP TABLE IF EXISTS continuous_writes;")
psycopg2.errors.ReadOnlySqlTransaction: cannot execute DROP TABLE in a read-only transaction

unit-postgresql-test-app-0: 01:56:21 ERROR unit.postgresql-test-app/0.juju-log Unable to drop table
Traceback (most recent call last):
  File "/var/lib/juju/agents/unit-postgresql-test-app-0/charm/src/charm.py", line 337, in _on_clear_continuous_writes_action
    cursor.execute("DROP TABLE IF EXISTS continuous_writes;")
psycopg2.errors.ReadOnlySqlTransaction: cannot execute DROP TABLE in a read-only transaction

unit-postgresql-test-app-0: 01:56:25 ERROR unit.postgresql-test-app/0.juju-log Unable to drop table
Traceback (most recent call last):
  File "/var/lib/juju/agents/unit-postgresql-test-app-0/charm/src/charm.py", line 337, in _on_clear_continuous_writes_action
    cursor.execute("DROP TABLE IF EXISTS continuous_writes;")
psycopg2.errors.ReadOnlySqlTransaction: cannot execute DROP TABLE in a read-only transaction

unit-postgresql-test-app-0: 01:56:29 ERROR unit.postgresql-test-app/0.juju-log Unable to drop table
Traceback (most recent call last):
  File "/var/lib/juju/agents/unit-postgresql-test-app-0/charm/src/charm.py", line 337, in _on_clear_continuous_writes_action
    cursor.execute("DROP TABLE IF EXISTS continuous_writes;")
psycopg2.errors.ReadOnlySqlTransaction: cannot execute DROP TABLE in a read-only transaction

unit-postgresql-test-app-0: 01:56:33 ERROR unit.postgresql-test-app/0.juju-log Unable to drop table
Traceback (most recent call last):
  File "/var/lib/juju/agents/unit-postgresql-test-app-0/charm/src/charm.py", line 337, in _on_clear_continuous_writes_action
    cursor.execute("DROP TABLE IF EXISTS continuous_writes;")
psycopg2.errors.ReadOnlySqlTransaction: cannot execute DROP TABLE in a read-only transaction

unit-postgresql-test-app-0: 01:56:37 ERROR unit.postgresql-test-app/0.juju-log Unable to drop table
Traceback (most recent call last):
  File "/var/lib/juju/agents/unit-postgresql-test-app-0/charm/src/charm.py", line 337, in _on_clear_continuous_writes_action
    cursor.execute("DROP TABLE IF EXISTS continuous_writes;")
psycopg2.errors.ReadOnlySqlTransaction: cannot execute DROP TABLE in a read-only transaction

unit-postgresql-test-app-0: 01:56:41 ERROR unit.postgresql-test-app/0.juju-log Unable to drop table
Traceback (most recent call last):
  File "/var/lib/juju/agents/unit-postgresql-test-app-0/charm/src/charm.py", line 337, in _on_clear_continuous_writes_action
    cursor.execute("DROP TABLE IF EXISTS continuous_writes;")
psycopg2.errors.ReadOnlySqlTransaction: cannot execute DROP TABLE in a read-only transaction

unit-postgresql-test-app-0: 01:56:45 ERROR unit.postgresql-test-app/0.juju-log Unable to drop table
Traceback (most recent call last):
  File "/var/lib/juju/agents/unit-postgresql-test-app-0/charm/src/charm.py", line 337, in _on_clear_continuous_writes_action
    cursor.execute("DROP TABLE IF EXISTS continuous_writes;")
psycopg2.errors.ReadOnlySqlTransaction: cannot execute DROP TABLE in a read-only transaction

unit-postgresql-test-app-0: 01:56:49 ERROR unit.postgresql-test-app/0.juju-log Unable to drop table
Traceback (most recent call last):
  File "/var/lib/juju/agents/unit-postgresql-test-app-0/charm/src/charm.py", line 337, in _on_clear_continuous_writes_action
    cursor.execute("DROP TABLE IF EXISTS continuous_writes;")
psycopg2.errors.ReadOnlySqlTransaction: cannot execute DROP TABLE in a read-only transaction

unit-postgresql-test-app-0: 01:56:53 ERROR unit.postgresql-test-app/0.juju-log Unable to drop table
Traceback (most recent call last):
  File "/var/lib/juju/agents/unit-postgresql-test-app-0/charm/src/charm.py", line 337, in _on_clear_continuous_writes_action
    cursor.execute("DROP TABLE IF EXISTS continuous_writes;")
psycopg2.errors.ReadOnlySqlTransaction: cannot execute DROP TABLE in a read-only transaction

unit-postgresql-test-app-0: 01:56:57 ERROR unit.postgresql-test-app/0.juju-log Unable to drop table
Traceback (most recent call last):
  File "/var/lib/juju/agents/unit-postgresql-test-app-0/charm/src/charm.py", line 337, in _on_clear_continuous_writes_action
    cursor.execute("DROP TABLE IF EXISTS continuous_writes;")
psycopg2.errors.ReadOnlySqlTransaction: cannot execute DROP TABLE in a read-only transaction

unit-postgresql-test-app-0: 01:57:01 ERROR unit.postgresql-test-app/0.juju-log Unable to drop table
Traceback (most recent call last):
  File "/var/lib/juju/agents/unit-postgresql-test-app-0/charm/src/charm.py", line 337, in _on_clear_continuous_writes_action
    cursor.execute("DROP TABLE IF EXISTS continuous_writes;")
psycopg2.errors.ReadOnlySqlTransaction: cannot execute DROP TABLE in a read-only transaction

unit-postgresql-test-app-0: 01:57:05 ERROR unit.postgresql-test-app/0.juju-log Unable to drop table
Traceback (most recent call last):
  File "/var/lib/juju/agents/unit-postgresql-test-app-0/charm/src/charm.py", line 337, in _on_clear_continuous_writes_action
    cursor.execute("DROP TABLE IF EXISTS continuous_writes;")
psycopg2.errors.ReadOnlySqlTransaction: cannot execute DROP TABLE in a read-only transaction

unit-postgresql-test-app-0: 01:57:09 ERROR unit.postgresql-test-app/0.juju-log Unable to drop table
Traceback (most recent call last):
  File "/var/lib/juju/agents/unit-postgresql-test-app-0/charm/src/charm.py", line 337, in _on_clear_continuous_writes_action
    cursor.execute("DROP TABLE IF EXISTS continuous_writes;")
psycopg2.errors.ReadOnlySqlTransaction: cannot execute DROP TABLE in a read-only transaction

unit-postgresql-test-app-0: 01:57:13 ERROR unit.postgresql-test-app/0.juju-log Unable to drop table
Traceback (most recent call last):
  File "/var/lib/juju/agents/unit-postgresql-test-app-0/charm/src/charm.py", line 337, in _on_clear_continuous_writes_action
    cursor.execute("DROP TABLE IF EXISTS continuous_writes;")
psycopg2.errors.ReadOnlySqlTransaction: cannot execute DROP TABLE in a read-only transaction

unit-postgresql-test-app-0: 01:57:17 ERROR unit.postgresql-test-app/0.juju-log Unable to drop table
Traceback (most recent call last):
  File "/var/lib/juju/agents/unit-postgresql-test-app-0/charm/src/charm.py", line 337, in _on_clear_continuous_writes_action
    cursor.execute("DROP TABLE IF EXISTS continuous_writes;")
psycopg2.errors.ReadOnlySqlTransaction: cannot execute DROP TABLE in a read-only transaction

unit-postgresql-test-app-0: 01:57:21 ERROR unit.postgresql-test-app/0.juju-log Unable to drop table
Traceback (most recent call last):
  File "/var/lib/juju/agents/unit-postgresql-test-app-0/charm/src/charm.py", line 337, in _on_clear_continuous_writes_action
    cursor.execute("DROP TABLE IF EXISTS continuous_writes;")
psycopg2.errors.ReadOnlySqlTransaction: cannot execute DROP TABLE in a read-only transaction

unit-postgresql-test-app-0: 01:57:25 ERROR unit.postgresql-test-app/0.juju-log Unable to drop table
Traceback (most recent call last):
  File "/var/lib/juju/agents/unit-postgresql-test-app-0/charm/src/charm.py", line 337, in _on_clear_continuous_writes_action
    cursor.execute("DROP TABLE IF EXISTS continuous_writes;")
psycopg2.errors.ReadOnlySqlTransaction: cannot execute DROP TABLE in a read-only transaction

unit-postgresql-test-app-0: 01:57:29 ERROR unit.postgresql-test-app/0.juju-log Unable to drop table
Traceback (most recent call last):
  File "/var/lib/juju/agents/unit-postgresql-test-app-0/charm/src/charm.py", line 337, in _on_clear_continuous_writes_action
    cursor.execute("DROP TABLE IF EXISTS continuous_writes;")
psycopg2.errors.ReadOnlySqlTransaction: cannot execute DROP TABLE in a read-only transaction

unit-postgresql-test-app-0: 01:57:33 ERROR unit.postgresql-test-app/0.juju-log Unable to drop table
Traceback (most recent call last):
  File "/var/lib/juju/agents/unit-postgresql-test-app-0/charm/src/charm.py", line 337, in _on_clear_continuous_writes_action
    cursor.execute("DROP TABLE IF EXISTS continuous_writes;")
psycopg2.errors.ReadOnlySqlTransaction: cannot execute DROP TABLE in a read-only transaction

unit-postgresql-test-app-0: 01:57:37 ERROR unit.postgresql-test-app/0.juju-log Unable to drop table
Traceback (most recent call last):
  File "/var/lib/juju/agents/unit-postgresql-test-app-0/charm/src/charm.py", line 337, in _on_clear_continuous_writes_action
    cursor.execute("DROP TABLE IF EXISTS continuous_writes;")
psycopg2.errors.ReadOnlySqlTransaction: cannot execute DROP TABLE in a read-only transaction

unit-postgresql-test-app-0: 01:57:41 ERROR unit.postgresql-test-app/0.juju-log Unable to drop table
Traceback (most recent call last):
  File "/var/lib/juju/agents/unit-postgresql-test-app-0/charm/src/charm.py", line 337, in _on_clear_continuous_writes_action
    cursor.execute("DROP TABLE IF EXISTS continuous_writes;")
psycopg2.errors.ReadOnlySqlTransaction: cannot execute DROP TABLE in a read-only transaction

unit-postgresql-test-app-0: 01:57:45 ERROR unit.postgresql-test-app/0.juju-log Unable to drop table
Traceback (most recent call last):
  File "/var/lib/juju/agents/unit-postgresql-test-app-0/charm/src/charm.py", line 337, in _on_clear_continuous_writes_action
    cursor.execute("DROP TABLE IF EXISTS continuous_writes;")
psycopg2.errors.ReadOnlySqlTransaction: cannot execute DROP TABLE in a read-only transaction

unit-postgresql-test-app-0: 01:57:49 ERROR unit.postgresql-test-app/0.juju-log Unable to drop table
Traceback (most recent call last):
  File "/var/lib/juju/agents/unit-postgresql-test-app-0/charm/src/charm.py", line 337, in _on_clear_continuous_writes_action
    cursor.execute("DROP TABLE IF EXISTS continuous_writes;")
psycopg2.errors.ReadOnlySqlTransaction: cannot execute DROP TABLE in a read-only transaction

unit-postgresql-test-app-0: 01:57:53 ERROR unit.postgresql-test-app/0.juju-log Unable to drop table
Traceback (most recent call last):
  File "/var/lib/juju/agents/unit-postgresql-test-app-0/charm/src/charm.py", line 337, in _on_clear_continuous_writes_action
    cursor.execute("DROP TABLE IF EXISTS continuous_writes;")
psycopg2.errors.ReadOnlySqlTransaction: cannot execute DROP TABLE in a read-only transaction

unit-postgresql-test-app-0: 01:57:57 ERROR unit.postgresql-test-app/0.juju-log Unable to drop table
Traceback (most recent call last):
  File "/var/lib/juju/agents/unit-postgresql-test-app-0/charm/src/charm.py", line 337, in _on_clear_continuous_writes_action
    cursor.execute("DROP TABLE IF EXISTS continuous_writes;")
psycopg2.errors.ReadOnlySqlTransaction: cannot execute DROP TABLE in a read-only transaction

unit-postgresql-test-app-0: 01:58:01 ERROR unit.postgresql-test-app/0.juju-log Unable to drop table
Traceback (most recent call last):
  File "/var/lib/juju/agents/unit-postgresql-test-app-0/charm/src/charm.py", line 337, in _on_clear_continuous_writes_action
    cursor.execute("DROP TABLE IF EXISTS continuous_writes;")
psycopg2.errors.ReadOnlySqlTransaction: cannot execute DROP TABLE in a read-only transaction

unit-postgresql-test-app-0: 01:58:05 ERROR unit.postgresql-test-app/0.juju-log Unable to drop table
Traceback (most recent call last):
  File "/var/lib/juju/agents/unit-postgresql-test-app-0/charm/src/charm.py", line 337, in _on_clear_continuous_writes_action
    cursor.execute("DROP TABLE IF EXISTS continuous_writes;")
psycopg2.errors.ReadOnlySqlTransaction: cannot execute DROP TABLE in a read-only transaction

unit-postgresql-test-app-0: 01:58:09 ERROR unit.postgresql-test-app/0.juju-log Unable to drop table
Traceback (most recent call last):
  File "/var/lib/juju/agents/unit-postgresql-test-app-0/charm/src/charm.py", line 337, in _on_clear_continuous_writes_action
    cursor.execute("DROP TABLE IF EXISTS continuous_writes;")
psycopg2.errors.ReadOnlySqlTransaction: cannot execute DROP TABLE in a read-only transaction

unit-postgresql-test-app-0: 01:58:13 ERROR unit.postgresql-test-app/0.juju-log Unable to drop table
Traceback (most recent call last):
  File "/var/lib/juju/agents/unit-postgresql-test-app-0/charm/src/charm.py", line 337, in _on_clear_continuous_writes_action
    cursor.execute("DROP TABLE IF EXISTS continuous_writes;")
psycopg2.errors.ReadOnlySqlTransaction: cannot execute DROP TABLE in a read-only transaction

unit-postgresql-test-app-0: 01:58:17 ERROR unit.postgresql-test-app/0.juju-log Unable to drop table
Traceback (most recent call last):
  File "/var/lib/juju/agents/unit-postgresql-test-app-0/charm/src/charm.py", line 337, in _on_clear_continuous_writes_action
    cursor.execute("DROP TABLE IF EXISTS continuous_writes;")
psycopg2.errors.ReadOnlySqlTransaction: cannot execute DROP TABLE in a read-only transaction

unit-postgresql-test-app-0: 01:58:21 ERROR unit.postgresql-test-app/0.juju-log Unable to drop table
Traceback (most recent call last):
  File "/var/lib/juju/agents/unit-postgresql-test-app-0/charm/src/charm.py", line 337, in _on_clear_continuous_writes_action
    cursor.execute("DROP TABLE IF EXISTS continuous_writes;")
psycopg2.errors.ReadOnlySqlTransaction: cannot execute DROP TABLE in a read-only transaction


[32mINFO    [0m pytest_operator.plugin:plugin.py:1039 Forgetting model main...