[32mINFO    [0m integration.ha_tests.test_upgrade_from_stable:test_upgrade_from_stable.py:102 starting continuous writes to the database
[33mWARNING [0m juju.model:__init__.py:1683 relate is deprecated and will be removed. Use integrate instead.
[32mINFO    [0m juju.model:__init__.py:3254 Waiting for model:
  postgresql/0 [executing] active: Primary
  postgresql/1 [executing] active: 
  postgresql/2 [executing] active: 
  postgresql-test-app/0 [idle] active: 
[32mINFO    [0m integration.ha_tests.test_upgrade_from_stable:test_upgrade_from_stable.py:106 checking whether writes are increasing
[32mINFO    [0m integration.ha_tests.helpers:helpers.py:103 Initial writes {'test.postgresql-0': 190, 'test.postgresql-1': 190}
[32mINFO    [0m integration.ha_tests.helpers:helpers.py:113 Retry writes {'test.postgresql-0': 337, 'test.postgresql-1': 337}
[32mINFO    [0m integration.ha_tests.test_upgrade_from_stable:test_upgrade_from_stable.py:115 Build charm locally
[32mINFO    [0m integration.ha_tests.test_upgrade_from_stable:test_upgrade_from_stable.py:118 Refresh the charm
[32mINFO    [0m integration.ha_tests.test_upgrade_from_stable:test_upgrade_from_stable.py:121 Wait for upgrade to start
[32mINFO    [0m integration.ha_tests.test_upgrade_from_stable:test_upgrade_from_stable.py:128 Wait for upgrade to complete
[32mINFO    [0m juju.model:__init__.py:3254 Waiting for model:
  postgresql/0 [idle] active: Primary
  postgresql/1 [executing] waiting: other units upgrading first...
  postgresql/2 [executing] waiting: other units upgrading first...
[32mINFO    [0m juju.model:__init__.py:3254 Waiting for model:
  postgresql/0 [idle] waiting: other units upgrading first...
  postgresql/1 [idle] waiting: other units upgrading first...
  postgresql/2 [executing] maintenance: refreshing the snap
[32mINFO    [0m juju.model:__init__.py:3254 Waiting for model:
  postgresql/0 [executing] waiting: other units upgrading first...
  postgresql/1 [executing] waiting: other units upgrading first...
  postgresql/2 [idle] maintenance: upgrade completed
[32mINFO    [0m juju.model:__init__.py:3254 Waiting for model:
  postgresql/0 [executing] waiting: other units upgrading first...
  postgresql/1 [executing] maintenance: refreshing the snap
  postgresql/2 [idle] maintenance: upgrade completed
[32mINFO    [0m juju.model:__init__.py:3254 Waiting for model:
  postgresql/0 [executing] active: 
  postgresql/1 [executing] maintenance: upgrade completed
  postgresql/2 [executing] maintenance: upgrade completed
[32mINFO    [0m juju.model:__init__.py:3254 Waiting for model:
  postgresql/0 [executing] maintenance: refreshing the snap
  postgresql/1 [idle] maintenance: upgrade completed
  postgresql/2 [idle] maintenance: upgrade completed
[32mINFO    [0m juju.model:__init__.py:3254 Waiting for model:
  postgresql/0 [executing] active: 
  postgresql/1 [executing] maintenance: upgrade completed
  postgresql/2 [executing] maintenance: upgrade completed
[32mINFO    [0m juju.model:__init__.py:3254 Waiting for model:
  postgresql/0 [executing] active: 
  postgresql/1 [executing] active: 
  postgresql/2 [executing] active: 
[32mINFO    [0m juju.model:__init__.py:3254 Waiting for model:
  postgresql/0 [executing] active: 
  postgresql/1 [idle] active: 
  postgresql/2 [idle] active: Primary
[32mINFO    [0m juju.model:__init__.py:3254 Waiting for model:
  postgresql/0 [idle] active: 
[32mINFO    [0m integration.ha_tests.test_upgrade_from_stable:test_upgrade_from_stable.py:135 checking whether writes are increasing
[32mINFO    [0m integration.ha_tests.helpers:helpers.py:103 Initial writes {'test.postgresql-1': 17564, 'test.postgresql-2': 17565}
[32mINFO    [0m integration.ha_tests.helpers:helpers.py:113 Retry writes {'test.postgresql-1': 17712, 'test.postgresql-2': 17713}
[32mINFO    [0m integration.ha_tests.test_upgrade_from_stable:test_upgrade_from_stable.py:140 checking whether no writes were lost
[32mINFO    [0m integration.ha_tests.test_upgrade_from_stable:test_upgrade_from_stable.py:145 checking the number of switchovers
[32mINFO    [0m pytest_operator.plugin:plugin.py:929 Model status:

Model  Controller           Cloud/Region         Version  SLA          Timestamp
test   localhost-localhost  localhost/localhost  3.4.6    unsupported  01:52:33Z

App                  Version  Status  Scale  Charm                Channel      Rev  Exposed  Message
postgresql           14.13    active      3  postgresql                          0  no       
postgresql-test-app           active      1  postgresql-test-app  latest/edge  305  no       received database credentials of the first database

Unit                    Workload  Agent  Machine  Public address  Ports     Message
postgresql-test-app/0*  active    idle   3        10.73.191.27              received database credentials of the first database
postgresql/0*           active    idle   0        10.73.191.158   5432/tcp  
postgresql/1            active    idle   1        10.73.191.208   5432/tcp  
postgresql/2            active    idle   2        10.73.191.25    5432/tcp  Primary

Machine  State    Address        Inst id        Base          AZ  Message
0        started  10.73.191.158  juju-049571-0  ubuntu@22.04      Running
1        started  10.73.191.208  juju-049571-1  ubuntu@22.04      Running
2        started  10.73.191.25   juju-049571-2  ubuntu@22.04      Running
3        started  10.73.191.27   juju-049571-3  ubuntu@22.04      Running

[32mINFO    [0m pytest_operator.plugin:plugin.py:935 Juju error logs:

machine-0: 01:38:58 ERROR juju.worker.dependency "lxd-container-provisioner" manifold worker returned unexpected error: container types not yet available
machine-0: 01:38:58 ERROR juju.worker.dependency "kvm-container-provisioner" manifold worker returned unexpected error: container types not yet available
unit-postgresql-0: 01:38:58 ERROR juju.worker.meterstatus error running "meter-status-changed": charm missing from disk
machine-2: 01:39:06 ERROR juju.worker.dependency "kvm-container-provisioner" manifold worker returned unexpected error: container types not yet available
machine-2: 01:39:06 ERROR juju.worker.dependency "lxd-container-provisioner" manifold worker returned unexpected error: container types not yet available
unit-postgresql-2: 01:39:07 ERROR juju.worker.meterstatus error running "meter-status-changed": charm missing from disk
machine-3: 01:39:11 ERROR juju.worker.dependency "lxd-container-provisioner" manifold worker returned unexpected error: container types not yet available
machine-3: 01:39:11 ERROR juju.worker.dependency "kvm-container-provisioner" manifold worker returned unexpected error: container types not yet available
unit-postgresql-test-app-0: 01:39:11 ERROR juju.worker.meterstatus error running "meter-status-changed": charm missing from disk
machine-1: 01:39:11 ERROR juju.worker.dependency "lxd-container-provisioner" manifold worker returned unexpected error: container types not yet available
machine-1: 01:39:11 ERROR juju.worker.dependency "kvm-container-provisioner" manifold worker returned unexpected error: container types not yet available
unit-postgresql-1: 01:39:12 ERROR juju.worker.meterstatus error running "meter-status-changed": charm missing from disk
unit-postgresql-0: 01:51:20 ERROR unit.postgresql/0.juju-log upgrade:1: failed to change plugins: 
Traceback (most recent call last):
  File "/var/lib/juju/agents/unit-postgresql-0/charm/lib/charms/postgresql_k8s/v0/postgresql.py", line 346, in enable_disable_extensions
    cursor.execute(
psycopg2.errors.ObjectNotInPrerequisiteState: pgaudit must be loaded via shared_preload_libraries


During handling of the above exception, another exception occurred:

Traceback (most recent call last):
  File "/var/lib/juju/agents/unit-postgresql-0/charm/./src/charm.py", line 1066, in enable_disable_extensions
    self.postgresql.enable_disable_extensions(extensions, database)
  File "/var/lib/juju/agents/unit-postgresql-0/charm/lib/charms/tempo_coordinator_k8s/v0/charm_tracing.py", line 1064, in wrapped_function
    return callable(*args, **kwargs)  # type: ignore
  File "/var/lib/juju/agents/unit-postgresql-0/charm/lib/charms/postgresql_k8s/v0/postgresql.py", line 357, in enable_disable_extensions
    raise PostgreSQLEnableDisableExtensionError()
charms.postgresql_k8s.v0.postgresql.PostgreSQLEnableDisableExtensionError

[32mINFO    [0m pytest_operator.plugin:plugin.py:1017 Forgetting model main...