[32mINFO    [0m pytest_operator.plugin:plugin.py:794 Connecting to existing model concierge-lxd:testing on unspecified cloud
[33mWARNING [0m juju.client.connection:connection.py:861 unexpected facade SSHServer received from the controller
[32mINFO    [0m integration.test_backups_pitr_gcp:test_backups_pitr_gcp.py:58 deploying the next charms: s3-integrator, self-signed-certificates, postgresql
[32mINFO    [0m juju.model:__init__.py:2301 Deploying ch:amd64/jammy/s3-integrator-77
[32mINFO    [0m juju.model:__init__.py:2301 Deploying ch:amd64/jammy/self-signed-certificates-264
[32mINFO    [0m juju.model:__init__.py:2301 Deploying local:postgresql-0
[32mINFO    [0m integration.test_backups_pitr_gcp:test_backups_pitr_gcp.py:69 integrating self-signed-certificates with postgresql and waiting them to stabilize
[33mWARNING [0m juju.model:__init__.py:1683 relate is deprecated and will be removed. Use integrate instead.
[32mINFO    [0m juju.model:__init__.py:3254 Waiting for model:
  postgresql-gcp/0 [allocating] waiting: waiting for machine
  postgresql-gcp/1 [allocating] waiting: waiting for machine
  self-signed-certificates/0 [allocating] waiting: waiting for machine
[32mINFO    [0m juju.model:__init__.py:3254 Waiting for model:
  postgresql-gcp/0 [allocating] waiting: waiting for machine
  postgresql-gcp/1 [allocating] waiting: waiting for machine
  self-signed-certificates/0 [allocating] waiting: waiting for machine
[32mINFO    [0m juju.model:__init__.py:3254 Waiting for model:
  postgresql-gcp/0 [allocating] waiting: waiting for machine
  postgresql-gcp/1 [allocating] waiting: waiting for machine
  self-signed-certificates/0 [allocating] waiting: waiting for machine
[32mINFO    [0m juju.model:__init__.py:3254 Waiting for model:
  postgresql-gcp/0 [allocating] waiting: waiting for machine
  postgresql-gcp/1 [allocating] waiting: waiting for machine
  self-signed-certificates/0 [allocating] waiting: waiting for machine
[32mINFO    [0m juju.model:__init__.py:3254 Waiting for model:
  postgresql-gcp/0 [allocating] waiting: waiting for machine
  postgresql-gcp/1 [allocating] waiting: waiting for machine
  self-signed-certificates/0 [allocating] waiting: waiting for machine
[32mINFO    [0m juju.model:__init__.py:3254 Waiting for model:
  postgresql-gcp/0 [allocating] waiting: waiting for machine
  postgresql-gcp/1 [allocating] waiting: waiting for machine
  self-signed-certificates/0 [allocating] waiting: waiting for machine
[32mINFO    [0m juju.model:__init__.py:3254 Waiting for model:
  postgresql-gcp/0 [allocating] waiting: waiting for machine
  postgresql-gcp/1 [allocating] waiting: agent initialising
  self-signed-certificates/0 [idle] active: 
[32mINFO    [0m juju.model:__init__.py:3254 Waiting for model:
  postgresql-gcp/0 [executing] maintenance: installing PostgreSQL
  postgresql-gcp/1 [executing] maintenance: installing PostgreSQL
[32mINFO    [0m juju.model:__init__.py:3254 Waiting for model:
  postgresql-gcp/0 [executing] waiting: awaiting for cluster to start
  postgresql-gcp/1 [executing] waiting: waiting to start PostgreSQL
  self-signed-certificates/0 [idle] active: 
[32mINFO    [0m juju.model:__init__.py:3254 Waiting for model:
  postgresql-gcp/0 [executing] waiting: awaiting for cluster to start
  postgresql-gcp/1 [executing] active: Primary (degraded)
[32mINFO    [0m juju.model:__init__.py:3254 Waiting for model:
  postgresql-gcp/0 [executing] waiting: awaiting for cluster to start
  postgresql-gcp/1 [executing] active: 
[32mINFO    [0m juju.model:__init__.py:3254 Waiting for model:
  postgresql-gcp/0 [executing] waiting: awaiting for cluster to start
  postgresql-gcp/1 [executing] active: Primary (degraded)
[32mINFO    [0m juju.model:__init__.py:3254 Waiting for model:
  postgresql-gcp/0 [executing] waiting: awaiting for cluster to start
  postgresql-gcp/1 [executing] maintenance: reconfiguring cluster
[32mINFO    [0m juju.model:__init__.py:3254 Waiting for model:
  postgresql-gcp/0 [executing] waiting: awaiting for cluster to start
  postgresql-gcp/1 [executing] active: Primary (degraded)
[32mINFO    [0m juju.model:__init__.py:3254 Waiting for model:
  postgresql-gcp/0 [executing] waiting: awaiting for cluster to start
[32mINFO    [0m juju.model:__init__.py:3254 Waiting for model:
  postgresql-gcp/0 [executing] waiting: awaiting for cluster to start
[32mINFO    [0m juju.model:__init__.py:3254 Waiting for model:
  postgresql-gcp/0 [executing] waiting: awaiting for cluster to start
[32mINFO    [0m juju.model:__init__.py:3254 Waiting for model:
  postgresql-gcp/0 [executing] waiting: awaiting for cluster to start
[32mINFO    [0m juju.model:__init__.py:3254 Waiting for model:
  postgresql-gcp/0 [idle] active: 
  postgresql-gcp/1 [executing] active: Primary (degraded)
[32mINFO    [0m juju.model:__init__.py:3254 Waiting for model:
  postgresql-gcp/1 [executing] active: 
[32mINFO    [0m integration.test_backups_pitr_gcp:test_backups_pitr_gcp.py:78 configuring s3-integrator for GCP
[32mINFO    [0m integration.test_backups_pitr_gcp:test_backups_pitr_gcp.py:86 integrating s3-integrator with postgresql and waiting model to stabilize
[33mWARNING [0m juju.model:__init__.py:1683 relate is deprecated and will be removed. Use integrate instead.
[32mINFO    [0m juju.model:__init__.py:3254 Waiting for model:
  s3-integrator/0 [idle] active: 
  self-signed-certificates/0 [idle] active: 
  postgresql-gcp/0 [executing] active: 
  postgresql-gcp/1 [executing] active: Primary
[32mINFO    [0m juju.model:__init__.py:3254 Waiting for model:
  postgresql-gcp/1 [executing] maintenance: initialising stanza
[32mINFO    [0m juju.model:__init__.py:3254 Waiting for model:
  postgresql-gcp/0 [executing] active: 
  postgresql-gcp/1 [executing] active: Primary
[32mINFO    [0m juju.model:__init__.py:3254 Waiting for model:
  postgresql-gcp/0 [idle] active: 
  postgresql-gcp/1 [idle] active: Primary
[32mINFO    [0m integration.test_backups_pitr_gcp:test_backups_pitr_gcp.py:99 1: creating table
[32mINFO    [0m integration.test_backups_pitr_gcp:test_backups_pitr_gcp.py:102 1: creating backup b1
[32mINFO    [0m juju.model:__init__.py:3254 Waiting for model:
  s3-integrator/0 [idle] active: 
  self-signed-certificates/0 [idle] active: 
  postgresql-gcp/0 [idle] active: 
  postgresql-gcp/1 [executing] active: Primary
[32mINFO    [0m juju.model:__init__.py:3254 Waiting for model:
  postgresql-gcp/1 [idle] active: Primary
[32mINFO    [0m integration.test_backups_pitr_gcp:test_backups_pitr_gcp.py:383 listing the available backups
[32mINFO    [0m juju.model:__init__.py:3254 Waiting for model:
  s3-integrator/0 [idle] active: 
  self-signed-certificates/0 [idle] active: 
  postgresql-gcp/0 [idle] active: 
  postgresql-gcp/1 [idle] active: Primary
[32mINFO    [0m integration.test_backups_pitr_gcp:test_backups_pitr_gcp.py:110 1: creating test data td1
[32mINFO    [0m integration.test_backups_pitr_gcp:test_backups_pitr_gcp.py:113 1: get timestamp ts1
[32mINFO    [0m integration.test_backups_pitr_gcp:test_backups_pitr_gcp.py:123 1: creating test data td2
[32mINFO    [0m integration.test_backups_pitr_gcp:test_backups_pitr_gcp.py:126 1: switching wal
[32mINFO    [0m integration.test_backups_pitr_gcp:test_backups_pitr_gcp.py:129 1: scaling down to do restore
[32mINFO    [0m juju.model:__init__.py:3254 Waiting for model:
  s3-integrator/0 [idle] active: 
  self-signed-certificates/0 [executing] active: 
  postgresql-gcp/0 [executing] active: 
  postgresql-gcp/1 [executing] active: Primary
[32mINFO    [0m juju.model:__init__.py:3254 Waiting for model:
  postgresql-gcp/1 [executing] maintenance: reconfiguring cluster
[32mINFO    [0m integration.test_backups_pitr_gcp:test_backups_pitr_gcp.py:137 1: restoring the backup b1 with bad restore-to-time parameter
[32mINFO    [0m integration.test_backups_pitr_gcp:test_backups_pitr_gcp.py:146 1: restoring the backup b1 with unreachable restore-to-time parameter
[32mINFO    [0m integration.test_backups_pitr_gcp:test_backups_pitr_gcp.py:151 1: waiting for the database charm to become blocked after restore
[32mINFO    [0m integration.test_backups_pitr_gcp:test_backups_pitr_gcp.py:157 1: database charm become in blocked state after restore, as supposed to be with unreachable PITR parameter
[32mINFO    [0m integration.test_backups_pitr_gcp:test_backups_pitr_gcp.py:165 1: restoring to the timestamp ts1
[32mINFO    [0m juju.model:__init__.py:3254 Waiting for model:
  s3-integrator/0 [idle] active: 
  self-signed-certificates/0 [idle] active: 
  postgresql-gcp/1 [executing] maintenance: restoring backup
[32mINFO    [0m juju.model:__init__.py:3254 Waiting for model:
  postgresql-gcp/1 [idle] maintenance: restoring backup
[32mINFO    [0m juju.model:__init__.py:3254 Waiting for model:
  postgresql-gcp/1 [idle] maintenance: restoring backup
[32mINFO    [0m juju.model:__init__.py:3254 Waiting for model:
  postgresql-gcp/1 [idle] maintenance: restoring backup
[32mINFO    [0m juju.model:__init__.py:3254 Waiting for model:
  postgresql-gcp/1 [idle] maintenance: restoring backup
[32mINFO    [0m juju.model:__init__.py:3254 Waiting for model:
  postgresql-gcp/1 [idle] maintenance: restoring backup
[32mINFO    [0m juju.model:__init__.py:3254 Waiting for model:
  postgresql-gcp/1 [idle] maintenance: restoring backup
[32mINFO    [0m juju.model:__init__.py:3254 Waiting for model:
  postgresql-gcp/1 [idle] maintenance: restoring backup
[32mINFO    [0m juju.model:__init__.py:3254 Waiting for model:
  postgresql-gcp/1 [idle] maintenance: restoring backup
[32mINFO    [0m juju.model:__init__.py:3254 Waiting for model:
  postgresql-gcp/1 [idle] maintenance: restoring backup
[32mINFO    [0m juju.model:__init__.py:3254 Waiting for model:
  postgresql-gcp/1 [idle] active: Primary
[32mINFO    [0m integration.test_backups_pitr_gcp:test_backups_pitr_gcp.py:174 2: successful restore
[32mINFO    [0m integration.test_backups_pitr_gcp:test_backups_pitr_gcp.py:383 listing the available backups
[32mINFO    [0m juju.model:__init__.py:3254 Waiting for model:
  s3-integrator/0 [idle] active: 
  self-signed-certificates/0 [idle] active: 
  postgresql-gcp/1 [idle] active: Primary
[32mINFO    [0m integration.test_backups_pitr_gcp:test_backups_pitr_gcp.py:180 2: checking test data td1
[32mINFO    [0m integration.test_backups_pitr_gcp:test_backups_pitr_gcp.py:183 2: checking not test data td2
[32mINFO    [0m integration.test_backups_pitr_gcp:test_backups_pitr_gcp.py:188 2: creating test data td3
[32mINFO    [0m integration.test_backups_pitr_gcp:test_backups_pitr_gcp.py:191 2: get timestamp ts2
[32mINFO    [0m integration.test_backups_pitr_gcp:test_backups_pitr_gcp.py:197 2: creating test data td4
[32mINFO    [0m integration.test_backups_pitr_gcp:test_backups_pitr_gcp.py:200 2: switching wal
[32mINFO    [0m integration.test_backups_pitr_gcp:test_backups_pitr_gcp.py:207 2: restoring the backup b1 to the latest
[32mINFO    [0m juju.model:__init__.py:3254 Waiting for model:
  s3-integrator/0 [idle] active: 
  self-signed-certificates/0 [idle] active: 
  postgresql-gcp/1 [executing] maintenance: reconfiguring cluster
[32mINFO    [0m juju.model:__init__.py:3254 Waiting for model:
  postgresql-gcp/1 [idle] maintenance: reconfiguring cluster
[32mINFO    [0m juju.model:__init__.py:3254 Waiting for model:
  postgresql-gcp/1 [idle] maintenance: reconfiguring cluster
[32mINFO    [0m juju.model:__init__.py:3254 Waiting for model:
  postgresql-gcp/1 [idle] maintenance: reconfiguring cluster
[32mINFO    [0m juju.model:__init__.py:3254 Waiting for model:
  postgresql-gcp/1 [idle] maintenance: reconfiguring cluster
[32mINFO    [0m juju.model:__init__.py:3254 Waiting for model:
  postgresql-gcp/1 [idle] maintenance: reconfiguring cluster
[32mINFO    [0m juju.model:__init__.py:3254 Waiting for model:
  postgresql-gcp/1 [executing] active: Primary
[32mINFO    [0m juju.model:__init__.py:3254 Waiting for model:
  postgresql-gcp/1 [idle] active: Primary
[32mINFO    [0m integration.test_backups_pitr_gcp:test_backups_pitr_gcp.py:216 3: successful restore
[32mINFO    [0m integration.test_backups_pitr_gcp:test_backups_pitr_gcp.py:383 listing the available backups
[32mINFO    [0m juju.model:__init__.py:3254 Waiting for model:
  s3-integrator/0 [idle] active: 
  self-signed-certificates/0 [idle] active: 
  postgresql-gcp/1 [idle] active: Primary
[32mINFO    [0m integration.test_backups_pitr_gcp:test_backups_pitr_gcp.py:224 3: checking test data td1
[32mINFO    [0m integration.test_backups_pitr_gcp:test_backups_pitr_gcp.py:227 3: checking test data td2
[32mINFO    [0m integration.test_backups_pitr_gcp:test_backups_pitr_gcp.py:230 3: checking not test data td3
[32mINFO    [0m integration.test_backups_pitr_gcp:test_backups_pitr_gcp.py:235 3: checking not test data td4
[32mINFO    [0m integration.test_backups_pitr_gcp:test_backups_pitr_gcp.py:240 3: switching wal
[32mINFO    [0m integration.test_backups_pitr_gcp:test_backups_pitr_gcp.py:247 3: restoring the timeline 2 to the latest
[32mINFO    [0m juju.model:__init__.py:3254 Waiting for model:
  s3-integrator/0 [idle] active: 
  self-signed-certificates/0 [idle] active: 
  postgresql-gcp/1 [executing] maintenance: restoring backup
[32mINFO    [0m juju.model:__init__.py:3254 Waiting for model:
  postgresql-gcp/1 [idle] maintenance: reconfiguring cluster
[32mINFO    [0m juju.model:__init__.py:3254 Waiting for model:
  postgresql-gcp/1 [idle] maintenance: reconfiguring cluster
[32mINFO    [0m juju.model:__init__.py:3254 Waiting for model:
  postgresql-gcp/1 [idle] maintenance: reconfiguring cluster
[32mINFO    [0m juju.model:__init__.py:3254 Waiting for model:
  postgresql-gcp/1 [idle] maintenance: reconfiguring cluster
[32mINFO    [0m juju.model:__init__.py:3254 Waiting for model:
  postgresql-gcp/1 [executing] maintenance: reconfiguring cluster
[32mINFO    [0m juju.model:__init__.py:3254 Waiting for model:
  postgresql-gcp/1 [idle] active: Primary
[32mINFO    [0m integration.test_backups_pitr_gcp:test_backups_pitr_gcp.py:256 4: successful restore
[32mINFO    [0m integration.test_backups_pitr_gcp:test_backups_pitr_gcp.py:383 listing the available backups
[32mINFO    [0m juju.model:__init__.py:3254 Waiting for model:
  s3-integrator/0 [idle] active: 
  self-signed-certificates/0 [idle] active: 
  postgresql-gcp/1 [idle] active: Primary
[32mINFO    [0m integration.test_backups_pitr_gcp:test_backups_pitr_gcp.py:264 4: checking test data td1
[32mINFO    [0m integration.test_backups_pitr_gcp:test_backups_pitr_gcp.py:267 4: checking not test data td2
[32mINFO    [0m integration.test_backups_pitr_gcp:test_backups_pitr_gcp.py:272 4: checking test data td3
[32mINFO    [0m integration.test_backups_pitr_gcp:test_backups_pitr_gcp.py:275 4: checking test data td4
[32mINFO    [0m integration.test_backups_pitr_gcp:test_backups_pitr_gcp.py:278 4: switching wal
[32mINFO    [0m integration.test_backups_pitr_gcp:test_backups_pitr_gcp.py:285 4: restoring to the timestamp ts2
[32mINFO    [0m juju.model:__init__.py:3254 Waiting for model:
  s3-integrator/0 [idle] active: 
  self-signed-certificates/0 [idle] active: 
  postgresql-gcp/1 [executing] maintenance: restoring backup
[32mINFO    [0m juju.model:__init__.py:3254 Waiting for model:
  postgresql-gcp/1 [idle] maintenance: reconfiguring cluster
[32mINFO    [0m juju.model:__init__.py:3254 Waiting for model:
  postgresql-gcp/1 [idle] maintenance: reconfiguring cluster
[32mINFO    [0m juju.model:__init__.py:3254 Waiting for model:
  postgresql-gcp/1 [idle] maintenance: reconfiguring cluster
[32mINFO    [0m juju.model:__init__.py:3254 Waiting for model:
  postgresql-gcp/1 [idle] maintenance: reconfiguring cluster
[32mINFO    [0m juju.model:__init__.py:3254 Waiting for model:
  postgresql-gcp/1 [idle] maintenance: reconfiguring cluster
[32mINFO    [0m juju.model:__init__.py:3254 Waiting for model:
  postgresql-gcp/1 [idle] maintenance: reconfiguring cluster
[32mINFO    [0m juju.model:__init__.py:3254 Waiting for model:
  postgresql-gcp/1 [idle] active: Primary
[32mINFO    [0m juju.model:__init__.py:3254 Waiting for model:
  postgresql-gcp/1 [idle] active: Primary
[32mINFO    [0m integration.test_backups_pitr_gcp:test_backups_pitr_gcp.py:294 5: successful restore
[32mINFO    [0m integration.test_backups_pitr_gcp:test_backups_pitr_gcp.py:383 listing the available backups
[32mINFO    [0m juju.model:__init__.py:3254 Waiting for model:
  s3-integrator/0 [idle] active: 
  self-signed-certificates/0 [idle] active: 
  postgresql-gcp/1 [idle] active: Primary
[32mINFO    [0m integration.test_backups_pitr_gcp:test_backups_pitr_gcp.py:305 5: checking test data td1
[32mINFO    [0m integration.test_backups_pitr_gcp:test_backups_pitr_gcp.py:308 5: checking not test data td2
[32mINFO    [0m integration.test_backups_pitr_gcp:test_backups_pitr_gcp.py:313 5: checking test data td3
[32mINFO    [0m integration.test_backups_pitr_gcp:test_backups_pitr_gcp.py:316 5: checking not test data td4
[32mINFO    [0m integration.conftest:conftest.py:54 deleting the previously created backups
[32mINFO    [0m pytest_operator.plugin:plugin.py:936 Model status:

Model    Controller     Cloud/Region         Version  SLA          Timestamp
testing  concierge-lxd  localhost/localhost  3.6.4    unsupported  02:08:50Z

App            Version  Status  Scale  Charm          Channel        Rev  Exposed  Message
s3-integrator           active      1  s3-integrator  latest/stable   77  no       

Unit              Workload  Agent  Machine  Public address  Ports  Message
s3-integrator/0*  active    idle   0        10.23.170.107          

Machine  State    Address        Inst id        Base          AZ  Message
0        started  10.23.170.107  juju-f76ac8-0  ubuntu@22.04      Running

[32mINFO    [0m pytest_operator.plugin:plugin.py:942 Juju error logs:

machine-0: 01:32:32 ERROR juju.worker.dependency "lxd-container-provisioner" manifold worker returned unexpected error: container types not yet available
machine-0: 01:32:32 ERROR juju.worker.dependency "kvm-container-provisioner" manifold worker returned unexpected error: container types not yet available
unit-s3-integrator-0: 01:32:32 ERROR juju.worker.meterstatus error running "meter-status-changed": charm missing from disk
machine-1: 01:34:15 ERROR juju.worker.dependency "kvm-container-provisioner" manifold worker returned unexpected error: container types not yet available
machine-1: 01:34:15 ERROR juju.worker.dependency "lxd-container-provisioner" manifold worker returned unexpected error: container types not yet available
unit-self-signed-certificates-0: 01:34:16 ERROR juju.worker.meterstatus error running "meter-status-changed": charm missing from disk
machine-3: 01:34:27 ERROR juju.worker.dependency "lxd-container-provisioner" manifold worker returned unexpected error: container types not yet available
machine-3: 01:34:27 ERROR juju.worker.dependency "kvm-container-provisioner" manifold worker returned unexpected error: container types not yet available
unit-postgresql-gcp-1: 01:34:27 ERROR juju.worker.meterstatus error running "meter-status-changed": charm missing from disk
machine-2: 01:34:34 ERROR juju.worker.dependency "kvm-container-provisioner" manifold worker returned unexpected error: container types not yet available
machine-2: 01:34:34 ERROR juju.worker.dependency "lxd-container-provisioner" manifold worker returned unexpected error: container types not yet available
unit-postgresql-gcp-0: 01:34:34 ERROR juju.worker.meterstatus error running "meter-status-changed": charm missing from disk
unit-postgresql-gcp-1: 01:35:22 ERROR unit.postgresql-gcp/1.juju-log Unable to get the state of the cluster
Traceback (most recent call last):
  File "/var/lib/juju/agents/unit-postgresql-gcp-1/charm/venv/lib/python3.10/site-packages/urllib3/connection.py", line 198, in _new_conn
    sock = connection.create_connection(
  File "/var/lib/juju/agents/unit-postgresql-gcp-1/charm/venv/lib/python3.10/site-packages/urllib3/util/connection.py", line 85, in create_connection
    raise err
  File "/var/lib/juju/agents/unit-postgresql-gcp-1/charm/venv/lib/python3.10/site-packages/urllib3/util/connection.py", line 73, in create_connection
    sock.connect(sa)
ConnectionRefusedError: [Errno 111] Connection refused

The above exception was the direct cause of the following exception:

Traceback (most recent call last):
  File "/var/lib/juju/agents/unit-postgresql-gcp-1/charm/venv/lib/python3.10/site-packages/urllib3/connectionpool.py", line 787, in urlopen
    response = self._make_request(
  File "/var/lib/juju/agents/unit-postgresql-gcp-1/charm/venv/lib/python3.10/site-packages/urllib3/connectionpool.py", line 493, in _make_request
    conn.request(
  File "/var/lib/juju/agents/unit-postgresql-gcp-1/charm/venv/lib/python3.10/site-packages/urllib3/connection.py", line 445, in request
    self.endheaders()
  File "/usr/lib/python3.10/http/client.py", line 1278, in endheaders
    self._send_output(message_body, encode_chunked=encode_chunked)
  File "/usr/lib/python3.10/http/client.py", line 1038, in _send_output
    self.send(msg)
  File "/usr/lib/python3.10/http/client.py", line 976, in send
    self.connect()
  File "/var/lib/juju/agents/unit-postgresql-gcp-1/charm/venv/lib/python3.10/site-packages/urllib3/connection.py", line 276, in connect
    self.sock = self._new_conn()
  File "/var/lib/juju/agents/unit-postgresql-gcp-1/charm/venv/lib/python3.10/site-packages/urllib3/connection.py", line 213, in _new_conn
    raise NewConnectionError(
urllib3.exceptions.NewConnectionError: <urllib3.connection.HTTPConnection object at 0x7fc44d9dc430>: Failed to establish a new connection: [Errno 111] Connection refused

The above exception was the direct cause of the following exception:

Traceback (most recent call last):
  File "/var/lib/juju/agents/unit-postgresql-gcp-1/charm/venv/lib/python3.10/site-packages/requests/adapters.py", line 667, in send
    resp = conn.urlopen(
  File "/var/lib/juju/agents/unit-postgresql-gcp-1/charm/venv/lib/python3.10/site-packages/urllib3/connectionpool.py", line 841, in urlopen
    retries = retries.increment(
  File "/var/lib/juju/agents/unit-postgresql-gcp-1/charm/venv/lib/python3.10/site-packages/urllib3/util/retry.py", line 519, in increment
    raise MaxRetryError(_pool, url, reason) from reason  # type: ignore[arg-type]
urllib3.exceptions.MaxRetryError: HTTPConnectionPool(host='10.23.170.36', port=8008): Max retries exceeded with url: /cluster (Caused by NewConnectionError('<urllib3.connection.HTTPConnection object at 0x7fc44d9dc430>: Failed to establish a new connection: [Errno 111] Connection refused'))

During handling of the above exception, another exception occurred:

Traceback (most recent call last):
  File "/var/lib/juju/agents/unit-postgresql-gcp-1/charm/src/cluster.py", line 552, in are_replicas_up
    response = requests.get(
  File "/var/lib/juju/agents/unit-postgresql-gcp-1/charm/venv/lib/python3.10/site-packages/requests/api.py", line 73, in get
    return request("get", url, params=params, **kwargs)
  File "/var/lib/juju/agents/unit-postgresql-gcp-1/charm/venv/lib/python3.10/site-packages/requests/api.py", line 59, in request
    return session.request(method=method, url=url, **kwargs)
  File "/var/lib/juju/agents/unit-postgresql-gcp-1/charm/venv/lib/python3.10/site-packages/requests/sessions.py", line 589, in request
    resp = self.send(prep, **send_kwargs)
  File "/var/lib/juju/agents/unit-postgresql-gcp-1/charm/venv/lib/python3.10/site-packages/requests/sessions.py", line 703, in send
    r = adapter.send(request, **kwargs)
  File "/var/lib/juju/agents/unit-postgresql-gcp-1/charm/venv/lib/python3.10/site-packages/requests/adapters.py", line 700, in send
    raise ConnectionError(e, request=request)
requests.exceptions.ConnectionError: HTTPConnectionPool(host='10.23.170.36', port=8008): Max retries exceeded with url: /cluster (Caused by NewConnectionError('<urllib3.connection.HTTPConnection object at 0x7fc44d9dc430>: Failed to establish a new connection: [Errno 111] Connection refused'))
unit-postgresql-gcp-1: 01:36:13 ERROR unit.postgresql-gcp/1.juju-log certificates:4: Unable to get the state of the cluster
Traceback (most recent call last):
  File "/var/lib/juju/agents/unit-postgresql-gcp-1/charm/venv/lib/python3.10/site-packages/urllib3/connectionpool.py", line 464, in _make_request
    self._validate_conn(conn)
  File "/var/lib/juju/agents/unit-postgresql-gcp-1/charm/venv/lib/python3.10/site-packages/urllib3/connectionpool.py", line 1093, in _validate_conn
    conn.connect()
  File "/var/lib/juju/agents/unit-postgresql-gcp-1/charm/venv/lib/python3.10/site-packages/urllib3/connection.py", line 741, in connect
    sock_and_verified = _ssl_wrap_socket_and_match_hostname(
  File "/var/lib/juju/agents/unit-postgresql-gcp-1/charm/venv/lib/python3.10/site-packages/urllib3/connection.py", line 920, in _ssl_wrap_socket_and_match_hostname
    ssl_sock = ssl_wrap_socket(
  File "/var/lib/juju/agents/unit-postgresql-gcp-1/charm/venv/lib/python3.10/site-packages/urllib3/util/ssl_.py", line 460, in ssl_wrap_socket
    ssl_sock = _ssl_wrap_socket_impl(sock, context, tls_in_tls, server_hostname)
  File "/var/lib/juju/agents/unit-postgresql-gcp-1/charm/venv/lib/python3.10/site-packages/urllib3/util/ssl_.py", line 504, in _ssl_wrap_socket_impl
    return ssl_context.wrap_socket(sock, server_hostname=server_hostname)
  File "/usr/lib/python3.10/ssl.py", line 513, in wrap_socket
    return self.sslsocket_class._create(
  File "/usr/lib/python3.10/ssl.py", line 1100, in _create
    self.do_handshake()
  File "/usr/lib/python3.10/ssl.py", line 1371, in do_handshake
    self._sslobj.do_handshake()
ssl.SSLError: [SSL: WRONG_VERSION_NUMBER] wrong version number (_ssl.c:1007)

During handling of the above exception, another exception occurred:

Traceback (most recent call last):
  File "/var/lib/juju/agents/unit-postgresql-gcp-1/charm/venv/lib/python3.10/site-packages/urllib3/connectionpool.py", line 787, in urlopen
    response = self._make_request(
  File "/var/lib/juju/agents/unit-postgresql-gcp-1/charm/venv/lib/python3.10/site-packages/urllib3/connectionpool.py", line 488, in _make_request
    raise new_e
urllib3.exceptions.SSLError: [SSL: WRONG_VERSION_NUMBER] wrong version number (_ssl.c:1007)

The above exception was the direct cause of the following exception:

Traceback (most recent call last):
  File "/var/lib/juju/agents/unit-postgresql-gcp-1/charm/venv/lib/python3.10/site-packages/requests/adapters.py", line 667, in send
    resp = conn.urlopen(
  File "/var/lib/juju/agents/unit-postgresql-gcp-1/charm/venv/lib/python3.10/site-packages/urllib3/connectionpool.py", line 841, in urlopen
    retries = retries.increment(
  File "/var/lib/juju/agents/unit-postgresql-gcp-1/charm/venv/lib/python3.10/site-packages/urllib3/util/retry.py", line 519, in increment
    raise MaxRetryError(_pool, url, reason) from reason  # type: ignore[arg-type]
urllib3.exceptions.MaxRetryError: HTTPSConnectionPool(host='10.23.170.36', port=8008): Max retries exceeded with url: /cluster (Caused by SSLError(SSLError(1, '[SSL: WRONG_VERSION_NUMBER] wrong version number (_ssl.c:1007)')))

During handling of the above exception, another exception occurred:

Traceback (most recent call last):
  File "/var/lib/juju/agents/unit-postgresql-gcp-1/charm/src/cluster.py", line 552, in are_replicas_up
    response = requests.get(
  File "/var/lib/juju/agents/unit-postgresql-gcp-1/charm/venv/lib/python3.10/site-packages/requests/api.py", line 73, in get
    return request("get", url, params=params, **kwargs)
  File "/var/lib/juju/agents/unit-postgresql-gcp-1/charm/venv/lib/python3.10/site-packages/requests/api.py", line 59, in request
    return session.request(method=method, url=url, **kwargs)
  File "/var/lib/juju/agents/unit-postgresql-gcp-1/charm/venv/lib/python3.10/site-packages/requests/sessions.py", line 589, in request
    resp = self.send(prep, **send_kwargs)
  File "/var/lib/juju/agents/unit-postgresql-gcp-1/charm/venv/lib/python3.10/site-packages/requests/sessions.py", line 703, in send
    r = adapter.send(request, **kwargs)
  File "/var/lib/juju/agents/unit-postgresql-gcp-1/charm/venv/lib/python3.10/site-packages/requests/adapters.py", line 698, in send
    raise SSLError(e, request=request)
requests.exceptions.SSLError: HTTPSConnectionPool(host='10.23.170.36', port=8008): Max retries exceeded with url: /cluster (Caused by SSLError(SSLError(1, '[SSL: WRONG_VERSION_NUMBER] wrong version number (_ssl.c:1007)')))
unit-postgresql-gcp-1: 01:57:32 ERROR juju.worker.dependency "log-sender" manifold worker returned unexpected error: sending log message: websocket: close 1005 (no status): websocket: close sent
unit-self-signed-certificates-0: 01:58:57 ERROR juju.worker.dependency "log-sender" manifold worker returned unexpected error: sending log message: websocket: close 1005 (no status): websocket: close sent
unit-s3-integrator-0: 01:59:01 ERROR juju.worker.dependency "log-sender" manifold worker returned unexpected error: sending log message: websocket: close 1005 (no status): websocket: close sent
unit-postgresql-gcp-1: 02:08:21 ERROR juju.worker.dependency "log-sender" manifold worker returned unexpected error: sending log message: websocket: close 1005 (no status): websocket: close sent
unit-postgresql-gcp-1: 02:08:31 ERROR unit.postgresql-gcp/1.juju-log certificates:4: Unable to get the state of the cluster
Traceback (most recent call last):
  File "/var/lib/juju/agents/unit-postgresql-gcp-1/charm/venv/lib/python3.10/site-packages/urllib3/connectionpool.py", line 787, in urlopen
    response = self._make_request(
  File "/var/lib/juju/agents/unit-postgresql-gcp-1/charm/venv/lib/python3.10/site-packages/urllib3/connectionpool.py", line 534, in _make_request
    response = conn.getresponse()
  File "/var/lib/juju/agents/unit-postgresql-gcp-1/charm/venv/lib/python3.10/site-packages/urllib3/connection.py", line 516, in getresponse
    httplib_response = super().getresponse()
  File "/usr/lib/python3.10/http/client.py", line 1375, in getresponse
    response.begin()
  File "/usr/lib/python3.10/http/client.py", line 318, in begin
    version, status, reason = self._read_status()
  File "/usr/lib/python3.10/http/client.py", line 279, in _read_status
    line = str(self.fp.readline(_MAXLINE + 1), "iso-8859-1")
  File "/usr/lib/python3.10/socket.py", line 705, in readinto
    return self._sock.recv_into(b)
ConnectionResetError: [Errno 104] Connection reset by peer

During handling of the above exception, another exception occurred:

Traceback (most recent call last):
  File "/var/lib/juju/agents/unit-postgresql-gcp-1/charm/venv/lib/python3.10/site-packages/requests/adapters.py", line 667, in send
    resp = conn.urlopen(
  File "/var/lib/juju/agents/unit-postgresql-gcp-1/charm/venv/lib/python3.10/site-packages/urllib3/connectionpool.py", line 841, in urlopen
    retries = retries.increment(
  File "/var/lib/juju/agents/unit-postgresql-gcp-1/charm/venv/lib/python3.10/site-packages/urllib3/util/retry.py", line 474, in increment
    raise reraise(type(error), error, _stacktrace)
  File "/var/lib/juju/agents/unit-postgresql-gcp-1/charm/venv/lib/python3.10/site-packages/urllib3/util/util.py", line 38, in reraise
    raise value.with_traceback(tb)
  File "/var/lib/juju/agents/unit-postgresql-gcp-1/charm/venv/lib/python3.10/site-packages/urllib3/connectionpool.py", line 787, in urlopen
    response = self._make_request(
  File "/var/lib/juju/agents/unit-postgresql-gcp-1/charm/venv/lib/python3.10/site-packages/urllib3/connectionpool.py", line 534, in _make_request
    response = conn.getresponse()
  File "/var/lib/juju/agents/unit-postgresql-gcp-1/charm/venv/lib/python3.10/site-packages/urllib3/connection.py", line 516, in getresponse
    httplib_response = super().getresponse()
  File "/usr/lib/python3.10/http/client.py", line 1375, in getresponse
    response.begin()
  File "/usr/lib/python3.10/http/client.py", line 318, in begin
    version, status, reason = self._read_status()
  File "/usr/lib/python3.10/http/client.py", line 279, in _read_status
    line = str(self.fp.readline(_MAXLINE + 1), "iso-8859-1")
  File "/usr/lib/python3.10/socket.py", line 705, in readinto
    return self._sock.recv_into(b)
urllib3.exceptions.ProtocolError: ('Connection aborted.', ConnectionResetError(104, 'Connection reset by peer'))

During handling of the above exception, another exception occurred:

Traceback (most recent call last):
  File "/var/lib/juju/agents/unit-postgresql-gcp-1/charm/src/cluster.py", line 552, in are_replicas_up
    response = requests.get(
  File "/var/lib/juju/agents/unit-postgresql-gcp-1/charm/venv/lib/python3.10/site-packages/requests/api.py", line 73, in get
    return request("get", url, params=params, **kwargs)
  File "/var/lib/juju/agents/unit-postgresql-gcp-1/charm/venv/lib/python3.10/site-packages/requests/api.py", line 59, in request
    return session.request(method=method, url=url, **kwargs)
  File "/var/lib/juju/agents/unit-postgresql-gcp-1/charm/venv/lib/python3.10/site-packages/requests/sessions.py", line 589, in request
    resp = self.send(prep, **send_kwargs)
  File "/var/lib/juju/agents/unit-postgresql-gcp-1/charm/venv/lib/python3.10/site-packages/requests/sessions.py", line 703, in send
    r = adapter.send(request, **kwargs)
  File "/var/lib/juju/agents/unit-postgresql-gcp-1/charm/venv/lib/python3.10/site-packages/requests/adapters.py", line 682, in send
    raise ConnectionError(err, request=request)
requests.exceptions.ConnectionError: ('Connection aborted.', ConnectionResetError(104, 'Connection reset by peer'))

[32mINFO    [0m pytest_operator.plugin:plugin.py:1024 Forgetting model main...