[32mINFO    [0m pytest_operator.plugin:plugin.py:766 Connecting to existing model localhost-localhost:test on unspecified cloud
[32mINFO    [0m juju.model:model.py:2097 Deploying ch:amd64/jammy/s3-integrator-31
[32mINFO    [0m juju.model:model.py:2097 Deploying ch:amd64/jammy/self-signed-certificates-155
[32mINFO    [0m juju.model:model.py:2097 Deploying local:postgresql-0
[33mWARNING [0m juju.model:model.py:1563 relate is deprecated and will be removed. Use integrate instead.
[32mINFO    [0m juju.model:model.py:2971 Waiting for model:
  postgresql-gcp/0 [allocating] waiting: waiting for machine
  postgresql-gcp/1 [allocating] waiting: waiting for machine
[32mINFO    [0m juju.model:model.py:2971 Waiting for model:
  postgresql-gcp/0 [allocating] waiting: waiting for machine
  postgresql-gcp/1 [allocating] waiting: waiting for machine
[32mINFO    [0m juju.model:model.py:2971 Waiting for model:
  postgresql-gcp/0 [allocating] waiting: waiting for machine
  postgresql-gcp/1 [allocating] waiting: waiting for machine
[32mINFO    [0m juju.model:model.py:2971 Waiting for model:
  postgresql-gcp/0 [allocating] waiting: waiting for machine
  postgresql-gcp/1 [allocating] waiting: waiting for machine
[32mINFO    [0m juju.model:model.py:2971 Waiting for model:
  postgresql-gcp/0 [allocating] waiting: waiting for machine
  postgresql-gcp/1 [allocating] waiting: waiting for machine
[32mINFO    [0m juju.model:model.py:2971 Waiting for model:
  postgresql-gcp/0 [allocating] waiting: waiting for machine
  postgresql-gcp/1 [allocating] waiting: waiting for machine
[32mINFO    [0m juju.model:model.py:2971 Waiting for model:
  postgresql-gcp/0 [allocating] waiting: agent initialising
  postgresql-gcp/1 [allocating] waiting: agent initialising
[32mINFO    [0m juju.model:model.py:2971 Waiting for model:
  postgresql-gcp/0 [executing] maintenance: installing PostgreSQL
  postgresql-gcp/1 [executing] maintenance: installing PostgreSQL
[32mINFO    [0m juju.model:model.py:2971 Waiting for model:
  postgresql-gcp/0 [executing] waiting: awaiting for cluster to start
  postgresql-gcp/1 [executing] active: Primary
[32mINFO    [0m juju.model:model.py:2971 Waiting for model:
  postgresql-gcp/0 [executing] waiting: awaiting for cluster to start
  postgresql-gcp/1 [executing] active: Primary
[32mINFO    [0m juju.model:model.py:2971 Waiting for model:
  postgresql-gcp/0 [executing] waiting: awaiting for cluster to start
  postgresql-gcp/1 [executing] active: 
[32mINFO    [0m juju.model:model.py:2971 Waiting for model:
  postgresql-gcp/0 [idle] waiting: awaiting for cluster to start
  postgresql-gcp/1 [executing] maintenance: reconfiguring cluster
[32mINFO    [0m juju.model:model.py:2971 Waiting for model:
  postgresql-gcp/0 [executing] active: 
  postgresql-gcp/1 [executing] maintenance: reconfiguring cluster
[32mINFO    [0m juju.model:model.py:2971 Waiting for model:
  postgresql-gcp/0 [idle] active: 
  postgresql-gcp/1 [executing] active: 
[32mINFO    [0m juju.model:model.py:2971 Waiting for model:
  postgresql-gcp/1 [idle] active: 
[33mWARNING [0m juju.model:model.py:1563 relate is deprecated and will be removed. Use integrate instead.
[32mINFO    [0m integration.test_backups_pitr:test_backups_pitr.py:127 configuring S3 integrator for GCP
[32mINFO    [0m juju.model:model.py:2971 Waiting for model:
  postgresql-gcp/0 [executing] active: 
  postgresql-gcp/1 [executing] active: 
  s3-integrator/0 [executing] active: 
[32mINFO    [0m juju.model:model.py:2971 Waiting for model:
  postgresql-gcp/1 [executing] maintenance: initialising stanza
[32mINFO    [0m juju.model:model.py:2971 Waiting for model:
  postgresql-gcp/1 [executing] maintenance: initialising stanza
[32mINFO    [0m juju.model:model.py:2971 Waiting for model:
  postgresql-gcp/0 [idle] active: 
  postgresql-gcp/1 [executing] maintenance: initialising stanza
[32mINFO    [0m juju.model:model.py:2971 Waiting for model:
  postgresql-gcp/0 [executing] active: 
  postgresql-gcp/1 [executing] maintenance: initialising stanza
  s3-integrator/0 [idle] active: 
[32mINFO    [0m juju.model:model.py:2971 Waiting for model:
  postgresql-gcp/1 [executing] maintenance: checking stanza
[32mINFO    [0m juju.model:model.py:2971 Waiting for model:
  postgresql-gcp/0 [idle] active: 
  postgresql-gcp/1 [idle] active: Primary
[32mINFO    [0m integration.test_backups_pitr:test_backups_pitr.py:148 creating a table in the database
[32mINFO    [0m integration.test_backups_pitr:test_backups_pitr.py:155 creating a backup
[32mINFO    [0m juju.model:model.py:2971 Waiting for model:
  postgresql-gcp/0 [idle] active: 
  postgresql-gcp/1 [executing] active: Primary
  s3-integrator/0 [idle] active: 
[32mINFO    [0m integration.test_backups_pitr:test_backups_pitr.py:165 listing the available backups
[32mINFO    [0m juju.model:model.py:2971 Waiting for model:
  s3-integrator/0 [idle] active: 
  self-signed-certificates/0 [idle] active: 
  postgresql-gcp/0 [idle] active: 
  postgresql-gcp/1 [idle] active: Primary
[32mINFO    [0m integration.test_backups_pitr:test_backups_pitr.py:173 creating after-backup data in the database
[32mINFO    [0m integration.test_backups_pitr:test_backups_pitr.py:210 restoring the backup with bad restore-to-time parameter
[32mINFO    [0m integration.test_backups_pitr:test_backups_pitr.py:220 restoring the backup with unreachable restore-to-time parameter
[32mINFO    [0m integration.test_backups_pitr:test_backups_pitr.py:225 waiting for the database charm to become blocked
[32mINFO    [0m integration.test_backups_pitr:test_backups_pitr.py:231 database charm become in blocked state, as supposed to be with unreachable PITR parameter
[32mINFO    [0m integration.test_backups_pitr:test_backups_pitr.py:240 restoring the backup
[32mINFO    [0m integration.test_backups_pitr:test_backups_pitr.py:259 checking that the backup was correctly restored
[32mINFO    [0m integration.test_backups_pitr:test_backups_pitr.py:78 deleting the previously created backups
[32mINFO    [0m pytest_operator.plugin:plugin.py:903 Model status:

Model  Controller           Cloud/Region         Version  SLA          Timestamp
test   localhost-localhost  localhost/localhost  3.4.5    unsupported  01:57:54Z

App            Version  Status  Scale  Charm          Channel        Rev  Exposed  Message
s3-integrator           active      1  s3-integrator  latest/stable   31  no       

Unit              Workload  Agent  Machine  Public address  Ports  Message
s3-integrator/0*  active    idle   0        10.70.157.176          

Machine  State    Address        Inst id        Base          AZ  Message
0        started  10.70.157.176  juju-d0af09-0  ubuntu@22.04      Running

[32mINFO    [0m pytest_operator.plugin:plugin.py:909 Juju error logs:

machine-1: 01:37:21 ERROR juju.worker.dependency "lxd-container-provisioner" manifold worker returned unexpected error: container types not yet available
machine-1: 01:37:21 ERROR juju.worker.dependency "kvm-container-provisioner" manifold worker returned unexpected error: container types not yet available
unit-self-signed-certificates-0: 01:37:21 ERROR juju.worker.meterstatus error running "meter-status-changed": charm missing from disk
machine-0: 01:37:25 ERROR juju.worker.dependency "lxd-container-provisioner" manifold worker returned unexpected error: container types not yet available
machine-0: 01:37:26 ERROR juju.worker.dependency "kvm-container-provisioner" manifold worker returned unexpected error: container types not yet available
unit-s3-integrator-0: 01:37:26 ERROR juju.worker.meterstatus error running "meter-status-changed": charm missing from disk
machine-3: 01:37:44 ERROR juju.worker.dependency "lxd-container-provisioner" manifold worker returned unexpected error: container types not yet available
machine-3: 01:37:44 ERROR juju.worker.dependency "kvm-container-provisioner" manifold worker returned unexpected error: container types not yet available
unit-postgresql-gcp-1: 01:37:44 ERROR juju.worker.meterstatus error running "meter-status-changed": charm missing from disk
machine-2: 01:37:45 ERROR juju.worker.dependency "kvm-container-provisioner" manifold worker returned unexpected error: container types not yet available
machine-2: 01:37:45 ERROR juju.worker.dependency "lxd-container-provisioner" manifold worker returned unexpected error: container types not yet available
unit-postgresql-gcp-0: 01:37:45 ERROR juju.worker.meterstatus error running "meter-status-changed": charm missing from disk
unit-postgresql-gcp-1: 01:47:29 ERROR unit.postgresql-gcp/1.juju-log Restore failed: Bad restore-to-time format
unit-postgresql-gcp-1: 01:50:02 ERROR unit.postgresql-gcp/1.juju-log Uncaught exception while in charm code:
Traceback (most recent call last):
  File "/var/lib/juju/agents/unit-postgresql-gcp-1/charm/venv/urllib3/connectionpool.py", line 789, in urlopen
    response = self._make_request(
  File "/var/lib/juju/agents/unit-postgresql-gcp-1/charm/venv/urllib3/connectionpool.py", line 490, in _make_request
    raise new_e
  File "/var/lib/juju/agents/unit-postgresql-gcp-1/charm/venv/urllib3/connectionpool.py", line 466, in _make_request
    self._validate_conn(conn)
  File "/var/lib/juju/agents/unit-postgresql-gcp-1/charm/venv/urllib3/connectionpool.py", line 1095, in _validate_conn
    conn.connect()
  File "/var/lib/juju/agents/unit-postgresql-gcp-1/charm/venv/urllib3/connection.py", line 730, in connect
    sock_and_verified = _ssl_wrap_socket_and_match_hostname(
  File "/var/lib/juju/agents/unit-postgresql-gcp-1/charm/venv/urllib3/connection.py", line 909, in _ssl_wrap_socket_and_match_hostname
    ssl_sock = ssl_wrap_socket(
  File "/var/lib/juju/agents/unit-postgresql-gcp-1/charm/venv/urllib3/util/ssl_.py", line 469, in ssl_wrap_socket
    ssl_sock = _ssl_wrap_socket_impl(sock, context, tls_in_tls, server_hostname)
  File "/var/lib/juju/agents/unit-postgresql-gcp-1/charm/venv/urllib3/util/ssl_.py", line 513, in _ssl_wrap_socket_impl
    return ssl_context.wrap_socket(sock, server_hostname=server_hostname)
  File "/usr/lib/python3.10/ssl.py", line 513, in wrap_socket
    return self.sslsocket_class._create(
  File "/usr/lib/python3.10/ssl.py", line 1100, in _create
    self.do_handshake()
  File "/usr/lib/python3.10/ssl.py", line 1371, in do_handshake
    self._sslobj.do_handshake()
ConnectionResetError: [Errno 104] Connection reset by peer

During handling of the above exception, another exception occurred:

Traceback (most recent call last):
  File "/var/lib/juju/agents/unit-postgresql-gcp-1/charm/venv/requests/adapters.py", line 667, in send
    resp = conn.urlopen(
  File "/var/lib/juju/agents/unit-postgresql-gcp-1/charm/venv/urllib3/connectionpool.py", line 843, in urlopen
    retries = retries.increment(
  File "/var/lib/juju/agents/unit-postgresql-gcp-1/charm/venv/urllib3/util/retry.py", line 474, in increment
    raise reraise(type(error), error, _stacktrace)
  File "/var/lib/juju/agents/unit-postgresql-gcp-1/charm/venv/urllib3/util/util.py", line 38, in reraise
    raise value.with_traceback(tb)
  File "/var/lib/juju/agents/unit-postgresql-gcp-1/charm/venv/urllib3/connectionpool.py", line 789, in urlopen
    response = self._make_request(
  File "/var/lib/juju/agents/unit-postgresql-gcp-1/charm/venv/urllib3/connectionpool.py", line 490, in _make_request
    raise new_e
  File "/var/lib/juju/agents/unit-postgresql-gcp-1/charm/venv/urllib3/connectionpool.py", line 466, in _make_request
    self._validate_conn(conn)
  File "/var/lib/juju/agents/unit-postgresql-gcp-1/charm/venv/urllib3/connectionpool.py", line 1095, in _validate_conn
    conn.connect()
  File "/var/lib/juju/agents/unit-postgresql-gcp-1/charm/venv/urllib3/connection.py", line 730, in connect
    sock_and_verified = _ssl_wrap_socket_and_match_hostname(
  File "/var/lib/juju/agents/unit-postgresql-gcp-1/charm/venv/urllib3/connection.py", line 909, in _ssl_wrap_socket_and_match_hostname
    ssl_sock = ssl_wrap_socket(
  File "/var/lib/juju/agents/unit-postgresql-gcp-1/charm/venv/urllib3/util/ssl_.py", line 469, in ssl_wrap_socket
    ssl_sock = _ssl_wrap_socket_impl(sock, context, tls_in_tls, server_hostname)
  File "/var/lib/juju/agents/unit-postgresql-gcp-1/charm/venv/urllib3/util/ssl_.py", line 513, in _ssl_wrap_socket_impl
    return ssl_context.wrap_socket(sock, server_hostname=server_hostname)
  File "/usr/lib/python3.10/ssl.py", line 513, in wrap_socket
    return self.sslsocket_class._create(
  File "/usr/lib/python3.10/ssl.py", line 1100, in _create
    self.do_handshake()
  File "/usr/lib/python3.10/ssl.py", line 1371, in do_handshake
    self._sslobj.do_handshake()
urllib3.exceptions.ProtocolError: ('Connection aborted.', ConnectionResetError(104, 'Connection reset by peer'))

During handling of the above exception, another exception occurred:

Traceback (most recent call last):
  File "/var/lib/juju/agents/unit-postgresql-gcp-1/charm/src/cluster.py", line 238, in get_member_status
    cluster_status = requests.get(
  File "/var/lib/juju/agents/unit-postgresql-gcp-1/charm/venv/requests/api.py", line 73, in get
    return request("get", url, params=params, **kwargs)
  File "/var/lib/juju/agents/unit-postgresql-gcp-1/charm/venv/requests/api.py", line 59, in request
    return session.request(method=method, url=url, **kwargs)
  File "/var/lib/juju/agents/unit-postgresql-gcp-1/charm/venv/requests/sessions.py", line 589, in request
    resp = self.send(prep, **send_kwargs)
  File "/var/lib/juju/agents/unit-postgresql-gcp-1/charm/venv/requests/sessions.py", line 703, in send
    r = adapter.send(request, **kwargs)
  File "/var/lib/juju/agents/unit-postgresql-gcp-1/charm/venv/requests/adapters.py", line 682, in send
    raise ConnectionError(err, request=request)
requests.exceptions.ConnectionError: ('Connection aborted.', ConnectionResetError(104, 'Connection reset by peer'))

The above exception was the direct cause of the following exception:

Traceback (most recent call last):
  File "/var/lib/juju/agents/unit-postgresql-gcp-1/charm/./src/charm.py", line 1879, in <module>
    main(PostgresqlOperatorCharm)
  File "/var/lib/juju/agents/unit-postgresql-gcp-1/charm/venv/ops/main.py", line 45, in main
    return _main.main(charm_class=charm_class, use_juju_for_storage=use_juju_for_storage)
  File "/var/lib/juju/agents/unit-postgresql-gcp-1/charm/venv/ops/_main.py", line 543, in main
    manager.run()
  File "/var/lib/juju/agents/unit-postgresql-gcp-1/charm/venv/ops/_main.py", line 529, in run
    self._emit()
  File "/var/lib/juju/agents/unit-postgresql-gcp-1/charm/venv/ops/_main.py", line 518, in _emit
    _emit_charm_event(self.charm, self.dispatcher.event_name, self._juju_context)
  File "/var/lib/juju/agents/unit-postgresql-gcp-1/charm/venv/ops/_main.py", line 134, in _emit_charm_event
    event_to_emit.emit(*args, **kwargs)
  File "/var/lib/juju/agents/unit-postgresql-gcp-1/charm/venv/ops/framework.py", line 347, in emit
    framework._emit(event)
  File "/var/lib/juju/agents/unit-postgresql-gcp-1/charm/venv/ops/framework.py", line 857, in _emit
    self._reemit(event_path)
  File "/var/lib/juju/agents/unit-postgresql-gcp-1/charm/venv/ops/framework.py", line 947, in _reemit
    custom_handler(event)
  File "/var/lib/juju/agents/unit-postgresql-gcp-1/charm/lib/charms/tempo_k8s/v1/charm_tracing.py", line 735, in wrapped_function
    return callable(*args, **kwargs)  # type: ignore
  File "/var/lib/juju/agents/unit-postgresql-gcp-1/charm/./src/charm.py", line 1328, in _on_update_status
    if "failed" in self._patroni.get_member_status(self._member_name):
  File "/var/lib/juju/agents/unit-postgresql-gcp-1/charm/lib/charms/tempo_k8s/v1/charm_tracing.py", line 735, in wrapped_function
    return callable(*args, **kwargs)  # type: ignore
  File "/var/lib/juju/agents/unit-postgresql-gcp-1/charm/src/cluster.py", line 235, in get_member_status
    for attempt in Retrying(stop=stop_after_attempt(2 * len(self.peers_ips) + 1)):
  File "/var/lib/juju/agents/unit-postgresql-gcp-1/charm/venv/tenacity/__init__.py", line 443, in __iter__
    do = self.iter(retry_state=retry_state)
  File "/var/lib/juju/agents/unit-postgresql-gcp-1/charm/venv/tenacity/__init__.py", line 376, in iter
    result = action(retry_state)
  File "/var/lib/juju/agents/unit-postgresql-gcp-1/charm/venv/tenacity/__init__.py", line 419, in exc_check
    raise retry_exc from fut.exception()
tenacity.RetryError: RetryError[<Future at 0x7fec226afc10 state=finished raised ConnectionError>]
unit-postgresql-gcp-1: 01:50:02 ERROR juju.worker.uniter.operation hook "update-status" (via hook dispatching script: dispatch) failed: exit status 1
unit-postgresql-gcp-1: 01:51:27 ERROR unit.postgresql-gcp/1.juju-log Restore failed: database service failed to reach point-in-time-recovery target. You can launch another restore with different parameters
unit-postgresql-gcp-1: 01:54:25 ERROR unit.postgresql-gcp/1.juju-log Restore failed: database service failed to reach point-in-time-recovery target. You can launch another restore with different parameters

[32mINFO    [0m pytest_operator.plugin:plugin.py:991 Forgetting model main...