{"uid":"c0bddb909702ba47","name":"test_deploy","fullName":"tests.integration.test_subordinates#test_deploy","historyId":"16e6a069bff093fbd6fecd72567ae51d","time":{"start":1741656788401,"stop":1741657813581,"duration":1025180},"status":"broken","statusMessage":"TimeoutError: Timed out waiting for model:\n  landscape-client/0 [idle] blocked: Registration failed!\n  landscape-client/1 [idle] blocked: Registration failed!\n  landscape-client/2 [idle] blocked: Registration failed!","statusTrace":"Traceback (most recent call last):\n  File \"/root/spread_project/.tox/integration/lib/python3.12/site-packages/_pytest/runner.py\", line 341, in from_call\n    result: TResult | None = func()\n                             ^^^^^^\n  File \"/root/spread_project/.tox/integration/lib/python3.12/site-packages/_pytest/runner.py\", line 242, in <lambda>\n    lambda: runtest_hook(item=item, **kwds), when=when, reraise=reraise\n            ^^^^^^^^^^^^^^^^^^^^^^^^^^^^^^^\n  File \"/root/spread_project/.tox/integration/lib/python3.12/site-packages/pluggy/_hooks.py\", line 513, in __call__\n    return self._hookexec(self.name, self._hookimpls.copy(), kwargs, firstresult)\n           ^^^^^^^^^^^^^^^^^^^^^^^^^^^^^^^^^^^^^^^^^^^^^^^^^^^^^^^^^^^^^^^^^^^^^^\n  File \"/root/spread_project/.tox/integration/lib/python3.12/site-packages/pluggy/_manager.py\", line 120, in _hookexec\n    return self._inner_hookexec(hook_name, methods, kwargs, firstresult)\n           ^^^^^^^^^^^^^^^^^^^^^^^^^^^^^^^^^^^^^^^^^^^^^^^^^^^^^^^^^^^^^\n  File \"/root/spread_project/.tox/integration/lib/python3.12/site-packages/pluggy/_callers.py\", line 182, in _multicall\n    return outcome.get_result()\n           ^^^^^^^^^^^^^^^^^^^^\n  File \"/root/spread_project/.tox/integration/lib/python3.12/site-packages/pluggy/_result.py\", line 100, in get_result\n    raise exc.with_traceback(exc.__traceback__)\n  File \"/root/spread_project/.tox/integration/lib/python3.12/site-packages/pluggy/_callers.py\", line 167, in _multicall\n    teardown.throw(outcome._exception)\n  File \"/root/spread_project/.tox/integration/lib/python3.12/site-packages/_pytest/threadexception.py\", line 92, in pytest_runtest_call\n    yield from thread_exception_runtest_hook()\n  File \"/root/spread_project/.tox/integration/lib/python3.12/site-packages/_pytest/threadexception.py\", line 68, in thread_exception_runtest_hook\n    yield\n  File \"/root/spread_project/.tox/integration/lib/python3.12/site-packages/pluggy/_callers.py\", line 167, in _multicall\n    teardown.throw(outcome._exception)\n  File \"/root/spread_project/.tox/integration/lib/python3.12/site-packages/_pytest/unraisableexception.py\", line 95, in pytest_runtest_call\n    yield from unraisable_exception_runtest_hook()\n  File \"/root/spread_project/.tox/integration/lib/python3.12/site-packages/_pytest/unraisableexception.py\", line 70, in unraisable_exception_runtest_hook\n    yield\n  File \"/root/spread_project/.tox/integration/lib/python3.12/site-packages/pluggy/_callers.py\", line 167, in _multicall\n    teardown.throw(outcome._exception)\n  File \"/root/spread_project/.tox/integration/lib/python3.12/site-packages/_pytest/logging.py\", line 846, in pytest_runtest_call\n    yield from self._runtest_for(item, \"call\")\n  File \"/root/spread_project/.tox/integration/lib/python3.12/site-packages/_pytest/logging.py\", line 829, in _runtest_for\n    yield\n  File \"/root/spread_project/.tox/integration/lib/python3.12/site-packages/pluggy/_callers.py\", line 167, in _multicall\n    teardown.throw(outcome._exception)\n  File \"/root/spread_project/.tox/integration/lib/python3.12/site-packages/_pytest/capture.py\", line 880, in pytest_runtest_call\n    return (yield)\n            ^^^^^\n  File \"/root/spread_project/.tox/integration/lib/python3.12/site-packages/pluggy/_callers.py\", line 167, in _multicall\n    teardown.throw(outcome._exception)\n  File \"/root/spread_project/.tox/integration/lib/python3.12/site-packages/_pytest/skipping.py\", line 257, in pytest_runtest_call\n    return (yield)\n            ^^^^^\n  File \"/root/spread_project/.tox/integration/lib/python3.12/site-packages/pluggy/_callers.py\", line 103, in _multicall\n    res = hook_impl.function(*args)\n          ^^^^^^^^^^^^^^^^^^^^^^^^^\n  File \"/root/spread_project/.tox/integration/lib/python3.12/site-packages/_pytest/runner.py\", line 174, in pytest_runtest_call\n    item.runtest()\n  File \"/root/spread_project/.tox/integration/lib/python3.12/site-packages/_pytest/python.py\", line 1627, in runtest\n    self.ihook.pytest_pyfunc_call(pyfuncitem=self)\n  File \"/root/spread_project/.tox/integration/lib/python3.12/site-packages/pluggy/_hooks.py\", line 513, in __call__\n    return self._hookexec(self.name, self._hookimpls.copy(), kwargs, firstresult)\n           ^^^^^^^^^^^^^^^^^^^^^^^^^^^^^^^^^^^^^^^^^^^^^^^^^^^^^^^^^^^^^^^^^^^^^^\n  File \"/root/spread_project/.tox/integration/lib/python3.12/site-packages/pluggy/_manager.py\", line 120, in _hookexec\n    return self._inner_hookexec(hook_name, methods, kwargs, firstresult)\n           ^^^^^^^^^^^^^^^^^^^^^^^^^^^^^^^^^^^^^^^^^^^^^^^^^^^^^^^^^^^^^\n  File \"/root/spread_project/.tox/integration/lib/python3.12/site-packages/pluggy/_callers.py\", line 182, in _multicall\n    return outcome.get_result()\n           ^^^^^^^^^^^^^^^^^^^^\n  File \"/root/spread_project/.tox/integration/lib/python3.12/site-packages/pluggy/_result.py\", line 100, in get_result\n    raise exc.with_traceback(exc.__traceback__)\n  File \"/root/spread_project/.tox/integration/lib/python3.12/site-packages/pluggy/_callers.py\", line 103, in _multicall\n    res = hook_impl.function(*args)\n          ^^^^^^^^^^^^^^^^^^^^^^^^^\n  File \"/root/spread_project/.tox/integration/lib/python3.12/site-packages/_pytest/python.py\", line 159, in pytest_pyfunc_call\n    result = testfunction(**testargs)\n             ^^^^^^^^^^^^^^^^^^^^^^^^\n  File \"/root/spread_project/.tox/integration/lib/python3.12/site-packages/pytest_asyncio/plugin.py\", line 529, in inner\n    _loop.run_until_complete(task)\n  File \"/usr/lib/python3.12/asyncio/base_events.py\", line 687, in run_until_complete\n    return future.result()\n           ^^^^^^^^^^^^^^^\n  File \"/root/spread_project/tests/integration/test_subordinates.py\", line 68, in test_deploy\n    await ops_test.model.wait_for_idle(\n  File \"/root/spread_project/.tox/integration/lib/python3.12/site-packages/juju/model/__init__.py\", line 3250, in wait_for_idle\n    raise asyncio.TimeoutError(\nTimeoutError: Timed out waiting for model:\n  landscape-client/0 [idle] blocked: Registration failed!\n  landscape-client/1 [idle] blocked: Registration failed!\n  landscape-client/2 [idle] blocked: Registration failed!","flaky":false,"newFailed":false,"newBroken":true,"newPassed":false,"retriesCount":1,"retriesStatusChange":true,"beforeStages":[{"name":"event_loop","time":{"start":1741656788217,"stop":1741656788218,"duration":1},"status":"passed","steps":[],"attachments":[],"parameters":[],"shouldDisplayMessage":false,"stepsCount":0,"attachmentsCount":0,"hasContent":false,"attachmentStep":false},{"name":"ops_test","time":{"start":1741656788218,"stop":1741656788400,"duration":182},"status":"passed","steps":[],"attachments":[],"parameters":[],"shouldDisplayMessage":false,"stepsCount":0,"attachmentsCount":0,"hasContent":false,"attachmentStep":false},{"name":"tmp_path_factory","time":{"start":1741656788218,"stop":1741656788218,"duration":0},"status":"passed","steps":[],"attachments":[],"parameters":[],"shouldDisplayMessage":false,"stepsCount":0,"attachmentsCount":0,"hasContent":false,"attachmentStep":false},{"name":"charm","time":{"start":1741656788218,"stop":1741656788218,"duration":0},"status":"passed","steps":[],"attachments":[],"parameters":[],"shouldDisplayMessage":false,"stepsCount":0,"attachmentsCount":0,"hasContent":false,"attachmentStep":false},{"name":"check_subordinate_env_vars","time":{"start":1741656788400,"stop":1741656788400,"duration":0},"status":"passed","steps":[],"attachments":[],"parameters":[],"shouldDisplayMessage":false,"stepsCount":0,"attachmentsCount":0,"hasContent":false,"attachmentStep":false},{"name":"abort_on_fail","time":{"start":1741656788400,"stop":1741656788400,"duration":0},"status":"passed","steps":[],"attachments":[],"parameters":[],"shouldDisplayMessage":false,"stepsCount":0,"attachmentsCount":0,"hasContent":false,"attachmentStep":false}],"testStage":{"status":"broken","statusMessage":"TimeoutError: Timed out waiting for model:\n  landscape-client/0 [idle] blocked: Registration failed!\n  landscape-client/1 [idle] blocked: Registration failed!\n  landscape-client/2 [idle] blocked: Registration failed!","statusTrace":"Traceback (most recent call last):\n  File \"/root/spread_project/.tox/integration/lib/python3.12/site-packages/_pytest/runner.py\", line 341, in from_call\n    result: TResult | None = func()\n                             ^^^^^^\n  File \"/root/spread_project/.tox/integration/lib/python3.12/site-packages/_pytest/runner.py\", line 242, in <lambda>\n    lambda: runtest_hook(item=item, **kwds), when=when, reraise=reraise\n            ^^^^^^^^^^^^^^^^^^^^^^^^^^^^^^^\n  File \"/root/spread_project/.tox/integration/lib/python3.12/site-packages/pluggy/_hooks.py\", line 513, in __call__\n    return self._hookexec(self.name, self._hookimpls.copy(), kwargs, firstresult)\n           ^^^^^^^^^^^^^^^^^^^^^^^^^^^^^^^^^^^^^^^^^^^^^^^^^^^^^^^^^^^^^^^^^^^^^^\n  File \"/root/spread_project/.tox/integration/lib/python3.12/site-packages/pluggy/_manager.py\", line 120, in _hookexec\n    return self._inner_hookexec(hook_name, methods, kwargs, firstresult)\n           ^^^^^^^^^^^^^^^^^^^^^^^^^^^^^^^^^^^^^^^^^^^^^^^^^^^^^^^^^^^^^\n  File \"/root/spread_project/.tox/integration/lib/python3.12/site-packages/pluggy/_callers.py\", line 182, in _multicall\n    return outcome.get_result()\n           ^^^^^^^^^^^^^^^^^^^^\n  File \"/root/spread_project/.tox/integration/lib/python3.12/site-packages/pluggy/_result.py\", line 100, in get_result\n    raise exc.with_traceback(exc.__traceback__)\n  File \"/root/spread_project/.tox/integration/lib/python3.12/site-packages/pluggy/_callers.py\", line 167, in _multicall\n    teardown.throw(outcome._exception)\n  File \"/root/spread_project/.tox/integration/lib/python3.12/site-packages/_pytest/threadexception.py\", line 92, in pytest_runtest_call\n    yield from thread_exception_runtest_hook()\n  File \"/root/spread_project/.tox/integration/lib/python3.12/site-packages/_pytest/threadexception.py\", line 68, in thread_exception_runtest_hook\n    yield\n  File \"/root/spread_project/.tox/integration/lib/python3.12/site-packages/pluggy/_callers.py\", line 167, in _multicall\n    teardown.throw(outcome._exception)\n  File \"/root/spread_project/.tox/integration/lib/python3.12/site-packages/_pytest/unraisableexception.py\", line 95, in pytest_runtest_call\n    yield from unraisable_exception_runtest_hook()\n  File \"/root/spread_project/.tox/integration/lib/python3.12/site-packages/_pytest/unraisableexception.py\", line 70, in unraisable_exception_runtest_hook\n    yield\n  File \"/root/spread_project/.tox/integration/lib/python3.12/site-packages/pluggy/_callers.py\", line 167, in _multicall\n    teardown.throw(outcome._exception)\n  File \"/root/spread_project/.tox/integration/lib/python3.12/site-packages/_pytest/logging.py\", line 846, in pytest_runtest_call\n    yield from self._runtest_for(item, \"call\")\n  File \"/root/spread_project/.tox/integration/lib/python3.12/site-packages/_pytest/logging.py\", line 829, in _runtest_for\n    yield\n  File \"/root/spread_project/.tox/integration/lib/python3.12/site-packages/pluggy/_callers.py\", line 167, in _multicall\n    teardown.throw(outcome._exception)\n  File \"/root/spread_project/.tox/integration/lib/python3.12/site-packages/_pytest/capture.py\", line 880, in pytest_runtest_call\n    return (yield)\n            ^^^^^\n  File \"/root/spread_project/.tox/integration/lib/python3.12/site-packages/pluggy/_callers.py\", line 167, in _multicall\n    teardown.throw(outcome._exception)\n  File \"/root/spread_project/.tox/integration/lib/python3.12/site-packages/_pytest/skipping.py\", line 257, in pytest_runtest_call\n    return (yield)\n            ^^^^^\n  File \"/root/spread_project/.tox/integration/lib/python3.12/site-packages/pluggy/_callers.py\", line 103, in _multicall\n    res = hook_impl.function(*args)\n          ^^^^^^^^^^^^^^^^^^^^^^^^^\n  File \"/root/spread_project/.tox/integration/lib/python3.12/site-packages/_pytest/runner.py\", line 174, in pytest_runtest_call\n    item.runtest()\n  File \"/root/spread_project/.tox/integration/lib/python3.12/site-packages/_pytest/python.py\", line 1627, in runtest\n    self.ihook.pytest_pyfunc_call(pyfuncitem=self)\n  File \"/root/spread_project/.tox/integration/lib/python3.12/site-packages/pluggy/_hooks.py\", line 513, in __call__\n    return self._hookexec(self.name, self._hookimpls.copy(), kwargs, firstresult)\n           ^^^^^^^^^^^^^^^^^^^^^^^^^^^^^^^^^^^^^^^^^^^^^^^^^^^^^^^^^^^^^^^^^^^^^^\n  File \"/root/spread_project/.tox/integration/lib/python3.12/site-packages/pluggy/_manager.py\", line 120, in _hookexec\n    return self._inner_hookexec(hook_name, methods, kwargs, firstresult)\n           ^^^^^^^^^^^^^^^^^^^^^^^^^^^^^^^^^^^^^^^^^^^^^^^^^^^^^^^^^^^^^\n  File \"/root/spread_project/.tox/integration/lib/python3.12/site-packages/pluggy/_callers.py\", line 182, in _multicall\n    return outcome.get_result()\n           ^^^^^^^^^^^^^^^^^^^^\n  File \"/root/spread_project/.tox/integration/lib/python3.12/site-packages/pluggy/_result.py\", line 100, in get_result\n    raise exc.with_traceback(exc.__traceback__)\n  File \"/root/spread_project/.tox/integration/lib/python3.12/site-packages/pluggy/_callers.py\", line 103, in _multicall\n    res = hook_impl.function(*args)\n          ^^^^^^^^^^^^^^^^^^^^^^^^^\n  File \"/root/spread_project/.tox/integration/lib/python3.12/site-packages/_pytest/python.py\", line 159, in pytest_pyfunc_call\n    result = testfunction(**testargs)\n             ^^^^^^^^^^^^^^^^^^^^^^^^\n  File \"/root/spread_project/.tox/integration/lib/python3.12/site-packages/pytest_asyncio/plugin.py\", line 529, in inner\n    _loop.run_until_complete(task)\n  File \"/usr/lib/python3.12/asyncio/base_events.py\", line 687, in run_until_complete\n    return future.result()\n           ^^^^^^^^^^^^^^^\n  File \"/root/spread_project/tests/integration/test_subordinates.py\", line 68, in test_deploy\n    await ops_test.model.wait_for_idle(\n  File \"/root/spread_project/.tox/integration/lib/python3.12/site-packages/juju/model/__init__.py\", line 3250, in wait_for_idle\n    raise asyncio.TimeoutError(\nTimeoutError: Timed out waiting for model:\n  landscape-client/0 [idle] blocked: Registration failed!\n  landscape-client/1 [idle] blocked: Registration failed!\n  landscape-client/2 [idle] blocked: Registration failed!","steps":[],"attachments":[{"uid":"69a1139f2cd17659","name":"log","source":"69a1139f2cd17659.txt","type":"text/plain","size":8833}],"parameters":[],"shouldDisplayMessage":true,"stepsCount":0,"attachmentsCount":1,"hasContent":true,"attachmentStep":false},"afterStages":[{"name":"abort_on_fail::0","time":{"start":1741657813586,"stop":1741657813586,"duration":0},"status":"passed","steps":[],"attachments":[],"parameters":[],"shouldDisplayMessage":false,"stepsCount":0,"attachmentsCount":0,"hasContent":false,"attachmentStep":false},{"name":"ops_test::finalizer","time":{"start":1741657813594,"stop":1741657813921,"duration":327},"status":"passed","steps":[],"attachments":[],"parameters":[],"shouldDisplayMessage":false,"stepsCount":0,"attachmentsCount":0,"hasContent":false,"attachmentStep":false},{"name":"event_loop::2","time":{"start":1741657813921,"stop":1741657813921,"duration":0},"status":"passed","steps":[],"attachments":[],"parameters":[],"shouldDisplayMessage":false,"stepsCount":0,"attachmentsCount":0,"hasContent":false,"attachmentStep":false},{"name":"event_loop::_close_event_loop","time":{"start":1741657813921,"stop":1741657813921,"duration":0},"status":"passed","steps":[],"attachments":[],"parameters":[],"shouldDisplayMessage":false,"stepsCount":0,"attachmentsCount":0,"hasContent":false,"attachmentStep":false},{"name":"event_loop::_provide_clean_event_loop","time":{"start":1741657813921,"stop":1741657813922,"duration":1},"status":"passed","steps":[],"attachments":[],"parameters":[],"shouldDisplayMessage":false,"stepsCount":0,"attachmentsCount":0,"hasContent":false,"attachmentStep":false}],"labels":[{"name":"tag","value":"abort_on_fail"},{"name":"tag","value":"asyncio"},{"name":"parentSuite","value":"tests.integration"},{"name":"suite","value":"test_subordinates"},{"name":"host","value":"fv-az1279-454"},{"name":"thread","value":"14570-MainThread"},{"name":"framework","value":"pytest"},{"name":"language","value":"cpython3"},{"name":"package","value":"tests.integration.test_subordinates"},{"name":"resultFormat","value":"allure2"}],"parameters":[],"links":[],"hidden":false,"retry":false,"extra":{"severity":"normal","retries":[{"uid":"95882f43b0202eb9","status":"unknown","time":{}}],"categories":[{"name":"Test defects","matchedStatuses":[]}],"history":{"statistic":{"failed":0,"broken":8,"skipped":0,"passed":330,"unknown":7,"total":345},"items":[{"uid":"2787b5bf950e3c10","reportUrl":"../4072//#testresult/2787b5bf950e3c10","status":"passed","time":{"start":1741570639176,"stop":1741571155619,"duration":516443}},{"uid":"98413782cdd8fee7","reportUrl":"../4071//#testresult/98413782cdd8fee7","status":"passed","time":{"start":1741484141074,"stop":1741484659294,"duration":518220}},{"uid":"48eebe1109d8eb77","reportUrl":"../4069//#testresult/48eebe1109d8eb77","status":"passed","time":{"start":1741397964016,"stop":1741398487174,"duration":523158}},{"uid":"763a4d8215cb28d5","reportUrl":"../4065//#testresult/763a4d8215cb28d5","status":"passed","time":{"start":1741311401194,"stop":1741311908478,"duration":507284}},{"uid":"45bead8f31951651","reportUrl":"../4063//#testresult/45bead8f31951651","status":"passed","time":{"start":1741225025487,"stop":1741225671184,"duration":645697}},{"uid":"45811f05b05bd5d3","reportUrl":"../4059//#testresult/45811f05b05bd5d3","status":"passed","time":{"start":1741138609922,"stop":1741139098340,"duration":488418}},{"uid":"517714c7aaf785ee","reportUrl":"../4054//#testresult/517714c7aaf785ee","status":"passed","time":{"start":1741053116919,"stop":1741053614163,"duration":497244}},{"uid":"4ee992149e576352","reportUrl":"../4050//#testresult/4ee992149e576352","status":"passed","time":{"start":1740965973506,"stop":1740966487508,"duration":514002}},{"uid":"d45d980b31fa2e8f","reportUrl":"../4049//#testresult/d45d980b31fa2e8f","status":"passed","time":{"start":1740879479015,"stop":1740879952684,"duration":473669}},{"uid":"7ed607dc1afcc070","reportUrl":"../4048//#testresult/7ed607dc1afcc070","status":"passed","time":{"start":1740793540276,"stop":1740794035480,"duration":495204}},{"uid":"9355f4cb2dbebe90","reportUrl":"../4045//#testresult/9355f4cb2dbebe90","status":"passed","time":{"start":1740706748790,"stop":1740707275596,"duration":526806}},{"uid":"2975b250907587c8","reportUrl":"../4041//#testresult/2975b250907587c8","status":"passed","time":{"start":1740620485827,"stop":1740621003723,"duration":517896}},{"uid":"f41a79cac0f6cbb0","reportUrl":"../4037//#testresult/f41a79cac0f6cbb0","status":"passed","time":{"start":1740533796068,"stop":1740534331324,"duration":535256}},{"uid":"7181d1296d5552c6","reportUrl":"../4034//#testresult/7181d1296d5552c6","status":"passed","time":{"start":1740447473031,"stop":1740448006699,"duration":533668}},{"uid":"1d008affe0f61b09","reportUrl":"../4033//#testresult/1d008affe0f61b09","status":"passed","time":{"start":1740361344135,"stop":1740361849375,"duration":505240}},{"uid":"639b49e570386200","reportUrl":"../4032//#testresult/639b49e570386200","status":"passed","time":{"start":1740274809219,"stop":1740275341621,"duration":532402}},{"uid":"d31f74f5fa2418cd","reportUrl":"../4031//#testresult/d31f74f5fa2418cd","status":"passed","time":{"start":1740188480936,"stop":1740188976720,"duration":495784}},{"uid":"6cc4085fd068cecd","reportUrl":"../4028//#testresult/6cc4085fd068cecd","status":"passed","time":{"start":1740102110760,"stop":1740102606149,"duration":495389}},{"uid":"abccbaf816b37d4f","reportUrl":"../4026//#testresult/abccbaf816b37d4f","status":"passed","time":{"start":1740016314675,"stop":1740016815475,"duration":500800}},{"uid":"ed8ca7d92d672eb9","reportUrl":"../4019//#testresult/ed8ca7d92d672eb9","status":"passed","time":{"start":1739929788443,"stop":1739930340299,"duration":551856}}]},"tags":["asyncio","abort_on_fail"]},"source":"c0bddb909702ba47.json","parameterValues":[]}