[32mINFO    [0m pytest_operator.plugin:plugin.py:951 Model status:

Model    Controller     Cloud/Region         Version  SLA          Timestamp
testing  concierge-lxd  localhost/localhost  3.6.12   unsupported  02:03:14Z

App                  Version  Status  Scale  Charm                Channel      Rev  Exposed  Message
postgresql           14.20    active      1  postgresql                          0  no       
postgresql-test-app           active      1  postgresql-test-app  latest/edge  424  no       received database credentials of the first database

Unit                    Workload     Agent  Machine  Public address  Ports     Message
postgresql-test-app/0*  active       idle   0        10.244.20.132             received database credentials of the first database
postgresql/4*           maintenance  idle   5        10.244.20.208   5432/tcp  reconfiguring cluster

Machine  State    Address        Inst id        Base          AZ             Message
0        started  10.244.20.132  juju-e509c1-0  ubuntu@22.04  runnervmh13bl  Running
5        started  10.244.20.208  juju-e509c1-5  ubuntu@22.04  runnervmh13bl  Running

[32mINFO    [0m pytest_operator.plugin:plugin.py:957 Juju error logs:

machine-0: 01:32:58 ERROR juju.worker.dependency "lxd-container-provisioner" manifold worker returned unexpected error: container types not yet available
machine-0: 01:32:58 ERROR juju.worker.dependency "kvm-container-provisioner" manifold worker returned unexpected error: container types not yet available
machine-1: 01:34:14 ERROR juju.worker.dependency "lxd-container-provisioner" manifold worker returned unexpected error: container types not yet available
machine-1: 01:34:14 ERROR juju.worker.dependency "kvm-container-provisioner" manifold worker returned unexpected error: container types not yet available
machine-3: 01:34:28 ERROR juju.worker.dependency "kvm-container-provisioner" manifold worker returned unexpected error: container types not yet available
machine-3: 01:34:28 ERROR juju.worker.dependency "lxd-container-provisioner" manifold worker returned unexpected error: container types not yet available
machine-2: 01:34:38 ERROR juju.worker.dependency "lxd-container-provisioner" manifold worker returned unexpected error: container types not yet available
machine-2: 01:34:38 ERROR juju.worker.dependency "kvm-container-provisioner" manifold worker returned unexpected error: container types not yet available
unit-postgresql-0: 01:35:25 ERROR unit.postgresql/0.juju-log Failed to list PostgreSQL database users: could not translate host name "None" to address: Temporary failure in name resolution

controller-0: 01:38:03 ERROR juju.worker.provisioner failed to remove dead machine "1"
machine-4: 01:39:59 ERROR juju.worker.dependency "lxd-container-provisioner" manifold worker returned unexpected error: container types not yet available
machine-4: 01:39:59 ERROR juju.worker.dependency "kvm-container-provisioner" manifold worker returned unexpected error: container types not yet available
unit-postgresql-1: 01:42:12 ERROR juju.worker.dependency "log-sender" manifold worker returned unexpected error: sending log message: websocket: close 1005 (no status): websocket: close sent
unit-postgresql-2: 01:42:12 ERROR juju.worker.dependency "log-sender" manifold worker returned unexpected error: sending log message: websocket: close 1005 (no status): websocket: close sent
unit-postgresql-test-app-0: 01:42:50 ERROR juju.worker.dependency "log-sender" manifold worker returned unexpected error: sending log message: websocket: close 1005 (no status): websocket: close sent
controller-0: 01:43:25 ERROR juju.worker.provisioner failed to remove dead machine "2"
machine-5: 01:45:17 ERROR juju.worker.dependency "kvm-container-provisioner" manifold worker returned unexpected error: container types not yet available
machine-5: 01:45:17 ERROR juju.worker.dependency "lxd-container-provisioner" manifold worker returned unexpected error: container types not yet available
controller-0: 01:48:13 ERROR juju.worker.provisioner failed to remove dead machine "3"
controller-0: 01:48:14 ERROR juju.worker.provisioner failed to remove dead machine "4"
unit-postgresql-test-app-0: 02:01:57 ERROR juju.worker.dependency "log-sender" manifold worker returned unexpected error: sending log message: websocket: close 1005 (no status): websocket: close sent
unit-postgresql-test-app-0: 02:01:57 ERROR unit.postgresql-test-app/0.juju-log Unable to drop table
Traceback (most recent call last):
  File "/var/lib/juju/agents/unit-postgresql-test-app-0/charm/src/charm.py", line 337, in _on_clear_continuous_writes_action
    cursor.execute("DROP TABLE IF EXISTS continuous_writes;")
psycopg2.errors.ReadOnlySqlTransaction: cannot execute DROP TABLE in a read-only transaction

unit-postgresql-test-app-0: 02:02:01 ERROR unit.postgresql-test-app/0.juju-log Unable to drop table
Traceback (most recent call last):
  File "/var/lib/juju/agents/unit-postgresql-test-app-0/charm/src/charm.py", line 337, in _on_clear_continuous_writes_action
    cursor.execute("DROP TABLE IF EXISTS continuous_writes;")
psycopg2.errors.ReadOnlySqlTransaction: cannot execute DROP TABLE in a read-only transaction

unit-postgresql-test-app-0: 02:02:05 ERROR unit.postgresql-test-app/0.juju-log Unable to drop table
Traceback (most recent call last):
  File "/var/lib/juju/agents/unit-postgresql-test-app-0/charm/src/charm.py", line 337, in _on_clear_continuous_writes_action
    cursor.execute("DROP TABLE IF EXISTS continuous_writes;")
psycopg2.errors.ReadOnlySqlTransaction: cannot execute DROP TABLE in a read-only transaction

unit-postgresql-test-app-0: 02:02:09 ERROR unit.postgresql-test-app/0.juju-log Unable to drop table
Traceback (most recent call last):
  File "/var/lib/juju/agents/unit-postgresql-test-app-0/charm/src/charm.py", line 337, in _on_clear_continuous_writes_action
    cursor.execute("DROP TABLE IF EXISTS continuous_writes;")
psycopg2.errors.ReadOnlySqlTransaction: cannot execute DROP TABLE in a read-only transaction

unit-postgresql-test-app-0: 02:02:13 ERROR unit.postgresql-test-app/0.juju-log Unable to drop table
Traceback (most recent call last):
  File "/var/lib/juju/agents/unit-postgresql-test-app-0/charm/src/charm.py", line 337, in _on_clear_continuous_writes_action
    cursor.execute("DROP TABLE IF EXISTS continuous_writes;")
psycopg2.errors.ReadOnlySqlTransaction: cannot execute DROP TABLE in a read-only transaction

unit-postgresql-test-app-0: 02:02:17 ERROR unit.postgresql-test-app/0.juju-log Unable to drop table
Traceback (most recent call last):
  File "/var/lib/juju/agents/unit-postgresql-test-app-0/charm/src/charm.py", line 337, in _on_clear_continuous_writes_action
    cursor.execute("DROP TABLE IF EXISTS continuous_writes;")
psycopg2.errors.ReadOnlySqlTransaction: cannot execute DROP TABLE in a read-only transaction

unit-postgresql-test-app-0: 02:02:21 ERROR unit.postgresql-test-app/0.juju-log Unable to drop table
Traceback (most recent call last):
  File "/var/lib/juju/agents/unit-postgresql-test-app-0/charm/src/charm.py", line 337, in _on_clear_continuous_writes_action
    cursor.execute("DROP TABLE IF EXISTS continuous_writes;")
psycopg2.errors.ReadOnlySqlTransaction: cannot execute DROP TABLE in a read-only transaction

unit-postgresql-test-app-0: 02:02:25 ERROR unit.postgresql-test-app/0.juju-log Unable to drop table
Traceback (most recent call last):
  File "/var/lib/juju/agents/unit-postgresql-test-app-0/charm/src/charm.py", line 337, in _on_clear_continuous_writes_action
    cursor.execute("DROP TABLE IF EXISTS continuous_writes;")
psycopg2.errors.ReadOnlySqlTransaction: cannot execute DROP TABLE in a read-only transaction

unit-postgresql-test-app-0: 02:02:29 ERROR unit.postgresql-test-app/0.juju-log Unable to drop table
Traceback (most recent call last):
  File "/var/lib/juju/agents/unit-postgresql-test-app-0/charm/src/charm.py", line 337, in _on_clear_continuous_writes_action
    cursor.execute("DROP TABLE IF EXISTS continuous_writes;")
psycopg2.errors.ReadOnlySqlTransaction: cannot execute DROP TABLE in a read-only transaction

unit-postgresql-test-app-0: 02:02:33 ERROR unit.postgresql-test-app/0.juju-log Unable to drop table
Traceback (most recent call last):
  File "/var/lib/juju/agents/unit-postgresql-test-app-0/charm/src/charm.py", line 337, in _on_clear_continuous_writes_action
    cursor.execute("DROP TABLE IF EXISTS continuous_writes;")
psycopg2.errors.ReadOnlySqlTransaction: cannot execute DROP TABLE in a read-only transaction

unit-postgresql-test-app-0: 02:02:37 ERROR unit.postgresql-test-app/0.juju-log Unable to drop table
Traceback (most recent call last):
  File "/var/lib/juju/agents/unit-postgresql-test-app-0/charm/src/charm.py", line 337, in _on_clear_continuous_writes_action
    cursor.execute("DROP TABLE IF EXISTS continuous_writes;")
psycopg2.errors.ReadOnlySqlTransaction: cannot execute DROP TABLE in a read-only transaction

unit-postgresql-test-app-0: 02:02:41 ERROR unit.postgresql-test-app/0.juju-log Unable to drop table
Traceback (most recent call last):
  File "/var/lib/juju/agents/unit-postgresql-test-app-0/charm/src/charm.py", line 337, in _on_clear_continuous_writes_action
    cursor.execute("DROP TABLE IF EXISTS continuous_writes;")
psycopg2.errors.ReadOnlySqlTransaction: cannot execute DROP TABLE in a read-only transaction

unit-postgresql-test-app-0: 02:02:45 ERROR unit.postgresql-test-app/0.juju-log Unable to drop table
Traceback (most recent call last):
  File "/var/lib/juju/agents/unit-postgresql-test-app-0/charm/src/charm.py", line 337, in _on_clear_continuous_writes_action
    cursor.execute("DROP TABLE IF EXISTS continuous_writes;")
psycopg2.errors.ReadOnlySqlTransaction: cannot execute DROP TABLE in a read-only transaction

unit-postgresql-test-app-0: 02:02:50 ERROR unit.postgresql-test-app/0.juju-log Unable to drop table
Traceback (most recent call last):
  File "/var/lib/juju/agents/unit-postgresql-test-app-0/charm/src/charm.py", line 337, in _on_clear_continuous_writes_action
    cursor.execute("DROP TABLE IF EXISTS continuous_writes;")
psycopg2.errors.ReadOnlySqlTransaction: cannot execute DROP TABLE in a read-only transaction

unit-postgresql-test-app-0: 02:02:54 ERROR unit.postgresql-test-app/0.juju-log Unable to drop table
Traceback (most recent call last):
  File "/var/lib/juju/agents/unit-postgresql-test-app-0/charm/src/charm.py", line 337, in _on_clear_continuous_writes_action
    cursor.execute("DROP TABLE IF EXISTS continuous_writes;")
psycopg2.errors.ReadOnlySqlTransaction: cannot execute DROP TABLE in a read-only transaction

unit-postgresql-test-app-0: 02:02:58 ERROR unit.postgresql-test-app/0.juju-log Unable to drop table
Traceback (most recent call last):
  File "/var/lib/juju/agents/unit-postgresql-test-app-0/charm/src/charm.py", line 337, in _on_clear_continuous_writes_action
    cursor.execute("DROP TABLE IF EXISTS continuous_writes;")
psycopg2.errors.ReadOnlySqlTransaction: cannot execute DROP TABLE in a read-only transaction

unit-postgresql-test-app-0: 02:03:02 ERROR unit.postgresql-test-app/0.juju-log Unable to drop table
Traceback (most recent call last):
  File "/var/lib/juju/agents/unit-postgresql-test-app-0/charm/src/charm.py", line 337, in _on_clear_continuous_writes_action
    cursor.execute("DROP TABLE IF EXISTS continuous_writes;")
psycopg2.errors.ReadOnlySqlTransaction: cannot execute DROP TABLE in a read-only transaction

unit-postgresql-test-app-0: 02:03:06 ERROR unit.postgresql-test-app/0.juju-log Unable to drop table
Traceback (most recent call last):
  File "/var/lib/juju/agents/unit-postgresql-test-app-0/charm/src/charm.py", line 337, in _on_clear_continuous_writes_action
    cursor.execute("DROP TABLE IF EXISTS continuous_writes;")
psycopg2.errors.ReadOnlySqlTransaction: cannot execute DROP TABLE in a read-only transaction

unit-postgresql-test-app-0: 02:03:10 ERROR unit.postgresql-test-app/0.juju-log Unable to drop table
Traceback (most recent call last):
  File "/var/lib/juju/agents/unit-postgresql-test-app-0/charm/src/charm.py", line 337, in _on_clear_continuous_writes_action
    cursor.execute("DROP TABLE IF EXISTS continuous_writes;")
psycopg2.errors.ReadOnlySqlTransaction: cannot execute DROP TABLE in a read-only transaction


[32mINFO    [0m pytest_operator.plugin:plugin.py:1039 Forgetting model main...