[1m[31mERROR   [0m integration.helpers:helpers.py:946 
[1m[31mERROR   [0m integration.helpers:helpers.py:946
[32mINFO    [0m pytest_operator.plugin:plugin.py:951 Model status:

Model    Controller     Cloud/Region         Version  SLA          Timestamp
testing  concierge-lxd  localhost/localhost  3.6.14   unsupported  00:14:35Z

App         Version  Status  Scale  Charm       Channel  Rev  Exposed  Message
postgresql  14.20    active      3  postgresql             0  no       

Unit           Workload  Agent  Machine  Public address  Ports     Message
postgresql/0*  active    idle   0        10.53.74.170    5432/tcp  
postgresql/1   active    idle   1        10.53.74.160    5432/tcp  
postgresql/2   active    idle   2        10.53.74.133    5432/tcp  

Machine  State    Address       Inst id        Base          AZ             Message
0        started  10.53.74.170  juju-89f1d0-0  ubuntu@22.04  runnervmjduv7  Running
1        started  10.53.74.160  juju-89f1d0-1  ubuntu@22.04  runnervmjduv7  Running
2        started  10.53.74.133  juju-89f1d0-2  ubuntu@22.04  runnervmjduv7  Running

[32mINFO    [0m pytest_operator.plugin:plugin.py:957 Juju error logs:

machine-0: 00:07:18 ERROR juju.worker.dependency "lxd-container-provisioner" manifold worker returned unexpected error: container types not yet available
machine-0: 00:07:18 ERROR juju.worker.dependency "kvm-container-provisioner" manifold worker returned unexpected error: container types not yet available
unit-postgresql-0: 00:08:13 ERROR unit.postgresql/0.juju-log Unable to get the state of the cluster
Traceback (most recent call last):
  File "/var/lib/juju/agents/unit-postgresql-0/charm/src/cluster.py", line 569, in are_replicas_up
    members = self.cluster_status()
  File "/var/lib/juju/agents/unit-postgresql-0/charm/lib/charms/tempo_coordinator_k8s/v0/charm_tracing.py", line 946, in wrapped_function
    return callable(*args, **kwargs)  # type: ignore
  File "/var/lib/juju/agents/unit-postgresql-0/charm/src/cluster.py", line 369, in cluster_status
    raise RetryError(
tenacity.RetryError: RetryError[<Future at 0x7fc55f131000 state=finished raised Exception>]
machine-2: 00:09:00 ERROR juju.worker.dependency "lxd-container-provisioner" manifold worker returned unexpected error: container types not yet available
machine-2: 00:09:00 ERROR juju.worker.dependency "kvm-container-provisioner" manifold worker returned unexpected error: container types not yet available
machine-1: 00:09:07 ERROR juju.worker.dependency "lxd-container-provisioner" manifold worker returned unexpected error: container types not yet available
machine-1: 00:09:07 ERROR juju.worker.dependency "kvm-container-provisioner" manifold worker returned unexpected error: container types not yet available
unit-postgresql-2: 00:10:03 ERROR unit.postgresql/2.juju-log upgrade:2: Failed to list PostgreSQL database users: connection to server on socket "/tmp/snap-private-tmp/snap.charmed-postgresql/tmp//.s.PGSQL.5432" failed: No such file or directory
	Is the server running locally and accepting connections on that socket?

unit-postgresql-0: 00:11:29 ERROR unit.postgresql/0.juju-log Failed to list PostgreSQL database users: connection to server on socket "/tmp/snap-private-tmp/snap.charmed-postgresql/tmp//.s.PGSQL.5432" failed: FATAL:  password authentication failed for user "operator"

unit-postgresql-0: 00:14:30 ERROR unit.postgresql/0.juju-log Uncaught exception while in charm code:
Traceback (most recent call last):
  File "/var/lib/juju/agents/unit-postgresql-0/charm/venv/lib/python3.10/site-packages/ops/model.py", line 3570, in _wrap_hookcmd
    yield
  File "/var/lib/juju/agents/unit-postgresql-0/charm/venv/lib/python3.10/site-packages/ops/model.py", line 3982, in secret_set
    hookcmds.secret_set(
  File "/var/lib/juju/agents/unit-postgresql-0/charm/venv/lib/python3.10/site-packages/ops/hookcmds/_secret.py", line 308, in secret_set
    run('secret-set', *args)
  File "/var/lib/juju/agents/unit-postgresql-0/charm/venv/lib/python3.10/site-packages/ops/hookcmds/_utils.py", line 53, in run
    raise Error(returncode=e.returncode, cmd=e.cmd, stdout=e.stdout, stderr=e.stderr) from None
ops.hookcmds._utils.Error: command ('secret-set', '--owner', 'application', 'secret://dcb2ad16-b3c4-4f35-8b0d-5408e789f1d0/d68gsp5p5tvsivtoojdg', 'backup-password#file=/tmp/tmp0b9cfklw/backup-password', 'monitoring-password#file=/tmp/tmp0b9cfklw/monitoring-password', 'operator-password#file=/tmp/tmp0b9cfklw/operator-password', 'patroni-password#file=/tmp/tmp0b9cfklw/patroni-password', 'raft-password#file=/tmp/tmp0b9cfklw/raft-password', 'replication-password#file=/tmp/tmp0b9cfklw/replication-password', 'rewind-password#file=/tmp/tmp0b9cfklw/rewind-password') exited with status 2

The above exception was the direct cause of the following exception:

Traceback (most recent call last):
  File "/var/lib/juju/agents/unit-postgresql-0/charm/src/charm.py", line 2614, in <module>
    main(PostgresqlOperatorCharm)
  File "/var/lib/juju/agents/unit-postgresql-0/charm/venv/lib/python3.10/site-packages/ops/__init__.py", line 360, in __call__
    return _main.main(charm_class=charm_class, use_juju_for_storage=use_juju_for_storage)
  File "/var/lib/juju/agents/unit-postgresql-0/charm/venv/lib/python3.10/site-packages/ops/_main.py", line 507, in main
    manager.run()
  File "/var/lib/juju/agents/unit-postgresql-0/charm/venv/lib/python3.10/site-packages/ops/_main.py", line 491, in run
    self._emit()
  File "/var/lib/juju/agents/unit-postgresql-0/charm/venv/lib/python3.10/site-packages/ops/_main.py", line 426, in _emit
    self._emit_charm_event(self.dispatcher.event_name)
  File "/var/lib/juju/agents/unit-postgresql-0/charm/venv/lib/python3.10/site-packages/ops/_main.py", line 470, in _emit_charm_event
    event_to_emit.emit(*args, **kwargs)
  File "/var/lib/juju/agents/unit-postgresql-0/charm/venv/lib/python3.10/site-packages/ops/framework.py", line 337, in emit
    framework._emit(event)
  File "/var/lib/juju/agents/unit-postgresql-0/charm/venv/lib/python3.10/site-packages/ops/framework.py", line 910, in _emit
    self._reemit(event_path)
  File "/var/lib/juju/agents/unit-postgresql-0/charm/venv/lib/python3.10/site-packages/ops/framework.py", line 1028, in _reemit
    custom_handler(event)
  File "/var/lib/juju/agents/unit-postgresql-0/charm/lib/charms/tempo_coordinator_k8s/v0/charm_tracing.py", line 946, in wrapped_function
    return callable(*args, **kwargs)  # type: ignore
  File "/var/lib/juju/agents/unit-postgresql-0/charm/src/charm.py", line 1619, in _on_set_password
    self.set_secret(APP_SCOPE, f"{username}-password", password)
  File "/var/lib/juju/agents/unit-postgresql-0/charm/lib/charms/tempo_coordinator_k8s/v0/charm_tracing.py", line 946, in wrapped_function
    return callable(*args, **kwargs)  # type: ignore
  File "/var/lib/juju/agents/unit-postgresql-0/charm/src/charm.py", line 367, in set_secret
    self.peer_relation_data(scope).set_secret(peers.id, secret_key, value)
  File "/var/lib/juju/agents/unit-postgresql-0/charm/lib/charms/data_platform_libs/v0/data_interfaces.py", line 649, in wrapper
    return f(self, *args, **kwargs)
  File "/var/lib/juju/agents/unit-postgresql-0/charm/lib/charms/data_platform_libs/v0/data_interfaces.py", line 2524, in set_secret
    self.update_relation_data(relation_id, {full_field: value})
  File "/var/lib/juju/agents/unit-postgresql-0/charm/lib/charms/data_platform_libs/v0/data_interfaces.py", line 624, in wrapper
    return f(self, *args, **kwargs)
  File "/var/lib/juju/agents/unit-postgresql-0/charm/lib/charms/data_platform_libs/v0/data_interfaces.py", line 1789, in update_relation_data
    return self._update_relation_data(relation, data)
  File "/var/lib/juju/agents/unit-postgresql-0/charm/lib/charms/data_platform_libs/v0/data_interfaces.py", line 664, in wrapper
    return f(self, *args, **kwargs)
  File "/var/lib/juju/agents/unit-postgresql-0/charm/lib/charms/data_platform_libs/v0/data_interfaces.py", line 2860, in _update_relation_data
    _, normal_fields = self._process_secret_fields(
  File "/var/lib/juju/agents/unit-postgresql-0/charm/lib/charms/data_platform_libs/v0/data_interfaces.py", line 1565, in _process_secret_fields
    if group_result := operation(relation, group, secret_fields, *args, **kwargs):
  File "/var/lib/juju/agents/unit-postgresql-0/charm/lib/charms/data_platform_libs/v0/data_interfaces.py", line 1279, in _add_or_update_relation_secrets
    return self._update_relation_secret(relation, group, secret_fields, data)
  File "/var/lib/juju/agents/unit-postgresql-0/charm/lib/charms/data_platform_libs/v0/data_interfaces.py", line 636, in wrapper
    return f(self, *args, **kwargs)
  File "/var/lib/juju/agents/unit-postgresql-0/charm/lib/charms/data_platform_libs/v0/data_interfaces.py", line 1333, in _update_relation_secret
    secret.set_content(full_content)
  File "/var/lib/juju/agents/unit-postgresql-0/charm/lib/charms/data_platform_libs/v0/data_interfaces.py", line 942, in set_content
    self.meta.set_content(content)
  File "/var/lib/juju/agents/unit-postgresql-0/charm/venv/lib/python3.10/site-packages/ops/model.py", line 1525, in set_content
    self._backend.secret_set(typing.cast('str', self.id), content=content)
  File "/var/lib/juju/agents/unit-postgresql-0/charm/venv/lib/python3.10/site-packages/ops/model.py", line 3973, in secret_set
    with self._wrap_hookcmd(
  File "/usr/lib/python3.10/contextlib.py", line 153, in __exit__
    self.gen.throw(typ, value, traceback)
  File "/var/lib/juju/agents/unit-postgresql-0/charm/venv/lib/python3.10/site-packages/ops/model.py", line 3580, in _wrap_hookcmd
    raise ModelError(e.stderr) from e
ops.model.ModelError: ERROR secret content in file "/tmp/tmp0b9cfklw/replication-password" too large: 2000000 bytes


[32mINFO    [0m pytest_operator.plugin:plugin.py:1039 Forgetting model main...