[32mINFO    [0m integration.ha_tests.test_scaling_three_units_async:test_scaling_three_units_async.py:72 removing sync_standbys, replicas
[32mINFO    [0m integration.ha_tests.helpers:helpers.py:642 Cluster members are: [{'name': 'postgresql-3', 'role': 'leader', 'state': 'running', 'api_url': 'http://10.51.71.114:8008/patroni', 'host': '10.51.71.114', 'port': 5432, 'timeline': 5}, {'name': 'postgresql-6', 'role': 'sync_standby', 'state': 'streaming', 'api_url': 'http://10.51.71.215:8008/patroni', 'host': '10.51.71.215', 'port': 5432, 'timeline': 5, 'lag': 0}, {'name': 'postgresql-7', 'role': 'replica', 'state': 'streaming', 'api_url': 'http://10.51.71.21:8008/patroni', 'host': '10.51.71.21', 'port': 5432, 'timeline': 5, 'lag': 0}]
[32mINFO    [0m integration.ha_tests.test_scaling_three_units_async:test_scaling_three_units_async.py:82 Stopping unit postgresql/6
[32mINFO    [0m integration.ha_tests.test_scaling_three_units_async:test_scaling_three_units_async.py:82 Stopping unit postgresql/7
[32mINFO    [0m integration.ha_tests.test_scaling_three_units_async:test_scaling_three_units_async.py:86 Deleting unit postgresql/6
[32mINFO    [0m integration.ha_tests.test_scaling_three_units_async:test_scaling_three_units_async.py:86 Deleting unit postgresql/7
[32mINFO    [0m pytest_operator.plugin:plugin.py:951 Model status:

Model    Controller     Cloud/Region         Version  SLA          Timestamp
testing  concierge-lxd  localhost/localhost  3.6.12   unsupported  02:12:55Z

App                  Version  Status  Scale  Charm                Channel      Rev  Exposed  Message
postgresql           14.20    active      1  postgresql                          0  no       
postgresql-test-app           active      1  postgresql-test-app  latest/edge  420  no       received database credentials of the first database

Unit                    Workload  Agent  Machine  Public address  Ports     Message
postgresql-test-app/0*  active    idle   0        10.51.71.166              received database credentials of the first database
postgresql/3*           blocked   idle   4        10.51.71.114    5432/tcp  Raft majority loss, run: promote-to-primary

Machine  State    Address       Inst id        Base          AZ             Message
0        started  10.51.71.166  juju-90cc30-0  ubuntu@22.04  runnervm6qbrg  Running
4        started  10.51.71.114  juju-90cc30-4  ubuntu@22.04  runnervm6qbrg  Running

[32mINFO    [0m pytest_operator.plugin:plugin.py:957 Juju error logs:

machine-0: 01:33:40 ERROR juju.worker.dependency "lxd-container-provisioner" manifold worker returned unexpected error: container types not yet available
machine-0: 01:33:40 ERROR juju.worker.dependency "kvm-container-provisioner" manifold worker returned unexpected error: container types not yet available
machine-1: 01:35:07 ERROR juju.worker.dependency "kvm-container-provisioner" manifold worker returned unexpected error: container types not yet available
machine-1: 01:35:07 ERROR juju.worker.dependency "lxd-container-provisioner" manifold worker returned unexpected error: container types not yet available
machine-2: 01:35:16 ERROR juju.worker.dependency "kvm-container-provisioner" manifold worker returned unexpected error: container types not yet available
machine-2: 01:35:16 ERROR juju.worker.dependency "lxd-container-provisioner" manifold worker returned unexpected error: container types not yet available
machine-3: 01:35:24 ERROR juju.worker.dependency "lxd-container-provisioner" manifold worker returned unexpected error: container types not yet available
machine-3: 01:35:24 ERROR juju.worker.dependency "kvm-container-provisioner" manifold worker returned unexpected error: container types not yet available
controller-0: 01:38:17 ERROR juju.worker.provisioner failed to remove dead machine "1"
machine-4: 01:40:29 ERROR juju.worker.dependency "lxd-container-provisioner" manifold worker returned unexpected error: container types not yet available
machine-4: 01:40:29 ERROR juju.worker.dependency "kvm-container-provisioner" manifold worker returned unexpected error: container types not yet available
unit-postgresql-2: 01:41:41 ERROR juju.worker.dependency "log-sender" manifold worker returned unexpected error: sending log message: websocket: close 1005 (no status): websocket: close sent
unit-postgresql-1: 01:41:42 ERROR juju.worker.dependency "log-sender" manifold worker returned unexpected error: sending log message: websocket: close 1005 (no status): websocket: close sent
unit-postgresql-test-app-0: 01:42:09 ERROR juju.worker.dependency "log-sender" manifold worker returned unexpected error: sending log message: websocket: close 1005 (no status): websocket: close sent
controller-0: 01:42:41 ERROR juju.worker.provisioner failed to remove dead machine "3"
machine-5: 01:44:43 ERROR juju.worker.dependency "lxd-container-provisioner" manifold worker returned unexpected error: container types not yet available
machine-5: 01:44:43 ERROR juju.worker.dependency "kvm-container-provisioner" manifold worker returned unexpected error: container types not yet available
controller-0: 01:46:52 ERROR juju.worker.provisioner failed to remove dead machine "5"
machine-6: 01:48:49 ERROR juju.worker.dependency "kvm-container-provisioner" manifold worker returned unexpected error: container types not yet available
machine-6: 01:48:49 ERROR juju.worker.dependency "lxd-container-provisioner" manifold worker returned unexpected error: container types not yet available
unit-postgresql-1: 01:49:32 ERROR juju.worker.dependency "log-sender" manifold worker returned unexpected error: sending log message: websocket: close 1005 (no status): websocket: close sent
controller-0: 01:51:05 ERROR juju.worker.provisioner failed to remove dead machine "2"
controller-0: 01:51:06 ERROR juju.worker.provisioner failed to remove dead machine "6"
unit-postgresql-3: 01:53:19 ERROR juju.worker.dependency "log-sender" manifold worker returned unexpected error: sending log message: websocket: close 1005 (no status): websocket: close sent
machine-7: 01:55:11 ERROR juju.worker.dependency "lxd-container-provisioner" manifold worker returned unexpected error: container types not yet available
machine-7: 01:55:11 ERROR juju.worker.dependency "kvm-container-provisioner" manifold worker returned unexpected error: container types not yet available
machine-8: 01:55:21 ERROR juju.worker.dependency "lxd-container-provisioner" manifold worker returned unexpected error: container types not yet available
machine-8: 01:55:21 ERROR juju.worker.dependency "kvm-container-provisioner" manifold worker returned unexpected error: container types not yet available
controller-0: 01:57:56 ERROR juju.worker.provisioner failed to remove dead machine "8"
controller-0: 01:57:57 ERROR juju.worker.provisioner failed to remove dead machine "7"
unit-postgresql-test-app-0: 02:09:25 ERROR juju.worker.dependency "log-sender" manifold worker returned unexpected error: sending log message: websocket: close 1005 (no status): websocket: close sent
unit-postgresql-test-app-0: 02:09:25 ERROR unit.postgresql-test-app/0.juju-log Unable to drop table
Traceback (most recent call last):
  File "/var/lib/juju/agents/unit-postgresql-test-app-0/charm/src/charm.py", line 337, in _on_clear_continuous_writes_action
    cursor.execute("DROP TABLE IF EXISTS continuous_writes;")
psycopg2.errors.ReadOnlySqlTransaction: cannot execute DROP TABLE in a read-only transaction

unit-postgresql-test-app-0: 02:09:29 ERROR unit.postgresql-test-app/0.juju-log Unable to drop table
Traceback (most recent call last):
  File "/var/lib/juju/agents/unit-postgresql-test-app-0/charm/src/charm.py", line 337, in _on_clear_continuous_writes_action
    cursor.execute("DROP TABLE IF EXISTS continuous_writes;")
psycopg2.errors.ReadOnlySqlTransaction: cannot execute DROP TABLE in a read-only transaction

unit-postgresql-test-app-0: 02:09:33 ERROR unit.postgresql-test-app/0.juju-log Unable to drop table
Traceback (most recent call last):
  File "/var/lib/juju/agents/unit-postgresql-test-app-0/charm/src/charm.py", line 337, in _on_clear_continuous_writes_action
    cursor.execute("DROP TABLE IF EXISTS continuous_writes;")
psycopg2.errors.ReadOnlySqlTransaction: cannot execute DROP TABLE in a read-only transaction

unit-postgresql-test-app-0: 02:09:37 ERROR unit.postgresql-test-app/0.juju-log Unable to drop table
Traceback (most recent call last):
  File "/var/lib/juju/agents/unit-postgresql-test-app-0/charm/src/charm.py", line 337, in _on_clear_continuous_writes_action
    cursor.execute("DROP TABLE IF EXISTS continuous_writes;")
psycopg2.errors.ReadOnlySqlTransaction: cannot execute DROP TABLE in a read-only transaction

unit-postgresql-test-app-0: 02:09:41 ERROR unit.postgresql-test-app/0.juju-log Unable to drop table
Traceback (most recent call last):
  File "/var/lib/juju/agents/unit-postgresql-test-app-0/charm/src/charm.py", line 337, in _on_clear_continuous_writes_action
    cursor.execute("DROP TABLE IF EXISTS continuous_writes;")
psycopg2.errors.ReadOnlySqlTransaction: cannot execute DROP TABLE in a read-only transaction

unit-postgresql-test-app-0: 02:09:45 ERROR unit.postgresql-test-app/0.juju-log Unable to drop table
Traceback (most recent call last):
  File "/var/lib/juju/agents/unit-postgresql-test-app-0/charm/src/charm.py", line 337, in _on_clear_continuous_writes_action
    cursor.execute("DROP TABLE IF EXISTS continuous_writes;")
psycopg2.errors.ReadOnlySqlTransaction: cannot execute DROP TABLE in a read-only transaction

unit-postgresql-test-app-0: 02:09:50 ERROR unit.postgresql-test-app/0.juju-log Unable to drop table
Traceback (most recent call last):
  File "/var/lib/juju/agents/unit-postgresql-test-app-0/charm/src/charm.py", line 337, in _on_clear_continuous_writes_action
    cursor.execute("DROP TABLE IF EXISTS continuous_writes;")
psycopg2.errors.ReadOnlySqlTransaction: cannot execute DROP TABLE in a read-only transaction

unit-postgresql-test-app-0: 02:09:54 ERROR unit.postgresql-test-app/0.juju-log Unable to drop table
Traceback (most recent call last):
  File "/var/lib/juju/agents/unit-postgresql-test-app-0/charm/src/charm.py", line 337, in _on_clear_continuous_writes_action
    cursor.execute("DROP TABLE IF EXISTS continuous_writes;")
psycopg2.errors.ReadOnlySqlTransaction: cannot execute DROP TABLE in a read-only transaction

unit-postgresql-test-app-0: 02:09:58 ERROR unit.postgresql-test-app/0.juju-log Unable to drop table
Traceback (most recent call last):
  File "/var/lib/juju/agents/unit-postgresql-test-app-0/charm/src/charm.py", line 337, in _on_clear_continuous_writes_action
    cursor.execute("DROP TABLE IF EXISTS continuous_writes;")
psycopg2.errors.ReadOnlySqlTransaction: cannot execute DROP TABLE in a read-only transaction

unit-postgresql-test-app-0: 02:10:02 ERROR unit.postgresql-test-app/0.juju-log Unable to drop table
Traceback (most recent call last):
  File "/var/lib/juju/agents/unit-postgresql-test-app-0/charm/src/charm.py", line 337, in _on_clear_continuous_writes_action
    cursor.execute("DROP TABLE IF EXISTS continuous_writes;")
psycopg2.errors.ReadOnlySqlTransaction: cannot execute DROP TABLE in a read-only transaction

unit-postgresql-test-app-0: 02:10:06 ERROR unit.postgresql-test-app/0.juju-log Unable to drop table
Traceback (most recent call last):
  File "/var/lib/juju/agents/unit-postgresql-test-app-0/charm/src/charm.py", line 337, in _on_clear_continuous_writes_action
    cursor.execute("DROP TABLE IF EXISTS continuous_writes;")
psycopg2.errors.ReadOnlySqlTransaction: cannot execute DROP TABLE in a read-only transaction

unit-postgresql-test-app-0: 02:10:10 ERROR unit.postgresql-test-app/0.juju-log Unable to drop table
Traceback (most recent call last):
  File "/var/lib/juju/agents/unit-postgresql-test-app-0/charm/src/charm.py", line 337, in _on_clear_continuous_writes_action
    cursor.execute("DROP TABLE IF EXISTS continuous_writes;")
psycopg2.errors.ReadOnlySqlTransaction: cannot execute DROP TABLE in a read-only transaction

unit-postgresql-test-app-0: 02:10:14 ERROR unit.postgresql-test-app/0.juju-log Unable to drop table
Traceback (most recent call last):
  File "/var/lib/juju/agents/unit-postgresql-test-app-0/charm/src/charm.py", line 337, in _on_clear_continuous_writes_action
    cursor.execute("DROP TABLE IF EXISTS continuous_writes;")
psycopg2.errors.ReadOnlySqlTransaction: cannot execute DROP TABLE in a read-only transaction

unit-postgresql-test-app-0: 02:10:18 ERROR unit.postgresql-test-app/0.juju-log Unable to drop table
Traceback (most recent call last):
  File "/var/lib/juju/agents/unit-postgresql-test-app-0/charm/src/charm.py", line 337, in _on_clear_continuous_writes_action
    cursor.execute("DROP TABLE IF EXISTS continuous_writes;")
psycopg2.errors.ReadOnlySqlTransaction: cannot execute DROP TABLE in a read-only transaction

unit-postgresql-test-app-0: 02:10:22 ERROR unit.postgresql-test-app/0.juju-log Unable to drop table
Traceback (most recent call last):
  File "/var/lib/juju/agents/unit-postgresql-test-app-0/charm/src/charm.py", line 337, in _on_clear_continuous_writes_action
    cursor.execute("DROP TABLE IF EXISTS continuous_writes;")
psycopg2.errors.ReadOnlySqlTransaction: cannot execute DROP TABLE in a read-only transaction

unit-postgresql-test-app-0: 02:10:26 ERROR unit.postgresql-test-app/0.juju-log Unable to drop table
Traceback (most recent call last):
  File "/var/lib/juju/agents/unit-postgresql-test-app-0/charm/src/charm.py", line 337, in _on_clear_continuous_writes_action
    cursor.execute("DROP TABLE IF EXISTS continuous_writes;")
psycopg2.errors.ReadOnlySqlTransaction: cannot execute DROP TABLE in a read-only transaction

unit-postgresql-test-app-0: 02:10:30 ERROR unit.postgresql-test-app/0.juju-log Unable to drop table
Traceback (most recent call last):
  File "/var/lib/juju/agents/unit-postgresql-test-app-0/charm/src/charm.py", line 337, in _on_clear_continuous_writes_action
    cursor.execute("DROP TABLE IF EXISTS continuous_writes;")
psycopg2.errors.ReadOnlySqlTransaction: cannot execute DROP TABLE in a read-only transaction

unit-postgresql-test-app-0: 02:10:34 ERROR unit.postgresql-test-app/0.juju-log Unable to drop table
Traceback (most recent call last):
  File "/var/lib/juju/agents/unit-postgresql-test-app-0/charm/src/charm.py", line 337, in _on_clear_continuous_writes_action
    cursor.execute("DROP TABLE IF EXISTS continuous_writes;")
psycopg2.errors.ReadOnlySqlTransaction: cannot execute DROP TABLE in a read-only transaction

unit-postgresql-test-app-0: 02:10:38 ERROR unit.postgresql-test-app/0.juju-log Unable to drop table
Traceback (most recent call last):
  File "/var/lib/juju/agents/unit-postgresql-test-app-0/charm/src/charm.py", line 337, in _on_clear_continuous_writes_action
    cursor.execute("DROP TABLE IF EXISTS continuous_writes;")
psycopg2.errors.ReadOnlySqlTransaction: cannot execute DROP TABLE in a read-only transaction

unit-postgresql-test-app-0: 02:10:42 ERROR unit.postgresql-test-app/0.juju-log Unable to drop table
Traceback (most recent call last):
  File "/var/lib/juju/agents/unit-postgresql-test-app-0/charm/src/charm.py", line 337, in _on_clear_continuous_writes_action
    cursor.execute("DROP TABLE IF EXISTS continuous_writes;")
psycopg2.errors.ReadOnlySqlTransaction: cannot execute DROP TABLE in a read-only transaction

unit-postgresql-test-app-0: 02:10:46 ERROR unit.postgresql-test-app/0.juju-log Unable to drop table
Traceback (most recent call last):
  File "/var/lib/juju/agents/unit-postgresql-test-app-0/charm/src/charm.py", line 337, in _on_clear_continuous_writes_action
    cursor.execute("DROP TABLE IF EXISTS continuous_writes;")
psycopg2.errors.ReadOnlySqlTransaction: cannot execute DROP TABLE in a read-only transaction

unit-postgresql-test-app-0: 02:10:50 ERROR unit.postgresql-test-app/0.juju-log Unable to drop table
Traceback (most recent call last):
  File "/var/lib/juju/agents/unit-postgresql-test-app-0/charm/src/charm.py", line 337, in _on_clear_continuous_writes_action
    cursor.execute("DROP TABLE IF EXISTS continuous_writes;")
psycopg2.errors.ReadOnlySqlTransaction: cannot execute DROP TABLE in a read-only transaction

unit-postgresql-test-app-0: 02:10:54 ERROR unit.postgresql-test-app/0.juju-log Unable to drop table
Traceback (most recent call last):
  File "/var/lib/juju/agents/unit-postgresql-test-app-0/charm/src/charm.py", line 337, in _on_clear_continuous_writes_action
    cursor.execute("DROP TABLE IF EXISTS continuous_writes;")
psycopg2.errors.ReadOnlySqlTransaction: cannot execute DROP TABLE in a read-only transaction

unit-postgresql-test-app-0: 02:10:58 ERROR unit.postgresql-test-app/0.juju-log Unable to drop table
Traceback (most recent call last):
  File "/var/lib/juju/agents/unit-postgresql-test-app-0/charm/src/charm.py", line 337, in _on_clear_continuous_writes_action
    cursor.execute("DROP TABLE IF EXISTS continuous_writes;")
psycopg2.errors.ReadOnlySqlTransaction: cannot execute DROP TABLE in a read-only transaction

unit-postgresql-test-app-0: 02:11:02 ERROR unit.postgresql-test-app/0.juju-log Unable to drop table
Traceback (most recent call last):
  File "/var/lib/juju/agents/unit-postgresql-test-app-0/charm/src/charm.py", line 337, in _on_clear_continuous_writes_action
    cursor.execute("DROP TABLE IF EXISTS continuous_writes;")
psycopg2.errors.ReadOnlySqlTransaction: cannot execute DROP TABLE in a read-only transaction

unit-postgresql-test-app-0: 02:11:06 ERROR unit.postgresql-test-app/0.juju-log Unable to drop table
Traceback (most recent call last):
  File "/var/lib/juju/agents/unit-postgresql-test-app-0/charm/src/charm.py", line 337, in _on_clear_continuous_writes_action
    cursor.execute("DROP TABLE IF EXISTS continuous_writes;")
psycopg2.errors.ReadOnlySqlTransaction: cannot execute DROP TABLE in a read-only transaction

unit-postgresql-test-app-0: 02:11:10 ERROR unit.postgresql-test-app/0.juju-log Unable to drop table
Traceback (most recent call last):
  File "/var/lib/juju/agents/unit-postgresql-test-app-0/charm/src/charm.py", line 337, in _on_clear_continuous_writes_action
    cursor.execute("DROP TABLE IF EXISTS continuous_writes;")
psycopg2.errors.ReadOnlySqlTransaction: cannot execute DROP TABLE in a read-only transaction

unit-postgresql-test-app-0: 02:11:14 ERROR unit.postgresql-test-app/0.juju-log Unable to drop table
Traceback (most recent call last):
  File "/var/lib/juju/agents/unit-postgresql-test-app-0/charm/src/charm.py", line 337, in _on_clear_continuous_writes_action
    cursor.execute("DROP TABLE IF EXISTS continuous_writes;")
psycopg2.errors.ReadOnlySqlTransaction: cannot execute DROP TABLE in a read-only transaction

unit-postgresql-test-app-0: 02:11:18 ERROR unit.postgresql-test-app/0.juju-log Unable to drop table
Traceback (most recent call last):
  File "/var/lib/juju/agents/unit-postgresql-test-app-0/charm/src/charm.py", line 337, in _on_clear_continuous_writes_action
    cursor.execute("DROP TABLE IF EXISTS continuous_writes;")
psycopg2.errors.ReadOnlySqlTransaction: cannot execute DROP TABLE in a read-only transaction

unit-postgresql-test-app-0: 02:11:22 ERROR unit.postgresql-test-app/0.juju-log Unable to drop table
Traceback (most recent call last):
  File "/var/lib/juju/agents/unit-postgresql-test-app-0/charm/src/charm.py", line 337, in _on_clear_continuous_writes_action
    cursor.execute("DROP TABLE IF EXISTS continuous_writes;")
psycopg2.errors.ReadOnlySqlTransaction: cannot execute DROP TABLE in a read-only transaction

unit-postgresql-test-app-0: 02:11:26 ERROR unit.postgresql-test-app/0.juju-log Unable to drop table
Traceback (most recent call last):
  File "/var/lib/juju/agents/unit-postgresql-test-app-0/charm/src/charm.py", line 337, in _on_clear_continuous_writes_action
    cursor.execute("DROP TABLE IF EXISTS continuous_writes;")
psycopg2.errors.ReadOnlySqlTransaction: cannot execute DROP TABLE in a read-only transaction

unit-postgresql-test-app-0: 02:11:30 ERROR unit.postgresql-test-app/0.juju-log Unable to drop table
Traceback (most recent call last):
  File "/var/lib/juju/agents/unit-postgresql-test-app-0/charm/src/charm.py", line 337, in _on_clear_continuous_writes_action
    cursor.execute("DROP TABLE IF EXISTS continuous_writes;")
psycopg2.errors.ReadOnlySqlTransaction: cannot execute DROP TABLE in a read-only transaction

unit-postgresql-test-app-0: 02:11:34 ERROR unit.postgresql-test-app/0.juju-log Unable to drop table
Traceback (most recent call last):
  File "/var/lib/juju/agents/unit-postgresql-test-app-0/charm/src/charm.py", line 337, in _on_clear_continuous_writes_action
    cursor.execute("DROP TABLE IF EXISTS continuous_writes;")
psycopg2.errors.ReadOnlySqlTransaction: cannot execute DROP TABLE in a read-only transaction

unit-postgresql-test-app-0: 02:11:38 ERROR unit.postgresql-test-app/0.juju-log Unable to drop table
Traceback (most recent call last):
  File "/var/lib/juju/agents/unit-postgresql-test-app-0/charm/src/charm.py", line 337, in _on_clear_continuous_writes_action
    cursor.execute("DROP TABLE IF EXISTS continuous_writes;")
psycopg2.errors.ReadOnlySqlTransaction: cannot execute DROP TABLE in a read-only transaction

unit-postgresql-test-app-0: 02:11:42 ERROR unit.postgresql-test-app/0.juju-log Unable to drop table
Traceback (most recent call last):
  File "/var/lib/juju/agents/unit-postgresql-test-app-0/charm/src/charm.py", line 337, in _on_clear_continuous_writes_action
    cursor.execute("DROP TABLE IF EXISTS continuous_writes;")
psycopg2.errors.ReadOnlySqlTransaction: cannot execute DROP TABLE in a read-only transaction

unit-postgresql-test-app-0: 02:11:46 ERROR unit.postgresql-test-app/0.juju-log Unable to drop table
Traceback (most recent call last):
  File "/var/lib/juju/agents/unit-postgresql-test-app-0/charm/src/charm.py", line 337, in _on_clear_continuous_writes_action
    cursor.execute("DROP TABLE IF EXISTS continuous_writes;")
psycopg2.errors.ReadOnlySqlTransaction: cannot execute DROP TABLE in a read-only transaction

unit-postgresql-test-app-0: 02:11:50 ERROR unit.postgresql-test-app/0.juju-log Unable to drop table
Traceback (most recent call last):
  File "/var/lib/juju/agents/unit-postgresql-test-app-0/charm/src/charm.py", line 337, in _on_clear_continuous_writes_action
    cursor.execute("DROP TABLE IF EXISTS continuous_writes;")
psycopg2.errors.ReadOnlySqlTransaction: cannot execute DROP TABLE in a read-only transaction

unit-postgresql-test-app-0: 02:11:54 ERROR unit.postgresql-test-app/0.juju-log Unable to drop table
Traceback (most recent call last):
  File "/var/lib/juju/agents/unit-postgresql-test-app-0/charm/src/charm.py", line 337, in _on_clear_continuous_writes_action
    cursor.execute("DROP TABLE IF EXISTS continuous_writes;")
psycopg2.errors.ReadOnlySqlTransaction: cannot execute DROP TABLE in a read-only transaction

unit-postgresql-test-app-0: 02:11:58 ERROR unit.postgresql-test-app/0.juju-log Unable to drop table
Traceback (most recent call last):
  File "/var/lib/juju/agents/unit-postgresql-test-app-0/charm/src/charm.py", line 337, in _on_clear_continuous_writes_action
    cursor.execute("DROP TABLE IF EXISTS continuous_writes;")
psycopg2.errors.ReadOnlySqlTransaction: cannot execute DROP TABLE in a read-only transaction

unit-postgresql-test-app-0: 02:12:02 ERROR unit.postgresql-test-app/0.juju-log Unable to drop table
Traceback (most recent call last):
  File "/var/lib/juju/agents/unit-postgresql-test-app-0/charm/src/charm.py", line 337, in _on_clear_continuous_writes_action
    cursor.execute("DROP TABLE IF EXISTS continuous_writes;")
psycopg2.errors.ReadOnlySqlTransaction: cannot execute DROP TABLE in a read-only transaction

unit-postgresql-test-app-0: 02:12:06 ERROR unit.postgresql-test-app/0.juju-log Unable to drop table
Traceback (most recent call last):
  File "/var/lib/juju/agents/unit-postgresql-test-app-0/charm/src/charm.py", line 337, in _on_clear_continuous_writes_action
    cursor.execute("DROP TABLE IF EXISTS continuous_writes;")
psycopg2.errors.ReadOnlySqlTransaction: cannot execute DROP TABLE in a read-only transaction

unit-postgresql-test-app-0: 02:12:10 ERROR unit.postgresql-test-app/0.juju-log Unable to drop table
Traceback (most recent call last):
  File "/var/lib/juju/agents/unit-postgresql-test-app-0/charm/src/charm.py", line 337, in _on_clear_continuous_writes_action
    cursor.execute("DROP TABLE IF EXISTS continuous_writes;")
psycopg2.errors.ReadOnlySqlTransaction: cannot execute DROP TABLE in a read-only transaction

unit-postgresql-test-app-0: 02:12:14 ERROR unit.postgresql-test-app/0.juju-log Unable to drop table
Traceback (most recent call last):
  File "/var/lib/juju/agents/unit-postgresql-test-app-0/charm/src/charm.py", line 337, in _on_clear_continuous_writes_action
    cursor.execute("DROP TABLE IF EXISTS continuous_writes;")
psycopg2.errors.ReadOnlySqlTransaction: cannot execute DROP TABLE in a read-only transaction

unit-postgresql-test-app-0: 02:12:18 ERROR unit.postgresql-test-app/0.juju-log Unable to drop table
Traceback (most recent call last):
  File "/var/lib/juju/agents/unit-postgresql-test-app-0/charm/src/charm.py", line 337, in _on_clear_continuous_writes_action
    cursor.execute("DROP TABLE IF EXISTS continuous_writes;")
psycopg2.errors.ReadOnlySqlTransaction: cannot execute DROP TABLE in a read-only transaction

unit-postgresql-test-app-0: 02:12:22 ERROR unit.postgresql-test-app/0.juju-log Unable to drop table
Traceback (most recent call last):
  File "/var/lib/juju/agents/unit-postgresql-test-app-0/charm/src/charm.py", line 337, in _on_clear_continuous_writes_action
    cursor.execute("DROP TABLE IF EXISTS continuous_writes;")
psycopg2.errors.ReadOnlySqlTransaction: cannot execute DROP TABLE in a read-only transaction

unit-postgresql-test-app-0: 02:12:26 ERROR unit.postgresql-test-app/0.juju-log Unable to drop table
Traceback (most recent call last):
  File "/var/lib/juju/agents/unit-postgresql-test-app-0/charm/src/charm.py", line 337, in _on_clear_continuous_writes_action
    cursor.execute("DROP TABLE IF EXISTS continuous_writes;")
psycopg2.errors.ReadOnlySqlTransaction: cannot execute DROP TABLE in a read-only transaction

unit-postgresql-test-app-0: 02:12:30 ERROR unit.postgresql-test-app/0.juju-log Unable to drop table
Traceback (most recent call last):
  File "/var/lib/juju/agents/unit-postgresql-test-app-0/charm/src/charm.py", line 337, in _on_clear_continuous_writes_action
    cursor.execute("DROP TABLE IF EXISTS continuous_writes;")
psycopg2.errors.ReadOnlySqlTransaction: cannot execute DROP TABLE in a read-only transaction

unit-postgresql-test-app-0: 02:12:34 ERROR unit.postgresql-test-app/0.juju-log Unable to drop table
Traceback (most recent call last):
  File "/var/lib/juju/agents/unit-postgresql-test-app-0/charm/src/charm.py", line 337, in _on_clear_continuous_writes_action
    cursor.execute("DROP TABLE IF EXISTS continuous_writes;")
psycopg2.errors.ReadOnlySqlTransaction: cannot execute DROP TABLE in a read-only transaction

unit-postgresql-test-app-0: 02:12:38 ERROR unit.postgresql-test-app/0.juju-log Unable to drop table
Traceback (most recent call last):
  File "/var/lib/juju/agents/unit-postgresql-test-app-0/charm/src/charm.py", line 337, in _on_clear_continuous_writes_action
    cursor.execute("DROP TABLE IF EXISTS continuous_writes;")
psycopg2.errors.ReadOnlySqlTransaction: cannot execute DROP TABLE in a read-only transaction

unit-postgresql-test-app-0: 02:12:42 ERROR unit.postgresql-test-app/0.juju-log Unable to drop table
Traceback (most recent call last):
  File "/var/lib/juju/agents/unit-postgresql-test-app-0/charm/src/charm.py", line 337, in _on_clear_continuous_writes_action
    cursor.execute("DROP TABLE IF EXISTS continuous_writes;")
psycopg2.errors.ReadOnlySqlTransaction: cannot execute DROP TABLE in a read-only transaction

unit-postgresql-test-app-0: 02:12:46 ERROR unit.postgresql-test-app/0.juju-log Unable to drop table
Traceback (most recent call last):
  File "/var/lib/juju/agents/unit-postgresql-test-app-0/charm/src/charm.py", line 337, in _on_clear_continuous_writes_action
    cursor.execute("DROP TABLE IF EXISTS continuous_writes;")
psycopg2.errors.ReadOnlySqlTransaction: cannot execute DROP TABLE in a read-only transaction

unit-postgresql-test-app-0: 02:12:50 ERROR unit.postgresql-test-app/0.juju-log Unable to drop table
Traceback (most recent call last):
  File "/var/lib/juju/agents/unit-postgresql-test-app-0/charm/src/charm.py", line 337, in _on_clear_continuous_writes_action
    cursor.execute("DROP TABLE IF EXISTS continuous_writes;")
psycopg2.errors.ReadOnlySqlTransaction: cannot execute DROP TABLE in a read-only transaction


[32mINFO    [0m pytest_operator.plugin:plugin.py:1039 Forgetting model main...