[33mWARNING [0m juju.client.connection:connection.py:858 unexpected facade SSHServer received from the controller
[32mINFO    [0m pytest_operator.plugin:plugin.py:806 Connecting to existing model concierge-lxd:testing on unspecified cloud
[33mWARNING [0m juju.client.connection:connection.py:858 unexpected facade SSHServer received from the controller
[33mWARNING [0m juju.client.connection:connection.py:858 unexpected facade SSHSession received from the controller
[33mWARNING [0m juju.client.connection:connection.py:858 unexpected facade SSHTunneler received from the controller
[33mWARNING [0m juju.client.connection:connection.py:858 unexpected facade SSHServer received from the controller
[33mWARNING [0m juju.client.connection:connection.py:858 unexpected facade SSHServer received from the controller
[32mINFO    [0m integration.test_backups_pitr_gcp:test_backups_pitr_gcp.py:51 deploying the next charms: s3-integrator, self-signed-certificates, postgresql
[32mINFO    [0m juju.model:__init__.py:2301 Deploying ch:amd64/jammy/s3-integrator-145
[32mINFO    [0m juju.model:__init__.py:2301 Deploying ch:amd64/noble/self-signed-certificates-317
[32mINFO    [0m juju.model:__init__.py:2301 Deploying local:postgresql-0
[32mINFO    [0m integration.test_backups_pitr_gcp:test_backups_pitr_gcp.py:62 integrating self-signed-certificates with postgresql and waiting them to stabilize
[33mWARNING [0m juju.model:__init__.py:1683 relate is deprecated and will be removed. Use integrate instead.
[33mWARNING [0m juju.model:__init__.py:1683 relate is deprecated and will be removed. Use integrate instead.
[32mINFO    [0m juju.model:__init__.py:3254 Waiting for model:
  postgresql-gcp/0 [allocating] waiting: waiting for machine
  postgresql-gcp/1 [allocating] waiting: waiting for machine
  self-signed-certificates/0 [allocating] waiting: waiting for machine
[32mINFO    [0m juju.model:__init__.py:3254 Waiting for model:
  postgresql-gcp/0 [allocating] waiting: waiting for machine
  postgresql-gcp/1 [allocating] waiting: waiting for machine
  self-signed-certificates/0 [allocating] waiting: waiting for machine
[32mINFO    [0m juju.model:__init__.py:3254 Waiting for model:
  postgresql-gcp/0 [allocating] waiting: waiting for machine
  postgresql-gcp/1 [allocating] waiting: waiting for machine
  self-signed-certificates/0 [allocating] waiting: waiting for machine
[32mINFO    [0m juju.model:__init__.py:3254 Waiting for model:
  postgresql-gcp/0 [allocating] waiting: waiting for machine
  postgresql-gcp/1 [allocating] waiting: waiting for machine
  self-signed-certificates/0 [allocating] waiting: waiting for machine
[32mINFO    [0m juju.model:__init__.py:3254 Waiting for model:
  postgresql-gcp/0 [allocating] waiting: waiting for machine
  postgresql-gcp/1 [allocating] waiting: waiting for machine
  self-signed-certificates/0 [idle] active: 
[32mINFO    [0m juju.model:__init__.py:3254 Waiting for model:
  postgresql-gcp/0 [executing] maintenance: installing PostgreSQL
  postgresql-gcp/1 [executing] maintenance: installing PostgreSQL
[32mINFO    [0m juju.model:__init__.py:3254 Waiting for model:
  postgresql-gcp/0 [executing] waiting: waiting to start PostgreSQL
  postgresql-gcp/1 [executing] waiting: waiting to start PostgreSQL
  self-signed-certificates/0 [executing] active: 
[32mINFO    [0m juju.model:__init__.py:3254 Waiting for model:
  postgresql-gcp/0 [executing] active: 
  postgresql-gcp/1 [executing] waiting: awaiting for cluster to start
  self-signed-certificates/0 [idle] active: 
[32mINFO    [0m juju.model:__init__.py:3254 Waiting for model:
  postgresql-gcp/0 [executing] active: Primary (degraded)
  postgresql-gcp/1 [idle] waiting: awaiting for cluster to start
[32mINFO    [0m juju.model:__init__.py:3254 Waiting for model:
  postgresql-gcp/0 [idle] active: Primary (degraded)
  postgresql-gcp/1 [idle] waiting: awaiting for cluster to start
[32mINFO    [0m juju.model:__init__.py:3254 Waiting for model:
  postgresql-gcp/1 [idle] waiting: awaiting for cluster to start
[32mINFO    [0m juju.model:__init__.py:3254 Waiting for model:
  postgresql-gcp/0 [idle] active: Primary
  postgresql-gcp/1 [executing] waiting: awaiting for cluster to start
[32mINFO    [0m juju.model:__init__.py:3254 Waiting for model:
  postgresql-gcp/0 [executing] active: Primary
  postgresql-gcp/1 [idle] active: 
[32mINFO    [0m juju.model:__init__.py:3254 Waiting for model:
  postgresql-gcp/0 [idle] active: Primary
[32mINFO    [0m integration.test_backups_pitr_gcp:test_backups_pitr_gcp.py:76 configuring s3-integrator for GCP
[32mINFO    [0m integration.test_backups_pitr_gcp:test_backups_pitr_gcp.py:84 integrating s3-integrator with postgresql and waiting model to stabilize
[33mWARNING [0m juju.model:__init__.py:1683 relate is deprecated and will be removed. Use integrate instead.
[32mINFO    [0m juju.model:__init__.py:3254 Waiting for model:
  s3-integrator/0 [executing] active: 
  self-signed-certificates/0 [idle] active: 
  postgresql-gcp/0 [executing] active: Primary
  postgresql-gcp/1 [executing] active: 
[32mINFO    [0m juju.model:__init__.py:3254 Waiting for model:
  postgresql-gcp/0 [idle] blocked: failed to access/create the bucket, check your S3 settings
  postgresql-gcp/1 [idle] active: 
[32mINFO    [0m juju.model:__init__.py:3254 Waiting for model:
  postgresql-gcp/0 [idle] blocked: failed to access/create the bucket, check your S3 settings
[32mINFO    [0m juju.model:__init__.py:3254 Waiting for model:
  postgresql-gcp/0 [idle] blocked: failed to access/create the bucket, check your S3 settings
[32mINFO    [0m juju.model:__init__.py:3254 Waiting for model:
  postgresql-gcp/0 [idle] blocked: failed to access/create the bucket, check your S3 settings
[32mINFO    [0m juju.model:__init__.py:3254 Waiting for model:
  postgresql-gcp/0 [idle] blocked: failed to access/create the bucket, check your S3 settings
[32mINFO    [0m juju.model:__init__.py:3254 Waiting for model:
  postgresql-gcp/0 [idle] blocked: failed to access/create the bucket, check your S3 settings
[32mINFO    [0m juju.model:__init__.py:3254 Waiting for model:
  postgresql-gcp/0 [idle] blocked: failed to access/create the bucket, check your S3 settings
[32mINFO    [0m juju.model:__init__.py:3254 Waiting for model:
  postgresql-gcp/0 [idle] blocked: failed to access/create the bucket, check your S3 settings
[32mINFO    [0m juju.model:__init__.py:3254 Waiting for model:
  postgresql-gcp/0 [idle] blocked: failed to access/create the bucket, check your S3 settings
[32mINFO    [0m juju.model:__init__.py:3254 Waiting for model:
  postgresql-gcp/0 [idle] blocked: failed to access/create the bucket, check your S3 settings
[32mINFO    [0m juju.model:__init__.py:3254 Waiting for model:
  postgresql-gcp/0 [idle] blocked: failed to access/create the bucket, check your S3 settings
[32mINFO    [0m juju.model:__init__.py:3254 Waiting for model:
  postgresql-gcp/0 [idle] blocked: failed to access/create the bucket, check your S3 settings
[32mINFO    [0m juju.model:__init__.py:3254 Waiting for model:
  postgresql-gcp/0 [idle] blocked: failed to access/create the bucket, check your S3 settings
[32mINFO    [0m juju.model:__init__.py:3254 Waiting for model:
  postgresql-gcp/0 [idle] blocked: failed to access/create the bucket, check your S3 settings
[32mINFO    [0m juju.model:__init__.py:3254 Waiting for model:
  postgresql-gcp/0 [idle] blocked: failed to access/create the bucket, check your S3 settings
[32mINFO    [0m juju.model:__init__.py:3254 Waiting for model:
  postgresql-gcp/0 [idle] blocked: failed to access/create the bucket, check your S3 settings
[32mINFO    [0m juju.model:__init__.py:3254 Waiting for model:
  postgresql-gcp/0 [idle] blocked: failed to access/create the bucket, check your S3 settings
[32mINFO    [0m juju.model:__init__.py:3254 Waiting for model:
  postgresql-gcp/0 [idle] blocked: failed to access/create the bucket, check your S3 settings
[32mINFO    [0m juju.model:__init__.py:3254 Waiting for model:
  postgresql-gcp/0 [idle] blocked: failed to access/create the bucket, check your S3 settings
[32mINFO    [0m juju.model:__init__.py:3254 Waiting for model:
  postgresql-gcp/0 [idle] blocked: failed to access/create the bucket, check your S3 settings
[32mINFO    [0m juju.model:__init__.py:3254 Waiting for model:
  postgresql-gcp/0 [idle] blocked: failed to access/create the bucket, check your S3 settings
[32mINFO    [0m juju.model:__init__.py:3254 Waiting for model:
  postgresql-gcp/0 [idle] blocked: failed to access/create the bucket, check your S3 settings
[32mINFO    [0m juju.model:__init__.py:3254 Waiting for model:
  postgresql-gcp/0 [idle] blocked: failed to access/create the bucket, check your S3 settings
[32mINFO    [0m juju.model:__init__.py:3254 Waiting for model:
  postgresql-gcp/0 [idle] blocked: failed to access/create the bucket, check your S3 settings
[32mINFO    [0m juju.model:__init__.py:3254 Waiting for model:
  postgresql-gcp/0 [idle] blocked: failed to access/create the bucket, check your S3 settings
[32mINFO    [0m juju.model:__init__.py:3254 Waiting for model:
  postgresql-gcp/0 [idle] blocked: failed to access/create the bucket, check your S3 settings
[32mINFO    [0m juju.model:__init__.py:3254 Waiting for model:
  postgresql-gcp/0 [idle] blocked: failed to access/create the bucket, check your S3 settings
[32mINFO    [0m juju.model:__init__.py:3254 Waiting for model:
  postgresql-gcp/0 [idle] blocked: failed to access/create the bucket, check your S3 settings
[32mINFO    [0m juju.model:__init__.py:3254 Waiting for model:
  postgresql-gcp/0 [idle] blocked: failed to access/create the bucket, check your S3 settings
[32mINFO    [0m juju.model:__init__.py:3254 Waiting for model:
  postgresql-gcp/0 [idle] blocked: failed to access/create the bucket, check your S3 settings
[32mINFO    [0m juju.model:__init__.py:3254 Waiting for model:
  postgresql-gcp/0 [idle] blocked: failed to access/create the bucket, check your S3 settings
[32mINFO    [0m juju.model:__init__.py:3254 Waiting for model:
  postgresql-gcp/0 [idle] blocked: failed to access/create the bucket, check your S3 settings
[32mINFO    [0m integration.conftest:conftest.py:57 deleting the previously created backups
[32mINFO    [0m pytest_operator.plugin:plugin.py:951 Model status:

Model    Controller     Cloud/Region         Version  SLA          Timestamp
testing  concierge-lxd  localhost/localhost  3.6.14   unsupported  02:19:45Z

App                       Version  Status  Scale  Charm                     Channel        Rev  Exposed  Message
postgresql-gcp            16.11    active      2  postgresql                                 0  no       
s3-integrator                      active      1  s3-integrator             latest/stable  145  no       
self-signed-certificates           active      1  self-signed-certificates  1/stable       317  no       

Unit                         Workload  Agent  Machine  Public address  Ports     Message
postgresql-gcp/0*            blocked   idle   2        10.66.86.119    5432/tcp  failed to access/create the bucket, check your S3 settings
postgresql-gcp/1             active    idle   3        10.66.86.226    5432/tcp  
s3-integrator/0*             active    idle   0        10.66.86.253              
self-signed-certificates/0*  active    idle   1        10.66.86.86               

Machine  State    Address       Inst id        Base          AZ             Message
0        started  10.66.86.253  juju-27d64c-0  ubuntu@22.04  runnervmkj6or  Running
1        started  10.66.86.86   juju-27d64c-1  ubuntu@24.04  runnervmkj6or  Running
2        started  10.66.86.119  juju-27d64c-2  ubuntu@24.04  runnervmkj6or  Running
3        started  10.66.86.226  juju-27d64c-3  ubuntu@24.04  runnervmkj6or  Running

[32mINFO    [0m pytest_operator.plugin:plugin.py:957 Juju error logs:

machine-1: 01:58:00 ERROR juju.worker.dependency "lxd-container-provisioner" manifold worker returned unexpected error: container types not yet available
machine-1: 01:58:00 ERROR juju.worker.dependency "kvm-container-provisioner" manifold worker returned unexpected error: container types not yet available
machine-0: 01:58:25 ERROR juju.worker.dependency "kvm-container-provisioner" manifold worker returned unexpected error: container types not yet available
machine-0: 01:58:25 ERROR juju.worker.dependency "lxd-container-provisioner" manifold worker returned unexpected error: container types not yet available
machine-2: 01:58:27 ERROR juju.worker.dependency "kvm-container-provisioner" manifold worker returned unexpected error: container types not yet available
machine-2: 01:58:27 ERROR juju.worker.dependency "lxd-container-provisioner" manifold worker returned unexpected error: container types not yet available
machine-3: 01:58:34 ERROR juju.worker.dependency "kvm-container-provisioner" manifold worker returned unexpected error: container types not yet available
machine-3: 01:58:34 ERROR juju.worker.dependency "lxd-container-provisioner" manifold worker returned unexpected error: container types not yet available
unit-self-signed-certificates-0: 01:59:00 ERROR unit.self-signed-certificates/0.juju-log At least 1 matching relation ID not found with the relation name 'send-ca-cert'
unit-self-signed-certificates-0: 01:59:16 ERROR unit.self-signed-certificates/0.juju-log certificates:4: At least 1 matching relation ID not found with the relation name 'send-ca-cert'
unit-self-signed-certificates-0: 01:59:17 ERROR unit.self-signed-certificates/0.juju-log certificates:5: At least 1 matching relation ID not found with the relation name 'send-ca-cert'
unit-self-signed-certificates-0: 01:59:22 ERROR unit.self-signed-certificates/0.juju-log certificates:5: At least 1 matching relation ID not found with the relation name 'send-ca-cert'
unit-self-signed-certificates-0: 01:59:24 ERROR unit.self-signed-certificates/0.juju-log certificates:4: At least 1 matching relation ID not found with the relation name 'send-ca-cert'
unit-self-signed-certificates-0: 01:59:25 ERROR unit.self-signed-certificates/0.juju-log certificates:4: At least 1 matching relation ID not found with the relation name 'send-ca-cert'
unit-self-signed-certificates-0: 01:59:26 ERROR unit.self-signed-certificates/0.juju-log certificates:5: At least 1 matching relation ID not found with the relation name 'send-ca-cert'
unit-self-signed-certificates-0: 01:59:28 ERROR unit.self-signed-certificates/0.juju-log certificates:4: At least 1 matching relation ID not found with the relation name 'send-ca-cert'
unit-self-signed-certificates-0: 01:59:29 ERROR unit.self-signed-certificates/0.juju-log certificates:5: At least 1 matching relation ID not found with the relation name 'send-ca-cert'
unit-self-signed-certificates-0: 01:59:32 ERROR unit.self-signed-certificates/0.juju-log certificates:4: At least 1 matching relation ID not found with the relation name 'send-ca-cert'
unit-self-signed-certificates-0: 01:59:33 ERROR unit.self-signed-certificates/0.juju-log certificates:5: At least 1 matching relation ID not found with the relation name 'send-ca-cert'
unit-self-signed-certificates-0: 01:59:36 ERROR unit.self-signed-certificates/0.juju-log certificates:5: At least 1 matching relation ID not found with the relation name 'send-ca-cert'
unit-self-signed-certificates-0: 01:59:37 ERROR unit.self-signed-certificates/0.juju-log certificates:4: At least 1 matching relation ID not found with the relation name 'send-ca-cert'
unit-self-signed-certificates-0: 01:59:42 ERROR unit.self-signed-certificates/0.juju-log certificates:5: At least 1 matching relation ID not found with the relation name 'send-ca-cert'
unit-self-signed-certificates-0: 01:59:45 ERROR unit.self-signed-certificates/0.juju-log certificates:4: At least 1 matching relation ID not found with the relation name 'send-ca-cert'
unit-self-signed-certificates-0: 01:59:48 ERROR unit.self-signed-certificates/0.juju-log At least 1 matching relation ID not found with the relation name 'send-ca-cert'
unit-self-signed-certificates-0: 01:59:50 ERROR unit.self-signed-certificates/0.juju-log certificates:4: At least 1 matching relation ID not found with the relation name 'send-ca-cert'
unit-self-signed-certificates-0: 02:00:08 ERROR unit.self-signed-certificates/0.juju-log certificates:5: At least 1 matching relation ID not found with the relation name 'send-ca-cert'
unit-self-signed-certificates-0: 02:00:50 ERROR unit.self-signed-certificates/0.juju-log At least 1 matching relation ID not found with the relation name 'send-ca-cert'
unit-self-signed-certificates-0: 02:01:57 ERROR unit.self-signed-certificates/0.juju-log At least 1 matching relation ID not found with the relation name 'send-ca-cert'
unit-self-signed-certificates-0: 02:03:02 ERROR unit.self-signed-certificates/0.juju-log At least 1 matching relation ID not found with the relation name 'send-ca-cert'
unit-postgresql-gcp-0: 02:03:17 ERROR unit.postgresql-gcp/0.juju-log s3-parameters:6: backups:Couldn't create bucket named 'data-charms-testing' in region=us-east-1.
Traceback (most recent call last):
  File "/var/lib/juju/agents/unit-postgresql-gcp-0/charm/src/backups.py", line 305, in _create_bucket_if_not_exists
    bucket.create(CreateBucketConfiguration={"LocationConstraint": region})
  File "/var/lib/juju/agents/unit-postgresql-gcp-0/charm/venv/lib/python3.12/site-packages/boto3/resources/factory.py", line 581, in do_action
    response = action(self, *args, **kwargs)
               ^^^^^^^^^^^^^^^^^^^^^^^^^^^^^
  File "/var/lib/juju/agents/unit-postgresql-gcp-0/charm/venv/lib/python3.12/site-packages/boto3/resources/action.py", line 88, in __call__
    response = getattr(parent.meta.client, operation_name)(*args, **params)
               ^^^^^^^^^^^^^^^^^^^^^^^^^^^^^^^^^^^^^^^^^^^^^^^^^^^^^^^^^^^^
  File "/var/lib/juju/agents/unit-postgresql-gcp-0/charm/venv/lib/python3.12/site-packages/botocore/client.py", line 602, in _api_call
    return self._make_api_call(operation_name, kwargs)
           ^^^^^^^^^^^^^^^^^^^^^^^^^^^^^^^^^^^^^^^^^^^
  File "/var/lib/juju/agents/unit-postgresql-gcp-0/charm/venv/lib/python3.12/site-packages/botocore/context.py", line 123, in wrapper
    return func(*args, **kwargs)
           ^^^^^^^^^^^^^^^^^^^^^
  File "/var/lib/juju/agents/unit-postgresql-gcp-0/charm/venv/lib/python3.12/site-packages/botocore/client.py", line 1078, in _make_api_call
    raise error_class(parsed_response, operation_name)
botocore.exceptions.ClientError: An error occurred (KeyDeleted) when calling the CreateBucket operation: Authentication required.
unit-postgresql-gcp-0: 02:03:25 ERROR unit.postgresql-gcp/0.juju-log s3-parameters:6: backups:Couldn't create bucket named 'data-charms-testing' in region=us-east-1.
Traceback (most recent call last):
  File "/var/lib/juju/agents/unit-postgresql-gcp-0/charm/src/backups.py", line 305, in _create_bucket_if_not_exists
    bucket.create(CreateBucketConfiguration={"LocationConstraint": region})
  File "/var/lib/juju/agents/unit-postgresql-gcp-0/charm/venv/lib/python3.12/site-packages/boto3/resources/factory.py", line 581, in do_action
    response = action(self, *args, **kwargs)
               ^^^^^^^^^^^^^^^^^^^^^^^^^^^^^
  File "/var/lib/juju/agents/unit-postgresql-gcp-0/charm/venv/lib/python3.12/site-packages/boto3/resources/action.py", line 88, in __call__
    response = getattr(parent.meta.client, operation_name)(*args, **params)
               ^^^^^^^^^^^^^^^^^^^^^^^^^^^^^^^^^^^^^^^^^^^^^^^^^^^^^^^^^^^^
  File "/var/lib/juju/agents/unit-postgresql-gcp-0/charm/venv/lib/python3.12/site-packages/botocore/client.py", line 602, in _api_call
    return self._make_api_call(operation_name, kwargs)
           ^^^^^^^^^^^^^^^^^^^^^^^^^^^^^^^^^^^^^^^^^^^
  File "/var/lib/juju/agents/unit-postgresql-gcp-0/charm/venv/lib/python3.12/site-packages/botocore/context.py", line 123, in wrapper
    return func(*args, **kwargs)
           ^^^^^^^^^^^^^^^^^^^^^
  File "/var/lib/juju/agents/unit-postgresql-gcp-0/charm/venv/lib/python3.12/site-packages/botocore/client.py", line 1078, in _make_api_call
    raise error_class(parsed_response, operation_name)
botocore.exceptions.ClientError: An error occurred (KeyDeleted) when calling the CreateBucket operation: Authentication required.
unit-self-signed-certificates-0: 02:04:01 ERROR unit.self-signed-certificates/0.juju-log At least 1 matching relation ID not found with the relation name 'send-ca-cert'
unit-self-signed-certificates-0: 02:05:04 ERROR unit.self-signed-certificates/0.juju-log At least 1 matching relation ID not found with the relation name 'send-ca-cert'
unit-self-signed-certificates-0: 02:06:15 ERROR unit.self-signed-certificates/0.juju-log At least 1 matching relation ID not found with the relation name 'send-ca-cert'
unit-self-signed-certificates-0: 02:07:03 ERROR unit.self-signed-certificates/0.juju-log At least 1 matching relation ID not found with the relation name 'send-ca-cert'
unit-self-signed-certificates-0: 02:08:12 ERROR unit.self-signed-certificates/0.juju-log At least 1 matching relation ID not found with the relation name 'send-ca-cert'
unit-self-signed-certificates-0: 02:09:17 ERROR unit.self-signed-certificates/0.juju-log At least 1 matching relation ID not found with the relation name 'send-ca-cert'
unit-self-signed-certificates-0: 02:10:25 ERROR unit.self-signed-certificates/0.juju-log At least 1 matching relation ID not found with the relation name 'send-ca-cert'
unit-self-signed-certificates-0: 02:11:37 ERROR unit.self-signed-certificates/0.juju-log At least 1 matching relation ID not found with the relation name 'send-ca-cert'
unit-self-signed-certificates-0: 02:12:26 ERROR unit.self-signed-certificates/0.juju-log At least 1 matching relation ID not found with the relation name 'send-ca-cert'
unit-self-signed-certificates-0: 02:13:22 ERROR unit.self-signed-certificates/0.juju-log At least 1 matching relation ID not found with the relation name 'send-ca-cert'
unit-self-signed-certificates-0: 02:14:15 ERROR unit.self-signed-certificates/0.juju-log At least 1 matching relation ID not found with the relation name 'send-ca-cert'
unit-self-signed-certificates-0: 02:15:26 ERROR unit.self-signed-certificates/0.juju-log At least 1 matching relation ID not found with the relation name 'send-ca-cert'
unit-self-signed-certificates-0: 02:16:37 ERROR unit.self-signed-certificates/0.juju-log At least 1 matching relation ID not found with the relation name 'send-ca-cert'
unit-self-signed-certificates-0: 02:17:27 ERROR unit.self-signed-certificates/0.juju-log At least 1 matching relation ID not found with the relation name 'send-ca-cert'
unit-self-signed-certificates-0: 02:18:17 ERROR unit.self-signed-certificates/0.juju-log At least 1 matching relation ID not found with the relation name 'send-ca-cert'
unit-self-signed-certificates-0: 02:19:29 ERROR unit.self-signed-certificates/0.juju-log At least 1 matching relation ID not found with the relation name 'send-ca-cert'

[32mINFO    [0m pytest_operator.plugin:plugin.py:1039 Forgetting model main...