[32mINFO    [0m juju.model:model.py:2098 Deploying ch:amd64/jammy/nextcloud-24
[32mINFO    [0m juju.model:model.py:2958 Waiting for model:
  nextcloud/0 [allocating] waiting: waiting for machine
[32mINFO    [0m juju.model:model.py:2958 Waiting for model:
  nextcloud/0 [allocating] waiting: waiting for machine
[32mINFO    [0m juju.model:model.py:2958 Waiting for model:
  nextcloud/0 [allocating] waiting: waiting for machine
[32mINFO    [0m juju.model:model.py:2958 Waiting for model:
  nextcloud/0 [executing] maintenance: installing dependencies...
[32mINFO    [0m juju.model:model.py:2958 Waiting for model:
  nextcloud/0 [executing] maintenance: installing dependencies...
[32mINFO    [0m juju.model:model.py:2958 Waiting for model:
  nextcloud/0 [executing] maintenance: fetching nextcloud from network...
[32mINFO    [0m juju.model:model.py:2958 Waiting for model:
  nextcloud/0 [idle] blocked: Nextcloud not initialized. Missing postgresql?
[32mINFO    [0m juju.model:model.py:2958 Waiting for model:
  nextcloud/0 [idle] blocked: Nextcloud not initialized.
[33mWARNING [0m juju.model:model.py:1564 relate is deprecated and will be removed. Use integrate instead.
[32mINFO    [0m juju.model:model.py:2958 Waiting for model:
  database/2 [idle] active: 
  database/3 [idle] active: Primary
  nextcloud/0 [executing] blocked: Nextcloud not initialized.
[32mINFO    [0m juju.model:model.py:2958 Waiting for model:
  nextcloud/0 [executing] maintenance: initialized nextcloud...
[32mINFO    [0m pytest_operator.plugin:plugin.py:834 Model status:

Model  Controller           Cloud/Region         Version  SLA          Timestamp
test   localhost-localhost  localhost/localhost  3.1.8    unsupported  02:07:53Z

App                      Version   Status   Scale  Charm                Channel        Rev  Exposed  Message
another-application                active       1  postgresql-test-app  edge           109  no       received database credentials of the first database
another-data-integrator            blocked      1  data-integrator      latest/stable   19  no       Please relate the data-integrator with the desired product
another-database         14.11     active       2  postgresql                            0  no       
data-integrator                    blocked      1  data-integrator      latest/stable   19  no       Please relate the data-integrator with the desired product
database                 14.11     active       2  postgresql                            1  no       
nextcloud                27.1.8.1  active       1  nextcloud            edge            24  no       27.1.8.1 ‚òÅ
postgresql-test-app                active       2  postgresql-test-app  edge           109  no       received database credentials of the second database

Unit                        Workload  Agent  Machine  Public address  Ports     Message
another-application/0*      active    idle   6        10.202.204.92             received database credentials of the first database
another-data-integrator/0*  blocked   idle   10       10.202.204.76             Please relate the data-integrator with the desired product
another-database/0          active    idle   3        10.202.204.101  5432/tcp  
another-database/1*         active    idle   4        10.202.204.225  5432/tcp  Primary
data-integrator/0*          blocked   idle   9        10.202.204.249            Please relate the data-integrator with the desired product
database/2                  active    idle   7        10.202.204.120  5432/tcp  
database/3*                 active    idle   8        10.202.204.134  5432/tcp  Primary
nextcloud/0*                active    idle   11       10.202.204.160  80/tcp    27.1.8.1 ‚òÅ
postgresql-test-app/0*      active    idle   0        10.202.204.159            received database credentials of the second database
postgresql-test-app/1       active    idle   1        10.202.204.136            received database credentials of the second database

Machine  State    Address         Inst id         Base          AZ  Message
0        started  10.202.204.159  juju-ad2e28-0   ubuntu@22.04      Running
1        started  10.202.204.136  juju-ad2e28-1   ubuntu@22.04      Running
3        started  10.202.204.101  juju-ad2e28-3   ubuntu@22.04      Running
4        started  10.202.204.225  juju-ad2e28-4   ubuntu@22.04      Running
6        started  10.202.204.92   juju-ad2e28-6   ubuntu@22.04      Running
7        started  10.202.204.120  juju-ad2e28-7   ubuntu@22.04      Running
8        started  10.202.204.134  juju-ad2e28-8   ubuntu@22.04      Running
9        started  10.202.204.249  juju-ad2e28-9   ubuntu@22.04      Running
10       started  10.202.204.76   juju-ad2e28-10  ubuntu@22.04      Running
11       started  10.202.204.160  juju-ad2e28-11  ubuntu@22.04      Running

[32mINFO    [0m pytest_operator.plugin:plugin.py:840 Juju error logs:

machine-0: 01:31:22 ERROR juju.worker.dependency "kvm-container-provisioner" manifold worker returned unexpected error: container types not yet available
machine-0: 01:31:22 ERROR juju.worker.dependency "broker-tracker" manifold worker returned unexpected error: no container types determined
machine-0: 01:31:22 ERROR juju.worker.dependency "lxd-container-provisioner" manifold worker returned unexpected error: container types not yet available
unit-postgresql-test-app-0: 01:31:22 ERROR juju.worker.meterstatus error running "meter-status-changed": charm missing from disk
machine-1: 01:31:32 ERROR juju.worker.dependency "broker-tracker" manifold worker returned unexpected error: no container types determined
machine-1: 01:31:32 ERROR juju.worker.dependency "kvm-container-provisioner" manifold worker returned unexpected error: container types not yet available
machine-1: 01:31:32 ERROR juju.worker.dependency "lxd-container-provisioner" manifold worker returned unexpected error: container types not yet available
unit-postgresql-test-app-1: 01:31:32 ERROR juju.worker.meterstatus error running "meter-status-changed": charm missing from disk
machine-2: 01:31:45 ERROR juju.worker.dependency "lxd-container-provisioner" manifold worker returned unexpected error: container types not yet available
machine-2: 01:31:45 ERROR juju.worker.dependency "kvm-container-provisioner" manifold worker returned unexpected error: container types not yet available
machine-2: 01:31:45 ERROR juju.worker.dependency "broker-tracker" manifold worker returned unexpected error: no container types determined
unit-database-0: 01:31:45 ERROR juju.worker.meterstatus error running "meter-status-changed": charm missing from disk
machine-4: 01:31:50 ERROR juju.worker.dependency "broker-tracker" manifold worker returned unexpected error: no container types determined
machine-4: 01:31:50 ERROR juju.worker.dependency "kvm-container-provisioner" manifold worker returned unexpected error: container types not yet available
machine-4: 01:31:50 ERROR juju.worker.dependency "lxd-container-provisioner" manifold worker returned unexpected error: container types not yet available
unit-another-database-1: 01:31:50 ERROR juju.worker.meterstatus error running "meter-status-changed": charm missing from disk
machine-3: 01:31:50 ERROR juju.worker.dependency "kvm-container-provisioner" manifold worker returned unexpected error: container types not yet available
machine-3: 01:31:50 ERROR juju.worker.dependency "broker-tracker" manifold worker returned unexpected error: no container types determined
machine-3: 01:31:50 ERROR juju.worker.dependency "lxd-container-provisioner" manifold worker returned unexpected error: container types not yet available
unit-another-database-0: 01:31:51 ERROR juju.worker.meterstatus error running "meter-status-changed": charm missing from disk
unit-database-0: 01:36:54 ERROR unit.database/0.juju-log upgrade:3: Failed to list PostgreSQL database users: could not translate host name "None" to address: Temporary failure in name resolution

machine-5: 01:40:55 ERROR juju.worker.dependency "kvm-container-provisioner" manifold worker returned unexpected error: container types not yet available
machine-5: 01:40:55 ERROR juju.worker.dependency "broker-tracker" manifold worker returned unexpected error: no container types determined
machine-5: 01:40:55 ERROR juju.worker.dependency "lxd-container-provisioner" manifold worker returned unexpected error: container types not yet available
unit-database-1: 01:40:55 ERROR juju.worker.meterstatus error running "meter-status-changed": charm missing from disk
machine-6: 01:45:02 ERROR juju.worker.dependency "broker-tracker" manifold worker returned unexpected error: no container types determined
machine-6: 01:45:02 ERROR juju.worker.dependency "lxd-container-provisioner" manifold worker returned unexpected error: container types not yet available
machine-6: 01:45:02 ERROR juju.worker.dependency "kvm-container-provisioner" manifold worker returned unexpected error: container types not yet available
unit-another-application-0: 01:45:02 ERROR juju.worker.meterstatus error running "meter-status-changed": charm missing from disk
machine-8: 01:48:38 ERROR juju.worker.dependency "lxd-container-provisioner" manifold worker returned unexpected error: container types not yet available
machine-8: 01:48:38 ERROR juju.worker.dependency "kvm-container-provisioner" manifold worker returned unexpected error: container types not yet available
machine-8: 01:48:38 ERROR juju.worker.dependency "broker-tracker" manifold worker returned unexpected error: no container types determined
unit-database-3: 01:48:39 ERROR juju.worker.meterstatus error running "meter-status-changed": charm missing from disk
machine-7: 01:48:39 ERROR juju.worker.dependency "broker-tracker" manifold worker returned unexpected error: no container types determined
machine-7: 01:48:39 ERROR juju.worker.dependency "lxd-container-provisioner" manifold worker returned unexpected error: container types not yet available
machine-7: 01:48:39 ERROR juju.worker.dependency "kvm-container-provisioner" manifold worker returned unexpected error: container types not yet available
unit-database-2: 01:48:39 ERROR juju.worker.meterstatus error running "meter-status-changed": charm missing from disk
unit-database-3: 01:56:24 ERROR unit.database/3.juju-log Non-existing field 'relation-7' was attempted to be removed from the databag (relation ID: 1)
unit-database-3: 01:56:24 ERROR unit.database/3.juju-log Non-existing field 'relation-7-database' was attempted to be removed from the databag (relation ID: 1)
machine-9: 01:58:42 ERROR juju.worker.dependency "kvm-container-provisioner" manifold worker returned unexpected error: container types not yet available
machine-9: 01:58:42 ERROR juju.worker.dependency "lxd-container-provisioner" manifold worker returned unexpected error: container types not yet available
machine-9: 01:58:42 ERROR juju.worker.dependency "broker-tracker" manifold worker returned unexpected error: no container types determined
unit-data-integrator-0: 01:58:42 ERROR juju.worker.meterstatus error running "meter-status-changed": charm missing from disk
unit-database-3: 01:59:58 ERROR unit.database/3.juju-log Non-existing field 'relation-17' was attempted to be removed from the databag (relation ID: 1)
unit-database-3: 01:59:58 ERROR unit.database/3.juju-log Non-existing field 'relation-17-database' was attempted to be removed from the databag (relation ID: 1)
machine-10: 02:01:20 ERROR juju.worker.dependency "lxd-container-provisioner" manifold worker returned unexpected error: container types not yet available
machine-10: 02:01:20 ERROR juju.worker.dependency "kvm-container-provisioner" manifold worker returned unexpected error: container types not yet available
machine-10: 02:01:20 ERROR juju.worker.dependency "broker-tracker" manifold worker returned unexpected error: no container types determined
unit-another-data-integrator-0: 02:01:20 ERROR juju.worker.meterstatus error running "meter-status-changed": charm missing from disk
unit-database-3: 02:02:01 ERROR unit.database/3.juju-log database:19: Invalid extra user roles: test
unit-database-3: 02:02:01 ERROR unit.database/3.juju-log database:19: invalid role(s) for extra user roles
Traceback (most recent call last):
  File "/var/lib/juju/agents/unit-database-3/charm/src/relations/postgresql_provider.py", line 85, in _on_database_requested
    self.charm.postgresql.create_user(user, password, extra_user_roles=extra_user_roles)
  File "/var/lib/juju/agents/unit-database-3/charm/lib/charms/postgresql_k8s/v0/postgresql.py", line 221, in create_user
    raise PostgreSQLCreateUserError(INVALID_EXTRA_USER_ROLE_BLOCKING_MESSAGE)
charms.postgresql_k8s.v0.postgresql.PostgreSQLCreateUserError: invalid role(s) for extra user roles
unit-database-3: 02:02:03 ERROR unit.database/3.juju-log database:20: Invalid extra user roles: test
unit-database-3: 02:02:03 ERROR unit.database/3.juju-log database:20: invalid role(s) for extra user roles
Traceback (most recent call last):
  File "/var/lib/juju/agents/unit-database-3/charm/src/relations/postgresql_provider.py", line 85, in _on_database_requested
    self.charm.postgresql.create_user(user, password, extra_user_roles=extra_user_roles)
  File "/var/lib/juju/agents/unit-database-3/charm/lib/charms/postgresql_k8s/v0/postgresql.py", line 221, in create_user
    raise PostgreSQLCreateUserError(INVALID_EXTRA_USER_ROLE_BLOCKING_MESSAGE)
charms.postgresql_k8s.v0.postgresql.PostgreSQLCreateUserError: invalid role(s) for extra user roles
machine-7: 02:02:47 ERROR juju.api.watcher error trying to stop watcher: bad catacomb ErrDying: still alive
unit-database-2: 02:02:47 ERROR juju.worker.dependency "uniter" manifold worker returned unexpected error: bad catacomb ErrDying: still alive
machine-11: 02:04:32 ERROR juju.worker.dependency "kvm-container-provisioner" manifold worker returned unexpected error: container types not yet available
machine-11: 02:04:32 ERROR juju.worker.dependency "broker-tracker" manifold worker returned unexpected error: no container types determined
machine-11: 02:04:32 ERROR juju.worker.dependency "lxd-container-provisioner" manifold worker returned unexpected error: container types not yet available
unit-nextcloud-0: 02:04:32 ERROR juju.worker.meterstatus error running "meter-status-changed": charm missing from disk

[32mINFO    [0m pytest_operator.plugin:plugin.py:904 Forgetting main...