{"uid":"fdc5b0a8cdee5aac","name":"test_filter_out_degraded_replicas","fullName":"tests.integration.new_relations.test_new_relations_1#test_filter_out_degraded_replicas","historyId":"ed30f4cd85deca751798750e10d227cc","time":{"start":1764121435575,"stop":1764121514457,"duration":78882},"status":"failed","statusMessage":"AssertionError: assert '10.112.62.16:5432' == '10.112.62.71:5432'\n  \n  \u001B[0m\u001B[91m- 10.112.62.71:5432\u001B[39;49;00m\u001B[90m\u001B[39;49;00m\n  ?           -\u001B[90m\u001B[39;49;00m\n  \u001B[92m+ 10.112.62.16:5432\u001B[39;49;00m\u001B[90m\u001B[39;49;00m\n  ?            +\u001B[90m\u001B[39;49;00m","statusTrace":"Traceback (most recent call last):\n  File \"/root/spread_project/.tox/integration/lib/python3.12/site-packages/_pytest/runner.py\", line 344, in from_call\n    result: TResult | None = func()\n                             ^^^^^^\n  File \"/root/spread_project/.tox/integration/lib/python3.12/site-packages/_pytest/runner.py\", line 246, in <lambda>\n    lambda: runtest_hook(item=item, **kwds), when=when, reraise=reraise\n            ^^^^^^^^^^^^^^^^^^^^^^^^^^^^^^^\n  File \"/root/spread_project/.tox/integration/lib/python3.12/site-packages/pluggy/_hooks.py\", line 512, in __call__\n    return self._hookexec(self.name, self._hookimpls.copy(), kwargs, firstresult)\n           ^^^^^^^^^^^^^^^^^^^^^^^^^^^^^^^^^^^^^^^^^^^^^^^^^^^^^^^^^^^^^^^^^^^^^^\n  File \"/root/spread_project/.tox/integration/lib/python3.12/site-packages/pluggy/_manager.py\", line 120, in _hookexec\n    return self._inner_hookexec(hook_name, methods, kwargs, firstresult)\n           ^^^^^^^^^^^^^^^^^^^^^^^^^^^^^^^^^^^^^^^^^^^^^^^^^^^^^^^^^^^^^\n  File \"/root/spread_project/.tox/integration/lib/python3.12/site-packages/pluggy/_callers.py\", line 167, in _multicall\n    raise exception\n  File \"/root/spread_project/.tox/integration/lib/python3.12/site-packages/pluggy/_callers.py\", line 139, in _multicall\n    teardown.throw(exception)\n  File \"/root/spread_project/.tox/integration/lib/python3.12/site-packages/_pytest/logging.py\", line 850, in pytest_runtest_call\n    yield\n  File \"/root/spread_project/.tox/integration/lib/python3.12/site-packages/pluggy/_callers.py\", line 139, in _multicall\n    teardown.throw(exception)\n  File \"/root/spread_project/.tox/integration/lib/python3.12/site-packages/pluggy/_callers.py\", line 53, in run_old_style_hookwrapper\n    return result.get_result()\n           ^^^^^^^^^^^^^^^^^^^\n  File \"/root/spread_project/.tox/integration/lib/python3.12/site-packages/pluggy/_result.py\", line 103, in get_result\n    raise exc.with_traceback(tb)\n  File \"/root/spread_project/.tox/integration/lib/python3.12/site-packages/pluggy/_callers.py\", line 38, in run_old_style_hookwrapper\n    res = yield\n          ^^^^^\n  File \"/root/spread_project/.tox/integration/lib/python3.12/site-packages/pluggy/_callers.py\", line 139, in _multicall\n    teardown.throw(exception)\n  File \"/root/spread_project/.tox/integration/lib/python3.12/site-packages/_pytest/capture.py\", line 900, in pytest_runtest_call\n    return (yield)\n            ^^^^^\n  File \"/root/spread_project/.tox/integration/lib/python3.12/site-packages/pluggy/_callers.py\", line 139, in _multicall\n    teardown.throw(exception)\n  File \"/root/spread_project/.tox/integration/lib/python3.12/site-packages/_pytest/skipping.py\", line 263, in pytest_runtest_call\n    return (yield)\n            ^^^^^\n  File \"/root/spread_project/.tox/integration/lib/python3.12/site-packages/pluggy/_callers.py\", line 121, in _multicall\n    res = hook_impl.function(*args)\n          ^^^^^^^^^^^^^^^^^^^^^^^^^\n  File \"/root/spread_project/.tox/integration/lib/python3.12/site-packages/_pytest/runner.py\", line 178, in pytest_runtest_call\n    item.runtest()\n  File \"/root/spread_project/.tox/integration/lib/python3.12/site-packages/_pytest/python.py\", line 1671, in runtest\n    self.ihook.pytest_pyfunc_call(pyfuncitem=self)\n  File \"/root/spread_project/.tox/integration/lib/python3.12/site-packages/pluggy/_hooks.py\", line 512, in __call__\n    return self._hookexec(self.name, self._hookimpls.copy(), kwargs, firstresult)\n           ^^^^^^^^^^^^^^^^^^^^^^^^^^^^^^^^^^^^^^^^^^^^^^^^^^^^^^^^^^^^^^^^^^^^^^\n  File \"/root/spread_project/.tox/integration/lib/python3.12/site-packages/pluggy/_manager.py\", line 120, in _hookexec\n    return self._inner_hookexec(hook_name, methods, kwargs, firstresult)\n           ^^^^^^^^^^^^^^^^^^^^^^^^^^^^^^^^^^^^^^^^^^^^^^^^^^^^^^^^^^^^^\n  File \"/root/spread_project/.tox/integration/lib/python3.12/site-packages/pluggy/_callers.py\", line 167, in _multicall\n    raise exception\n  File \"/root/spread_project/.tox/integration/lib/python3.12/site-packages/pluggy/_callers.py\", line 139, in _multicall\n    teardown.throw(exception)\n  File \"/root/spread_project/.tox/integration/lib/python3.12/site-packages/pluggy/_callers.py\", line 53, in run_old_style_hookwrapper\n    return result.get_result()\n           ^^^^^^^^^^^^^^^^^^^\n  File \"/root/spread_project/.tox/integration/lib/python3.12/site-packages/pluggy/_result.py\", line 103, in get_result\n    raise exc.with_traceback(tb)\n  File \"/root/spread_project/.tox/integration/lib/python3.12/site-packages/pluggy/_callers.py\", line 38, in run_old_style_hookwrapper\n    res = yield\n          ^^^^^\n  File \"/root/spread_project/.tox/integration/lib/python3.12/site-packages/pluggy/_callers.py\", line 121, in _multicall\n    res = hook_impl.function(*args)\n          ^^^^^^^^^^^^^^^^^^^^^^^^^\n  File \"/root/spread_project/.tox/integration/lib/python3.12/site-packages/_pytest/python.py\", line 157, in pytest_pyfunc_call\n    result = testfunction(**testargs)\n             ^^^^^^^^^^^^^^^^^^^^^^^^\n  File \"/root/spread_project/.tox/integration/lib/python3.12/site-packages/pytest_asyncio/plugin.py\", line 529, in inner\n    _loop.run_until_complete(task)\n  File \"/usr/lib/python3.12/asyncio/base_events.py\", line 687, in run_until_complete\n    return future.result()\n           ^^^^^^^^^^^^^^^\n  File \"/root/spread_project/tests/integration/new_relations/test_new_relations_1.py\", line 220, in test_filter_out_degraded_replicas\n    for attempt in Retrying(stop=stop_after_attempt(3), wait=wait_fixed(3), reraise=True):\n  File \"/root/spread_project/.tox/integration/lib/python3.12/site-packages/tenacity/__init__.py\", line 445, in __iter__\n    do = self.iter(retry_state=retry_state)\n         ^^^^^^^^^^^^^^^^^^^^^^^^^^^^^^^^^^\n  File \"/root/spread_project/.tox/integration/lib/python3.12/site-packages/tenacity/__init__.py\", line 378, in iter\n    result = action(retry_state)\n             ^^^^^^^^^^^^^^^^^^^\n  File \"/root/spread_project/.tox/integration/lib/python3.12/site-packages/tenacity/__init__.py\", line 420, in exc_check\n    raise retry_exc.reraise()\n          ^^^^^^^^^^^^^^^^^^^\n  File \"/root/spread_project/.tox/integration/lib/python3.12/site-packages/tenacity/__init__.py\", line 187, in reraise\n    raise self.last_attempt.result()\n          ^^^^^^^^^^^^^^^^^^^^^^^^^^\n  File \"/usr/lib/python3.12/concurrent/futures/_base.py\", line 449, in result\n    return self.__get_result()\n           ^^^^^^^^^^^^^^^^^^^\n  File \"/usr/lib/python3.12/concurrent/futures/_base.py\", line 401, in __get_result\n    raise self._exception\n  File \"/root/spread_project/tests/integration/new_relations/test_new_relations_1.py\", line 228, in test_filter_out_degraded_replicas\n    assert data == f\"{ops_test.model.units[primary].public_address}:5432\"\nAssertionError: assert '10.112.62.16:5432' == '10.112.62.71:5432'\n  \n  \u001B[0m\u001B[91m- 10.112.62.71:5432\u001B[39;49;00m\u001B[90m\u001B[39;49;00m\n  ?           -\u001B[90m\u001B[39;49;00m\n  \u001B[92m+ 10.112.62.16:5432\u001B[39;49;00m\u001B[90m\u001B[39;49;00m\n  ?            +\u001B[90m\u001B[39;49;00m","flaky":false,"newFailed":true,"newBroken":false,"newPassed":false,"retriesCount":1,"retriesStatusChange":true,"beforeStages":[{"name":"ops_test","time":{"start":1764120850477,"stop":1764120850621,"duration":144},"status":"passed","steps":[],"attachments":[],"parameters":[],"shouldDisplayMessage":false,"stepsCount":0,"attachmentsCount":0,"hasContent":false,"attachmentStep":false},{"name":"tmp_path_factory","time":{"start":1764120850477,"stop":1764120850477,"duration":0},"status":"passed","steps":[],"attachments":[],"parameters":[],"shouldDisplayMessage":false,"stepsCount":0,"attachmentsCount":0,"hasContent":false,"attachmentStep":false},{"name":"event_loop","time":{"start":1764120850477,"stop":1764120850477,"duration":0},"status":"passed","steps":[],"attachments":[],"parameters":[],"shouldDisplayMessage":false,"stepsCount":0,"attachmentsCount":0,"hasContent":false,"attachmentStep":false},{"name":"abort_on_fail","time":{"start":1764121435575,"stop":1764121435575,"duration":0},"status":"passed","steps":[],"attachments":[],"parameters":[],"shouldDisplayMessage":false,"stepsCount":0,"attachmentsCount":0,"hasContent":false,"attachmentStep":false}],"afterStages":[{"name":"abort_on_fail::0","time":{"start":1764121514468,"stop":1764121514468,"duration":0},"status":"passed","steps":[],"attachments":[],"parameters":[],"shouldDisplayMessage":false,"stepsCount":0,"attachmentsCount":0,"hasContent":false,"attachmentStep":false},{"name":"ops_test::finalizer","time":{"start":1764121514500,"stop":1764121514852,"duration":352},"status":"passed","steps":[],"attachments":[],"parameters":[],"shouldDisplayMessage":false,"stepsCount":0,"attachmentsCount":0,"hasContent":false,"attachmentStep":false},{"name":"event_loop::2","time":{"start":1764121514853,"stop":1764121514853,"duration":0},"status":"passed","steps":[],"attachments":[],"parameters":[],"shouldDisplayMessage":false,"stepsCount":0,"attachmentsCount":0,"hasContent":false,"attachmentStep":false},{"name":"event_loop::_close_event_loop","time":{"start":1764121514853,"stop":1764121514853,"duration":0},"status":"passed","steps":[],"attachments":[],"parameters":[],"shouldDisplayMessage":false,"stepsCount":0,"attachmentsCount":0,"hasContent":false,"attachmentStep":false},{"name":"event_loop::_provide_clean_event_loop","time":{"start":1764121514853,"stop":1764121514853,"duration":0},"status":"passed","steps":[],"attachments":[],"parameters":[],"shouldDisplayMessage":false,"stepsCount":0,"attachmentsCount":0,"hasContent":false,"attachmentStep":false}],"labels":[{"name":"tag","value":"abort_on_fail"},{"name":"tag","value":"asyncio"},{"name":"parentSuite","value":"tests.integration.new_relations"},{"name":"suite","value":"test_new_relations_1"},{"name":"host","value":"runnervmg1sw1"},{"name":"thread","value":"14855-MainThread"},{"name":"framework","value":"pytest"},{"name":"language","value":"cpython3"},{"name":"package","value":"tests.integration.new_relations.test_new_relations_1"},{"name":"resultFormat","value":"allure2"}],"parameters":[],"links":[],"hidden":false,"retry":false,"extra":{"severity":"normal","retries":[{"uid":"891f901a036b45db","status":"unknown","time":{}}],"categories":[{"name":"Product defects","matchedStatuses":[]}],"history":{"statistic":{"failed":1,"broken":10,"skipped":6,"passed":232,"unknown":20,"total":269},"items":[{"uid":"82055b941b099640","reportUrl":"../6092//#testresult/82055b941b099640","status":"passed","time":{"start":1763948525061,"stop":1763948621847,"duration":96786}},{"uid":"5a77564ff937dfbf","reportUrl":"../6091//#testresult/5a77564ff937dfbf","status":"passed","time":{"start":1763862105060,"stop":1763862203818,"duration":98758}},{"uid":"9c3ec503d4dae1eb","reportUrl":"../6090//#testresult/9c3ec503d4dae1eb","status":"passed","time":{"start":1763775785461,"stop":1763775885675,"duration":100214}},{"uid":"db7b651ef591407a","reportUrl":"../6085//#testresult/db7b651ef591407a","status":"passed","time":{"start":1763689355212,"stop":1763689502487,"duration":147275}},{"uid":"e98dff973e560beb","reportUrl":"../6073//#testresult/e98dff973e560beb","status":"passed","time":{"start":1763602906127,"stop":1763603050563,"duration":144436}},{"uid":"a1c698d4918bb0f6","reportUrl":"../5996//#testresult/a1c698d4918bb0f6","status":"passed","time":{"start":1762998098550,"stop":1762998221983,"duration":123433}},{"uid":"5d5cfc3b3a154647","reportUrl":"../5988//#testresult/5d5cfc3b3a154647","status":"passed","time":{"start":1762911700248,"stop":1762911798796,"duration":98548}},{"uid":"e337c4288e865d53","reportUrl":"../5971//#testresult/e337c4288e865d53","status":"passed","time":{"start":1762825313036,"stop":1762825410352,"duration":97316}},{"uid":"ea446878d81d600a","reportUrl":"../5964//#testresult/ea446878d81d600a","status":"passed","time":{"start":1762738831940,"stop":1762738974280,"duration":142340}},{"uid":"cc5794aef73d2eaf","reportUrl":"../5963//#testresult/cc5794aef73d2eaf","status":"passed","time":{"start":1762652458550,"stop":1762652575949,"duration":117399}},{"uid":"57f5380b5dcbfc6","reportUrl":"../5962//#testresult/57f5380b5dcbfc6","status":"passed","time":{"start":1762566046631,"stop":1762566186251,"duration":139620}},{"uid":"9f5160ff53e84e0","reportUrl":"../5953//#testresult/9f5160ff53e84e0","status":"passed","time":{"start":1762479621121,"stop":1762479761577,"duration":140456}},{"uid":"42ca27dd34757dfd","reportUrl":"../5948//#testresult/42ca27dd34757dfd","status":"passed","time":{"start":1762393265831,"stop":1762393393534,"duration":127703}},{"uid":"3e8ec05637f11710","reportUrl":"../5947//#testresult/3e8ec05637f11710","status":"passed","time":{"start":1762306802059,"stop":1762306914703,"duration":112644}},{"uid":"b1eaa3f933e0a28d","reportUrl":"../5939//#testresult/b1eaa3f933e0a28d","status":"passed","time":{"start":1762220471985,"stop":1762220593222,"duration":121237}},{"uid":"6218fd9f7869ba30","reportUrl":"../5938//#testresult/6218fd9f7869ba30","status":"passed","time":{"start":1762134179000,"stop":1762134314903,"duration":135903}},{"uid":"bc9c91439c634be2","reportUrl":"../5937//#testresult/bc9c91439c634be2","status":"passed","time":{"start":1762047661452,"stop":1762047801191,"duration":139739}},{"uid":"cdc5a9bc4d16a5ff","reportUrl":"../5936//#testresult/cdc5a9bc4d16a5ff","status":"passed","time":{"start":1761961259262,"stop":1761961373049,"duration":113787}},{"uid":"2efa55101b864db9","reportUrl":"../5925//#testresult/2efa55101b864db9","status":"passed","time":{"start":1761874892995,"stop":1761875032510,"duration":139515}},{"uid":"579c85cdefb43ff4","reportUrl":"../5920//#testresult/579c85cdefb43ff4","status":"passed","time":{"start":1761788547906,"stop":1761788670586,"duration":122680}}]},"tags":["asyncio","abort_on_fail"]},"source":"fdc5b0a8cdee5aac.json","parameterValues":[]}