[32mINFO    [0m pytest_operator.plugin:plugin.py:734 Connecting to existing model localhost-localhost:test on unspecified cloud
[32mINFO    [0m juju.model:model.py:2097 Deploying local:jammy/postgresql-0
[33mWARNING [0m juju.model:model.py:1563 relate is deprecated and will be removed. Use integrate instead.
[32mINFO    [0m juju.model:model.py:2971 Waiting for model:
  postgresql/0 [allocating] waiting: waiting for machine
  postgresql/1 [allocating] waiting: waiting for machine
  postgresql/2 [allocating] waiting: waiting for machine
[32mINFO    [0m juju.model:model.py:2971 Waiting for model:
  landscape-server/0 [allocating] waiting: waiting for machine
  landscape-server/1 [allocating] waiting: waiting for machine
[32mINFO    [0m juju.model:model.py:2971 Waiting for model:
  postgresql/0 [allocating] waiting: waiting for machine
  postgresql/1 [allocating] waiting: waiting for machine
  postgresql/2 [allocating] waiting: waiting for machine
[32mINFO    [0m juju.model:model.py:2971 Waiting for model:
  landscape-server/0 [allocating] waiting: waiting for machine
  landscape-server/1 [allocating] waiting: waiting for machine
[32mINFO    [0m juju.model:model.py:2971 Waiting for model:
  postgresql/0 [allocating] waiting: waiting for machine
  postgresql/1 [allocating] waiting: waiting for machine
  postgresql/2 [allocating] waiting: waiting for machine
[32mINFO    [0m juju.model:model.py:2971 Waiting for model:
  landscape-server/0 [allocating] waiting: waiting for machine
  landscape-server/1 [allocating] waiting: waiting for machine
[32mINFO    [0m juju.model:model.py:2971 Waiting for model:
  landscape-server/0 [allocating] waiting: waiting for machine
  landscape-server/1 [allocating] waiting: waiting for machine
[32mINFO    [0m juju.model:model.py:2971 Waiting for model:
  postgresql/0 [allocating] waiting: waiting for machine
  postgresql/1 [allocating] waiting: waiting for machine
  postgresql/2 [allocating] waiting: waiting for machine
[32mINFO    [0m juju.model:model.py:2971 Waiting for model:
  landscape-server/0 [allocating] waiting: waiting for machine
  landscape-server/1 [allocating] waiting: waiting for machine
[32mINFO    [0m juju.model:model.py:2971 Waiting for model:
  postgresql/0 [allocating] waiting: waiting for machine
  postgresql/1 [allocating] waiting: waiting for machine
  postgresql/2 [allocating] waiting: waiting for machine
[32mINFO    [0m juju.model:model.py:2971 Waiting for model:
  landscape-server/0 [allocating] waiting: waiting for machine
  landscape-server/1 [allocating] waiting: waiting for machine
[32mINFO    [0m juju.model:model.py:2971 Waiting for model:
  postgresql/0 [allocating] waiting: waiting for machine
  postgresql/1 [allocating] waiting: waiting for machine
  postgresql/2 [allocating] waiting: waiting for machine
[32mINFO    [0m juju.model:model.py:2971 Waiting for model:
  landscape-server/0 [allocating] waiting: waiting for machine
  landscape-server/1 [allocating] waiting: waiting for machine
[32mINFO    [0m juju.model:model.py:2971 Waiting for model:
  postgresql/0 [allocating] waiting: agent initialising
  postgresql/1 [allocating] waiting: agent initialising
  postgresql/2 [allocating] waiting: agent initialising
[32mINFO    [0m juju.model:model.py:2971 Waiting for model:
  landscape-server/0 [executing] maintenance: Installing apt packages
  landscape-server/1 [executing] maintenance: Installing apt packages
[32mINFO    [0m juju.model:model.py:2971 Waiting for model:
  postgresql/0 [executing] maintenance: installing PostgreSQL
  postgresql/1 [executing] maintenance: installing PostgreSQL
  postgresql/2 [executing] maintenance: installing PostgreSQL
[32mINFO    [0m juju.model:model.py:2971 Waiting for model:
  landscape-server/0 [executing] maintenance: Installing apt packages
  landscape-server/1 [executing] maintenance: Installing apt packages
[32mINFO    [0m juju.model:model.py:2971 Waiting for model:
  postgresql/0 [executing] maintenance: installing PostgreSQL
  postgresql/1 [executing] maintenance: installing PostgreSQL
  postgresql/2 [executing] maintenance: installing PostgreSQL
[32mINFO    [0m juju.model:model.py:2971 Waiting for model:
  postgresql/0 [executing] maintenance: installing PostgreSQL
  postgresql/1 [executing] maintenance: installing PostgreSQL
  postgresql/2 [executing] maintenance: installing PostgreSQL
[32mINFO    [0m juju.model:model.py:2971 Waiting for model:
  landscape-server/0 [executing] maintenance: Installing apt packages
  landscape-server/1 [executing] maintenance: Installing apt packages
[32mINFO    [0m juju.model:model.py:2971 Waiting for model:
  postgresql/0 [executing] waiting: waiting to start PostgreSQL
  postgresql/1 [executing] waiting: awaiting for cluster to start
  postgresql/2 [executing] waiting: waiting to start PostgreSQL
[32mINFO    [0m juju.model:model.py:2971 Waiting for model:
  landscape-server/0 [executing] maintenance: Installing apt packages
  landscape-server/1 [executing] maintenance: Installing apt packages
[32mINFO    [0m juju.model:model.py:2971 Waiting for model:
  postgresql/0 [executing] maintenance: reconfiguring cluster
  postgresql/1 [executing] waiting: awaiting for cluster to start
  postgresql/2 [executing] waiting: awaiting for cluster to start
[32mINFO    [0m juju.model:model.py:2971 Waiting for model:
  landscape-server/0 [executing] maintenance: Installing apt packages
  landscape-server/1 [executing] maintenance: Installing apt packages
[32mINFO    [0m juju.model:model.py:2971 Waiting for model:
  postgresql/0 [executing] active: Primary
  postgresql/1 [idle] waiting: awaiting for cluster to start
  postgresql/2 [idle] waiting: awaiting for cluster to start
[32mINFO    [0m juju.model:model.py:2971 Waiting for model:
  landscape-server/0 [executing] maintenance: Installing apt packages
  landscape-server/1 [executing] maintenance: Installing apt packages
[32mINFO    [0m juju.model:model.py:2971 Waiting for model:
  postgresql/0 [executing] maintenance: reconfiguring cluster
  postgresql/1 [executing] waiting: awaiting for cluster to start
  postgresql/2 [executing] waiting: awaiting for cluster to start
[32mINFO    [0m juju.model:model.py:2971 Waiting for model:
  landscape-server/0 [executing] maintenance: Installing apt packages
  landscape-server/1 [executing] maintenance: Installing apt packages
[32mINFO    [0m juju.model:model.py:2971 Waiting for model:
  postgresql/0 [executing] maintenance: reconfiguring cluster
  postgresql/1 [executing] waiting: awaiting for cluster to start
  postgresql/2 [executing] waiting: awaiting for cluster to start
[32mINFO    [0m juju.model:model.py:2971 Waiting for model:
  landscape-server/0 [idle] waiting: Waiting on relations: db, amqp
  landscape-server/1 [executing] waiting: Waiting on relations: db, amqp
[32mINFO    [0m juju.model:model.py:2971 Waiting for model:
  postgresql/0 [executing] maintenance: reconfiguring cluster
  postgresql/1 [executing] waiting: awaiting for member to start
  postgresql/2 [idle] waiting: awaiting for cluster to start
[32mINFO    [0m juju.model:model.py:2971 Waiting for model:
  landscape-server/0 [idle] waiting: Waiting on relations: db
  landscape-server/1 [idle] waiting: Waiting on relations: db
[32mINFO    [0m juju.model:model.py:2971 Waiting for model:
  postgresql/0 [executing] maintenance: reconfiguring cluster
  postgresql/1 [executing] active: 
  postgresql/2 [idle] waiting: awaiting for cluster to start
[32mINFO    [0m juju.model:model.py:2971 Waiting for model:
  landscape-server/0 [idle] waiting: Waiting on relations: db
  landscape-server/1 [idle] waiting: Waiting on relations: db
[32mINFO    [0m juju.model:model.py:2971 Waiting for model:
  postgresql/0 [executing] maintenance: reconfiguring cluster
  postgresql/1 [executing] active: 
  postgresql/2 [idle] waiting: awaiting for cluster to start
[32mINFO    [0m juju.model:model.py:2971 Waiting for model:
  landscape-server/0 [executing] maintenance: Setting up databases
  landscape-server/1 [idle] waiting: Waiting on relations: db
[32mINFO    [0m juju.model:model.py:2971 Waiting for model:
  postgresql/0 [executing] active: Primary
  postgresql/1 [executing] active: 
  postgresql/2 [idle] waiting: awaiting for cluster to start
[32mINFO    [0m juju.model:model.py:2971 Waiting for model:
  landscape-server/0 [executing] maintenance: Setting up databases
  landscape-server/1 [executing] maintenance: Setting up databases
[32mINFO    [0m juju.model:model.py:2971 Waiting for model:
  postgresql/0 [executing] maintenance: reconfiguring cluster
  postgresql/1 [executing] active: 
  postgresql/2 [idle] waiting: awaiting for cluster to start
[32mINFO    [0m juju.model:model.py:2971 Waiting for model:
  landscape-server/0 [executing] maintenance: Setting up databases
  landscape-server/1 [executing] maintenance: Setting up databases
[32mINFO    [0m juju.model:model.py:2971 Waiting for model:
  postgresql/0 [executing] maintenance: reconfiguring cluster
  postgresql/2 [idle] waiting: awaiting for cluster to start
[32mINFO    [0m juju.model:model.py:2971 Waiting for model:
  landscape-server/0 [executing] maintenance: Setting up databases
  landscape-server/1 [executing] maintenance: Setting up databases
[32mINFO    [0m juju.model:model.py:2971 Waiting for model:
  postgresql/2 [idle] waiting: awaiting for cluster to start
[32mINFO    [0m juju.model:model.py:2971 Waiting for model:
  landscape-server/0 [executing] maintenance: Starting services
  landscape-server/1 [executing] maintenance: Starting services
[32mINFO    [0m juju.model:model.py:2971 Waiting for model:
  postgresql/0 [idle] active: 
  postgresql/1 [idle] active: 
  postgresql/2 [executing] waiting: awaiting for member to start
[32mINFO    [0m juju.model:model.py:2971 Waiting for model:
  landscape-server/0 [executing] maintenance: Starting services
  landscape-server/1 [executing] maintenance: Starting services
[32mINFO    [0m juju.model:model.py:2971 Waiting for model:
  postgresql/2 [executing] waiting: awaiting for member to start
[32mINFO    [0m juju.model:model.py:2971 Waiting for model:
  landscape-server/0 [executing] maintenance: Starting services
  landscape-server/1 [executing] maintenance: Starting services
[32mINFO    [0m juju.model:model.py:2971 Waiting for model:
  postgresql/2 [executing] waiting: awaiting for member to start
[32mINFO    [0m juju.model:model.py:2971 Waiting for model:
  landscape-server/0 [executing] maintenance: Starting services
  landscape-server/1 [executing] maintenance: Starting services
[32mINFO    [0m juju.model:model.py:2971 Waiting for model:
  postgresql/0 [idle] active: 
  postgresql/2 [executing] waiting: awaiting for member to start
[32mINFO    [0m juju.model:model.py:2971 Waiting for model:
  landscape-server/0 [executing] maintenance: Starting services
  landscape-server/1 [executing] maintenance: Starting services
[32mINFO    [0m juju.model:model.py:2971 Waiting for model:
  postgresql/0 [idle] active: 
  postgresql/2 [executing] waiting: awaiting for member to start
[32mINFO    [0m juju.model:model.py:2971 Waiting for model:
  landscape-server/0 [executing] maintenance: Starting services
  landscape-server/1 [executing] maintenance: Starting services
[32mINFO    [0m juju.model:model.py:2971 Waiting for model:
  postgresql/2 [executing] waiting: awaiting for member to start
[32mINFO    [0m juju.model:model.py:2971 Waiting for model:
  landscape-server/0 [executing] maintenance: Starting services
  landscape-server/1 [executing] maintenance: Starting services
[32mINFO    [0m juju.model:model.py:2971 Waiting for model:
  postgresql/2 [executing] waiting: awaiting for member to start
[32mINFO    [0m juju.model:model.py:2971 Waiting for model:
  landscape-server/0 [executing] maintenance: Starting services
  landscape-server/1 [executing] maintenance: Starting services
[32mINFO    [0m juju.model:model.py:2971 Waiting for model:
  postgresql/2 [idle] waiting: awaiting for member to start
[32mINFO    [0m juju.model:model.py:2971 Waiting for model:
  landscape-server/0 [executing] maintenance: Starting services
  landscape-server/1 [executing] maintenance: Starting services
[32mINFO    [0m juju.model:model.py:2971 Waiting for model:
  postgresql/2 [idle] waiting: awaiting for member to start
[32mINFO    [0m juju.model:model.py:2971 Waiting for model:
  landscape-server/0 [executing] maintenance: Starting services
  landscape-server/1 [executing] maintenance: Starting services
[32mINFO    [0m juju.model:model.py:2971 Waiting for model:
  postgresql/2 [idle] waiting: awaiting for member to start
[32mINFO    [0m juju.model:model.py:2971 Waiting for model:
  postgresql/2 [idle] waiting: awaiting for member to start
[32mINFO    [0m juju.model:model.py:2971 Waiting for model:
  postgresql/2 [idle] waiting: awaiting for member to start
[32mINFO    [0m juju.model:model.py:2971 Waiting for model:
  postgresql/2 [idle] waiting: awaiting for member to start
[32mINFO    [0m juju.model:model.py:2971 Waiting for model:
  postgresql/2 [idle] waiting: awaiting for member to start
[32mINFO    [0m juju.model:model.py:2971 Waiting for model:
  postgresql/2 [idle] waiting: awaiting for member to start
[32mINFO    [0m juju.model:model.py:2971 Waiting for model:
  postgresql/2 [idle] waiting: awaiting for member to start
[32mINFO    [0m juju.model:model.py:2971 Waiting for model:
  postgresql/2 [idle] waiting: awaiting for member to start
[32mINFO    [0m juju.model:model.py:2971 Waiting for model:
  postgresql/2 [idle] waiting: awaiting for member to start
[32mINFO    [0m juju.model:model.py:2971 Waiting for model:
  postgresql/2 [idle] active: 
[32mINFO    [0m juju.model:model.py:2971 Waiting for model:
  landscape-server/0 [idle] active: Unit is ready
  landscape-server/1 [idle] active: Unit is ready
  postgresql/0 [idle] active: Primary
  postgresql/1 [idle] active: 
  postgresql/2 [idle] active: 
[32mINFO    [0m juju.model:model.py:2971 Waiting for model:
  landscape-server/0 [executing] waiting: Waiting on relations
  landscape-server/1 [executing] maintenance: Starting services
  postgresql/0 [idle] active: Primary
  postgresql/1 [idle] active: 
  postgresql/2 [idle] waiting: awaiting for member to start
[32mINFO    [0m juju.model:model.py:2971 Waiting for model:
  landscape-server/0 [executing] waiting: Waiting on relations
  landscape-server/1 [executing] maintenance: Starting services
  postgresql/2 [idle] waiting: awaiting for member to start
[32mINFO    [0m juju.model:model.py:2971 Waiting for model:
  landscape-server/0 [executing] waiting: Waiting on relations
  landscape-server/1 [executing] maintenance: Starting services
  postgresql/2 [idle] waiting: awaiting for member to start
[32mINFO    [0m juju.model:model.py:2971 Waiting for model:
  landscape-server/0 [executing] waiting: Waiting on relations
  landscape-server/1 [executing] maintenance: Starting services
  postgresql/2 [idle] waiting: awaiting for member to start
[32mINFO    [0m juju.model:model.py:2971 Waiting for model:
  landscape-server/0 [executing] waiting: Waiting on relations
  landscape-server/1 [executing] maintenance: Starting services
  postgresql/2 [idle] waiting: awaiting for member to start
[32mINFO    [0m juju.model:model.py:2971 Waiting for model:
  landscape-server/0 [executing] waiting: Waiting on relations
  landscape-server/1 [executing] maintenance: Starting services
  postgresql/2 [idle] waiting: awaiting for member to start
[32mINFO    [0m juju.model:model.py:2971 Waiting for model:
  landscape-server/0 [executing] waiting: Waiting on relations
  landscape-server/1 [executing] maintenance: Starting services
  postgresql/2 [idle] waiting: awaiting for member to start
[32mINFO    [0m juju.model:model.py:2971 Waiting for model:
  landscape-server/0 [executing] waiting: Waiting on relations
  landscape-server/1 [executing] maintenance: Starting services
  postgresql/2 [idle] waiting: awaiting for member to start
[32mINFO    [0m juju.model:model.py:2971 Waiting for model:
  landscape-server/0 [executing] waiting: Waiting on relations
  landscape-server/1 [executing] maintenance: Starting services
  postgresql/2 [idle] waiting: awaiting for member to start
[32mINFO    [0m juju.model:model.py:2971 Waiting for model:
  landscape-server/0 [executing] waiting: Waiting on relations
  landscape-server/1 [executing] maintenance: Setting up databases
  postgresql/2 [idle] waiting: awaiting for member to start
[32mINFO    [0m juju.model:model.py:2971 Waiting for model:
  landscape-server/0 [executing] maintenance: Starting services
  landscape-server/1 [idle] active: Unit is ready
  postgresql/2 [idle] waiting: awaiting for member to start
[32mINFO    [0m juju.model:model.py:2971 Waiting for model:
  landscape-server/0 [executing] maintenance: Starting services
  landscape-server/1 [idle] active: Unit is ready
  postgresql/2 [idle] waiting: awaiting for member to start
[32mINFO    [0m juju.model:model.py:2971 Waiting for model:
  landscape-server/0 [executing] maintenance: Starting services
  landscape-server/1 [idle] active: Unit is ready
  postgresql/2 [idle] waiting: awaiting for member to start
[32mINFO    [0m juju.model:model.py:2971 Waiting for model:
  landscape-server/0 [executing] maintenance: Starting services
  landscape-server/1 [idle] active: Unit is ready
  postgresql/2 [idle] waiting: awaiting for member to start
[32mINFO    [0m juju.model:model.py:2971 Waiting for model:
  landscape-server/0 [executing] maintenance: Starting services
  landscape-server/1 [idle] active: Unit is ready
  postgresql/2 [idle] waiting: awaiting for member to start
[32mINFO    [0m juju.model:model.py:2971 Waiting for model:
  landscape-server/0 [executing] maintenance: Starting services
  landscape-server/1 [idle] active: Unit is ready
  postgresql/2 [idle] waiting: awaiting for member to start
[32mINFO    [0m juju.model:model.py:2971 Waiting for model:
  landscape-server/0 [executing] maintenance: Starting services
  landscape-server/1 [idle] active: Unit is ready
  postgresql/2 [idle] waiting: awaiting for member to start
[32mINFO    [0m juju.model:model.py:2971 Waiting for model:
  landscape-server/0 [executing] maintenance: Starting services
  landscape-server/1 [idle] active: Unit is ready
  postgresql/2 [idle] waiting: awaiting for member to start
[32mINFO    [0m juju.model:model.py:2971 Waiting for model:
  landscape-server/0 [executing] maintenance: Starting services
  landscape-server/1 [idle] active: Unit is ready
  postgresql/2 [idle] waiting: awaiting for member to start
[32mINFO    [0m juju.model:model.py:2971 Waiting for model:
  landscape-server/0 [executing] maintenance: Setting up databases
  landscape-server/1 [idle] active: Unit is ready
  postgresql/2 [idle] waiting: awaiting for member to start
[32mINFO    [0m juju.model:model.py:2971 Waiting for model:
  postgresql/2 [idle] waiting: awaiting for member to start
[32mINFO    [0m juju.model:model.py:2971 Waiting for model:
  postgresql/2 [idle] waiting: awaiting for member to start
[32mINFO    [0m juju.model:model.py:2971 Waiting for model:
  postgresql/2 [idle] waiting: awaiting for member to start
[32mINFO    [0m juju.model:model.py:2971 Waiting for model:
  postgresql/2 [idle] waiting: awaiting for member to start
[32mINFO    [0m juju.model:model.py:2971 Waiting for model:
  postgresql/2 [idle] waiting: awaiting for member to start
[32mINFO    [0m juju.model:model.py:2971 Waiting for model:
  postgresql/2 [idle] waiting: awaiting for member to start
[32mINFO    [0m juju.model:model.py:2971 Waiting for model:
  postgresql/2 [idle] waiting: awaiting for member to start
[32mINFO    [0m juju.model:model.py:2971 Waiting for model:
  postgresql/2 [idle] waiting: awaiting for member to start
[32mINFO    [0m juju.model:model.py:2971 Waiting for model:
  postgresql/2 [idle] waiting: awaiting for member to start
[32mINFO    [0m juju.model:model.py:2971 Waiting for model:
  postgresql/2 [idle] waiting: awaiting for member to start
[32mINFO    [0m juju.model:model.py:2971 Waiting for model:
  postgresql/2 [idle] waiting: awaiting for member to start
[32mINFO    [0m juju.model:model.py:2971 Waiting for model:
  postgresql/2 [idle] waiting: awaiting for member to start
[32mINFO    [0m juju.model:model.py:2971 Waiting for model:
  postgresql/2 [idle] waiting: awaiting for member to start
[32mINFO    [0m juju.model:model.py:2971 Waiting for model:
  postgresql/2 [idle] waiting: awaiting for member to start
[32mINFO    [0m juju.model:model.py:2971 Waiting for model:
  postgresql/2 [idle] waiting: awaiting for member to start
[32mINFO    [0m juju.model:model.py:2971 Waiting for model:
  postgresql/2 [idle] waiting: awaiting for member to start
[32mINFO    [0m juju.model:model.py:2971 Waiting for model:
  postgresql/2 [idle] waiting: awaiting for member to start
[32mINFO    [0m juju.model:model.py:2971 Waiting for model:
  postgresql/2 [idle] waiting: awaiting for member to start
[32mINFO    [0m juju.model:model.py:2971 Waiting for model:
  postgresql/2 [idle] waiting: awaiting for member to start
[32mINFO    [0m pytest_operator.plugin:plugin.py:862 Model status:

Model  Controller           Cloud/Region         Version  SLA          Timestamp
test   localhost-localhost  localhost/localhost  3.1.8    unsupported  02:19:37Z

App               Version  Status  Scale  Charm             Channel     Rev  Exposed  Message
haproxy                    active      1  haproxy           stable       75  yes      Unit is ready
landscape-server           active      2  landscape-server  stable      107  no       Unit is ready
postgresql        14.11    active      3  postgresql                      0  no       
rabbitmq-server   3.9.13   active      1  rabbitmq-server   3.9/stable  188  no       Unit is ready

Unit                 Workload  Agent  Machine  Public address  Ports           Message
haproxy/0*           active    idle   3        10.93.42.194    80,443/tcp      Unit is ready
landscape-server/0*  active    idle   4        10.93.42.89                     Unit is ready
landscape-server/1   active    idle   5        10.93.42.230                    Unit is ready
postgresql/0*        active    idle   0        10.93.42.55     5432/tcp        Primary
postgresql/1         active    idle   1        10.93.42.81     5432/tcp        
postgresql/2         waiting   idle   2        10.93.42.176    5432/tcp        awaiting for member to start
rabbitmq-server/0*   active    idle   6        10.93.42.228    5672,15672/tcp  Unit is ready

Machine  State    Address       Inst id        Base          AZ  Message
0        started  10.93.42.55   juju-7d2546-0  ubuntu@22.04      Running
1        started  10.93.42.81   juju-7d2546-1  ubuntu@22.04      Running
2        started  10.93.42.176  juju-7d2546-2  ubuntu@22.04      Running
3        started  10.93.42.194  juju-7d2546-3  ubuntu@22.04      Running
4        started  10.93.42.89   juju-7d2546-4  ubuntu@22.04      Running
5        started  10.93.42.230  juju-7d2546-5  ubuntu@22.04      Running
6        started  10.93.42.228  juju-7d2546-6  ubuntu@22.04      Running

[32mINFO    [0m pytest_operator.plugin:plugin.py:868 Juju error logs:

machine-0: 01:41:55 ERROR juju.worker.dependency "lxd-container-provisioner" manifold worker returned unexpected error: container types not yet available
machine-0: 01:41:55 ERROR juju.worker.dependency "kvm-container-provisioner" manifold worker returned unexpected error: container types not yet available
machine-0: 01:41:55 ERROR juju.worker.dependency "broker-tracker" manifold worker returned unexpected error: no container types determined
unit-postgresql-0: 01:41:56 ERROR juju.worker.meterstatus error running "meter-status-changed": charm missing from disk
machine-1: 01:42:04 ERROR juju.worker.dependency "lxd-container-provisioner" manifold worker returned unexpected error: container types not yet available
machine-1: 01:42:04 ERROR juju.worker.dependency "broker-tracker" manifold worker returned unexpected error: no container types determined
machine-1: 01:42:04 ERROR juju.worker.dependency "kvm-container-provisioner" manifold worker returned unexpected error: container types not yet available
unit-postgresql-1: 01:42:04 ERROR juju.worker.meterstatus error running "meter-status-changed": charm missing from disk
machine-3: 01:42:07 ERROR juju.worker.dependency "broker-tracker" manifold worker returned unexpected error: no container types determined
machine-3: 01:42:07 ERROR juju.worker.dependency "kvm-container-provisioner" manifold worker returned unexpected error: container types not yet available
machine-3: 01:42:07 ERROR juju.worker.dependency "lxd-container-provisioner" manifold worker returned unexpected error: container types not yet available
machine-2: 01:42:07 ERROR juju.worker.dependency "kvm-container-provisioner" manifold worker returned unexpected error: container types not yet available
machine-2: 01:42:07 ERROR juju.worker.dependency "lxd-container-provisioner" manifold worker returned unexpected error: container types not yet available
machine-2: 01:42:07 ERROR juju.worker.dependency "broker-tracker" manifold worker returned unexpected error: no container types determined
unit-haproxy-0: 01:42:08 ERROR juju.worker.meterstatus error running "meter-status-changed": charm missing from disk
unit-postgresql-2: 01:42:08 ERROR juju.worker.meterstatus error running "meter-status-changed": charm missing from disk
machine-4: 01:42:12 ERROR juju.worker.dependency "kvm-container-provisioner" manifold worker returned unexpected error: container types not yet available
machine-4: 01:42:12 ERROR juju.worker.dependency "lxd-container-provisioner" manifold worker returned unexpected error: container types not yet available
machine-4: 01:42:12 ERROR juju.worker.dependency "broker-tracker" manifold worker returned unexpected error: no container types determined
unit-landscape-server-0: 01:42:13 ERROR juju.worker.meterstatus error running "meter-status-changed": charm missing from disk
machine-6: 01:42:25 ERROR juju.worker.dependency "lxd-container-provisioner" manifold worker returned unexpected error: container types not yet available
machine-6: 01:42:25 ERROR juju.worker.dependency "kvm-container-provisioner" manifold worker returned unexpected error: container types not yet available
machine-6: 01:42:25 ERROR juju.worker.dependency "broker-tracker" manifold worker returned unexpected error: no container types determined
unit-rabbitmq-server-0: 01:42:26 ERROR juju.worker.meterstatus error running "meter-status-changed": charm missing from disk
machine-5: 01:42:26 ERROR juju.worker.dependency "kvm-container-provisioner" manifold worker returned unexpected error: container types not yet available
machine-5: 01:42:26 ERROR juju.worker.dependency "lxd-container-provisioner" manifold worker returned unexpected error: container types not yet available
machine-5: 01:42:26 ERROR juju.worker.dependency "broker-tracker" manifold worker returned unexpected error: no container types determined
unit-landscape-server-1: 01:42:28 ERROR juju.worker.meterstatus error running "meter-status-changed": charm missing from disk
unit-landscape-server-0: 02:04:38 ERROR unit.landscape-server/0.juju-log Traceback (most recent call last):
  File "/usr/lib/python3/dist-packages/storm/exceptions.py", line 165, in wrap_exceptions
    yield
  File "/usr/lib/python3/dist-packages/storm/database.py", line 187, in wrapper
    return attr(*args, **kwargs)
psycopg2.errors.QueryCanceled: canceling statement due to statement timeout
CONTEXT:  while inserting index tuple (0,1) in relation "system_configuration"


The above exception was the direct cause of the following exception:

Traceback (most recent call last):
  File "/usr/lib/python3/dist-packages/storm/database.py", line 471, in _run_execution
    self._check_disconnect(raw_cursor.execute, *args)
  File "/usr/lib/python3/dist-packages/storm/database.py", line 537, in _check_disconnect
    return function(*args, **kwargs)
  File "/usr/lib/python3/dist-packages/storm/database.py", line 186, in wrapper
    with wrap_exceptions(self._database):
  File "/usr/lib/python3.10/contextlib.py", line 153, in __exit__
    self.gen.throw(typ, value, traceback)
  File "/usr/lib/python3/dist-packages/storm/exceptions.py", line 184, in wrap_exceptions
    six.raise_from(wrapped.with_traceback(tb), e)
  File "<string>", line 3, in raise_from
  File "/usr/lib/python3/dist-packages/storm/exceptions.py", line 165, in wrap_exceptions
    yield
  File "/usr/lib/python3/dist-packages/storm/database.py", line 187, in wrapper
    return attr(*args, **kwargs)
storm.database.QueryCanceled: canceling statement due to statement timeout
CONTEXT:  while inserting index tuple (0,1) in relation "system_configuration"


During handling of the above exception, another exception occurred:

Traceback (most recent call last):
  File "/opt/canonical/landscape/bootstrap-account", line 6, in <module>
    canonical.landscape.scripts.bootstrap_account.run()
  File "/opt/canonical/landscape/canonical/landscape/scripts/bootstrap_account.py", line 78, in run
    run_bootstrap_account(sys.argv[1:])
  File "/opt/canonical/landscape/canonical/landscape/scripts/bootstrap_account.py", line 63, in run_bootstrap_account
    bootstrap_account_helper(
  File "/opt/canonical/landscape/canonical/landscape/api/account.py", line 690, in bootstrap_account_helper
    set_root_url(root_url)
  File "/opt/canonical/landscape/canonical/landscape/model/configuration.py", line 278, in set_root_url
    getUtility(ISystemConfiguration).set(LANDSCAPE_ROOT_URL, url)
  File "/opt/canonical/landscape/canonical/landscape/model/configuration.py", line 205, in set
    store.execute(
  File "/usr/lib/python3/dist-packages/storm/store.py", line 118, in execute
    return self._connection.execute(statement, params, noresult)
  File "/usr/lib/python3/dist-packages/storm/databases/postgres.py", line 306, in execute
    return Connection.execute(self, statement, params, noresult)
  File "/usr/lib/python3/dist-packages/storm/database.py", line 323, in execute
    raw_cursor = self.raw_execute(statement, params)
  File "/usr/lib/python3/dist-packages/storm/database.py", line 457, in raw_execute
    self._run_execution(raw_cursor, args, params, statement)
  File "/usr/lib/python3/dist-packages/storm/database.py", line 473, in _run_execution
    self._check_disconnect(
  File "/usr/lib/python3/dist-packages/storm/database.py", line 537, in _check_disconnect
    return function(*args, **kwargs)
  File "/usr/lib/python3/dist-packages/storm/tracer.py", line 255, in trace
    attr(*args, **kwargs)
  File "/usr/lib/python3/dist-packages/storm/databases/postgres.py", line 475, in connection_raw_execute_error
    raise TimeoutError(
storm.exceptions.TimeoutError: 'SQL server cancelled statement', 'INSERT INTO system_configuration (key, value) VALUES (%s, %s) ON CONFLICT (key) DO UPDATE SET value=(%s)', ('landscape.root_url', '"https://10.93.42.194/"', '"https://10.93.42.194/"')

unit-landscape-server-0: 02:09:42 ERROR unit.landscape-server/0.juju-log db:8: Cannot bootstrap b/c account is already there!

[32mINFO    [0m pytest_operator.plugin:plugin.py:947 Forgetting model main...