[32mINFO    [0m juju.model:model.py:2971 Waiting for model:
  postgresql-test-app/0 [idle] active: 
  postgresql-test-app/1 [idle] active: 
  database/2 [executing] active: Primary
  database/3 [executing] active: 
  another-database/0 [idle] active: Primary
  another-database/1 [idle] active: 
[32mINFO    [0m juju.model:model.py:2097 Deploying ch:amd64/jammy/data-integrator-27
[32mINFO    [0m juju.model:model.py:2971 Waiting for model:
  another-data-integrator/0 [allocating] waiting: waiting for machine
[32mINFO    [0m juju.model:model.py:2971 Waiting for model:
  another-data-integrator/0 [allocating] waiting: waiting for machine
[32mINFO    [0m juju.model:model.py:2971 Waiting for model:
  another-data-integrator/0 [allocating] waiting: waiting for machine
[32mINFO    [0m juju.model:model.py:2971 Waiting for model:
  data-integrator/0 [executing] blocked: Please relate the data-integrator with the desired product
  another-data-integrator/0 [executing] blocked: Please specify either topic, index, or database name
[33mWARNING [0m juju.model:model.py:1563 relate is deprecated and will be removed. Use integrate instead.
[33mWARNING [0m juju.model:model.py:1563 relate is deprecated and will be removed. Use integrate instead.
[32mINFO    [0m juju.model:model.py:2971 Waiting for model:
  database/2 [idle] active: Primary
  database/3 [idle] active: 
[32mINFO    [0m juju.model:model.py:2971 Waiting for model:
  database/2 [idle] active: Primary
  database/3 [idle] blocked: invalid role(s) for extra user roles
[32mINFO    [0m juju.model:model.py:2971 Waiting for model:
  database/2 [executing] active: Primary
  database/3 [idle] blocked: invalid role(s) for extra user roles
[32mINFO    [0m pytest_operator.plugin:plugin.py:862 Model status:

Model  Controller           Cloud/Region         Version  SLA          Timestamp
test   localhost-localhost  localhost/localhost  3.4.5    unsupported  02:19:59Z

App                      Version  Status   Scale  Charm                Channel        Rev  Exposed  Message
another-application               active       1  postgresql-test-app  latest/edge    204  no       received database credentials of the first database
another-data-integrator           blocked      1  data-integrator      latest/stable   27  no       Please relate the data-integrator with the desired product
another-database         14.12    active       2  postgresql                            1  no       
data-integrator                   blocked      1  data-integrator      latest/stable   27  no       Please relate the data-integrator with the desired product
database                 14.12    active       2  postgresql                            0  no       
postgresql-test-app               active       2  postgresql-test-app  latest/edge    204  no       

Unit                        Workload  Agent  Machine  Public address  Ports     Message
another-application/0*      active    idle   6        10.91.197.130             received database credentials of the first database
another-data-integrator/0*  blocked   idle   10       10.91.197.112             Please relate the data-integrator with the desired product
another-database/0*         active    idle   2        10.91.197.7     5432/tcp  Primary
another-database/1          active    idle   3        10.91.197.45    5432/tcp  
data-integrator/0*          blocked   idle   9        10.91.197.235             Please relate the data-integrator with the desired product
database/2                  active    idle   7        10.91.197.148   5432/tcp  Primary
database/3*                 active    idle   8        10.91.197.47    5432/tcp  
postgresql-test-app/0*      active    idle   0        10.91.197.108             
postgresql-test-app/1       active    idle   1        10.91.197.140             

Machine  State    Address        Inst id         Base          AZ  Message
0        started  10.91.197.108  juju-6f41c4-0   ubuntu@22.04      Running
1        started  10.91.197.140  juju-6f41c4-1   ubuntu@22.04      Running
2        started  10.91.197.7    juju-6f41c4-2   ubuntu@22.04      Running
3        started  10.91.197.45   juju-6f41c4-3   ubuntu@22.04      Running
6        started  10.91.197.130  juju-6f41c4-6   ubuntu@22.04      Running
7        started  10.91.197.148  juju-6f41c4-7   ubuntu@22.04      Running
8        started  10.91.197.47   juju-6f41c4-8   ubuntu@22.04      Running
9        started  10.91.197.235  juju-6f41c4-9   ubuntu@22.04      Running
10       started  10.91.197.112  juju-6f41c4-10  ubuntu@22.04      Running

[32mINFO    [0m pytest_operator.plugin:plugin.py:868 Juju error logs:

machine-0: 01:50:55 ERROR juju.worker.dependency "lxd-container-provisioner" manifold worker returned unexpected error: container types not yet available
machine-0: 01:50:55 ERROR juju.worker.dependency "kvm-container-provisioner" manifold worker returned unexpected error: container types not yet available
unit-postgresql-test-app-0: 01:50:55 ERROR juju.worker.meterstatus error running "meter-status-changed": charm missing from disk
machine-1: 01:51:04 ERROR juju.worker.dependency "lxd-container-provisioner" manifold worker returned unexpected error: container types not yet available
machine-1: 01:51:04 ERROR juju.worker.dependency "kvm-container-provisioner" manifold worker returned unexpected error: container types not yet available
unit-postgresql-test-app-1: 01:51:05 ERROR juju.worker.meterstatus error running "meter-status-changed": charm missing from disk
machine-4: 01:51:18 ERROR juju.worker.dependency "lxd-container-provisioner" manifold worker returned unexpected error: container types not yet available
machine-4: 01:51:18 ERROR juju.worker.dependency "kvm-container-provisioner" manifold worker returned unexpected error: container types not yet available
unit-database-0: 01:51:19 ERROR juju.worker.meterstatus error running "meter-status-changed": charm missing from disk
machine-2: 01:51:22 ERROR juju.worker.dependency "kvm-container-provisioner" manifold worker returned unexpected error: container types not yet available
machine-2: 01:51:22 ERROR juju.worker.dependency "lxd-container-provisioner" manifold worker returned unexpected error: container types not yet available
unit-another-database-0: 01:51:22 ERROR juju.worker.meterstatus error running "meter-status-changed": charm missing from disk
machine-3: 01:51:27 ERROR juju.worker.dependency "lxd-container-provisioner" manifold worker returned unexpected error: container types not yet available
machine-3: 01:51:28 ERROR juju.worker.dependency "kvm-container-provisioner" manifold worker returned unexpected error: container types not yet available
unit-another-database-1: 01:51:28 ERROR juju.worker.meterstatus error running "meter-status-changed": charm missing from disk
machine-5: 01:56:48 ERROR juju.worker.dependency "kvm-container-provisioner" manifold worker returned unexpected error: container types not yet available
machine-5: 01:56:48 ERROR juju.worker.dependency "lxd-container-provisioner" manifold worker returned unexpected error: container types not yet available
unit-database-1: 01:56:48 ERROR juju.worker.meterstatus error running "meter-status-changed": charm missing from disk
machine-6: 02:01:21 ERROR juju.worker.dependency "kvm-container-provisioner" manifold worker returned unexpected error: container types not yet available
machine-6: 02:01:21 ERROR juju.worker.dependency "lxd-container-provisioner" manifold worker returned unexpected error: container types not yet available
unit-another-application-0: 02:01:21 ERROR juju.worker.meterstatus error running "meter-status-changed": charm missing from disk
machine-7: 02:05:02 ERROR juju.worker.dependency "lxd-container-provisioner" manifold worker returned unexpected error: container types not yet available
machine-7: 02:05:02 ERROR juju.worker.dependency "kvm-container-provisioner" manifold worker returned unexpected error: container types not yet available
unit-database-2: 02:05:02 ERROR juju.worker.meterstatus error running "meter-status-changed": charm missing from disk
machine-8: 02:05:04 ERROR juju.worker.dependency "kvm-container-provisioner" manifold worker returned unexpected error: container types not yet available
machine-8: 02:05:04 ERROR juju.worker.dependency "lxd-container-provisioner" manifold worker returned unexpected error: container types not yet available
unit-database-3: 02:05:04 ERROR juju.worker.meterstatus error running "meter-status-changed": charm missing from disk
unit-postgresql-test-app-0: 02:13:07 ERROR juju.worker.dependency "uniter" manifold worker returned unexpected error: relation scope id "9ffe2c0a-6a75-49e8-8e41-4fe2b36f41c4:r#7#database": settings 9ffe2c0a-6a75-49e8-8e41-4fe2b36f41c4:r#7#database not found (not found)
unit-database-2: 02:13:07 ERROR juju.worker.dependency "uniter" manifold worker returned unexpected error: relation scope id "9ffe2c0a-6a75-49e8-8e41-4fe2b36f41c4:r#7#postgresql-test-app": settings 9ffe2c0a-6a75-49e8-8e41-4fe2b36f41c4:r#7#postgresql-test-app not found (not found)
machine-9: 02:15:39 ERROR juju.worker.dependency "lxd-container-provisioner" manifold worker returned unexpected error: container types not yet available
machine-9: 02:15:39 ERROR juju.worker.dependency "kvm-container-provisioner" manifold worker returned unexpected error: container types not yet available
unit-data-integrator-0: 02:15:39 ERROR juju.worker.meterstatus error running "meter-status-changed": charm missing from disk
machine-10: 02:18:17 ERROR juju.worker.dependency "kvm-container-provisioner" manifold worker returned unexpected error: container types not yet available
machine-10: 02:18:17 ERROR juju.worker.dependency "lxd-container-provisioner" manifold worker returned unexpected error: container types not yet available
unit-another-data-integrator-0: 02:18:17 ERROR juju.worker.meterstatus error running "meter-status-changed": charm missing from disk
unit-database-3: 02:18:58 ERROR unit.database/3.juju-log database:19: Invalid extra user roles: test
unit-database-3: 02:18:58 ERROR unit.database/3.juju-log database:19: invalid role(s) for extra user roles
Traceback (most recent call last):
  File "/var/lib/juju/agents/unit-database-3/charm/src/relations/postgresql_provider.py", line 93, in _on_database_requested
    self.charm.postgresql.create_user(user, password, extra_user_roles=extra_user_roles)
  File "/var/lib/juju/agents/unit-database-3/charm/lib/charms/tempo_k8s/v1/charm_tracing.py", line 647, in wrapped_function
    return callable(*args, **kwargs)  # type: ignore
  File "/var/lib/juju/agents/unit-database-3/charm/lib/charms/postgresql_k8s/v0/postgresql.py", line 225, in create_user
    raise PostgreSQLCreateUserError(INVALID_EXTRA_USER_ROLE_BLOCKING_MESSAGE)
charms.postgresql_k8s.v0.postgresql.PostgreSQLCreateUserError: invalid role(s) for extra user roles
unit-database-3: 02:19:02 ERROR unit.database/3.juju-log database:20: Invalid extra user roles: test
unit-database-3: 02:19:02 ERROR unit.database/3.juju-log database:20: invalid role(s) for extra user roles
Traceback (most recent call last):
  File "/var/lib/juju/agents/unit-database-3/charm/src/relations/postgresql_provider.py", line 93, in _on_database_requested
    self.charm.postgresql.create_user(user, password, extra_user_roles=extra_user_roles)
  File "/var/lib/juju/agents/unit-database-3/charm/lib/charms/tempo_k8s/v1/charm_tracing.py", line 647, in wrapped_function
    return callable(*args, **kwargs)  # type: ignore
  File "/var/lib/juju/agents/unit-database-3/charm/lib/charms/postgresql_k8s/v0/postgresql.py", line 225, in create_user
    raise PostgreSQLCreateUserError(INVALID_EXTRA_USER_ROLE_BLOCKING_MESSAGE)
charms.postgresql_k8s.v0.postgresql.PostgreSQLCreateUserError: invalid role(s) for extra user roles

[32mINFO    [0m pytest_operator.plugin:plugin.py:947 Forgetting model main...