{"uid":"c2183959a687ed3","name":"test_postgresql_parameters_change","fullName":"tests.integration.test_charm#test_postgresql_parameters_change","historyId":"79343fb23366941645f2aa0224f58e5f","time":{"start":1765676245690,"stop":1765676358699,"duration":113009},"description":"Test that's possible to change PostgreSQL parameters.","descriptionHtml":"<p>Test that's possible to change PostgreSQL parameters.</p>\n","status":"failed","statusMessage":"AssertionError: assert '16384' == '32768'\n  \n  \u001B[0m\u001B[91m- 32768\u001B[39;49;00m\u001B[90m\u001B[39;49;00m\n  \u001B[92m+ 16384\u001B[39;49;00m\u001B[90m\u001B[39;49;00m","statusTrace":"Traceback (most recent call last):\n  File \"/root/spread_project/.tox/integration/lib/python3.12/site-packages/_pytest/runner.py\", line 344, in from_call\n    result: TResult | None = func()\n                             ^^^^^^\n  File \"/root/spread_project/.tox/integration/lib/python3.12/site-packages/_pytest/runner.py\", line 246, in <lambda>\n    lambda: runtest_hook(item=item, **kwds), when=when, reraise=reraise\n            ^^^^^^^^^^^^^^^^^^^^^^^^^^^^^^^\n  File \"/root/spread_project/.tox/integration/lib/python3.12/site-packages/pluggy/_hooks.py\", line 512, in __call__\n    return self._hookexec(self.name, self._hookimpls.copy(), kwargs, firstresult)\n           ^^^^^^^^^^^^^^^^^^^^^^^^^^^^^^^^^^^^^^^^^^^^^^^^^^^^^^^^^^^^^^^^^^^^^^\n  File \"/root/spread_project/.tox/integration/lib/python3.12/site-packages/pluggy/_manager.py\", line 120, in _hookexec\n    return self._inner_hookexec(hook_name, methods, kwargs, firstresult)\n           ^^^^^^^^^^^^^^^^^^^^^^^^^^^^^^^^^^^^^^^^^^^^^^^^^^^^^^^^^^^^^\n  File \"/root/spread_project/.tox/integration/lib/python3.12/site-packages/pluggy/_callers.py\", line 167, in _multicall\n    raise exception\n  File \"/root/spread_project/.tox/integration/lib/python3.12/site-packages/pluggy/_callers.py\", line 139, in _multicall\n    teardown.throw(exception)\n  File \"/root/spread_project/.tox/integration/lib/python3.12/site-packages/_pytest/logging.py\", line 850, in pytest_runtest_call\n    yield\n  File \"/root/spread_project/.tox/integration/lib/python3.12/site-packages/pluggy/_callers.py\", line 139, in _multicall\n    teardown.throw(exception)\n  File \"/root/spread_project/.tox/integration/lib/python3.12/site-packages/pluggy/_callers.py\", line 53, in run_old_style_hookwrapper\n    return result.get_result()\n           ^^^^^^^^^^^^^^^^^^^\n  File \"/root/spread_project/.tox/integration/lib/python3.12/site-packages/pluggy/_result.py\", line 103, in get_result\n    raise exc.with_traceback(tb)\n  File \"/root/spread_project/.tox/integration/lib/python3.12/site-packages/pluggy/_callers.py\", line 38, in run_old_style_hookwrapper\n    res = yield\n          ^^^^^\n  File \"/root/spread_project/.tox/integration/lib/python3.12/site-packages/pluggy/_callers.py\", line 139, in _multicall\n    teardown.throw(exception)\n  File \"/root/spread_project/.tox/integration/lib/python3.12/site-packages/_pytest/capture.py\", line 900, in pytest_runtest_call\n    return (yield)\n            ^^^^^\n  File \"/root/spread_project/.tox/integration/lib/python3.12/site-packages/pluggy/_callers.py\", line 139, in _multicall\n    teardown.throw(exception)\n  File \"/root/spread_project/.tox/integration/lib/python3.12/site-packages/_pytest/skipping.py\", line 263, in pytest_runtest_call\n    return (yield)\n            ^^^^^\n  File \"/root/spread_project/.tox/integration/lib/python3.12/site-packages/pluggy/_callers.py\", line 121, in _multicall\n    res = hook_impl.function(*args)\n          ^^^^^^^^^^^^^^^^^^^^^^^^^\n  File \"/root/spread_project/.tox/integration/lib/python3.12/site-packages/_pytest/runner.py\", line 178, in pytest_runtest_call\n    item.runtest()\n  File \"/root/spread_project/.tox/integration/lib/python3.12/site-packages/_pytest/python.py\", line 1671, in runtest\n    self.ihook.pytest_pyfunc_call(pyfuncitem=self)\n  File \"/root/spread_project/.tox/integration/lib/python3.12/site-packages/pluggy/_hooks.py\", line 512, in __call__\n    return self._hookexec(self.name, self._hookimpls.copy(), kwargs, firstresult)\n           ^^^^^^^^^^^^^^^^^^^^^^^^^^^^^^^^^^^^^^^^^^^^^^^^^^^^^^^^^^^^^^^^^^^^^^\n  File \"/root/spread_project/.tox/integration/lib/python3.12/site-packages/pluggy/_manager.py\", line 120, in _hookexec\n    return self._inner_hookexec(hook_name, methods, kwargs, firstresult)\n           ^^^^^^^^^^^^^^^^^^^^^^^^^^^^^^^^^^^^^^^^^^^^^^^^^^^^^^^^^^^^^\n  File \"/root/spread_project/.tox/integration/lib/python3.12/site-packages/pluggy/_callers.py\", line 167, in _multicall\n    raise exception\n  File \"/root/spread_project/.tox/integration/lib/python3.12/site-packages/pluggy/_callers.py\", line 139, in _multicall\n    teardown.throw(exception)\n  File \"/root/spread_project/.tox/integration/lib/python3.12/site-packages/pluggy/_callers.py\", line 53, in run_old_style_hookwrapper\n    return result.get_result()\n           ^^^^^^^^^^^^^^^^^^^\n  File \"/root/spread_project/.tox/integration/lib/python3.12/site-packages/pluggy/_result.py\", line 103, in get_result\n    raise exc.with_traceback(tb)\n  File \"/root/spread_project/.tox/integration/lib/python3.12/site-packages/pluggy/_callers.py\", line 38, in run_old_style_hookwrapper\n    res = yield\n          ^^^^^\n  File \"/root/spread_project/.tox/integration/lib/python3.12/site-packages/pluggy/_callers.py\", line 121, in _multicall\n    res = hook_impl.function(*args)\n          ^^^^^^^^^^^^^^^^^^^^^^^^^\n  File \"/root/spread_project/.tox/integration/lib/python3.12/site-packages/_pytest/python.py\", line 157, in pytest_pyfunc_call\n    result = testfunction(**testargs)\n             ^^^^^^^^^^^^^^^^^^^^^^^^\n  File \"/root/spread_project/.tox/integration/lib/python3.12/site-packages/pytest_asyncio/plugin.py\", line 529, in inner\n    _loop.run_until_complete(task)\n  File \"/usr/lib/python3.12/asyncio/base_events.py\", line 687, in run_until_complete\n    return future.result()\n           ^^^^^^^^^^^^^^^\n  File \"/root/spread_project/tests/integration/test_charm.py\", line 227, in test_postgresql_parameters_change\n    assert settings[\"shared_buffers\"] == \"32768\"\nAssertionError: assert '16384' == '32768'\n  \n  \u001B[0m\u001B[91m- 32768\u001B[39;49;00m\u001B[90m\u001B[39;49;00m\n  \u001B[92m+ 16384\u001B[39;49;00m\u001B[90m\u001B[39;49;00m","flaky":false,"newFailed":true,"newBroken":false,"newPassed":false,"retriesCount":1,"retriesStatusChange":true,"beforeStages":[{"name":"event_loop","time":{"start":1765675950913,"stop":1765675950913,"duration":0},"status":"passed","steps":[],"attachments":[],"parameters":[],"shouldDisplayMessage":false,"stepsCount":0,"attachmentsCount":0,"hasContent":false,"attachmentStep":false},{"name":"tmp_path_factory","time":{"start":1765675950913,"stop":1765675950914,"duration":1},"status":"passed","steps":[],"attachments":[],"parameters":[],"shouldDisplayMessage":false,"stepsCount":0,"attachmentsCount":0,"hasContent":false,"attachmentStep":false},{"name":"ops_test","time":{"start":1765675950914,"stop":1765675951065,"duration":151},"status":"passed","steps":[],"attachments":[],"parameters":[],"shouldDisplayMessage":false,"stepsCount":0,"attachmentsCount":0,"hasContent":false,"attachmentStep":false},{"name":"abort_on_fail","time":{"start":1765676245690,"stop":1765676245690,"duration":0},"status":"passed","steps":[],"attachments":[],"parameters":[],"shouldDisplayMessage":false,"stepsCount":0,"attachmentsCount":0,"hasContent":false,"attachmentStep":false}],"testStage":{"description":"Test that's possible to change PostgreSQL parameters.","status":"failed","statusMessage":"AssertionError: assert '16384' == '32768'\n  \n  \u001B[0m\u001B[91m- 32768\u001B[39;49;00m\u001B[90m\u001B[39;49;00m\n  \u001B[92m+ 16384\u001B[39;49;00m\u001B[90m\u001B[39;49;00m","statusTrace":"Traceback (most recent call last):\n  File \"/root/spread_project/.tox/integration/lib/python3.12/site-packages/_pytest/runner.py\", line 344, in from_call\n    result: TResult | None = func()\n                             ^^^^^^\n  File \"/root/spread_project/.tox/integration/lib/python3.12/site-packages/_pytest/runner.py\", line 246, in <lambda>\n    lambda: runtest_hook(item=item, **kwds), when=when, reraise=reraise\n            ^^^^^^^^^^^^^^^^^^^^^^^^^^^^^^^\n  File \"/root/spread_project/.tox/integration/lib/python3.12/site-packages/pluggy/_hooks.py\", line 512, in __call__\n    return self._hookexec(self.name, self._hookimpls.copy(), kwargs, firstresult)\n           ^^^^^^^^^^^^^^^^^^^^^^^^^^^^^^^^^^^^^^^^^^^^^^^^^^^^^^^^^^^^^^^^^^^^^^\n  File \"/root/spread_project/.tox/integration/lib/python3.12/site-packages/pluggy/_manager.py\", line 120, in _hookexec\n    return self._inner_hookexec(hook_name, methods, kwargs, firstresult)\n           ^^^^^^^^^^^^^^^^^^^^^^^^^^^^^^^^^^^^^^^^^^^^^^^^^^^^^^^^^^^^^\n  File \"/root/spread_project/.tox/integration/lib/python3.12/site-packages/pluggy/_callers.py\", line 167, in _multicall\n    raise exception\n  File \"/root/spread_project/.tox/integration/lib/python3.12/site-packages/pluggy/_callers.py\", line 139, in _multicall\n    teardown.throw(exception)\n  File \"/root/spread_project/.tox/integration/lib/python3.12/site-packages/_pytest/logging.py\", line 850, in pytest_runtest_call\n    yield\n  File \"/root/spread_project/.tox/integration/lib/python3.12/site-packages/pluggy/_callers.py\", line 139, in _multicall\n    teardown.throw(exception)\n  File \"/root/spread_project/.tox/integration/lib/python3.12/site-packages/pluggy/_callers.py\", line 53, in run_old_style_hookwrapper\n    return result.get_result()\n           ^^^^^^^^^^^^^^^^^^^\n  File \"/root/spread_project/.tox/integration/lib/python3.12/site-packages/pluggy/_result.py\", line 103, in get_result\n    raise exc.with_traceback(tb)\n  File \"/root/spread_project/.tox/integration/lib/python3.12/site-packages/pluggy/_callers.py\", line 38, in run_old_style_hookwrapper\n    res = yield\n          ^^^^^\n  File \"/root/spread_project/.tox/integration/lib/python3.12/site-packages/pluggy/_callers.py\", line 139, in _multicall\n    teardown.throw(exception)\n  File \"/root/spread_project/.tox/integration/lib/python3.12/site-packages/_pytest/capture.py\", line 900, in pytest_runtest_call\n    return (yield)\n            ^^^^^\n  File \"/root/spread_project/.tox/integration/lib/python3.12/site-packages/pluggy/_callers.py\", line 139, in _multicall\n    teardown.throw(exception)\n  File \"/root/spread_project/.tox/integration/lib/python3.12/site-packages/_pytest/skipping.py\", line 263, in pytest_runtest_call\n    return (yield)\n            ^^^^^\n  File \"/root/spread_project/.tox/integration/lib/python3.12/site-packages/pluggy/_callers.py\", line 121, in _multicall\n    res = hook_impl.function(*args)\n          ^^^^^^^^^^^^^^^^^^^^^^^^^\n  File \"/root/spread_project/.tox/integration/lib/python3.12/site-packages/_pytest/runner.py\", line 178, in pytest_runtest_call\n    item.runtest()\n  File \"/root/spread_project/.tox/integration/lib/python3.12/site-packages/_pytest/python.py\", line 1671, in runtest\n    self.ihook.pytest_pyfunc_call(pyfuncitem=self)\n  File \"/root/spread_project/.tox/integration/lib/python3.12/site-packages/pluggy/_hooks.py\", line 512, in __call__\n    return self._hookexec(self.name, self._hookimpls.copy(), kwargs, firstresult)\n           ^^^^^^^^^^^^^^^^^^^^^^^^^^^^^^^^^^^^^^^^^^^^^^^^^^^^^^^^^^^^^^^^^^^^^^\n  File \"/root/spread_project/.tox/integration/lib/python3.12/site-packages/pluggy/_manager.py\", line 120, in _hookexec\n    return self._inner_hookexec(hook_name, methods, kwargs, firstresult)\n           ^^^^^^^^^^^^^^^^^^^^^^^^^^^^^^^^^^^^^^^^^^^^^^^^^^^^^^^^^^^^^\n  File \"/root/spread_project/.tox/integration/lib/python3.12/site-packages/pluggy/_callers.py\", line 167, in _multicall\n    raise exception\n  File \"/root/spread_project/.tox/integration/lib/python3.12/site-packages/pluggy/_callers.py\", line 139, in _multicall\n    teardown.throw(exception)\n  File \"/root/spread_project/.tox/integration/lib/python3.12/site-packages/pluggy/_callers.py\", line 53, in run_old_style_hookwrapper\n    return result.get_result()\n           ^^^^^^^^^^^^^^^^^^^\n  File \"/root/spread_project/.tox/integration/lib/python3.12/site-packages/pluggy/_result.py\", line 103, in get_result\n    raise exc.with_traceback(tb)\n  File \"/root/spread_project/.tox/integration/lib/python3.12/site-packages/pluggy/_callers.py\", line 38, in run_old_style_hookwrapper\n    res = yield\n          ^^^^^\n  File \"/root/spread_project/.tox/integration/lib/python3.12/site-packages/pluggy/_callers.py\", line 121, in _multicall\n    res = hook_impl.function(*args)\n          ^^^^^^^^^^^^^^^^^^^^^^^^^\n  File \"/root/spread_project/.tox/integration/lib/python3.12/site-packages/_pytest/python.py\", line 157, in pytest_pyfunc_call\n    result = testfunction(**testargs)\n             ^^^^^^^^^^^^^^^^^^^^^^^^\n  File \"/root/spread_project/.tox/integration/lib/python3.12/site-packages/pytest_asyncio/plugin.py\", line 529, in inner\n    _loop.run_until_complete(task)\n  File \"/usr/lib/python3.12/asyncio/base_events.py\", line 687, in run_until_complete\n    return future.result()\n           ^^^^^^^^^^^^^^^\n  File \"/root/spread_project/tests/integration/test_charm.py\", line 227, in test_postgresql_parameters_change\n    assert settings[\"shared_buffers\"] == \"32768\"\nAssertionError: assert '16384' == '32768'\n  \n  \u001B[0m\u001B[91m- 32768\u001B[39;49;00m\u001B[90m\u001B[39;49;00m\n  \u001B[92m+ 16384\u001B[39;49;00m\u001B[90m\u001B[39;49;00m","steps":[],"attachments":[{"uid":"b81f786c23e8a4a3","name":"log","source":"b81f786c23e8a4a3.txt","type":"text/plain","size":744}],"parameters":[],"shouldDisplayMessage":true,"stepsCount":0,"attachmentsCount":1,"hasContent":true,"attachmentStep":false},"afterStages":[{"name":"abort_on_fail::0","time":{"start":1765676358715,"stop":1765676358715,"duration":0},"status":"passed","steps":[],"attachments":[],"parameters":[],"shouldDisplayMessage":false,"stepsCount":0,"attachmentsCount":0,"hasContent":false,"attachmentStep":false},{"name":"ops_test::finalizer","time":{"start":1765676358727,"stop":1765676359170,"duration":443},"status":"passed","steps":[],"attachments":[],"parameters":[],"shouldDisplayMessage":false,"stepsCount":0,"attachmentsCount":0,"hasContent":false,"attachmentStep":false},{"name":"event_loop::2","time":{"start":1765676359170,"stop":1765676359171,"duration":1},"status":"passed","steps":[],"attachments":[],"parameters":[],"shouldDisplayMessage":false,"stepsCount":0,"attachmentsCount":0,"hasContent":false,"attachmentStep":false},{"name":"event_loop::_close_event_loop","time":{"start":1765676359171,"stop":1765676359171,"duration":0},"status":"passed","steps":[],"attachments":[],"parameters":[],"shouldDisplayMessage":false,"stepsCount":0,"attachmentsCount":0,"hasContent":false,"attachmentStep":false},{"name":"event_loop::_provide_clean_event_loop","time":{"start":1765676359171,"stop":1765676359171,"duration":0},"status":"passed","steps":[],"attachments":[],"parameters":[],"shouldDisplayMessage":false,"stepsCount":0,"attachmentsCount":0,"hasContent":false,"attachmentStep":false}],"labels":[{"name":"tag","value":"abort_on_fail"},{"name":"tag","value":"asyncio"},{"name":"parentSuite","value":"tests.integration"},{"name":"suite","value":"test_charm"},{"name":"host","value":"runnervm6qbrg"},{"name":"thread","value":"14508-MainThread"},{"name":"framework","value":"pytest"},{"name":"language","value":"cpython3"},{"name":"package","value":"tests.integration.test_charm"},{"name":"resultFormat","value":"allure2"}],"parameters":[],"links":[],"hidden":false,"retry":false,"extra":{"severity":"normal","retries":[{"uid":"92bd00de35706ca5","status":"unknown","time":{}}],"categories":[{"name":"Product defects","matchedStatuses":[]}],"history":{"statistic":{"failed":23,"broken":16,"skipped":7,"passed":565,"unknown":25,"total":636},"items":[{"uid":"b6cab5947ea20b26","reportUrl":"../6208//#testresult/b6cab5947ea20b26","status":"passed","time":{"start":1765589858405,"stop":1765589959068,"duration":100663}},{"uid":"98a585537a6df425","reportUrl":"../6203//#testresult/98a585537a6df425","status":"passed","time":{"start":1765503572807,"stop":1765503660026,"duration":87219}},{"uid":"318b83f9c7cbc9a9","reportUrl":"../6201//#testresult/318b83f9c7cbc9a9","status":"passed","time":{"start":1765417075751,"stop":1765417154726,"duration":78975}},{"uid":"fc9a7bc04fad82c9","reportUrl":"../6186//#testresult/fc9a7bc04fad82c9","status":"passed","time":{"start":1765244366217,"stop":1765244446551,"duration":80334}},{"uid":"23ea4263a4e0eb0a","reportUrl":"../6181//#testresult/23ea4263a4e0eb0a","status":"passed","time":{"start":1765157865341,"stop":1765157953655,"duration":88314}},{"uid":"91799f1a34c6d257","reportUrl":"../6178//#testresult/91799f1a34c6d257","status":"passed","time":{"start":1765071487163,"stop":1765071592993,"duration":105830}},{"uid":"946d6fe9c34ae637","reportUrl":"../6177//#testresult/946d6fe9c34ae637","status":"passed","time":{"start":1764985000405,"stop":1764985106177,"duration":105772}},{"uid":"bad68de302808b24","reportUrl":"../6159//#testresult/bad68de302808b24","status":"failed","statusDetails":"AssertionError: assert '16384' == '32768'\n  \n  \u001B[0m\u001B[91m- 32768\u001B[39;49;00m\u001B[90m\u001B[39;49;00m\n  \u001B[92m+ 16384\u001B[39;49;00m\u001B[90m\u001B[39;49;00m","time":{"start":1764898704348,"stop":1764898790034,"duration":85686}},{"uid":"25f2dfd438300ee0","reportUrl":"../6150//#testresult/25f2dfd438300ee0","status":"passed","time":{"start":1764812209382,"stop":1764812293409,"duration":84027}},{"uid":"408dc191f1b74edc","reportUrl":"../6148//#testresult/408dc191f1b74edc","status":"passed","time":{"start":1764725826841,"stop":1764725926248,"duration":99407}},{"uid":"c887476acaac2e1a","reportUrl":"../6136//#testresult/c887476acaac2e1a","status":"passed","time":{"start":1764639440935,"stop":1764639555722,"duration":114787}},{"uid":"56d74de7df64804","reportUrl":"../6134//#testresult/56d74de7df64804","status":"passed","time":{"start":1764553017756,"stop":1764553114847,"duration":97091}},{"uid":"2ffe2d5a40f39baf","reportUrl":"../6131//#testresult/2ffe2d5a40f39baf","status":"passed","time":{"start":1764466653622,"stop":1764466747438,"duration":93816}},{"uid":"5a8d584b20f78960","reportUrl":"../6130//#testresult/5a8d584b20f78960","status":"passed","time":{"start":1764380210977,"stop":1764380318197,"duration":107220}},{"uid":"f85fc6753c6d3515","reportUrl":"../6125//#testresult/f85fc6753c6d3515","status":"passed","time":{"start":1764293811515,"stop":1764293932136,"duration":120621}},{"uid":"d4bfcb1af3fb0968","reportUrl":"../6120//#testresult/d4bfcb1af3fb0968","status":"failed","statusDetails":"AssertionError: assert '16384' == '32768'\n  \n  \u001B[0m\u001B[91m- 32768\u001B[39;49;00m\u001B[90m\u001B[39;49;00m\n  \u001B[92m+ 16384\u001B[39;49;00m\u001B[90m\u001B[39;49;00m","time":{"start":1764207427336,"stop":1764207536095,"duration":108759}},{"uid":"c21f84e1b5f7692a","reportUrl":"../6109//#testresult/c21f84e1b5f7692a","status":"passed","time":{"start":1764121086894,"stop":1764121200552,"duration":113658}},{"uid":"8b9585a467bdf99","reportUrl":"../6092//#testresult/8b9585a467bdf99","status":"passed","time":{"start":1763948172602,"stop":1763948282198,"duration":109596}},{"uid":"d5c1ca4cd2a03a00","reportUrl":"../6091//#testresult/d5c1ca4cd2a03a00","status":"failed","statusDetails":"AssertionError: assert '16384' == '32768'\n  \n  \u001B[0m\u001B[91m- 32768\u001B[39;49;00m\u001B[90m\u001B[39;49;00m\n  \u001B[92m+ 16384\u001B[39;49;00m\u001B[90m\u001B[39;49;00m","time":{"start":1763861866800,"stop":1763861970279,"duration":103479}},{"uid":"a35878bab0232190","reportUrl":"../6090//#testresult/a35878bab0232190","status":"failed","statusDetails":"AssertionError: assert '16384' == '32768'\n  \n  \u001B[0m\u001B[91m- 32768\u001B[39;49;00m\u001B[90m\u001B[39;49;00m\n  \u001B[92m+ 16384\u001B[39;49;00m\u001B[90m\u001B[39;49;00m","time":{"start":1763775446051,"stop":1763775541430,"duration":95379}}]},"tags":["asyncio","abort_on_fail"]},"source":"c2183959a687ed3.json","parameterValues":[]}