{"uid":"42705413ffc226b0","name":"test_empty_password","fullName":"tests.integration.test_password_rotation#test_empty_password","historyId":"6068f97903dba5507318f77127aa9825","time":{"start":1742953960529,"stop":1742953962601,"duration":2072},"description":"Test that the password can't be set to an empty string.","descriptionHtml":"<p>Test that the password can't be set to an empty string.</p>\n","status":"failed","statusMessage":"AssertionError: assert 'test-password' == 'None'\n  \n  - None\n  + test-password","statusTrace":"Traceback (most recent call last):\n  File \"/root/spread_project/.tox/integration/lib/python3.12/site-packages/_pytest/runner.py\", line 341, in from_call\n    result: TResult | None = func()\n                             ^^^^^^\n  File \"/root/spread_project/.tox/integration/lib/python3.12/site-packages/_pytest/runner.py\", line 242, in <lambda>\n    lambda: runtest_hook(item=item, **kwds), when=when, reraise=reraise\n            ^^^^^^^^^^^^^^^^^^^^^^^^^^^^^^^\n  File \"/root/spread_project/.tox/integration/lib/python3.12/site-packages/pluggy/_hooks.py\", line 513, in __call__\n    return self._hookexec(self.name, self._hookimpls.copy(), kwargs, firstresult)\n           ^^^^^^^^^^^^^^^^^^^^^^^^^^^^^^^^^^^^^^^^^^^^^^^^^^^^^^^^^^^^^^^^^^^^^^\n  File \"/root/spread_project/.tox/integration/lib/python3.12/site-packages/pluggy/_manager.py\", line 120, in _hookexec\n    return self._inner_hookexec(hook_name, methods, kwargs, firstresult)\n           ^^^^^^^^^^^^^^^^^^^^^^^^^^^^^^^^^^^^^^^^^^^^^^^^^^^^^^^^^^^^^\n  File \"/root/spread_project/.tox/integration/lib/python3.12/site-packages/pluggy/_callers.py\", line 182, in _multicall\n    return outcome.get_result()\n           ^^^^^^^^^^^^^^^^^^^^\n  File \"/root/spread_project/.tox/integration/lib/python3.12/site-packages/pluggy/_result.py\", line 100, in get_result\n    raise exc.with_traceback(exc.__traceback__)\n  File \"/root/spread_project/.tox/integration/lib/python3.12/site-packages/pluggy/_callers.py\", line 167, in _multicall\n    teardown.throw(outcome._exception)\n  File \"/root/spread_project/.tox/integration/lib/python3.12/site-packages/_pytest/threadexception.py\", line 92, in pytest_runtest_call\n    yield from thread_exception_runtest_hook()\n  File \"/root/spread_project/.tox/integration/lib/python3.12/site-packages/_pytest/threadexception.py\", line 68, in thread_exception_runtest_hook\n    yield\n  File \"/root/spread_project/.tox/integration/lib/python3.12/site-packages/pluggy/_callers.py\", line 167, in _multicall\n    teardown.throw(outcome._exception)\n  File \"/root/spread_project/.tox/integration/lib/python3.12/site-packages/_pytest/unraisableexception.py\", line 95, in pytest_runtest_call\n    yield from unraisable_exception_runtest_hook()\n  File \"/root/spread_project/.tox/integration/lib/python3.12/site-packages/_pytest/unraisableexception.py\", line 70, in unraisable_exception_runtest_hook\n    yield\n  File \"/root/spread_project/.tox/integration/lib/python3.12/site-packages/pluggy/_callers.py\", line 167, in _multicall\n    teardown.throw(outcome._exception)\n  File \"/root/spread_project/.tox/integration/lib/python3.12/site-packages/_pytest/logging.py\", line 846, in pytest_runtest_call\n    yield from self._runtest_for(item, \"call\")\n  File \"/root/spread_project/.tox/integration/lib/python3.12/site-packages/_pytest/logging.py\", line 829, in _runtest_for\n    yield\n  File \"/root/spread_project/.tox/integration/lib/python3.12/site-packages/pluggy/_callers.py\", line 167, in _multicall\n    teardown.throw(outcome._exception)\n  File \"/root/spread_project/.tox/integration/lib/python3.12/site-packages/_pytest/capture.py\", line 880, in pytest_runtest_call\n    return (yield)\n            ^^^^^\n  File \"/root/spread_project/.tox/integration/lib/python3.12/site-packages/pluggy/_callers.py\", line 167, in _multicall\n    teardown.throw(outcome._exception)\n  File \"/root/spread_project/.tox/integration/lib/python3.12/site-packages/_pytest/skipping.py\", line 257, in pytest_runtest_call\n    return (yield)\n            ^^^^^\n  File \"/root/spread_project/.tox/integration/lib/python3.12/site-packages/pluggy/_callers.py\", line 103, in _multicall\n    res = hook_impl.function(*args)\n          ^^^^^^^^^^^^^^^^^^^^^^^^^\n  File \"/root/spread_project/.tox/integration/lib/python3.12/site-packages/_pytest/runner.py\", line 174, in pytest_runtest_call\n    item.runtest()\n  File \"/root/spread_project/.tox/integration/lib/python3.12/site-packages/_pytest/python.py\", line 1627, in runtest\n    self.ihook.pytest_pyfunc_call(pyfuncitem=self)\n  File \"/root/spread_project/.tox/integration/lib/python3.12/site-packages/pluggy/_hooks.py\", line 513, in __call__\n    return self._hookexec(self.name, self._hookimpls.copy(), kwargs, firstresult)\n           ^^^^^^^^^^^^^^^^^^^^^^^^^^^^^^^^^^^^^^^^^^^^^^^^^^^^^^^^^^^^^^^^^^^^^^\n  File \"/root/spread_project/.tox/integration/lib/python3.12/site-packages/pluggy/_manager.py\", line 120, in _hookexec\n    return self._inner_hookexec(hook_name, methods, kwargs, firstresult)\n           ^^^^^^^^^^^^^^^^^^^^^^^^^^^^^^^^^^^^^^^^^^^^^^^^^^^^^^^^^^^^^\n  File \"/root/spread_project/.tox/integration/lib/python3.12/site-packages/pluggy/_callers.py\", line 182, in _multicall\n    return outcome.get_result()\n           ^^^^^^^^^^^^^^^^^^^^\n  File \"/root/spread_project/.tox/integration/lib/python3.12/site-packages/pluggy/_result.py\", line 100, in get_result\n    raise exc.with_traceback(exc.__traceback__)\n  File \"/root/spread_project/.tox/integration/lib/python3.12/site-packages/pluggy/_callers.py\", line 103, in _multicall\n    res = hook_impl.function(*args)\n          ^^^^^^^^^^^^^^^^^^^^^^^^^\n  File \"/root/spread_project/.tox/integration/lib/python3.12/site-packages/_pytest/python.py\", line 159, in pytest_pyfunc_call\n    result = testfunction(**testargs)\n             ^^^^^^^^^^^^^^^^^^^^^^^^\n  File \"/root/spread_project/.tox/integration/lib/python3.12/site-packages/pytest_asyncio/plugin.py\", line 529, in inner\n    _loop.run_until_complete(task)\n  File \"/usr/lib/python3.12/asyncio/base_events.py\", line 687, in run_until_complete\n    return future.result()\n           ^^^^^^^^^^^^^^^\n  File \"/root/spread_project/tests/integration/test_password_rotation.py\", line 155, in test_empty_password\n    assert password == \"None\"\nAssertionError: assert 'test-password' == 'None'\n  \n  - None\n  + test-password","flaky":true,"newFailed":true,"newBroken":false,"newPassed":false,"retriesCount":1,"retriesStatusChange":true,"beforeStages":[{"name":"event_loop","time":{"start":1742953097343,"stop":1742953097344,"duration":1},"status":"passed","steps":[],"attachments":[],"parameters":[],"shouldDisplayMessage":false,"stepsCount":0,"attachmentsCount":0,"hasContent":false,"attachmentStep":false},{"name":"ops_test","time":{"start":1742953097344,"stop":1742953097460,"duration":116},"status":"passed","steps":[],"attachments":[],"parameters":[],"shouldDisplayMessage":false,"stepsCount":0,"attachmentsCount":0,"hasContent":false,"attachmentStep":false},{"name":"tmp_path_factory","time":{"start":1742953097344,"stop":1742953097344,"duration":0},"status":"passed","steps":[],"attachments":[],"parameters":[],"shouldDisplayMessage":false,"stepsCount":0,"attachmentsCount":0,"hasContent":false,"attachmentStep":false},{"name":"abort_on_fail","time":{"start":1742953960529,"stop":1742953960529,"duration":0},"status":"passed","steps":[],"attachments":[],"parameters":[],"shouldDisplayMessage":false,"stepsCount":0,"attachmentsCount":0,"hasContent":false,"attachmentStep":false}],"afterStages":[{"name":"abort_on_fail::0","time":{"start":1742953962606,"stop":1742953962606,"duration":0},"status":"passed","steps":[],"attachments":[],"parameters":[],"shouldDisplayMessage":false,"stepsCount":0,"attachmentsCount":0,"hasContent":false,"attachmentStep":false},{"name":"ops_test::finalizer","time":{"start":1742953974646,"stop":1742953975001,"duration":355},"status":"passed","steps":[],"attachments":[],"parameters":[],"shouldDisplayMessage":false,"stepsCount":0,"attachmentsCount":0,"hasContent":false,"attachmentStep":false},{"name":"event_loop::2","time":{"start":1742953975001,"stop":1742953975001,"duration":0},"status":"passed","steps":[],"attachments":[],"parameters":[],"shouldDisplayMessage":false,"stepsCount":0,"attachmentsCount":0,"hasContent":false,"attachmentStep":false},{"name":"event_loop::_close_event_loop","time":{"start":1742953975002,"stop":1742953975002,"duration":0},"status":"passed","steps":[],"attachments":[],"parameters":[],"shouldDisplayMessage":false,"stepsCount":0,"attachmentsCount":0,"hasContent":false,"attachmentStep":false},{"name":"event_loop::_provide_clean_event_loop","time":{"start":1742953975002,"stop":1742953975002,"duration":0},"status":"passed","steps":[],"attachments":[],"parameters":[],"shouldDisplayMessage":false,"stepsCount":0,"attachmentsCount":0,"hasContent":false,"attachmentStep":false}],"labels":[{"name":"tag","value":"asyncio"},{"name":"parentSuite","value":"tests.integration"},{"name":"suite","value":"test_password_rotation"},{"name":"host","value":"fv-az1758-309"},{"name":"thread","value":"14870-MainThread"},{"name":"framework","value":"pytest"},{"name":"language","value":"cpython3"},{"name":"package","value":"tests.integration.test_password_rotation"},{"name":"resultFormat","value":"allure2"}],"parameters":[],"links":[],"hidden":false,"retry":false,"extra":{"severity":"normal","retries":[{"uid":"26c6fe5e105ece31","status":"unknown","time":{}}],"categories":[{"name":"Product defects","matchedStatuses":[]}],"history":{"statistic":{"failed":2,"broken":0,"skipped":2,"passed":379,"unknown":6,"total":389},"items":[{"uid":"dbf2357de389aecd","reportUrl":"../4160//#testresult/dbf2357de389aecd","status":"passed","time":{"start":1742868465019,"stop":1742868498309,"duration":33290}},{"uid":"195d375293f23c93","reportUrl":"../4150//#testresult/195d375293f23c93","status":"passed","time":{"start":1742780932515,"stop":1742780966819,"duration":34304}},{"uid":"90d1a6d9819362e9","reportUrl":"../4149//#testresult/90d1a6d9819362e9","status":"failed","statusDetails":"AssertionError: assert 'test-password' == 'None'\n  \n  - None\n  + test-password","time":{"start":1742694714256,"stop":1742694717366,"duration":3110}},{"uid":"c901a3a40c0a6b8","reportUrl":"../4148//#testresult/c901a3a40c0a6b8","status":"passed","time":{"start":1742608366693,"stop":1742608398889,"duration":32196}},{"uid":"ff7194616ca8177","reportUrl":"../4134//#testresult/ff7194616ca8177","status":"passed","time":{"start":1742521590232,"stop":1742521623503,"duration":33271}},{"uid":"b55f95d11a903240","reportUrl":"../4131//#testresult/b55f95d11a903240","status":"passed","time":{"start":1742435282844,"stop":1742435316171,"duration":33327}},{"uid":"44a1e8fc34d6a471","reportUrl":"../4124//#testresult/44a1e8fc34d6a471","status":"passed","time":{"start":1742349045806,"stop":1742349079044,"duration":33238}},{"uid":"9763e291786eaa5f","reportUrl":"../4119//#testresult/9763e291786eaa5f","status":"passed","time":{"start":1742262847600,"stop":1742262879851,"duration":32251}},{"uid":"c27077d859b74070","reportUrl":"../4117//#testresult/c27077d859b74070","status":"passed","time":{"start":1742003354683,"stop":1742003387928,"duration":33245}},{"uid":"cb6b5608390430a2","reportUrl":"../4116//#testresult/cb6b5608390430a2","status":"passed","time":{"start":1741916825756,"stop":1741916857950,"duration":32194}},{"uid":"2cffccdbe1617124","reportUrl":"../4104//#testresult/2cffccdbe1617124","status":"passed","time":{"start":1741830797186,"stop":1741830829392,"duration":32206}},{"uid":"f0091cae9b490a4c","reportUrl":"../4091//#testresult/f0091cae9b490a4c","status":"passed","time":{"start":1741744522143,"stop":1741744555348,"duration":33205}},{"uid":"d6475b360fa905c2","reportUrl":"../4079//#testresult/d6475b360fa905c2","status":"passed","time":{"start":1741657605879,"stop":1741657638130,"duration":32251}},{"uid":"4016a53b17dc0bef","reportUrl":"../4072//#testresult/4016a53b17dc0bef","status":"passed","time":{"start":1741571360792,"stop":1741571394056,"duration":33264}},{"uid":"fab71d4fbf6d70d1","reportUrl":"../4071//#testresult/fab71d4fbf6d70d1","status":"passed","time":{"start":1741484904428,"stop":1741484936671,"duration":32243}},{"uid":"1ae6b6a538cac307","reportUrl":"../4069//#testresult/1ae6b6a538cac307","status":"passed","time":{"start":1741398704128,"stop":1741398737386,"duration":33258}},{"uid":"5725e80325d6dac","reportUrl":"../4065//#testresult/5725e80325d6dac","status":"passed","time":{"start":1741312069671,"stop":1741312103076,"duration":33405}},{"uid":"c6cf624500dabc4d","reportUrl":"../4063//#testresult/c6cf624500dabc4d","status":"passed","time":{"start":1741225778993,"stop":1741225811265,"duration":32272}},{"uid":"c63a58f7571ba082","reportUrl":"../4059//#testresult/c63a58f7571ba082","status":"passed","time":{"start":1741139304346,"stop":1741139336560,"duration":32214}},{"uid":"84e5b59d511d45ce","reportUrl":"../4054//#testresult/84e5b59d511d45ce","status":"passed","time":{"start":1741053901298,"stop":1741053934528,"duration":33230}}]},"tags":["asyncio"]},"source":"42705413ffc226b0.json","parameterValues":[]}