[32mINFO    [0m juju.model:model.py:2098 Deploying ch:amd64/jammy/nextcloud-24
[32mINFO    [0m juju.model:model.py:2958 Waiting for model:
  nextcloud/0 [allocating] waiting: waiting for machine
[32mINFO    [0m juju.model:model.py:2958 Waiting for model:
  nextcloud/0 [allocating] waiting: waiting for machine
[32mINFO    [0m juju.model:model.py:2958 Waiting for model:
  nextcloud/0 [allocating] waiting: waiting for machine
[32mINFO    [0m juju.model:model.py:2958 Waiting for model:
  nextcloud/0 [executing] maintenance: installing charm software
[32mINFO    [0m juju.model:model.py:2958 Waiting for model:
  nextcloud/0 [executing] maintenance: installing dependencies...
[32mINFO    [0m juju.model:model.py:2958 Waiting for model:
  nextcloud/0 [executing] maintenance: installing dependencies...
[32mINFO    [0m juju.model:model.py:2958 Waiting for model:
  nextcloud/0 [executing] maintenance: installing dependencies...
[32mINFO    [0m juju.model:model.py:2958 Waiting for model:
  nextcloud/0 [executing] maintenance: fetching nextcloud from network...
[32mINFO    [0m juju.model:model.py:2958 Waiting for model:
  nextcloud/0 [executing] maintenance: fetching nextcloud from network...
[32mINFO    [0m juju.model:model.py:2958 Waiting for model:
  nextcloud/0 [idle] blocked: Nextcloud not initialized.
[32mINFO    [0m juju.model:model.py:2958 Waiting for model:
  nextcloud/0 [idle] blocked: Nextcloud not initialized.
[32mINFO    [0m juju.model:model.py:2958 Waiting for model:
  nextcloud/0 [idle] blocked: Nextcloud not initialized.
[32mINFO    [0m juju.model:model.py:2958 Waiting for model:
  nextcloud/0 [idle] blocked: Nextcloud not initialized.
[33mWARNING [0m juju.model:model.py:1564 relate is deprecated and will be removed. Use integrate instead.
[32mINFO    [0m juju.model:model.py:2958 Waiting for model:
  database/2 [idle] active: 
  database/3 [idle] active: Primary
  nextcloud/0 [executing] blocked: Nextcloud not initialized.
[32mINFO    [0m juju.model:model.py:2958 Waiting for model:
  nextcloud/0 [executing] maintenance: initializing nextcloud...
[32mINFO    [0m pytest_operator.plugin:plugin.py:862 Model status:

Model  Controller           Cloud/Region         Version  SLA          Timestamp
test   localhost-localhost  localhost/localhost  3.1.8    unsupported  02:16:07Z

App                      Version    Status   Scale  Charm                Channel        Rev  Exposed  Message
another-application                 active       1  postgresql-test-app  edge           142  no       received database credentials of the first database
another-data-integrator             blocked      1  data-integrator      latest/stable   27  no       Please relate the data-integrator with the desired product
another-database         14.11      active       2  postgresql                            1  no       Primary
data-integrator                     blocked      1  data-integrator      latest/stable   27  no       Please relate the data-integrator with the desired product
database                 14.11      active       2  postgresql                            0  no       
nextcloud                27.1.10.2  active       1  nextcloud            edge            24  no       27.1.10.2 ‚òÅ
postgresql-test-app                 active       2  postgresql-test-app  edge           142  no       received database credentials of the second database

Unit                        Workload  Agent  Machine  Public address  Ports     Message
another-application/0*      active    idle   6        10.218.76.129             received database credentials of the first database
another-data-integrator/0*  blocked   idle   10       10.218.76.74              Please relate the data-integrator with the desired product
another-database/0*         active    idle   3        10.218.76.236   5432/tcp  Primary
another-database/1          active    idle   4        10.218.76.189   5432/tcp  
data-integrator/0*          blocked   idle   9        10.218.76.201             Please relate the data-integrator with the desired product
database/2*                 active    idle   7        10.218.76.245   5432/tcp  
database/3                  active    idle   8        10.218.76.234   5432/tcp  Primary
nextcloud/0*                active    idle   11       10.218.76.183   80/tcp    27.1.10.2 ‚òÅ
postgresql-test-app/0       active    idle   0        10.218.76.237             received database credentials of the second database
postgresql-test-app/1*      active    idle   1        10.218.76.9               received database credentials of the second database

Machine  State    Address        Inst id         Base          AZ  Message
0        started  10.218.76.237  juju-4bf083-0   ubuntu@22.04      Running
1        started  10.218.76.9    juju-4bf083-1   ubuntu@22.04      Running
3        started  10.218.76.236  juju-4bf083-3   ubuntu@22.04      Running
4        started  10.218.76.189  juju-4bf083-4   ubuntu@22.04      Running
6        started  10.218.76.129  juju-4bf083-6   ubuntu@22.04      Running
7        started  10.218.76.245  juju-4bf083-7   ubuntu@22.04      Running
8        started  10.218.76.234  juju-4bf083-8   ubuntu@22.04      Running
9        started  10.218.76.201  juju-4bf083-9   ubuntu@22.04      Running
10       started  10.218.76.74   juju-4bf083-10  ubuntu@22.04      Running
11       started  10.218.76.183  juju-4bf083-11  ubuntu@22.04      Running

[32mINFO    [0m pytest_operator.plugin:plugin.py:868 Juju error logs:

machine-1: 01:35:26 ERROR juju.worker.dependency "lxd-container-provisioner" manifold worker returned unexpected error: container types not yet available
machine-1: 01:35:26 ERROR juju.worker.dependency "kvm-container-provisioner" manifold worker returned unexpected error: container types not yet available
machine-1: 01:35:26 ERROR juju.worker.dependency "broker-tracker" manifold worker returned unexpected error: no container types determined
unit-postgresql-test-app-1: 01:35:27 ERROR juju.worker.meterstatus error running "meter-status-changed": charm missing from disk
machine-3: 01:35:36 ERROR juju.worker.dependency "broker-tracker" manifold worker returned unexpected error: no container types determined
machine-3: 01:35:37 ERROR juju.worker.dependency "kvm-container-provisioner" manifold worker returned unexpected error: container types not yet available
machine-3: 01:35:37 ERROR juju.worker.dependency "lxd-container-provisioner" manifold worker returned unexpected error: container types not yet available
unit-another-database-0: 01:35:37 ERROR juju.worker.meterstatus error running "meter-status-changed": charm missing from disk
machine-2: 01:35:42 ERROR juju.worker.dependency "kvm-container-provisioner" manifold worker returned unexpected error: container types not yet available
machine-2: 01:35:42 ERROR juju.worker.dependency "lxd-container-provisioner" manifold worker returned unexpected error: container types not yet available
machine-2: 01:35:42 ERROR juju.worker.dependency "broker-tracker" manifold worker returned unexpected error: no container types determined
unit-database-0: 01:35:43 ERROR juju.worker.meterstatus error running "meter-status-changed": charm missing from disk
machine-4: 01:35:50 ERROR juju.worker.dependency "lxd-container-provisioner" manifold worker returned unexpected error: container types not yet available
machine-4: 01:35:50 ERROR juju.worker.dependency "kvm-container-provisioner" manifold worker returned unexpected error: container types not yet available
machine-4: 01:35:50 ERROR juju.worker.dependency "broker-tracker" manifold worker returned unexpected error: no container types determined
unit-another-database-1: 01:35:51 ERROR juju.worker.meterstatus error running "meter-status-changed": charm missing from disk
machine-0: 01:35:59 ERROR juju.worker.dependency "lxd-container-provisioner" manifold worker returned unexpected error: container types not yet available
machine-0: 01:35:59 ERROR juju.worker.dependency "kvm-container-provisioner" manifold worker returned unexpected error: container types not yet available
machine-0: 01:35:59 ERROR juju.worker.dependency "broker-tracker" manifold worker returned unexpected error: no container types determined
unit-postgresql-test-app-0: 01:35:59 ERROR juju.worker.meterstatus error running "meter-status-changed": charm missing from disk
machine-5: 01:44:59 ERROR juju.worker.dependency "lxd-container-provisioner" manifold worker returned unexpected error: container types not yet available
machine-5: 01:44:59 ERROR juju.worker.dependency "broker-tracker" manifold worker returned unexpected error: no container types determined
machine-5: 01:44:59 ERROR juju.worker.dependency "kvm-container-provisioner" manifold worker returned unexpected error: container types not yet available
unit-database-1: 01:44:59 ERROR juju.worker.meterstatus error running "meter-status-changed": charm missing from disk
machine-6: 01:49:38 ERROR juju.worker.dependency "kvm-container-provisioner" manifold worker returned unexpected error: container types not yet available
machine-6: 01:49:38 ERROR juju.worker.dependency "lxd-container-provisioner" manifold worker returned unexpected error: container types not yet available
machine-6: 01:49:38 ERROR juju.worker.dependency "broker-tracker" manifold worker returned unexpected error: no container types determined
unit-another-application-0: 01:49:38 ERROR juju.worker.meterstatus error running "meter-status-changed": charm missing from disk
machine-8: 01:53:25 ERROR juju.worker.dependency "broker-tracker" manifold worker returned unexpected error: no container types determined
machine-8: 01:53:25 ERROR juju.worker.dependency "lxd-container-provisioner" manifold worker returned unexpected error: container types not yet available
machine-8: 01:53:25 ERROR juju.worker.dependency "kvm-container-provisioner" manifold worker returned unexpected error: container types not yet available
unit-database-3: 01:53:25 ERROR juju.worker.meterstatus error running "meter-status-changed": charm missing from disk
machine-7: 01:53:25 ERROR juju.worker.dependency "lxd-container-provisioner" manifold worker returned unexpected error: container types not yet available
machine-7: 01:53:25 ERROR juju.worker.dependency "kvm-container-provisioner" manifold worker returned unexpected error: container types not yet available
machine-7: 01:53:25 ERROR juju.worker.dependency "broker-tracker" manifold worker returned unexpected error: no container types determined
unit-database-2: 01:53:25 ERROR juju.worker.meterstatus error running "meter-status-changed": charm missing from disk
machine-9: 02:03:58 ERROR juju.worker.dependency "kvm-container-provisioner" manifold worker returned unexpected error: container types not yet available
machine-9: 02:03:58 ERROR juju.worker.dependency "broker-tracker" manifold worker returned unexpected error: no container types determined
machine-9: 02:03:58 ERROR juju.worker.dependency "lxd-container-provisioner" manifold worker returned unexpected error: container types not yet available
unit-data-integrator-0: 02:03:58 ERROR juju.worker.meterstatus error running "meter-status-changed": charm missing from disk
machine-10: 02:06:43 ERROR juju.worker.dependency "broker-tracker" manifold worker returned unexpected error: no container types determined
machine-10: 02:06:43 ERROR juju.worker.dependency "lxd-container-provisioner" manifold worker returned unexpected error: container types not yet available
machine-10: 02:06:43 ERROR juju.worker.dependency "kvm-container-provisioner" manifold worker returned unexpected error: container types not yet available
unit-another-data-integrator-0: 02:06:43 ERROR juju.worker.meterstatus error running "meter-status-changed": charm missing from disk
unit-database-2: 02:07:26 ERROR unit.database/2.juju-log database:20: Invalid extra user roles: test
unit-database-2: 02:07:26 ERROR unit.database/2.juju-log database:20: invalid role(s) for extra user roles
Traceback (most recent call last):
  File "/var/lib/juju/agents/unit-database-2/charm/src/relations/postgresql_provider.py", line 93, in _on_database_requested
    self.charm.postgresql.create_user(user, password, extra_user_roles=extra_user_roles)
  File "/var/lib/juju/agents/unit-database-2/charm/lib/charms/postgresql_k8s/v0/postgresql.py", line 222, in create_user
    raise PostgreSQLCreateUserError(INVALID_EXTRA_USER_ROLE_BLOCKING_MESSAGE)
charms.postgresql_k8s.v0.postgresql.PostgreSQLCreateUserError: invalid role(s) for extra user roles
unit-database-2: 02:07:28 ERROR unit.database/2.juju-log database:19: Invalid extra user roles: test
unit-database-2: 02:07:28 ERROR unit.database/2.juju-log database:19: invalid role(s) for extra user roles
Traceback (most recent call last):
  File "/var/lib/juju/agents/unit-database-2/charm/src/relations/postgresql_provider.py", line 93, in _on_database_requested
    self.charm.postgresql.create_user(user, password, extra_user_roles=extra_user_roles)
  File "/var/lib/juju/agents/unit-database-2/charm/lib/charms/postgresql_k8s/v0/postgresql.py", line 222, in create_user
    raise PostgreSQLCreateUserError(INVALID_EXTRA_USER_ROLE_BLOCKING_MESSAGE)
charms.postgresql_k8s.v0.postgresql.PostgreSQLCreateUserError: invalid role(s) for extra user roles
unit-another-data-integrator-0: 02:08:19 ERROR juju.worker.dependency "uniter" manifold worker returned unexpected error: relation scope id "4d4fa120-1e34-4718-84b5-fcea284bf083:r#20#database": settings 4d4fa120-1e34-4718-84b5-fcea284bf083:r#20#database not found (not found)
unit-database-3: 02:08:20 ERROR juju.worker.dependency "uniter" manifold worker returned unexpected error: relation scope id "4d4fa120-1e34-4718-84b5-fcea284bf083:r#20#another-data-integrator": settings 4d4fa120-1e34-4718-84b5-fcea284bf083:r#20#another-data-integrator not found (not found)
machine-11: 02:10:13 ERROR juju.worker.dependency "kvm-container-provisioner" manifold worker returned unexpected error: container types not yet available
machine-11: 02:10:13 ERROR juju.worker.dependency "broker-tracker" manifold worker returned unexpected error: no container types determined
machine-11: 02:10:13 ERROR juju.worker.dependency "lxd-container-provisioner" manifold worker returned unexpected error: container types not yet available
unit-nextcloud-0: 02:10:13 ERROR juju.worker.meterstatus error running "meter-status-changed": charm missing from disk

[32mINFO    [0m pytest_operator.plugin:plugin.py:947 Forgetting model main...