[32mINFO    [0m integration.ha_tests.test_async_replication:test_async_replication.py:82 Destroying second model
[32mINFO    [0m pytest_operator.plugin:plugin.py:951 Model status:

Model    Controller     Cloud/Region         Version  SLA          Timestamp
testing  concierge-lxd  localhost/localhost  3.6.12   unsupported  01:52:09Z

App                  Version  Status   Scale  Charm                Channel      Rev  Exposed  Message
data-integrator               active       1  data-integrator      latest/edge  307  no       
postgresql           14.20    blocked      3  postgresql                          0  no       Standalone read-only cluster
postgresql-test-app           blocked      1  postgresql-test-app  latest/edge  426  no       No database integration available

Unit                    Workload  Agent      Machine  Public address  Ports     Message
data-integrator/0*      active    idle       3        10.210.58.66              
postgresql-test-app/0*  blocked   idle       4        10.210.58.18              No database integration available
postgresql/0*           active    executing  0        10.210.58.156   5432/tcp  Standby
postgresql/1            error     idle       1        10.210.58.230   5432/tcp  hook failed: "database-peers-relation-changed"
postgresql/2            active    executing  2        10.210.58.9     5432/tcp  

Machine  State    Address        Inst id        Base          AZ             Message
0        started  10.210.58.156  juju-9e1f33-0  ubuntu@22.04  runnervmh13bl  Running
1        started  10.210.58.230  juju-9e1f33-1  ubuntu@22.04  runnervmh13bl  Running
2        started  10.210.58.9    juju-9e1f33-2  ubuntu@22.04  runnervmh13bl  Running
3        started  10.210.58.66   juju-9e1f33-3  ubuntu@24.04  runnervmh13bl  Running
4        started  10.210.58.18   juju-9e1f33-4  ubuntu@22.04  runnervmh13bl  Running

Offer              Application  Charm       Rev  Connected  Endpoint           Interface         Role
replication        postgresql   postgresql  0    0/0        replication        postgresql_async  requirer
replication-offer  postgresql   postgresql  0    0/0        replication-offer  postgresql_async  provider

[32mINFO    [0m pytest_operator.plugin:plugin.py:957 Juju error logs:

machine-3: 01:33:32 ERROR juju.worker.dependency "lxd-container-provisioner" manifold worker returned unexpected error: container types not yet available
machine-3: 01:33:32 ERROR juju.worker.dependency "kvm-container-provisioner" manifold worker returned unexpected error: container types not yet available
machine-0: 01:33:45 ERROR juju.worker.dependency "kvm-container-provisioner" manifold worker returned unexpected error: container types not yet available
machine-0: 01:33:45 ERROR juju.worker.dependency "lxd-container-provisioner" manifold worker returned unexpected error: container types not yet available
unit-postgresql-0: 01:35:35 ERROR unit.postgresql/0.juju-log Failed to list PostgreSQL database users: could not translate host name "None" to address: Temporary failure in name resolution

machine-4: 01:36:46 ERROR juju.worker.dependency "kvm-container-provisioner" manifold worker returned unexpected error: container types not yet available
machine-4: 01:36:46 ERROR juju.worker.dependency "lxd-container-provisioner" manifold worker returned unexpected error: container types not yet available
machine-2: 01:36:49 ERROR juju.worker.dependency "lxd-container-provisioner" manifold worker returned unexpected error: container types not yet available
machine-2: 01:36:49 ERROR juju.worker.dependency "kvm-container-provisioner" manifold worker returned unexpected error: container types not yet available
machine-1: 01:38:31 ERROR juju.worker.dependency "lxd-container-provisioner" manifold worker returned unexpected error: container types not yet available
machine-1: 01:38:31 ERROR juju.worker.dependency "kvm-container-provisioner" manifold worker returned unexpected error: container types not yet available
unit-postgresql-1: 01:52:04 ERROR unit.postgresql/1.juju-log database-peers:0: Uncaught exception while in charm code:
Traceback (most recent call last):
  File "/var/lib/juju/agents/unit-postgresql-1/charm/venv/lib/python3.10/site-packages/ops/model.py", line 3637, in _run
    result = subprocess.run(args, **kwargs)  # type: ignore
  File "/usr/lib/python3.10/subprocess.py", line 526, in run
    raise CalledProcessError(retcode, process.args,
subprocess.CalledProcessError: Command '('/var/lib/juju/tools/unit-postgresql-1/goal-state', '--format=json')' returned non-zero exit status 1.

The above exception was the direct cause of the following exception:

Traceback (most recent call last):
  File "/var/lib/juju/agents/unit-postgresql-1/charm/src/charm.py", line 2587, in <module>
    main(PostgresqlOperatorCharm)
  File "/var/lib/juju/agents/unit-postgresql-1/charm/venv/lib/python3.10/site-packages/ops/__init__.py", line 356, in __call__
    return _main.main(charm_class=charm_class, use_juju_for_storage=use_juju_for_storage)
  File "/var/lib/juju/agents/unit-postgresql-1/charm/venv/lib/python3.10/site-packages/ops/_main.py", line 502, in main
    manager.run()
  File "/var/lib/juju/agents/unit-postgresql-1/charm/venv/lib/python3.10/site-packages/ops/_main.py", line 486, in run
    self._emit()
  File "/var/lib/juju/agents/unit-postgresql-1/charm/venv/lib/python3.10/site-packages/ops/_main.py", line 421, in _emit
    self._emit_charm_event(self.dispatcher.event_name)
  File "/var/lib/juju/agents/unit-postgresql-1/charm/venv/lib/python3.10/site-packages/ops/_main.py", line 465, in _emit_charm_event
    event_to_emit.emit(*args, **kwargs)
  File "/var/lib/juju/agents/unit-postgresql-1/charm/venv/lib/python3.10/site-packages/ops/framework.py", line 351, in emit
    framework._emit(event)
  File "/var/lib/juju/agents/unit-postgresql-1/charm/venv/lib/python3.10/site-packages/ops/framework.py", line 924, in _emit
    self._reemit(event_path)
  File "/var/lib/juju/agents/unit-postgresql-1/charm/venv/lib/python3.10/site-packages/ops/framework.py", line 1030, in _reemit
    custom_handler(event)
  File "/var/lib/juju/agents/unit-postgresql-1/charm/lib/charms/tempo_coordinator_k8s/v0/charm_tracing.py", line 1153, in wrapped_function
    return callable(*args, **kwargs)  # type: ignore
  File "/var/lib/juju/agents/unit-postgresql-1/charm/src/charm.py", line 714, in _on_peer_relation_changed
    self.update_config()
  File "/var/lib/juju/agents/unit-postgresql-1/charm/lib/charms/tempo_coordinator_k8s/v0/charm_tracing.py", line 1153, in wrapped_function
    return callable(*args, **kwargs)  # type: ignore
  File "/var/lib/juju/agents/unit-postgresql-1/charm/src/charm.py", line 2172, in update_config
    pg_parameters = self._build_postgresql_parameters()
  File "/var/lib/juju/agents/unit-postgresql-1/charm/lib/charms/tempo_coordinator_k8s/v0/charm_tracing.py", line 1153, in wrapped_function
    return callable(*args, **kwargs)  # type: ignore
  File "/var/lib/juju/agents/unit-postgresql-1/charm/src/charm.py", line 2146, in _build_postgresql_parameters
    pg_parameters = self.postgresql.build_postgresql_parameters(
  File "/usr/lib/python3.10/functools.py", line 981, in __get__
    val = self.func(instance)
  File "/var/lib/juju/agents/unit-postgresql-1/charm/src/charm.py", line 401, in postgresql
    primary_host=self.primary_endpoint,
  File "/usr/lib/python3.10/functools.py", line 981, in __get__
    val = self.func(instance)
  File "/var/lib/juju/agents/unit-postgresql-1/charm/src/charm.py", line 416, in primary_endpoint
    primary = self._patroni.get_primary()
  File "/usr/lib/python3.10/functools.py", line 981, in __get__
    val = self.func(instance)
  File "/var/lib/juju/agents/unit-postgresql-1/charm/src/charm.py", line 938, in _patroni
    self.app.planned_units(),
  File "/var/lib/juju/agents/unit-postgresql-1/charm/venv/lib/python3.10/site-packages/ops/model.py", line 486, in planned_units
    return self._backend.planned_units()
  File "/var/lib/juju/agents/unit-postgresql-1/charm/venv/lib/python3.10/site-packages/ops/model.py", line 3986, in planned_units
    app_state = self._run('goal-state', return_output=True, use_json=True)
  File "/var/lib/juju/agents/unit-postgresql-1/charm/venv/lib/python3.10/site-packages/ops/model.py", line 3639, in _run
    raise ModelError(e.stderr) from e
ops.model.ModelError: ERROR getting relation status: cannot get status: relation not found

unit-postgresql-1: 01:52:05 ERROR juju.worker.uniter.operation hook "database-peers-relation-changed" (via hook dispatching script: dispatch) failed: exit status 1

[32mINFO    [0m pytest_operator.plugin:plugin.py:1039 Forgetting model main...