[33mWARNING [0m juju.client.connection:connection.py:858 unexpected facade SSHServer received from the controller
[32mINFO    [0m pytest_operator.plugin:plugin.py:806 Connecting to existing model concierge-lxd:testing on unspecified cloud
[33mWARNING [0m juju.client.connection:connection.py:858 unexpected facade SSHServer received from the controller
[33mWARNING [0m juju.client.connection:connection.py:858 unexpected facade SSHSession received from the controller
[33mWARNING [0m juju.client.connection:connection.py:858 unexpected facade SSHTunneler received from the controller
[33mWARNING [0m juju.client.connection:connection.py:858 unexpected facade SSHServer received from the controller
[33mWARNING [0m juju.client.connection:connection.py:858 unexpected facade SSHServer received from the controller
[32mINFO    [0m juju.model:__init__.py:2301 Deploying ch:amd64/jammy/s3-integrator-145
[32mINFO    [0m juju.model:__init__.py:2301 Deploying ch:amd64/noble/self-signed-certificates-317
[32mINFO    [0m juju.model:__init__.py:2301 Deploying local:postgresql-0
[33mWARNING [0m juju.model:__init__.py:1683 relate is deprecated and will be removed. Use integrate instead.
[32mINFO    [0m juju.model:__init__.py:3254 Waiting for model:
  postgresql-aws/0 [allocating] waiting: waiting for machine
  postgresql-aws/1 [allocating] waiting: waiting for machine
[32mINFO    [0m juju.model:__init__.py:3254 Waiting for model:
  postgresql-aws/0 [allocating] waiting: waiting for machine
  postgresql-aws/1 [allocating] waiting: waiting for machine
[32mINFO    [0m juju.model:__init__.py:3254 Waiting for model:
  postgresql-aws/0 [allocating] waiting: waiting for machine
  postgresql-aws/1 [allocating] waiting: waiting for machine
[32mINFO    [0m juju.model:__init__.py:3254 Waiting for model:
  postgresql-aws/0 [allocating] waiting: waiting for machine
  postgresql-aws/1 [allocating] waiting: waiting for machine
[32mINFO    [0m juju.model:__init__.py:3254 Waiting for model:
  postgresql-aws/0 [allocating] waiting: waiting for machine
  postgresql-aws/1 [allocating] waiting: waiting for machine
[32mINFO    [0m juju.model:__init__.py:3254 Waiting for model:
  postgresql-aws/0 [allocating] waiting: waiting for machine
  postgresql-aws/1 [allocating] waiting: waiting for machine
[32mINFO    [0m juju.model:__init__.py:3254 Waiting for model:
  postgresql-aws/0 [executing] maintenance: installing PostgreSQL
  postgresql-aws/1 [executing] maintenance: installing PostgreSQL
[32mINFO    [0m juju.model:__init__.py:3254 Waiting for model:
  postgresql-aws/0 [executing] waiting: awaiting for cluster to start
  postgresql-aws/1 [executing] active: Primary (degraded)
[32mINFO    [0m juju.model:__init__.py:3254 Waiting for model:
  postgresql-aws/0 [idle] waiting: awaiting for cluster to start
  postgresql-aws/1 [executing] blocked: failed to restart PostgreSQL
[32mINFO    [0m juju.model:__init__.py:3254 Waiting for model:
  postgresql-aws/0 [executing] waiting: awaiting for cluster to start
  postgresql-aws/1 [executing] active: Primary (read-only)
[32mINFO    [0m juju.model:__init__.py:3254 Waiting for model:
  postgresql-aws/0 [executing] active: 
  postgresql-aws/1 [idle] active: Primary
[32mINFO    [0m integration.helpers:helpers.py:1155 configuring S3 integrator for AWS
[33mWARNING [0m juju.model:__init__.py:1683 relate is deprecated and will be removed. Use integrate instead.
[32mINFO    [0m juju.model:__init__.py:3254 Waiting for model:
  postgresql-aws/0 [idle] active: 
  postgresql-aws/1 [idle] active: Primary
  s3-integrator/0 [executing] active: 
[32mINFO    [0m juju.model:__init__.py:3254 Waiting for model:
  postgresql-aws/0 [idle] active: 
  postgresql-aws/1 [executing] maintenance: checking stanza
[32mINFO    [0m integration.helpers:helpers.py:1178 creating a table in the database
[32mINFO    [0m integration.helpers:helpers.py:1187 creating a backup
[32mINFO    [0m juju.model:__init__.py:3254 Waiting for model:
  postgresql-aws/0 [idle] active: 
  postgresql-aws/1 [executing] active: Primary
  s3-integrator/0 [idle] active: 
[32mINFO    [0m juju.model:__init__.py:3254 Waiting for model:
  s3-integrator/0 [idle] active: 
  self-signed-certificates/0 [idle] active: 
  postgresql-aws/0 [idle] active: 
  postgresql-aws/1 [idle] active: Primary
[32mINFO    [0m integration.helpers:helpers.py:1199 listing the available backups
[32mINFO    [0m juju.model:__init__.py:3254 Waiting for model:
  s3-integrator/0 [idle] active: 
  self-signed-certificates/0 [idle] active: 
  postgresql-aws/0 [idle] active: 
  postgresql-aws/1 [idle] active: Primary
[32mINFO    [0m integration.helpers:helpers.py:1208 creating a second table in the database
[32mINFO    [0m integration.helpers:helpers.py:1215 creating a backup
[32mINFO    [0m juju.model:__init__.py:3254 Waiting for model:
  s3-integrator/0 [idle] active: 
  self-signed-certificates/0 [idle] active: 
  postgresql-aws/0 [idle] active: 
  postgresql-aws/1 [idle] active: Primary
[32mINFO    [0m integration.helpers:helpers.py:1226 listing the available backups
[32mINFO    [0m juju.model:__init__.py:3254 Waiting for model:
  s3-integrator/0 [idle] active: 
  self-signed-certificates/0 [idle] active: 
  postgresql-aws/0 [idle] active: 
  postgresql-aws/1 [idle] active: Primary
[32mINFO    [0m integration.helpers:helpers.py:1235 creating a second table in the database
[32mINFO    [0m integration.helpers:helpers.py:1256 restoring the backup
[32mINFO    [0m juju.model:__init__.py:3254 Waiting for model:
  s3-integrator/0 [idle] active: 
  self-signed-certificates/0 [idle] active: 
  postgresql-aws/1 [executing] maintenance: restoring backup
[32mINFO    [0m juju.model:__init__.py:3254 Waiting for model:
  postgresql-aws/1 [idle] maintenance: reconfiguring cluster
[32mINFO    [0m juju.model:__init__.py:3254 Waiting for model:
  postgresql-aws/1 [idle] maintenance: reconfiguring cluster
[32mINFO    [0m juju.model:__init__.py:3254 Waiting for model:
  postgresql-aws/1 [idle] maintenance: reconfiguring cluster
[32mINFO    [0m juju.model:__init__.py:3254 Waiting for model:
  postgresql-aws/1 [idle] active: Primary
[32mINFO    [0m integration.helpers:helpers.py:1269 checking that the backup was correctly restored
[32mINFO    [0m integration.helpers:helpers.py:1301 restoring the backup
[32mINFO    [0m juju.model:__init__.py:3254 Waiting for model:
  s3-integrator/0 [idle] active: 
  self-signed-certificates/0 [idle] active: 
  postgresql-aws/1 [executing] maintenance: restoring backup
[32mINFO    [0m juju.model:__init__.py:3254 Waiting for model:
  postgresql-aws/1 [idle] maintenance: reconfiguring cluster
[32mINFO    [0m juju.model:__init__.py:3254 Waiting for model:
  postgresql-aws/1 [idle] maintenance: reconfiguring cluster
[32mINFO    [0m juju.model:__init__.py:3254 Waiting for model:
  postgresql-aws/1 [idle] maintenance: reconfiguring cluster
[32mINFO    [0m juju.model:__init__.py:3254 Waiting for model:
  postgresql-aws/1 [idle] active: Primary
[32mINFO    [0m integration.helpers:helpers.py:1316 checking that the backup was correctly restored
[32mINFO    [0m juju.model:__init__.py:3254 Waiting for model:
  postgresql-aws/1 [executing] active: Primary
  postgresql-aws/2 [allocating] waiting: waiting for machine
[32mINFO    [0m juju.model:__init__.py:3254 Waiting for model:
  postgresql-aws/1 [idle] blocked: failed to restart PostgreSQL
  postgresql-aws/2 [allocating] waiting: waiting for machine
[32mINFO    [0m juju.model:__init__.py:3254 Waiting for model:
  postgresql-aws/1 [idle] blocked: failed to restart PostgreSQL
  postgresql-aws/2 [allocating] waiting: waiting for machine
[32mINFO    [0m juju.model:__init__.py:3254 Waiting for model:
  postgresql-aws/1 [idle] blocked: failed to restart PostgreSQL
  postgresql-aws/2 [executing] maintenance: installing PostgreSQL
[32mINFO    [0m juju.model:__init__.py:3254 Waiting for model:
  postgresql-aws/1 [executing] active: Primary (degraded)
  postgresql-aws/2 [executing] waiting: waiting to start PostgreSQL
[32mINFO    [0m juju.model:__init__.py:3254 Waiting for model:
  postgresql-aws/1 [idle] active: Primary (degraded)
  postgresql-aws/2 [executing] waiting: waiting to start PostgreSQL
[32mINFO    [0m juju.model:__init__.py:3254 Waiting for model:
  postgresql-aws/2 [executing] waiting: waiting to start PostgreSQL
[32mINFO    [0m juju.model:__init__.py:3254 Waiting for model:
  postgresql-aws/1 [idle] active: Primary
  postgresql-aws/2 [executing] waiting: awaiting for member to start
[32mINFO    [0m juju.model:__init__.py:3254 Waiting for model:
  postgresql-aws/1 [idle] active: Primary
  postgresql-aws/2 [idle] active: 
[32mINFO    [0m integration.test_backups_aws:test_backups_aws.py:104 listing the available backups
[32mINFO    [0m juju.model:__init__.py:3254 Waiting for model:
  s3-integrator/0 [idle] active: 
  self-signed-certificates/0 [idle] active: 
  postgresql-aws/1 [idle] active: 
  postgresql-aws/2 [idle] active:
[32mINFO    [0m integration.conftest:conftest.py:54 deleting the previously created backups
[32mINFO    [0m pytest_operator.plugin:plugin.py:951 Model status:

Model    Controller     Cloud/Region         Version  SLA          Timestamp
testing  concierge-lxd  localhost/localhost  3.6.12   unsupported  00:24:05Z

App            Version  Status  Scale  Charm          Channel        Rev  Exposed  Message
s3-integrator           active      1  s3-integrator  latest/stable  145  no       

Unit              Workload  Agent  Machine  Public address  Ports  Message
s3-integrator/0*  active    idle   0        10.25.86.171           

Machine  State    Address       Inst id        Base          AZ             Message
0        started  10.25.86.171  juju-12e53e-0  ubuntu@22.04  runnervmmtnos  Running

[32mINFO    [0m pytest_operator.plugin:plugin.py:957 Juju error logs:

machine-1: 00:05:36 ERROR juju.worker.dependency "lxd-container-provisioner" manifold worker returned unexpected error: container types not yet available
machine-1: 00:05:36 ERROR juju.worker.dependency "kvm-container-provisioner" manifold worker returned unexpected error: container types not yet available
machine-0: 00:06:26 ERROR juju.worker.dependency "kvm-container-provisioner" manifold worker returned unexpected error: container types not yet available
machine-0: 00:06:26 ERROR juju.worker.dependency "lxd-container-provisioner" manifold worker returned unexpected error: container types not yet available
unit-self-signed-certificates-0: 00:06:33 ERROR unit.self-signed-certificates/0.juju-log At least 1 matching relation ID not found with the relation name 'send-ca-cert'
machine-3: 00:07:14 ERROR juju.worker.dependency "lxd-container-provisioner" manifold worker returned unexpected error: container types not yet available
machine-3: 00:07:14 ERROR juju.worker.dependency "kvm-container-provisioner" manifold worker returned unexpected error: container types not yet available
machine-2: 00:07:22 ERROR juju.worker.dependency "lxd-container-provisioner" manifold worker returned unexpected error: container types not yet available
machine-2: 00:07:22 ERROR juju.worker.dependency "kvm-container-provisioner" manifold worker returned unexpected error: container types not yet available
unit-self-signed-certificates-0: 00:07:35 ERROR unit.self-signed-certificates/0.juju-log At least 1 matching relation ID not found with the relation name 'send-ca-cert'
unit-self-signed-certificates-0: 00:07:57 ERROR unit.self-signed-certificates/0.juju-log certificates:4: At least 1 matching relation ID not found with the relation name 'send-ca-cert'
unit-postgresql-aws-1: 00:08:02 ERROR unit.postgresql-aws/1.juju-log Unable to get the state of the cluster
Traceback (most recent call last):
  File "/var/lib/juju/agents/unit-postgresql-aws-1/charm/src/cluster.py", line 568, in are_replicas_up
    members = self.cluster_status()
  File "/var/lib/juju/agents/unit-postgresql-aws-1/charm/lib/charms/tempo_coordinator_k8s/v0/charm_tracing.py", line 1153, in wrapped_function
    return callable(*args, **kwargs)  # type: ignore
  File "/var/lib/juju/agents/unit-postgresql-aws-1/charm/src/cluster.py", line 368, in cluster_status
    raise RetryError(
tenacity.RetryError: RetryError[<Future at 0x7fabcc557460 state=finished raised Exception>]
unit-self-signed-certificates-0: 00:08:03 ERROR unit.self-signed-certificates/0.juju-log certificates:4: At least 1 matching relation ID not found with the relation name 'send-ca-cert'
unit-self-signed-certificates-0: 00:08:13 ERROR unit.self-signed-certificates/0.juju-log certificates:4: At least 1 matching relation ID not found with the relation name 'send-ca-cert'
unit-self-signed-certificates-0: 00:08:35 ERROR unit.self-signed-certificates/0.juju-log At least 1 matching relation ID not found with the relation name 'send-ca-cert'
unit-self-signed-certificates-0: 00:08:37 ERROR unit.self-signed-certificates/0.juju-log certificates:4: At least 1 matching relation ID not found with the relation name 'send-ca-cert'
unit-postgresql-aws-1: 00:08:43 ERROR unit.postgresql-aws/1.juju-log certificates:4: failed to restart PostgreSQL
Traceback (most recent call last):
  File "/var/lib/juju/agents/unit-postgresql-aws-1/charm/venv/lib/python3.10/site-packages/urllib3/connectionpool.py", line 464, in _make_request
    self._validate_conn(conn)
  File "/var/lib/juju/agents/unit-postgresql-aws-1/charm/venv/lib/python3.10/site-packages/urllib3/connectionpool.py", line 1093, in _validate_conn
    conn.connect()
  File "/var/lib/juju/agents/unit-postgresql-aws-1/charm/venv/lib/python3.10/site-packages/urllib3/connection.py", line 796, in connect
    sock_and_verified = _ssl_wrap_socket_and_match_hostname(
  File "/var/lib/juju/agents/unit-postgresql-aws-1/charm/venv/lib/python3.10/site-packages/urllib3/connection.py", line 975, in _ssl_wrap_socket_and_match_hostname
    ssl_sock = ssl_wrap_socket(
  File "/var/lib/juju/agents/unit-postgresql-aws-1/charm/venv/lib/python3.10/site-packages/urllib3/util/ssl_.py", line 483, in ssl_wrap_socket
    ssl_sock = _ssl_wrap_socket_impl(sock, context, tls_in_tls, server_hostname)
  File "/var/lib/juju/agents/unit-postgresql-aws-1/charm/venv/lib/python3.10/site-packages/urllib3/util/ssl_.py", line 527, in _ssl_wrap_socket_impl
    return ssl_context.wrap_socket(sock, server_hostname=server_hostname)
  File "/usr/lib/python3.10/ssl.py", line 513, in wrap_socket
    return self.sslsocket_class._create(
  File "/usr/lib/python3.10/ssl.py", line 1100, in _create
    self.do_handshake()
  File "/usr/lib/python3.10/ssl.py", line 1371, in do_handshake
    self._sslobj.do_handshake()
ssl.SSLError: [SSL: WRONG_VERSION_NUMBER] wrong version number (_ssl.c:1007)

During handling of the above exception, another exception occurred:

Traceback (most recent call last):
  File "/var/lib/juju/agents/unit-postgresql-aws-1/charm/venv/lib/python3.10/site-packages/urllib3/connectionpool.py", line 787, in urlopen
    response = self._make_request(
  File "/var/lib/juju/agents/unit-postgresql-aws-1/charm/venv/lib/python3.10/site-packages/urllib3/connectionpool.py", line 488, in _make_request
    raise new_e
urllib3.exceptions.SSLError: [SSL: WRONG_VERSION_NUMBER] wrong version number (_ssl.c:1007)

The above exception was the direct cause of the following exception:

Traceback (most recent call last):
  File "/var/lib/juju/agents/unit-postgresql-aws-1/charm/venv/lib/python3.10/site-packages/requests/adapters.py", line 644, in send
    resp = conn.urlopen(
  File "/var/lib/juju/agents/unit-postgresql-aws-1/charm/venv/lib/python3.10/site-packages/urllib3/connectionpool.py", line 841, in urlopen
    retries = retries.increment(
  File "/var/lib/juju/agents/unit-postgresql-aws-1/charm/venv/lib/python3.10/site-packages/urllib3/util/retry.py", line 535, in increment
    raise MaxRetryError(_pool, url, reason) from reason  # type: ignore[arg-type]
urllib3.exceptions.MaxRetryError: HTTPSConnectionPool(host='10.25.86.229', port=8008): Max retries exceeded with url: /restart (Caused by SSLError(SSLError(1, '[SSL: WRONG_VERSION_NUMBER] wrong version number (_ssl.c:1007)')))

During handling of the above exception, another exception occurred:

Traceback (most recent call last):
  File "/var/lib/juju/agents/unit-postgresql-aws-1/charm/venv/lib/python3.10/site-packages/tenacity/__init__.py", line 480, in __call__
    result = fn(*args, **kwargs)
  File "/var/lib/juju/agents/unit-postgresql-aws-1/charm/src/cluster.py", line 985, in restart_postgresql
    requests.post(
  File "/var/lib/juju/agents/unit-postgresql-aws-1/charm/venv/lib/python3.10/site-packages/requests/api.py", line 115, in post
    return request("post", url, data=data, json=json, **kwargs)
  File "/var/lib/juju/agents/unit-postgresql-aws-1/charm/venv/lib/python3.10/site-packages/requests/api.py", line 59, in request
    return session.request(method=method, url=url, **kwargs)
  File "/var/lib/juju/agents/unit-postgresql-aws-1/charm/venv/lib/python3.10/site-packages/requests/sessions.py", line 589, in request
    resp = self.send(prep, **send_kwargs)
  File "/var/lib/juju/agents/unit-postgresql-aws-1/charm/venv/lib/python3.10/site-packages/requests/sessions.py", line 703, in send
    r = adapter.send(request, **kwargs)
  File "/var/lib/juju/agents/unit-postgresql-aws-1/charm/venv/lib/python3.10/site-packages/requests/adapters.py", line 675, in send
    raise SSLError(e, request=request)
requests.exceptions.SSLError: HTTPSConnectionPool(host='10.25.86.229', port=8008): Max retries exceeded with url: /restart (Caused by SSLError(SSLError(1, '[SSL: WRONG_VERSION_NUMBER] wrong version number (_ssl.c:1007)')))

The above exception was the direct cause of the following exception:

Traceback (most recent call last):
  File "/var/lib/juju/agents/unit-postgresql-aws-1/charm/src/charm.py", line 1964, in _restart
    self._patroni.restart_postgresql()
  File "/var/lib/juju/agents/unit-postgresql-aws-1/charm/lib/charms/tempo_coordinator_k8s/v0/charm_tracing.py", line 1153, in wrapped_function
    return callable(*args, **kwargs)  # type: ignore
  File "/var/lib/juju/agents/unit-postgresql-aws-1/charm/venv/lib/python3.10/site-packages/tenacity/__init__.py", line 338, in wrapped_f
    return copy(f, *args, **kw)
  File "/var/lib/juju/agents/unit-postgresql-aws-1/charm/venv/lib/python3.10/site-packages/tenacity/__init__.py", line 477, in __call__
    do = self.iter(retry_state=retry_state)
  File "/var/lib/juju/agents/unit-postgresql-aws-1/charm/venv/lib/python3.10/site-packages/tenacity/__init__.py", line 378, in iter
    result = action(retry_state)
  File "/var/lib/juju/agents/unit-postgresql-aws-1/charm/venv/lib/python3.10/site-packages/tenacity/__init__.py", line 421, in exc_check
    raise retry_exc from fut.exception()
tenacity.RetryError: RetryError[<Future at 0x7f80fb506680 state=finished raised SSLError>]
unit-self-signed-certificates-0: 00:09:44 ERROR unit.self-signed-certificates/0.juju-log At least 1 matching relation ID not found with the relation name 'send-ca-cert'
unit-self-signed-certificates-0: 00:10:58 ERROR unit.self-signed-certificates/0.juju-log At least 1 matching relation ID not found with the relation name 'send-ca-cert'
unit-self-signed-certificates-0: 00:11:54 ERROR unit.self-signed-certificates/0.juju-log At least 1 matching relation ID not found with the relation name 'send-ca-cert'
unit-self-signed-certificates-0: 00:12:05 ERROR unit.self-signed-certificates/0.juju-log At least 1 matching relation ID not found with the relation name 'send-ca-cert'
unit-self-signed-certificates-0: 00:12:14 ERROR unit.self-signed-certificates/0.juju-log At least 1 matching relation ID not found with the relation name 'send-ca-cert'
unit-self-signed-certificates-0: 00:13:08 ERROR unit.self-signed-certificates/0.juju-log At least 1 matching relation ID not found with the relation name 'send-ca-cert'
unit-self-signed-certificates-0: 00:13:41 ERROR unit.self-signed-certificates/0.juju-log At least 1 matching relation ID not found with the relation name 'send-ca-cert'
unit-self-signed-certificates-0: 00:13:52 ERROR unit.self-signed-certificates/0.juju-log At least 1 matching relation ID not found with the relation name 'send-ca-cert'
unit-postgresql-aws-1: 00:18:01 ERROR juju.worker.dependency "log-sender" manifold worker returned unexpected error: sending log message: websocket: close 1005 (no status): websocket: close sent
unit-s3-integrator-0: 00:18:01 ERROR juju.worker.dependency "log-sender" manifold worker returned unexpected error: sending log message: websocket: close 1005 (no status): websocket: close sent
unit-self-signed-certificates-0: 00:18:10 ERROR juju.worker.dependency "log-sender" manifold worker returned unexpected error: sending log message: websocket: close 1005 (no status): websocket: close sent
unit-self-signed-certificates-0: 00:18:10 ERROR unit.self-signed-certificates/0.juju-log At least 1 matching relation ID not found with the relation name 'send-ca-cert'
unit-self-signed-certificates-0: 00:18:20 ERROR unit.self-signed-certificates/0.juju-log At least 1 matching relation ID not found with the relation name 'send-ca-cert'
machine-1: 00:18:26 ERROR juju.worker.dependency "log-sender" manifold worker returned unexpected error: sending log message: websocket: close 1005 (no status): websocket: close sent
machine-3: 00:18:26 ERROR juju.worker.dependency "log-sender" manifold worker returned unexpected error: sending log message: websocket: close 1005 (no status): websocket: close sent
machine-0: 00:18:26 ERROR juju.worker.dependency "log-sender" manifold worker returned unexpected error: sending log message: websocket: close 1005 (no status): websocket: close sent
machine-4: 00:19:37 ERROR juju.worker.dependency "lxd-container-provisioner" manifold worker returned unexpected error: container types not yet available
machine-4: 00:19:37 ERROR juju.worker.dependency "kvm-container-provisioner" manifold worker returned unexpected error: container types not yet available

[32mINFO    [0m pytest_operator.plugin:plugin.py:1039 Forgetting model main...