[33mWARNING [0m juju.client.connection:connection.py:858 unexpected facade SSHServer received from the controller
[32mINFO    [0m pytest_operator.plugin:plugin.py:806 Connecting to existing model concierge-lxd:testing on unspecified cloud
[33mWARNING [0m juju.client.connection:connection.py:858 unexpected facade SSHServer received from the controller
[33mWARNING [0m juju.client.connection:connection.py:858 unexpected facade SSHSession received from the controller
[33mWARNING [0m juju.client.connection:connection.py:858 unexpected facade SSHTunneler received from the controller
[33mWARNING [0m juju.client.connection:connection.py:858 unexpected facade SSHServer received from the controller
[33mWARNING [0m juju.client.connection:connection.py:858 unexpected facade SSHServer received from the controller
[32mINFO    [0m integration.test_backups_pitr_gcp:test_backups_pitr_gcp.py:51 deploying the next charms: s3-integrator, self-signed-certificates, postgresql
[32mINFO    [0m juju.model:__init__.py:2301 Deploying ch:amd64/jammy/s3-integrator-145
[32mINFO    [0m juju.model:__init__.py:2301 Deploying ch:amd64/noble/self-signed-certificates-317
[32mINFO    [0m juju.model:__init__.py:2301 Deploying local:postgresql-0
[32mINFO    [0m integration.test_backups_pitr_gcp:test_backups_pitr_gcp.py:62 integrating self-signed-certificates with postgresql and waiting them to stabilize
[33mWARNING [0m juju.model:__init__.py:1683 relate is deprecated and will be removed. Use integrate instead.
[33mWARNING [0m juju.model:__init__.py:1683 relate is deprecated and will be removed. Use integrate instead.
[32mINFO    [0m juju.model:__init__.py:3254 Waiting for model:
  postgresql-gcp/0 [allocating] waiting: waiting for machine
  postgresql-gcp/1 [allocating] waiting: waiting for machine
  self-signed-certificates/0 [allocating] waiting: waiting for machine
[32mINFO    [0m juju.model:__init__.py:3254 Waiting for model:
  postgresql-gcp/0 [allocating] waiting: waiting for machine
  postgresql-gcp/1 [allocating] waiting: waiting for machine
  self-signed-certificates/0 [allocating] waiting: waiting for machine
[32mINFO    [0m juju.model:__init__.py:3254 Waiting for model:
  postgresql-gcp/0 [allocating] waiting: waiting for machine
  postgresql-gcp/1 [allocating] waiting: waiting for machine
  self-signed-certificates/0 [allocating] waiting: waiting for machine
[32mINFO    [0m juju.model:__init__.py:3254 Waiting for model:
  postgresql-gcp/0 [allocating] waiting: waiting for machine
  postgresql-gcp/1 [allocating] waiting: waiting for machine
  self-signed-certificates/0 [allocating] waiting: waiting for machine
[32mINFO    [0m juju.model:__init__.py:3254 Waiting for model:
  postgresql-gcp/0 [allocating] waiting: waiting for machine
  postgresql-gcp/1 [allocating] waiting: waiting for machine
  self-signed-certificates/0 [executing] active: 
[32mINFO    [0m juju.model:__init__.py:3254 Waiting for model:
  postgresql-gcp/0 [executing] maintenance: installing PostgreSQL
  postgresql-gcp/1 [allocating] waiting: agent initialising
[32mINFO    [0m juju.model:__init__.py:3254 Waiting for model:
  postgresql-gcp/0 [executing] waiting: waiting to start PostgreSQL
  postgresql-gcp/1 [executing] maintenance: installing PostgreSQL
  self-signed-certificates/0 [executing] active: 
[32mINFO    [0m juju.model:__init__.py:3254 Waiting for model:
  postgresql-gcp/0 [executing] active: 
  postgresql-gcp/1 [executing] waiting: waiting to start PostgreSQL
  self-signed-certificates/0 [executing] active: 
[32mINFO    [0m juju.model:__init__.py:3254 Waiting for model:
  postgresql-gcp/0 [executing] active: Primary (degraded)
  postgresql-gcp/1 [executing] waiting: waiting to start PostgreSQL
  self-signed-certificates/0 [idle] active: 
[32mINFO    [0m juju.model:__init__.py:3254 Waiting for model:
  postgresql-gcp/0 [executing] maintenance: reconfiguring cluster
  postgresql-gcp/1 [executing] waiting: waiting to start PostgreSQL
[32mINFO    [0m juju.model:__init__.py:3254 Waiting for model:
  postgresql-gcp/0 [executing] active: Primary
  postgresql-gcp/1 [executing] active: 
[32mINFO    [0m juju.model:__init__.py:3254 Waiting for model:
  postgresql-gcp/1 [idle] active: 
[32mINFO    [0m integration.test_backups_pitr_gcp:test_backups_pitr_gcp.py:76 configuring s3-integrator for GCP
[32mINFO    [0m integration.test_backups_pitr_gcp:test_backups_pitr_gcp.py:84 integrating s3-integrator with postgresql and waiting model to stabilize
[33mWARNING [0m juju.model:__init__.py:1683 relate is deprecated and will be removed. Use integrate instead.
[32mINFO    [0m juju.model:__init__.py:3254 Waiting for model:
  s3-integrator/0 [idle] active: 
  self-signed-certificates/0 [idle] active: 
  postgresql-gcp/0 [executing] active: Primary
  postgresql-gcp/1 [executing] active: 
[32mINFO    [0m juju.model:__init__.py:3254 Waiting for model:
  postgresql-gcp/0 [idle] blocked: failed to access/create the bucket, check your S3 settings
  postgresql-gcp/1 [idle] active: 
[32mINFO    [0m juju.model:__init__.py:3254 Waiting for model:
  postgresql-gcp/0 [idle] blocked: failed to access/create the bucket, check your S3 settings
[32mINFO    [0m juju.model:__init__.py:3254 Waiting for model:
  postgresql-gcp/0 [idle] blocked: failed to access/create the bucket, check your S3 settings
[32mINFO    [0m juju.model:__init__.py:3254 Waiting for model:
  postgresql-gcp/0 [idle] blocked: failed to access/create the bucket, check your S3 settings
[32mINFO    [0m juju.model:__init__.py:3254 Waiting for model:
  postgresql-gcp/0 [idle] blocked: failed to access/create the bucket, check your S3 settings
[32mINFO    [0m juju.model:__init__.py:3254 Waiting for model:
  postgresql-gcp/0 [idle] blocked: failed to access/create the bucket, check your S3 settings
[32mINFO    [0m juju.model:__init__.py:3254 Waiting for model:
  postgresql-gcp/0 [idle] blocked: failed to access/create the bucket, check your S3 settings
[32mINFO    [0m juju.model:__init__.py:3254 Waiting for model:
  postgresql-gcp/0 [idle] blocked: failed to access/create the bucket, check your S3 settings
[32mINFO    [0m juju.model:__init__.py:3254 Waiting for model:
  postgresql-gcp/0 [idle] blocked: failed to access/create the bucket, check your S3 settings
[32mINFO    [0m juju.model:__init__.py:3254 Waiting for model:
  postgresql-gcp/0 [idle] blocked: failed to access/create the bucket, check your S3 settings
[32mINFO    [0m juju.model:__init__.py:3254 Waiting for model:
  postgresql-gcp/0 [idle] blocked: failed to access/create the bucket, check your S3 settings
[32mINFO    [0m juju.model:__init__.py:3254 Waiting for model:
  postgresql-gcp/0 [idle] blocked: failed to access/create the bucket, check your S3 settings
[32mINFO    [0m juju.model:__init__.py:3254 Waiting for model:
  postgresql-gcp/0 [idle] blocked: failed to access/create the bucket, check your S3 settings
[32mINFO    [0m juju.model:__init__.py:3254 Waiting for model:
  postgresql-gcp/0 [idle] blocked: failed to access/create the bucket, check your S3 settings
[32mINFO    [0m juju.model:__init__.py:3254 Waiting for model:
  postgresql-gcp/0 [idle] blocked: failed to access/create the bucket, check your S3 settings
[32mINFO    [0m juju.model:__init__.py:3254 Waiting for model:
  postgresql-gcp/0 [idle] blocked: failed to access/create the bucket, check your S3 settings
[32mINFO    [0m juju.model:__init__.py:3254 Waiting for model:
  postgresql-gcp/0 [idle] blocked: failed to access/create the bucket, check your S3 settings
[32mINFO    [0m juju.model:__init__.py:3254 Waiting for model:
  postgresql-gcp/0 [idle] blocked: failed to access/create the bucket, check your S3 settings
[32mINFO    [0m juju.model:__init__.py:3254 Waiting for model:
  postgresql-gcp/0 [idle] blocked: failed to access/create the bucket, check your S3 settings
[32mINFO    [0m juju.model:__init__.py:3254 Waiting for model:
  postgresql-gcp/0 [idle] blocked: failed to access/create the bucket, check your S3 settings
[32mINFO    [0m juju.model:__init__.py:3254 Waiting for model:
  postgresql-gcp/0 [idle] blocked: failed to access/create the bucket, check your S3 settings
[32mINFO    [0m juju.model:__init__.py:3254 Waiting for model:
  postgresql-gcp/0 [idle] blocked: failed to access/create the bucket, check your S3 settings
[32mINFO    [0m juju.model:__init__.py:3254 Waiting for model:
  postgresql-gcp/0 [idle] blocked: failed to access/create the bucket, check your S3 settings
[32mINFO    [0m juju.model:__init__.py:3254 Waiting for model:
  postgresql-gcp/0 [idle] blocked: failed to access/create the bucket, check your S3 settings
[32mINFO    [0m juju.model:__init__.py:3254 Waiting for model:
  postgresql-gcp/0 [idle] blocked: failed to access/create the bucket, check your S3 settings
[32mINFO    [0m juju.model:__init__.py:3254 Waiting for model:
  postgresql-gcp/0 [idle] blocked: failed to access/create the bucket, check your S3 settings
[32mINFO    [0m juju.model:__init__.py:3254 Waiting for model:
  postgresql-gcp/0 [idle] blocked: failed to access/create the bucket, check your S3 settings
[32mINFO    [0m juju.model:__init__.py:3254 Waiting for model:
  postgresql-gcp/0 [idle] blocked: failed to access/create the bucket, check your S3 settings
[32mINFO    [0m juju.model:__init__.py:3254 Waiting for model:
  postgresql-gcp/0 [idle] blocked: failed to access/create the bucket, check your S3 settings
[32mINFO    [0m juju.model:__init__.py:3254 Waiting for model:
  postgresql-gcp/0 [idle] blocked: failed to access/create the bucket, check your S3 settings
[32mINFO    [0m juju.model:__init__.py:3254 Waiting for model:
  postgresql-gcp/0 [idle] blocked: failed to access/create the bucket, check your S3 settings
[32mINFO    [0m juju.model:__init__.py:3254 Waiting for model:
  postgresql-gcp/0 [idle] blocked: failed to access/create the bucket, check your S3 settings
[32mINFO    [0m juju.model:__init__.py:3254 Waiting for model:
  postgresql-gcp/0 [idle] blocked: failed to access/create the bucket, check your S3 settings
[32mINFO    [0m integration.conftest:conftest.py:57 deleting the previously created backups
[32mINFO    [0m pytest_operator.plugin:plugin.py:951 Model status:

Model    Controller     Cloud/Region         Version  SLA          Timestamp
testing  concierge-lxd  localhost/localhost  3.6.14   unsupported  01:54:39Z

App                       Version  Status  Scale  Charm                     Channel        Rev  Exposed  Message
postgresql-gcp            16.11    active      2  postgresql                                 0  no       
s3-integrator                      active      1  s3-integrator             latest/stable  145  no       
self-signed-certificates           active      1  self-signed-certificates  1/stable       317  no       

Unit                         Workload  Agent  Machine  Public address  Ports     Message
postgresql-gcp/0*            blocked   idle   2        10.120.219.26   5432/tcp  failed to access/create the bucket, check your S3 settings
postgresql-gcp/1             active    idle   3        10.120.219.29   5432/tcp  
s3-integrator/0*             active    idle   0        10.120.219.108            
self-signed-certificates/0*  active    idle   1        10.120.219.79             

Machine  State    Address         Inst id        Base          AZ             Message
0        started  10.120.219.108  juju-ae0f50-0  ubuntu@22.04  runnervmkj6or  Running
1        started  10.120.219.79   juju-ae0f50-1  ubuntu@24.04  runnervmkj6or  Running
2        started  10.120.219.26   juju-ae0f50-2  ubuntu@24.04  runnervmkj6or  Running
3        started  10.120.219.29   juju-ae0f50-3  ubuntu@24.04  runnervmkj6or  Running

[32mINFO    [0m pytest_operator.plugin:plugin.py:957 Juju error logs:

machine-1: 01:34:05 ERROR juju.worker.dependency "kvm-container-provisioner" manifold worker returned unexpected error: container types not yet available
machine-1: 01:34:05 ERROR juju.worker.dependency "lxd-container-provisioner" manifold worker returned unexpected error: container types not yet available
machine-2: 01:34:33 ERROR juju.worker.dependency "kvm-container-provisioner" manifold worker returned unexpected error: container types not yet available
machine-2: 01:34:33 ERROR juju.worker.dependency "lxd-container-provisioner" manifold worker returned unexpected error: container types not yet available
machine-0: 01:34:33 ERROR juju.worker.dependency "lxd-container-provisioner" manifold worker returned unexpected error: container types not yet available
machine-0: 01:34:33 ERROR juju.worker.dependency "kvm-container-provisioner" manifold worker returned unexpected error: container types not yet available
machine-3: 01:34:50 ERROR juju.worker.dependency "kvm-container-provisioner" manifold worker returned unexpected error: container types not yet available
machine-3: 01:34:50 ERROR juju.worker.dependency "lxd-container-provisioner" manifold worker returned unexpected error: container types not yet available
unit-self-signed-certificates-0: 01:35:19 ERROR unit.self-signed-certificates/0.juju-log certificates:5: At least 1 matching relation ID not found with the relation name 'send-ca-cert'
unit-self-signed-certificates-0: 01:35:20 ERROR unit.self-signed-certificates/0.juju-log certificates:4: At least 1 matching relation ID not found with the relation name 'send-ca-cert'
unit-self-signed-certificates-0: 01:35:23 ERROR unit.self-signed-certificates/0.juju-log certificates:5: At least 1 matching relation ID not found with the relation name 'send-ca-cert'
unit-self-signed-certificates-0: 01:35:25 ERROR unit.self-signed-certificates/0.juju-log At least 1 matching relation ID not found with the relation name 'send-ca-cert'
unit-self-signed-certificates-0: 01:35:31 ERROR unit.self-signed-certificates/0.juju-log certificates:5: At least 1 matching relation ID not found with the relation name 'send-ca-cert'
unit-self-signed-certificates-0: 01:35:32 ERROR unit.self-signed-certificates/0.juju-log certificates:4: At least 1 matching relation ID not found with the relation name 'send-ca-cert'
unit-self-signed-certificates-0: 01:35:49 ERROR unit.self-signed-certificates/0.juju-log certificates:5: At least 1 matching relation ID not found with the relation name 'send-ca-cert'
unit-self-signed-certificates-0: 01:35:54 ERROR unit.self-signed-certificates/0.juju-log certificates:5: At least 1 matching relation ID not found with the relation name 'send-ca-cert'
unit-self-signed-certificates-0: 01:35:57 ERROR unit.self-signed-certificates/0.juju-log certificates:4: At least 1 matching relation ID not found with the relation name 'send-ca-cert'
unit-self-signed-certificates-0: 01:35:58 ERROR unit.self-signed-certificates/0.juju-log certificates:4: At least 1 matching relation ID not found with the relation name 'send-ca-cert'
unit-self-signed-certificates-0: 01:36:00 ERROR unit.self-signed-certificates/0.juju-log certificates:4: At least 1 matching relation ID not found with the relation name 'send-ca-cert'
unit-self-signed-certificates-0: 01:36:04 ERROR unit.self-signed-certificates/0.juju-log certificates:5: At least 1 matching relation ID not found with the relation name 'send-ca-cert'
unit-self-signed-certificates-0: 01:36:09 ERROR unit.self-signed-certificates/0.juju-log certificates:5: At least 1 matching relation ID not found with the relation name 'send-ca-cert'
unit-self-signed-certificates-0: 01:36:11 ERROR unit.self-signed-certificates/0.juju-log certificates:4: At least 1 matching relation ID not found with the relation name 'send-ca-cert'
unit-self-signed-certificates-0: 01:36:17 ERROR unit.self-signed-certificates/0.juju-log certificates:4: At least 1 matching relation ID not found with the relation name 'send-ca-cert'
unit-self-signed-certificates-0: 01:36:20 ERROR unit.self-signed-certificates/0.juju-log At least 1 matching relation ID not found with the relation name 'send-ca-cert'
unit-self-signed-certificates-0: 01:36:30 ERROR unit.self-signed-certificates/0.juju-log certificates:5: At least 1 matching relation ID not found with the relation name 'send-ca-cert'
unit-self-signed-certificates-0: 01:37:30 ERROR unit.self-signed-certificates/0.juju-log At least 1 matching relation ID not found with the relation name 'send-ca-cert'
unit-postgresql-gcp-0: 01:38:12 ERROR unit.postgresql-gcp/0.juju-log s3-parameters:6: backups:Couldn't create bucket named 'data-charms-testing' in region=us-east-1.
Traceback (most recent call last):
  File "/var/lib/juju/agents/unit-postgresql-gcp-0/charm/src/backups.py", line 305, in _create_bucket_if_not_exists
    bucket.create(CreateBucketConfiguration={"LocationConstraint": region})
  File "/var/lib/juju/agents/unit-postgresql-gcp-0/charm/venv/lib/python3.12/site-packages/boto3/resources/factory.py", line 581, in do_action
    response = action(self, *args, **kwargs)
               ^^^^^^^^^^^^^^^^^^^^^^^^^^^^^
  File "/var/lib/juju/agents/unit-postgresql-gcp-0/charm/venv/lib/python3.12/site-packages/boto3/resources/action.py", line 88, in __call__
    response = getattr(parent.meta.client, operation_name)(*args, **params)
               ^^^^^^^^^^^^^^^^^^^^^^^^^^^^^^^^^^^^^^^^^^^^^^^^^^^^^^^^^^^^
  File "/var/lib/juju/agents/unit-postgresql-gcp-0/charm/venv/lib/python3.12/site-packages/botocore/client.py", line 602, in _api_call
    return self._make_api_call(operation_name, kwargs)
           ^^^^^^^^^^^^^^^^^^^^^^^^^^^^^^^^^^^^^^^^^^^
  File "/var/lib/juju/agents/unit-postgresql-gcp-0/charm/venv/lib/python3.12/site-packages/botocore/context.py", line 123, in wrapper
    return func(*args, **kwargs)
           ^^^^^^^^^^^^^^^^^^^^^
  File "/var/lib/juju/agents/unit-postgresql-gcp-0/charm/venv/lib/python3.12/site-packages/botocore/client.py", line 1078, in _make_api_call
    raise error_class(parsed_response, operation_name)
botocore.exceptions.ClientError: An error occurred (KeyDeleted) when calling the CreateBucket operation: Authentication required.
unit-postgresql-gcp-0: 01:38:19 ERROR unit.postgresql-gcp/0.juju-log s3-parameters:6: backups:Couldn't create bucket named 'data-charms-testing' in region=us-east-1.
Traceback (most recent call last):
  File "/var/lib/juju/agents/unit-postgresql-gcp-0/charm/src/backups.py", line 305, in _create_bucket_if_not_exists
    bucket.create(CreateBucketConfiguration={"LocationConstraint": region})
  File "/var/lib/juju/agents/unit-postgresql-gcp-0/charm/venv/lib/python3.12/site-packages/boto3/resources/factory.py", line 581, in do_action
    response = action(self, *args, **kwargs)
               ^^^^^^^^^^^^^^^^^^^^^^^^^^^^^
  File "/var/lib/juju/agents/unit-postgresql-gcp-0/charm/venv/lib/python3.12/site-packages/boto3/resources/action.py", line 88, in __call__
    response = getattr(parent.meta.client, operation_name)(*args, **params)
               ^^^^^^^^^^^^^^^^^^^^^^^^^^^^^^^^^^^^^^^^^^^^^^^^^^^^^^^^^^^^
  File "/var/lib/juju/agents/unit-postgresql-gcp-0/charm/venv/lib/python3.12/site-packages/botocore/client.py", line 602, in _api_call
    return self._make_api_call(operation_name, kwargs)
           ^^^^^^^^^^^^^^^^^^^^^^^^^^^^^^^^^^^^^^^^^^^
  File "/var/lib/juju/agents/unit-postgresql-gcp-0/charm/venv/lib/python3.12/site-packages/botocore/context.py", line 123, in wrapper
    return func(*args, **kwargs)
           ^^^^^^^^^^^^^^^^^^^^^
  File "/var/lib/juju/agents/unit-postgresql-gcp-0/charm/venv/lib/python3.12/site-packages/botocore/client.py", line 1078, in _make_api_call
    raise error_class(parsed_response, operation_name)
botocore.exceptions.ClientError: An error occurred (KeyDeleted) when calling the CreateBucket operation: Authentication required.
unit-self-signed-certificates-0: 01:38:46 ERROR unit.self-signed-certificates/0.juju-log At least 1 matching relation ID not found with the relation name 'send-ca-cert'
unit-self-signed-certificates-0: 01:39:41 ERROR unit.self-signed-certificates/0.juju-log At least 1 matching relation ID not found with the relation name 'send-ca-cert'
unit-self-signed-certificates-0: 01:40:32 ERROR unit.self-signed-certificates/0.juju-log At least 1 matching relation ID not found with the relation name 'send-ca-cert'
unit-self-signed-certificates-0: 01:41:37 ERROR unit.self-signed-certificates/0.juju-log At least 1 matching relation ID not found with the relation name 'send-ca-cert'
unit-self-signed-certificates-0: 01:42:48 ERROR unit.self-signed-certificates/0.juju-log At least 1 matching relation ID not found with the relation name 'send-ca-cert'
unit-self-signed-certificates-0: 01:43:57 ERROR unit.self-signed-certificates/0.juju-log At least 1 matching relation ID not found with the relation name 'send-ca-cert'
unit-self-signed-certificates-0: 01:44:50 ERROR unit.self-signed-certificates/0.juju-log At least 1 matching relation ID not found with the relation name 'send-ca-cert'
unit-self-signed-certificates-0: 01:45:47 ERROR unit.self-signed-certificates/0.juju-log At least 1 matching relation ID not found with the relation name 'send-ca-cert'
unit-self-signed-certificates-0: 01:46:54 ERROR unit.self-signed-certificates/0.juju-log At least 1 matching relation ID not found with the relation name 'send-ca-cert'
unit-self-signed-certificates-0: 01:47:58 ERROR unit.self-signed-certificates/0.juju-log At least 1 matching relation ID not found with the relation name 'send-ca-cert'
unit-self-signed-certificates-0: 01:49:02 ERROR unit.self-signed-certificates/0.juju-log At least 1 matching relation ID not found with the relation name 'send-ca-cert'
unit-self-signed-certificates-0: 01:49:53 ERROR unit.self-signed-certificates/0.juju-log At least 1 matching relation ID not found with the relation name 'send-ca-cert'
unit-self-signed-certificates-0: 01:50:58 ERROR unit.self-signed-certificates/0.juju-log At least 1 matching relation ID not found with the relation name 'send-ca-cert'
unit-self-signed-certificates-0: 01:51:50 ERROR unit.self-signed-certificates/0.juju-log At least 1 matching relation ID not found with the relation name 'send-ca-cert'
unit-self-signed-certificates-0: 01:52:53 ERROR unit.self-signed-certificates/0.juju-log At least 1 matching relation ID not found with the relation name 'send-ca-cert'
unit-self-signed-certificates-0: 01:53:50 ERROR unit.self-signed-certificates/0.juju-log At least 1 matching relation ID not found with the relation name 'send-ca-cert'

[32mINFO    [0m pytest_operator.plugin:plugin.py:1039 Forgetting model main...