[32mINFO    [0m pytest_operator.plugin:plugin.py:951 Model status:

Model    Controller     Cloud/Region         Version  SLA          Timestamp
testing  concierge-lxd  localhost/localhost  3.6.14   unsupported  00:34:57Z

App                  Version  Status  Scale  Charm                Channel      Rev  Exposed  Message
postgresql                    active      3  postgresql                          0  no       
postgresql-test-app           active      1  postgresql-test-app  latest/edge  434  no       received database credentials of the first database

Unit                    Workload  Agent  Machine  Public address  Ports     Message
postgresql-test-app/0*  active    idle   0        10.240.122.90             received database credentials of the first database
postgresql/1*           active    idle   2        10.240.122.113  5432/tcp  Primary
postgresql/3            active    idle   4        10.240.122.244  5432/tcp  
postgresql/5            error     idle   6        10.240.122.252            hook failed: "install"

Machine  State    Address         Inst id        Base          AZ             Message
0        started  10.240.122.90   juju-d1741e-0  ubuntu@22.04  runnervmwffz4  Running
2        started  10.240.122.113  juju-d1741e-2  ubuntu@22.04  runnervmwffz4  Running
4        started  10.240.122.244  juju-d1741e-4  ubuntu@22.04  runnervmwffz4  Running
6        started  10.240.122.252  juju-d1741e-6  ubuntu@22.04  runnervmwffz4  Running

[32mINFO    [0m pytest_operator.plugin:plugin.py:957 Juju error logs:

machine-0: 00:12:39 ERROR juju.worker.dependency "kvm-container-provisioner" manifold worker returned unexpected error: container types not yet available
machine-0: 00:12:39 ERROR juju.worker.dependency "lxd-container-provisioner" manifold worker returned unexpected error: container types not yet available
machine-1: 00:14:21 ERROR juju.worker.dependency "kvm-container-provisioner" manifold worker returned unexpected error: container types not yet available
machine-1: 00:14:21 ERROR juju.worker.dependency "lxd-container-provisioner" manifold worker returned unexpected error: container types not yet available
machine-3: 00:14:33 ERROR juju.worker.dependency "lxd-container-provisioner" manifold worker returned unexpected error: container types not yet available
machine-3: 00:14:33 ERROR juju.worker.dependency "kvm-container-provisioner" manifold worker returned unexpected error: container types not yet available
machine-2: 00:14:44 ERROR juju.worker.dependency "kvm-container-provisioner" manifold worker returned unexpected error: container types not yet available
machine-2: 00:14:44 ERROR juju.worker.dependency "lxd-container-provisioner" manifold worker returned unexpected error: container types not yet available
unit-postgresql-0: 00:20:30 ERROR unit.postgresql/0.juju-log Unable to get the state of the cluster
Traceback (most recent call last):
  File "/var/lib/juju/agents/unit-postgresql-0/charm/src/cluster.py", line 569, in are_replicas_up
    members = self.cluster_status()
  File "/var/lib/juju/agents/unit-postgresql-0/charm/lib/charms/tempo_coordinator_k8s/v0/charm_tracing.py", line 1153, in wrapped_function
    return callable(*args, **kwargs)  # type: ignore
  File "/var/lib/juju/agents/unit-postgresql-0/charm/src/cluster.py", line 369, in cluster_status
    raise RetryError(
tenacity.RetryError: RetryError[<Future at 0x7f0602bf4bb0 state=finished raised Exception>]
unit-postgresql-0: 00:20:41 ERROR unit.postgresql/0.juju-log Failed to list PostgreSQL database users: could not translate host name "None" to address: Temporary failure in name resolution

controller-0: 00:23:06 ERROR juju.worker.provisioner failed to remove dead machine "1"
machine-4: 00:25:17 ERROR juju.worker.dependency "lxd-container-provisioner" manifold worker returned unexpected error: container types not yet available
machine-4: 00:25:17 ERROR juju.worker.dependency "kvm-container-provisioner" manifold worker returned unexpected error: container types not yet available
unit-postgresql-1: 00:27:31 ERROR juju.worker.dependency "log-sender" manifold worker returned unexpected error: sending log message: websocket: close 1005 (no status): websocket: close sent
unit-postgresql-test-app-0: 00:27:32 ERROR juju.worker.dependency "log-sender" manifold worker returned unexpected error: sending log message: websocket: close 1005 (no status): websocket: close sent
controller-0: 00:27:42 ERROR juju.worker.provisioner failed to remove dead machine "3"
machine-5: 00:29:54 ERROR juju.worker.dependency "kvm-container-provisioner" manifold worker returned unexpected error: container types not yet available
machine-5: 00:29:54 ERROR juju.worker.dependency "lxd-container-provisioner" manifold worker returned unexpected error: container types not yet available
unit-postgresql-4: 00:30:54 ERROR unit.postgresql/4.juju-log database-peers:3: Failed to list PostgreSQL database users: connection to server on socket "/tmp/snap-private-tmp/snap.charmed-postgresql/tmp//.s.PGSQL.5432" failed: No such file or directory
	Is the server running locally and accepting connections on that socket?

controller-0: 00:32:21 ERROR juju.worker.provisioner failed to remove dead machine "5"
machine-6: 00:34:44 ERROR juju.worker.dependency "lxd-container-provisioner" manifold worker returned unexpected error: container types not yet available
machine-6: 00:34:44 ERROR juju.worker.dependency "kvm-container-provisioner" manifold worker returned unexpected error: container types not yet available
unit-postgresql-5: 00:34:51 ERROR unit.postgresql/5.juju-log An exception occurred when installing charmed-postgresql. Reason: Snap 'charmed-postgresql' not found!
unit-postgresql-5: 00:34:51 ERROR unit.postgresql/5.juju-log Uncaught exception while in charm code:
Traceback (most recent call last):
  File "/var/lib/juju/agents/unit-postgresql-5/charm/venv/lib/python3.10/site-packages/charmlibs/snap/_snap.py", line 888, in _request_raw
    response = self.opener.open(request, timeout=self.timeout)
  File "/usr/lib/python3.10/urllib/request.py", line 525, in open
    response = meth(req, response)
  File "/usr/lib/python3.10/urllib/request.py", line 634, in http_response
    response = self.parent.error(
  File "/usr/lib/python3.10/urllib/request.py", line 563, in error
    return self._call_chain(*args)
  File "/usr/lib/python3.10/urllib/request.py", line 496, in _call_chain
    result = func(*args)
  File "/usr/lib/python3.10/urllib/request.py", line 643, in http_error_default
    raise HTTPError(req.full_url, code, msg, hdrs, fp)
urllib.error.HTTPError: HTTP Error 500: Internal Server Error

The above exception was the direct cause of the following exception:

Traceback (most recent call last):
  File "/var/lib/juju/agents/unit-postgresql-5/charm/venv/lib/python3.10/site-packages/charmlibs/snap/_snap.py", line 965, in __getitem__
    snap = self._snap_map[snap_name] = self._load_info(snap_name)
  File "/var/lib/juju/agents/unit-postgresql-5/charm/venv/lib/python3.10/site-packages/charmlibs/snap/_snap.py", line 1014, in _load_info
    info = self._snap_client.get_snap_information(name)
  File "/var/lib/juju/agents/unit-postgresql-5/charm/venv/lib/python3.10/site-packages/charmlibs/snap/_snap.py", line 914, in get_snap_information
    return self._request('GET', 'find', {'name': name})[0]  # type: ignore
  File "/var/lib/juju/agents/unit-postgresql-5/charm/venv/lib/python3.10/site-packages/charmlibs/snap/_snap.py", line 840, in _request
    response = self._request_raw(method, path, query, headers, data)
  File "/var/lib/juju/agents/unit-postgresql-5/charm/venv/lib/python3.10/site-packages/charmlibs/snap/_snap.py", line 900, in _request_raw
    raise SnapAPIError(body, code, status, message) from e
charmlibs.snap._snap.SnapAPIError

The above exception was the direct cause of the following exception:

Traceback (most recent call last):
  File "/var/lib/juju/agents/unit-postgresql-5/charm/src/charm.py", line 2607, in <module>
    main(PostgresqlOperatorCharm)
  File "/var/lib/juju/agents/unit-postgresql-5/charm/venv/lib/python3.10/site-packages/ops/__init__.py", line 356, in __call__
    return _main.main(charm_class=charm_class, use_juju_for_storage=use_juju_for_storage)
  File "/var/lib/juju/agents/unit-postgresql-5/charm/venv/lib/python3.10/site-packages/ops/_main.py", line 502, in main
    manager.run()
  File "/var/lib/juju/agents/unit-postgresql-5/charm/venv/lib/python3.10/site-packages/ops/_main.py", line 486, in run
    self._emit()
  File "/var/lib/juju/agents/unit-postgresql-5/charm/venv/lib/python3.10/site-packages/ops/_main.py", line 421, in _emit
    self._emit_charm_event(self.dispatcher.event_name)
  File "/var/lib/juju/agents/unit-postgresql-5/charm/venv/lib/python3.10/site-packages/ops/_main.py", line 465, in _emit_charm_event
    event_to_emit.emit(*args, **kwargs)
  File "/var/lib/juju/agents/unit-postgresql-5/charm/venv/lib/python3.10/site-packages/ops/framework.py", line 351, in emit
    framework._emit(event)
  File "/var/lib/juju/agents/unit-postgresql-5/charm/venv/lib/python3.10/site-packages/ops/framework.py", line 924, in _emit
    self._reemit(event_path)
  File "/var/lib/juju/agents/unit-postgresql-5/charm/venv/lib/python3.10/site-packages/ops/framework.py", line 1030, in _reemit
    custom_handler(event)
  File "/var/lib/juju/agents/unit-postgresql-5/charm/lib/charms/tempo_coordinator_k8s/v0/charm_tracing.py", line 1153, in wrapped_function
    return callable(*args, **kwargs)  # type: ignore
  File "/var/lib/juju/agents/unit-postgresql-5/charm/src/charm.py", line 1101, in _on_install
    self._install_snap_packages(packages=SNAP_PACKAGES)
  File "/var/lib/juju/agents/unit-postgresql-5/charm/lib/charms/tempo_coordinator_k8s/v0/charm_tracing.py", line 1153, in wrapped_function
    return callable(*args, **kwargs)  # type: ignore
  File "/var/lib/juju/agents/unit-postgresql-5/charm/src/charm.py", line 1852, in _install_snap_packages
    snap_package = snap_cache[snap_name]
  File "/var/lib/juju/agents/unit-postgresql-5/charm/venv/lib/python3.10/site-packages/charmlibs/snap/_snap.py", line 967, in __getitem__
    raise SnapNotFoundError(f"Snap '{snap_name}' not found!") from e
charmlibs.snap._snap.SnapNotFoundError: Snap 'charmed-postgresql' not found!
unit-postgresql-5: 00:34:51 ERROR juju.worker.uniter.operation hook "install" (via hook dispatching script: dispatch) failed: exit status 1

[32mINFO    [0m pytest_operator.plugin:plugin.py:1039 Forgetting model main...