[33mWARNING [0m juju.client.connection:connection.py:858 unexpected facade SSHServer received from the controller
[32mINFO    [0m pytest_operator.plugin:plugin.py:806 Connecting to existing model concierge-lxd:testing on unspecified cloud
[33mWARNING [0m juju.client.connection:connection.py:858 unexpected facade SSHServer received from the controller
[33mWARNING [0m juju.client.connection:connection.py:858 unexpected facade SSHSession received from the controller
[33mWARNING [0m juju.client.connection:connection.py:858 unexpected facade SSHTunneler received from the controller
[33mWARNING [0m juju.client.connection:connection.py:858 unexpected facade SSHServer received from the controller
[33mWARNING [0m juju.client.connection:connection.py:858 unexpected facade SSHServer received from the controller
[32mINFO    [0m juju.model:__init__.py:2301 Deploying local:postgresql-0
[32mINFO    [0m integration.helpers:helpers.py:407 Bundle ch:landscape-scalable needs configuration {'plugin_plpython3u_enable': 'True', 'plugin_ltree_enable': 'True', 'plugin_intarray_enable': 'True', 'plugin_debversion_enable': 'True', 'plugin_pg_trgm_enable': 'True', 'experimental_max_connections': '200'}
[33mWARNING [0m juju.model:__init__.py:1683 relate is deprecated and will be removed. Use integrate instead.
[32mINFO    [0m juju.model:__init__.py:3254 Waiting for model:
  postgresql/0 [allocating] waiting: waiting for machine
  postgresql/1 [allocating] waiting: waiting for machine
  postgresql/2 [allocating] waiting: waiting for machine
[32mINFO    [0m juju.model:__init__.py:3254 Waiting for model:
  landscape-server/0 [allocating] waiting: waiting for machine
  landscape-server/1 [allocating] waiting: waiting for machine
[32mINFO    [0m juju.model:__init__.py:3254 Waiting for model:
  postgresql/0 [allocating] waiting: waiting for machine
  postgresql/1 [allocating] waiting: waiting for machine
  postgresql/2 [allocating] waiting: waiting for machine
[32mINFO    [0m juju.model:__init__.py:3254 Waiting for model:
  landscape-server/0 [allocating] waiting: waiting for machine
  landscape-server/1 [allocating] waiting: waiting for machine
[32mINFO    [0m juju.model:__init__.py:3254 Waiting for model:
  postgresql/0 [allocating] waiting: agent initialising
  postgresql/1 [allocating] waiting: waiting for machine
  postgresql/2 [allocating] waiting: waiting for machine
[32mINFO    [0m juju.model:__init__.py:3254 Waiting for model:
  landscape-server/0 [allocating] waiting: waiting for machine
  landscape-server/1 [allocating] waiting: waiting for machine
[32mINFO    [0m juju.model:__init__.py:3254 Waiting for model:
  postgresql/0 [executing] maintenance: installing PostgreSQL
  postgresql/1 [allocating] waiting: waiting for machine
  postgresql/2 [allocating] waiting: waiting for machine
[32mINFO    [0m juju.model:__init__.py:3254 Waiting for model:
  landscape-server/0 [allocating] waiting: waiting for machine
  landscape-server/1 [allocating] waiting: waiting for machine
[32mINFO    [0m juju.model:__init__.py:3254 Waiting for model:
  postgresql/0 [executing] waiting: waiting to start PostgreSQL
  postgresql/1 [allocating] waiting: waiting for machine
  postgresql/2 [allocating] waiting: waiting for machine
[32mINFO    [0m juju.model:__init__.py:3254 Waiting for model:
  landscape-server/0 [allocating] waiting: waiting for machine
  landscape-server/1 [allocating] waiting: waiting for machine
[32mINFO    [0m juju.model:__init__.py:3254 Waiting for model:
  landscape-server/0 [allocating] waiting: waiting for machine
  landscape-server/1 [allocating] waiting: waiting for machine
[32mINFO    [0m juju.model:__init__.py:3254 Waiting for model:
  postgresql/0 [executing] waiting: awaiting for member to start
  postgresql/1 [allocating] waiting: waiting for machine
  postgresql/2 [allocating] waiting: waiting for machine
[32mINFO    [0m juju.model:__init__.py:3254 Waiting for model:
  landscape-server/0 [allocating] waiting: waiting for machine
  landscape-server/1 [allocating] waiting: waiting for machine
[32mINFO    [0m juju.model:__init__.py:3254 Waiting for model:
  postgresql/0 [executing] active: Primary (degraded)
  postgresql/1 [allocating] waiting: waiting for machine
  postgresql/2 [allocating] waiting: waiting for machine
[32mINFO    [0m juju.model:__init__.py:3254 Waiting for model:
  landscape-server/0 [allocating] waiting: waiting for machine
  landscape-server/1 [allocating] waiting: waiting for machine
[32mINFO    [0m juju.model:__init__.py:3254 Waiting for model:
  postgresql/0 [executing] maintenance: Executing restart operation
  postgresql/1 [allocating] waiting: waiting for machine
  postgresql/2 [allocating] waiting: agent initialising
[32mINFO    [0m juju.model:__init__.py:3254 Waiting for model:
  postgresql/0 [executing] active: 
  postgresql/1 [allocating] waiting: waiting for machine
  postgresql/2 [executing] maintenance: installing PostgreSQL
[32mINFO    [0m juju.model:__init__.py:3254 Waiting for model:
  landscape-server/0 [allocating] waiting: waiting for machine
  landscape-server/1 [allocating] waiting: waiting for machine
[32mINFO    [0m juju.model:__init__.py:3254 Waiting for model:
  postgresql/0 [executing] active: Primary (degraded)
  postgresql/1 [allocating] waiting: waiting for machine
  postgresql/2 [executing] maintenance: installing PostgreSQL
[32mINFO    [0m juju.model:__init__.py:3254 Waiting for model:
  landscape-server/0 [allocating] waiting: waiting for machine
  landscape-server/1 [executing] maintenance: Installing apt packages
[32mINFO    [0m juju.model:__init__.py:3254 Waiting for model:
  landscape-server/0 [allocating] waiting: waiting for machine
  landscape-server/1 [executing] maintenance: Installing apt packages
[32mINFO    [0m juju.model:__init__.py:3254 Waiting for model:
  postgresql/0 [executing] active: Primary (degraded)
  postgresql/1 [allocating] waiting: waiting for machine
  postgresql/2 [executing] maintenance: installing PostgreSQL
[32mINFO    [0m juju.model:__init__.py:3254 Waiting for model:
  postgresql/0 [executing] active: Primary (degraded)
  postgresql/1 [allocating] waiting: waiting for machine
  postgresql/2 [executing] waiting: waiting to start PostgreSQL
[32mINFO    [0m juju.model:__init__.py:3254 Waiting for model:
  landscape-server/0 [allocating] waiting: waiting for machine
  landscape-server/1 [executing] maintenance: Installing apt packages
[32mINFO    [0m juju.model:__init__.py:3254 Waiting for model:
  postgresql/0 [executing] active: Primary (degraded)
  postgresql/1 [allocating] waiting: agent initialising
  postgresql/2 [executing] waiting: waiting to start PostgreSQL
[32mINFO    [0m juju.model:__init__.py:3254 Waiting for model:
  landscape-server/0 [executing] maintenance: Installing apt packages
  landscape-server/1 [executing] maintenance: Installing apt packages
[32mINFO    [0m juju.model:__init__.py:3254 Waiting for model:
  postgresql/0 [executing] maintenance: reconfiguring cluster
  postgresql/1 [executing] maintenance: installing PostgreSQL
  postgresql/2 [idle] waiting: waiting to start PostgreSQL
[32mINFO    [0m juju.model:__init__.py:3254 Waiting for model:
  landscape-server/0 [executing] maintenance: Installing apt packages
  landscape-server/1 [executing] maintenance: Installing apt packages
[32mINFO    [0m juju.model:__init__.py:3254 Waiting for model:
  postgresql/0 [executing] maintenance: reconfiguring cluster
  postgresql/1 [executing] waiting: waiting to start PostgreSQL
  postgresql/2 [executing] waiting: waiting to start PostgreSQL
[32mINFO    [0m juju.model:__init__.py:3254 Waiting for model:
  landscape-server/0 [executing] maintenance: Installing apt packages
  landscape-server/1 [executing] maintenance: Installing apt packages
[32mINFO    [0m juju.model:__init__.py:3254 Waiting for model:
  postgresql/0 [executing] maintenance: reconfiguring cluster
  postgresql/1 [executing] waiting: waiting to start PostgreSQL
  postgresql/2 [executing] maintenance: reinitialising replica
[32mINFO    [0m juju.model:__init__.py:3254 Waiting for model:
  landscape-server/0 [executing] maintenance: Installing apt packages
  landscape-server/1 [executing] maintenance: Installing apt packages
[32mINFO    [0m juju.model:__init__.py:3254 Waiting for model:
  postgresql/0 [executing] active: Primary (degraded)
  postgresql/1 [idle] waiting: waiting to start PostgreSQL
  postgresql/2 [executing] active: 
[32mINFO    [0m juju.model:__init__.py:3254 Waiting for model:
  landscape-server/0 [executing] maintenance: Installing apt packages
  landscape-server/1 [executing] maintenance: Installing apt packages
[32mINFO    [0m juju.model:__init__.py:3254 Waiting for model:
  postgresql/0 [executing] maintenance: reconfiguring cluster
  postgresql/1 [idle] waiting: waiting to start PostgreSQL
  postgresql/2 [executing] active: 
[32mINFO    [0m juju.model:__init__.py:3254 Waiting for model:
  landscape-server/0 [executing] maintenance: Installing apt packages
  landscape-server/1 [executing] waiting: Waiting on relations: db, amqp, haproxy
[32mINFO    [0m juju.model:__init__.py:3254 Waiting for model:
  postgresql/0 [executing] maintenance: reconfiguring cluster
  postgresql/1 [idle] waiting: waiting to start PostgreSQL
  postgresql/2 [executing] active: 
[32mINFO    [0m juju.model:__init__.py:3254 Waiting for model:
  landscape-server/0 [executing] maintenance: Installing apt packages
  landscape-server/1 [idle] waiting:
[32mINFO    [0m pytest_operator.plugin:plugin.py:951 Model status:

Model    Controller     Cloud/Region         Version  SLA          Timestamp
testing  concierge-lxd  localhost/localhost  3.6.8    unsupported  01:41:00Z

App               Version  Status       Scale  Charm             Channel        Rev  Exposed  Message
haproxy                    active           1  haproxy           latest/stable   75  yes      Unit is ready
landscape-server           waiting          2  landscape-server  latest/stable  124  no       Waiting on relations: db, amqp
postgresql        14.18    active           3  postgresql                         0  no       
rabbitmq-server   3.9.27   maintenance      1  rabbitmq-server   3.9/stable     188  no       Restarting rabbitmq-server

Unit                 Workload     Agent      Machine  Public address  Ports       Message
haproxy/0*           active       idle       3        10.212.74.26    80,443/tcp  Unit is ready
landscape-server/0   waiting      executing  4        10.212.74.238               Waiting on relations: db, amqp
landscape-server/1*  waiting      idle       5        10.212.74.3                 Waiting on relations: db, amqp
postgresql/0*        active       executing  0        10.212.74.207   5432/tcp    
postgresql/1         error        idle       1        10.212.74.192   5432/tcp    hook failed: "db-admin-relation-joined"
postgresql/2         active       executing  2        10.212.74.103   5432/tcp    
rabbitmq-server/0*   maintenance  executing  6        10.212.74.29                (config-changed) Restarting rabbitmq-server

Machine  State    Address        Inst id        Base          AZ  Message
0        started  10.212.74.207  juju-a75a8d-0  ubuntu@22.04      Running
1        started  10.212.74.192  juju-a75a8d-1  ubuntu@22.04      Running
2        started  10.212.74.103  juju-a75a8d-2  ubuntu@22.04      Running
3        started  10.212.74.26   juju-a75a8d-3  ubuntu@22.04      Running
4        started  10.212.74.238  juju-a75a8d-4  ubuntu@22.04      Running
5        started  10.212.74.3    juju-a75a8d-5  ubuntu@22.04      Running
6        started  10.212.74.29   juju-a75a8d-6  ubuntu@22.04      Running

[32mINFO    [0m pytest_operator.plugin:plugin.py:957 Juju error logs:

machine-0: 01:32:30 ERROR juju.worker.dependency "lxd-container-provisioner" manifold worker returned unexpected error: container types not yet available
machine-0: 01:32:30 ERROR juju.worker.dependency "kvm-container-provisioner" manifold worker returned unexpected error: container types not yet available
unit-postgresql-0: 01:32:30 ERROR juju.worker.meterstatus error running "meter-status-changed": charm missing from disk
unit-postgresql-0: 01:33:24 ERROR unit.postgresql/0.juju-log Unable to get the state of the cluster
Traceback (most recent call last):
  File "/var/lib/juju/agents/unit-postgresql-0/charm/venv/lib/python3.10/site-packages/urllib3/connection.py", line 198, in _new_conn
    sock = connection.create_connection(
  File "/var/lib/juju/agents/unit-postgresql-0/charm/venv/lib/python3.10/site-packages/urllib3/util/connection.py", line 85, in create_connection
    raise err
  File "/var/lib/juju/agents/unit-postgresql-0/charm/venv/lib/python3.10/site-packages/urllib3/util/connection.py", line 73, in create_connection
    sock.connect(sa)
ConnectionRefusedError: [Errno 111] Connection refused

The above exception was the direct cause of the following exception:

Traceback (most recent call last):
  File "/var/lib/juju/agents/unit-postgresql-0/charm/venv/lib/python3.10/site-packages/urllib3/connectionpool.py", line 787, in urlopen
    response = self._make_request(
  File "/var/lib/juju/agents/unit-postgresql-0/charm/venv/lib/python3.10/site-packages/urllib3/connectionpool.py", line 493, in _make_request
    conn.request(
  File "/var/lib/juju/agents/unit-postgresql-0/charm/venv/lib/python3.10/site-packages/urllib3/connection.py", line 494, in request
    self.endheaders()
  File "/usr/lib/python3.10/http/client.py", line 1278, in endheaders
    self._send_output(message_body, encode_chunked=encode_chunked)
  File "/usr/lib/python3.10/http/client.py", line 1038, in _send_output
    self.send(msg)
  File "/usr/lib/python3.10/http/client.py", line 976, in send
    self.connect()
  File "/var/lib/juju/agents/unit-postgresql-0/charm/venv/lib/python3.10/site-packages/urllib3/connection.py", line 325, in connect
    self.sock = self._new_conn()
  File "/var/lib/juju/agents/unit-postgresql-0/charm/venv/lib/python3.10/site-packages/urllib3/connection.py", line 213, in _new_conn
    raise NewConnectionError(
urllib3.exceptions.NewConnectionError: <urllib3.connection.HTTPConnection object at 0x7fb2cc7f5ba0>: Failed to establish a new connection: [Errno 111] Connection refused

The above exception was the direct cause of the following exception:

Traceback (most recent call last):
  File "/var/lib/juju/agents/unit-postgresql-0/charm/venv/lib/python3.10/site-packages/requests/adapters.py", line 667, in send
    resp = conn.urlopen(
  File "/var/lib/juju/agents/unit-postgresql-0/charm/venv/lib/python3.10/site-packages/urllib3/connectionpool.py", line 841, in urlopen
    retries = retries.increment(
  File "/var/lib/juju/agents/unit-postgresql-0/charm/venv/lib/python3.10/site-packages/urllib3/util/retry.py", line 519, in increment
    raise MaxRetryError(_pool, url, reason) from reason  # type: ignore[arg-type]
urllib3.exceptions.MaxRetryError: HTTPConnectionPool(host='10.212.74.207', port=8008): Max retries exceeded with url: /cluster (Caused by NewConnectionError('<urllib3.connection.HTTPConnection object at 0x7fb2cc7f5ba0>: Failed to establish a new connection: [Errno 111] Connection refused'))

During handling of the above exception, another exception occurred:

Traceback (most recent call last):
  File "/var/lib/juju/agents/unit-postgresql-0/charm/src/cluster.py", line 571, in are_replicas_up
    response = requests.get(
  File "/var/lib/juju/agents/unit-postgresql-0/charm/venv/lib/python3.10/site-packages/requests/api.py", line 73, in get
    return request("get", url, params=params, **kwargs)
  File "/var/lib/juju/agents/unit-postgresql-0/charm/venv/lib/python3.10/site-packages/requests/api.py", line 59, in request
    return session.request(method=method, url=url, **kwargs)
  File "/var/lib/juju/agents/unit-postgresql-0/charm/venv/lib/python3.10/site-packages/requests/sessions.py", line 589, in request
    resp = self.send(prep, **send_kwargs)
  File "/var/lib/juju/agents/unit-postgresql-0/charm/venv/lib/python3.10/site-packages/requests/sessions.py", line 703, in send
    r = adapter.send(request, **kwargs)
  File "/var/lib/juju/agents/unit-postgresql-0/charm/venv/lib/python3.10/site-packages/requests/adapters.py", line 700, in send
    raise ConnectionError(e, request=request)
requests.exceptions.ConnectionError: HTTPConnectionPool(host='10.212.74.207', port=8008): Max retries exceeded with url: /cluster (Caused by NewConnectionError('<urllib3.connection.HTTPConnection object at 0x7fb2cc7f5ba0>: Failed to establish a new connection: [Errno 111] Connection refused'))
unit-postgresql-0: 01:33:53 ERROR unit.postgresql/0.juju-log Failed to list PostgreSQL database users: could not translate host name "None" to address: Temporary failure in name resolution

unit-postgresql-0: 01:34:03 ERROR unit.postgresql/0.juju-log upgrade:1: Failed to list PostgreSQL database users: could not translate host name "None" to address: Temporary failure in name resolution

machine-2: 01:34:51 ERROR juju.worker.dependency "kvm-container-provisioner" manifold worker returned unexpected error: container types not yet available
machine-2: 01:34:51 ERROR juju.worker.dependency "lxd-container-provisioner" manifold worker returned unexpected error: container types not yet available
unit-postgresql-2: 01:34:52 ERROR juju.worker.meterstatus error running "meter-status-changed": charm missing from disk
machine-5: 01:35:40 ERROR juju.worker.dependency "kvm-container-provisioner" manifold worker returned unexpected error: container types not yet available
machine-5: 01:35:40 ERROR juju.worker.dependency "lxd-container-provisioner" manifold worker returned unexpected error: container types not yet available
unit-landscape-server-1: 01:35:41 ERROR juju.worker.meterstatus error running "meter-status-changed": charm missing from disk
machine-3: 01:36:14 ERROR juju.worker.dependency "kvm-container-provisioner" manifold worker returned unexpected error: container types not yet available
machine-3: 01:36:14 ERROR juju.worker.dependency "lxd-container-provisioner" manifold worker returned unexpected error: container types not yet available
unit-haproxy-0: 01:36:16 ERROR juju.worker.meterstatus error running "meter-status-changed": charm missing from disk
machine-4: 01:37:06 ERROR juju.worker.dependency "kvm-container-provisioner" manifold worker returned unexpected error: container types not yet available
machine-4: 01:37:06 ERROR juju.worker.dependency "lxd-container-provisioner" manifold worker returned unexpected error: container types not yet available
unit-landscape-server-0: 01:37:07 ERROR juju.worker.meterstatus error running "meter-status-changed": charm missing from disk
machine-1: 01:37:25 ERROR juju.worker.dependency "lxd-container-provisioner" manifold worker returned unexpected error: container types not yet available
machine-1: 01:37:25 ERROR juju.worker.dependency "kvm-container-provisioner" manifold worker returned unexpected error: container types not yet available
unit-postgresql-1: 01:37:26 ERROR juju.worker.meterstatus error running "meter-status-changed": charm missing from disk
machine-6: 01:38:01 ERROR juju.worker.dependency "lxd-container-provisioner" manifold worker returned unexpected error: container types not yet available
machine-6: 01:38:01 ERROR juju.worker.dependency "kvm-container-provisioner" manifold worker returned unexpected error: container types not yet available
unit-rabbitmq-server-0: 01:38:01 ERROR juju.worker.meterstatus error running "meter-status-changed": charm missing from disk
unit-postgresql-2: 01:39:01 ERROR unit.postgresql/2.juju-log database-peers:2: Failed to list PostgreSQL database users: connection to server at "10.212.74.103", port 5432 failed: Connection refused
	Is the server running on that host and accepting TCP/IP connections?

unit-postgresql-1: 01:40:58 ERROR unit.postgresql/1.juju-log db-admin:8: Failed to list PostgreSQL database users: connection to server at "10.212.74.192", port 5432 failed: Connection refused
	Is the server running on that host and accepting TCP/IP connections?

unit-postgresql-1: 01:40:58 ERROR unit.postgresql/1.juju-log db-admin:8: Uncaught exception while in charm code:
Traceback (most recent call last):
  File "/var/lib/juju/agents/unit-postgresql-1/charm/lib/charms/postgresql_k8s/v0/postgresql.py", line 716, in list_users
    with self._connect_to_database(
  File "/var/lib/juju/agents/unit-postgresql-1/charm/lib/charms/tempo_coordinator_k8s/v0/charm_tracing.py", line 1116, in wrapped_function
    return callable(*args, **kwargs)  # type: ignore
  File "/var/lib/juju/agents/unit-postgresql-1/charm/lib/charms/postgresql_k8s/v0/postgresql.py", line 184, in _connect_to_database
    connection = psycopg2.connect(
  File "/var/lib/juju/agents/unit-postgresql-1/charm/venv/lib/python3.10/site-packages/psycopg2/__init__.py", line 122, in connect
    conn = _connect(dsn, connection_factory=connection_factory, **kwasync)
psycopg2.OperationalError: connection to server at "10.212.74.192", port 5432 failed: Connection refused
	Is the server running on that host and accepting TCP/IP connections?


The above exception was the direct cause of the following exception:

Traceback (most recent call last):
  File "/var/lib/juju/agents/unit-postgresql-1/charm/src/charm.py", line 2391, in <module>
    main(PostgresqlOperatorCharm)
  File "/var/lib/juju/agents/unit-postgresql-1/charm/venv/lib/python3.10/site-packages/ops/__init__.py", line 356, in __call__
    return _main.main(charm_class=charm_class, use_juju_for_storage=use_juju_for_storage)
  File "/var/lib/juju/agents/unit-postgresql-1/charm/venv/lib/python3.10/site-packages/ops/_main.py", line 502, in main
    manager.run()
  File "/var/lib/juju/agents/unit-postgresql-1/charm/venv/lib/python3.10/site-packages/ops/_main.py", line 486, in run
    self._emit()
  File "/var/lib/juju/agents/unit-postgresql-1/charm/venv/lib/python3.10/site-packages/ops/_main.py", line 418, in _emit
    self.framework.reemit()
  File "/var/lib/juju/agents/unit-postgresql-1/charm/venv/lib/python3.10/site-packages/ops/framework.py", line 934, in reemit
    self._reemit()
  File "/var/lib/juju/agents/unit-postgresql-1/charm/venv/lib/python3.10/site-packages/ops/framework.py", line 1030, in _reemit
    custom_handler(event)
  File "/var/lib/juju/agents/unit-postgresql-1/charm/lib/charms/tempo_coordinator_k8s/v0/charm_tracing.py", line 1116, in wrapped_function
    return callable(*args, **kwargs)  # type: ignore
  File "/var/lib/juju/agents/unit-postgresql-1/charm/src/relations/db.py", line 117, in _on_relation_changed
    not in self.charm.postgresql.list_users(current_host=True)
  File "/var/lib/juju/agents/unit-postgresql-1/charm/lib/charms/tempo_coordinator_k8s/v0/charm_tracing.py", line 1116, in wrapped_function
    return callable(*args, **kwargs)  # type: ignore
  File "/var/lib/juju/agents/unit-postgresql-1/charm/lib/charms/postgresql_k8s/v0/postgresql.py", line 730, in list_users
    raise PostgreSQLListUsersError() from e
charms.postgresql_k8s.v0.postgresql.PostgreSQLListUsersError
unit-postgresql-1: 01:40:58 ERROR juju.worker.uniter.operation hook "db-admin-relation-joined" (via hook dispatching script: dispatch) failed: exit status 1

[32mINFO    [0m pytest_operator.plugin:plugin.py:1039 Forgetting model main...