{"uid":"1488cfd8e1edcedd","name":"test_nextcloud_db_blocked","fullName":"tests.integration.new_relations.test_new_relations#test_nextcloud_db_blocked","historyId":"eb05ebe009756754c60f9a8fcd4be7ce","time":{"start":1738027905885,"stop":1738028411271,"duration":505386},"status":"broken","statusMessage":"juju.errors.JujuUnitError: Unit in error: nextcloud/0","statusTrace":"Traceback (most recent call last):\n  File \"/home/runner/work/postgresql-operator/postgresql-operator/.tox/integration/lib/python3.12/site-packages/_pytest/runner.py\", line 341, in from_call\n    result: TResult | None = func()\n                             ^^^^^^\n  File \"/home/runner/work/postgresql-operator/postgresql-operator/.tox/integration/lib/python3.12/site-packages/_pytest/runner.py\", line 242, in <lambda>\n    lambda: runtest_hook(item=item, **kwds), when=when, reraise=reraise\n            ^^^^^^^^^^^^^^^^^^^^^^^^^^^^^^^\n  File \"/home/runner/work/postgresql-operator/postgresql-operator/.tox/integration/lib/python3.12/site-packages/pluggy/_hooks.py\", line 513, in __call__\n    return self._hookexec(self.name, self._hookimpls.copy(), kwargs, firstresult)\n           ^^^^^^^^^^^^^^^^^^^^^^^^^^^^^^^^^^^^^^^^^^^^^^^^^^^^^^^^^^^^^^^^^^^^^^\n  File \"/home/runner/work/postgresql-operator/postgresql-operator/.tox/integration/lib/python3.12/site-packages/pluggy/_manager.py\", line 120, in _hookexec\n    return self._inner_hookexec(hook_name, methods, kwargs, firstresult)\n           ^^^^^^^^^^^^^^^^^^^^^^^^^^^^^^^^^^^^^^^^^^^^^^^^^^^^^^^^^^^^^\n  File \"/home/runner/work/postgresql-operator/postgresql-operator/.tox/integration/lib/python3.12/site-packages/pluggy/_callers.py\", line 182, in _multicall\n    return outcome.get_result()\n           ^^^^^^^^^^^^^^^^^^^^\n  File \"/home/runner/work/postgresql-operator/postgresql-operator/.tox/integration/lib/python3.12/site-packages/pluggy/_result.py\", line 100, in get_result\n    raise exc.with_traceback(exc.__traceback__)\n  File \"/home/runner/work/postgresql-operator/postgresql-operator/.tox/integration/lib/python3.12/site-packages/pluggy/_callers.py\", line 167, in _multicall\n    teardown.throw(outcome._exception)\n  File \"/home/runner/work/postgresql-operator/postgresql-operator/.tox/integration/lib/python3.12/site-packages/_pytest/threadexception.py\", line 92, in pytest_runtest_call\n    yield from thread_exception_runtest_hook()\n  File \"/home/runner/work/postgresql-operator/postgresql-operator/.tox/integration/lib/python3.12/site-packages/_pytest/threadexception.py\", line 68, in thread_exception_runtest_hook\n    yield\n  File \"/home/runner/work/postgresql-operator/postgresql-operator/.tox/integration/lib/python3.12/site-packages/pluggy/_callers.py\", line 167, in _multicall\n    teardown.throw(outcome._exception)\n  File \"/home/runner/work/postgresql-operator/postgresql-operator/.tox/integration/lib/python3.12/site-packages/_pytest/unraisableexception.py\", line 95, in pytest_runtest_call\n    yield from unraisable_exception_runtest_hook()\n  File \"/home/runner/work/postgresql-operator/postgresql-operator/.tox/integration/lib/python3.12/site-packages/_pytest/unraisableexception.py\", line 70, in unraisable_exception_runtest_hook\n    yield\n  File \"/home/runner/work/postgresql-operator/postgresql-operator/.tox/integration/lib/python3.12/site-packages/pluggy/_callers.py\", line 167, in _multicall\n    teardown.throw(outcome._exception)\n  File \"/home/runner/work/postgresql-operator/postgresql-operator/.tox/integration/lib/python3.12/site-packages/_pytest/logging.py\", line 846, in pytest_runtest_call\n    yield from self._runtest_for(item, \"call\")\n  File \"/home/runner/work/postgresql-operator/postgresql-operator/.tox/integration/lib/python3.12/site-packages/_pytest/logging.py\", line 829, in _runtest_for\n    yield\n  File \"/home/runner/work/postgresql-operator/postgresql-operator/.tox/integration/lib/python3.12/site-packages/pluggy/_callers.py\", line 167, in _multicall\n    teardown.throw(outcome._exception)\n  File \"/home/runner/work/postgresql-operator/postgresql-operator/.tox/integration/lib/python3.12/site-packages/_pytest/capture.py\", line 880, in pytest_runtest_call\n    return (yield)\n            ^^^^^\n  File \"/home/runner/work/postgresql-operator/postgresql-operator/.tox/integration/lib/python3.12/site-packages/pluggy/_callers.py\", line 167, in _multicall\n    teardown.throw(outcome._exception)\n  File \"/home/runner/work/postgresql-operator/postgresql-operator/.tox/integration/lib/python3.12/site-packages/_pytest/skipping.py\", line 257, in pytest_runtest_call\n    return (yield)\n            ^^^^^\n  File \"/home/runner/work/postgresql-operator/postgresql-operator/.tox/integration/lib/python3.12/site-packages/pluggy/_callers.py\", line 103, in _multicall\n    res = hook_impl.function(*args)\n          ^^^^^^^^^^^^^^^^^^^^^^^^^\n  File \"/home/runner/work/postgresql-operator/postgresql-operator/.tox/integration/lib/python3.12/site-packages/_pytest/runner.py\", line 174, in pytest_runtest_call\n    item.runtest()\n  File \"/home/runner/work/postgresql-operator/postgresql-operator/.tox/integration/lib/python3.12/site-packages/_pytest/python.py\", line 1627, in runtest\n    self.ihook.pytest_pyfunc_call(pyfuncitem=self)\n  File \"/home/runner/work/postgresql-operator/postgresql-operator/.tox/integration/lib/python3.12/site-packages/pluggy/_hooks.py\", line 513, in __call__\n    return self._hookexec(self.name, self._hookimpls.copy(), kwargs, firstresult)\n           ^^^^^^^^^^^^^^^^^^^^^^^^^^^^^^^^^^^^^^^^^^^^^^^^^^^^^^^^^^^^^^^^^^^^^^\n  File \"/home/runner/work/postgresql-operator/postgresql-operator/.tox/integration/lib/python3.12/site-packages/pluggy/_manager.py\", line 120, in _hookexec\n    return self._inner_hookexec(hook_name, methods, kwargs, firstresult)\n           ^^^^^^^^^^^^^^^^^^^^^^^^^^^^^^^^^^^^^^^^^^^^^^^^^^^^^^^^^^^^^\n  File \"/home/runner/work/postgresql-operator/postgresql-operator/.tox/integration/lib/python3.12/site-packages/pluggy/_callers.py\", line 182, in _multicall\n    return outcome.get_result()\n           ^^^^^^^^^^^^^^^^^^^^\n  File \"/home/runner/work/postgresql-operator/postgresql-operator/.tox/integration/lib/python3.12/site-packages/pluggy/_result.py\", line 100, in get_result\n    raise exc.with_traceback(exc.__traceback__)\n  File \"/home/runner/work/postgresql-operator/postgresql-operator/.tox/integration/lib/python3.12/site-packages/pluggy/_callers.py\", line 103, in _multicall\n    res = hook_impl.function(*args)\n          ^^^^^^^^^^^^^^^^^^^^^^^^^\n  File \"/home/runner/work/postgresql-operator/postgresql-operator/.tox/integration/lib/python3.12/site-packages/_pytest/python.py\", line 159, in pytest_pyfunc_call\n    result = testfunction(**testargs)\n             ^^^^^^^^^^^^^^^^^^^^^^^^\n  File \"/home/runner/work/postgresql-operator/postgresql-operator/.tox/integration/lib/python3.12/site-packages/pytest_asyncio/plugin.py\", line 529, in inner\n    _loop.run_until_complete(task)\n  File \"/usr/lib/python3.12/asyncio/base_events.py\", line 687, in run_until_complete\n    return future.result()\n           ^^^^^^^^^^^^^^^\n  File \"/home/runner/work/postgresql-operator/postgresql-operator/tests/integration/new_relations/test_new_relations.py\", line 664, in test_nextcloud_db_blocked\n    await ops_test.model.wait_for_idle(\n  File \"/home/runner/work/postgresql-operator/postgresql-operator/.tox/integration/lib/python3.12/site-packages/juju/model/__init__.py\", line 3245, in wait_for_idle\n    _raise_for_status(errors, \"error\")\n  File \"/home/runner/work/postgresql-operator/postgresql-operator/.tox/integration/lib/python3.12/site-packages/juju/model/__init__.py\", line 3136, in _raise_for_status\n    raise error_type(\njuju.errors.JujuUnitError: Unit in error: nextcloud/0","flaky":false,"newFailed":false,"newBroken":true,"newPassed":false,"retriesCount":1,"retriesStatusChange":true,"beforeStages":[{"name":"event_loop","time":{"start":1738027905768,"stop":1738027905769,"duration":1},"status":"passed","steps":[],"attachments":[],"parameters":[],"shouldDisplayMessage":false,"stepsCount":0,"attachmentsCount":0,"hasContent":false,"attachmentStep":false},{"name":"ops_test","time":{"start":1738027905769,"stop":1738027905882,"duration":113},"status":"passed","steps":[],"attachments":[],"parameters":[],"shouldDisplayMessage":false,"stepsCount":0,"attachmentsCount":0,"hasContent":false,"attachmentStep":false},{"name":"tmp_path_factory","time":{"start":1738027905769,"stop":1738027905769,"duration":0},"status":"passed","steps":[],"attachments":[],"parameters":[],"shouldDisplayMessage":false,"stepsCount":0,"attachmentsCount":0,"hasContent":false,"attachmentStep":false},{"name":"charm","time":{"start":1738027905882,"stop":1738027905884,"duration":2},"status":"passed","steps":[],"attachments":[],"parameters":[],"shouldDisplayMessage":false,"stepsCount":0,"attachmentsCount":0,"hasContent":false,"attachmentStep":false},{"name":"abort_on_fail","time":{"start":1738027905884,"stop":1738027905884,"duration":0},"status":"passed","steps":[],"attachments":[],"parameters":[],"shouldDisplayMessage":false,"stepsCount":0,"attachmentsCount":0,"hasContent":false,"attachmentStep":false}],"testStage":{"status":"broken","statusMessage":"juju.errors.JujuUnitError: Unit in error: nextcloud/0","statusTrace":"Traceback (most recent call last):\n  File \"/home/runner/work/postgresql-operator/postgresql-operator/.tox/integration/lib/python3.12/site-packages/_pytest/runner.py\", line 341, in from_call\n    result: TResult | None = func()\n                             ^^^^^^\n  File \"/home/runner/work/postgresql-operator/postgresql-operator/.tox/integration/lib/python3.12/site-packages/_pytest/runner.py\", line 242, in <lambda>\n    lambda: runtest_hook(item=item, **kwds), when=when, reraise=reraise\n            ^^^^^^^^^^^^^^^^^^^^^^^^^^^^^^^\n  File \"/home/runner/work/postgresql-operator/postgresql-operator/.tox/integration/lib/python3.12/site-packages/pluggy/_hooks.py\", line 513, in __call__\n    return self._hookexec(self.name, self._hookimpls.copy(), kwargs, firstresult)\n           ^^^^^^^^^^^^^^^^^^^^^^^^^^^^^^^^^^^^^^^^^^^^^^^^^^^^^^^^^^^^^^^^^^^^^^\n  File \"/home/runner/work/postgresql-operator/postgresql-operator/.tox/integration/lib/python3.12/site-packages/pluggy/_manager.py\", line 120, in _hookexec\n    return self._inner_hookexec(hook_name, methods, kwargs, firstresult)\n           ^^^^^^^^^^^^^^^^^^^^^^^^^^^^^^^^^^^^^^^^^^^^^^^^^^^^^^^^^^^^^\n  File \"/home/runner/work/postgresql-operator/postgresql-operator/.tox/integration/lib/python3.12/site-packages/pluggy/_callers.py\", line 182, in _multicall\n    return outcome.get_result()\n           ^^^^^^^^^^^^^^^^^^^^\n  File \"/home/runner/work/postgresql-operator/postgresql-operator/.tox/integration/lib/python3.12/site-packages/pluggy/_result.py\", line 100, in get_result\n    raise exc.with_traceback(exc.__traceback__)\n  File \"/home/runner/work/postgresql-operator/postgresql-operator/.tox/integration/lib/python3.12/site-packages/pluggy/_callers.py\", line 167, in _multicall\n    teardown.throw(outcome._exception)\n  File \"/home/runner/work/postgresql-operator/postgresql-operator/.tox/integration/lib/python3.12/site-packages/_pytest/threadexception.py\", line 92, in pytest_runtest_call\n    yield from thread_exception_runtest_hook()\n  File \"/home/runner/work/postgresql-operator/postgresql-operator/.tox/integration/lib/python3.12/site-packages/_pytest/threadexception.py\", line 68, in thread_exception_runtest_hook\n    yield\n  File \"/home/runner/work/postgresql-operator/postgresql-operator/.tox/integration/lib/python3.12/site-packages/pluggy/_callers.py\", line 167, in _multicall\n    teardown.throw(outcome._exception)\n  File \"/home/runner/work/postgresql-operator/postgresql-operator/.tox/integration/lib/python3.12/site-packages/_pytest/unraisableexception.py\", line 95, in pytest_runtest_call\n    yield from unraisable_exception_runtest_hook()\n  File \"/home/runner/work/postgresql-operator/postgresql-operator/.tox/integration/lib/python3.12/site-packages/_pytest/unraisableexception.py\", line 70, in unraisable_exception_runtest_hook\n    yield\n  File \"/home/runner/work/postgresql-operator/postgresql-operator/.tox/integration/lib/python3.12/site-packages/pluggy/_callers.py\", line 167, in _multicall\n    teardown.throw(outcome._exception)\n  File \"/home/runner/work/postgresql-operator/postgresql-operator/.tox/integration/lib/python3.12/site-packages/_pytest/logging.py\", line 846, in pytest_runtest_call\n    yield from self._runtest_for(item, \"call\")\n  File \"/home/runner/work/postgresql-operator/postgresql-operator/.tox/integration/lib/python3.12/site-packages/_pytest/logging.py\", line 829, in _runtest_for\n    yield\n  File \"/home/runner/work/postgresql-operator/postgresql-operator/.tox/integration/lib/python3.12/site-packages/pluggy/_callers.py\", line 167, in _multicall\n    teardown.throw(outcome._exception)\n  File \"/home/runner/work/postgresql-operator/postgresql-operator/.tox/integration/lib/python3.12/site-packages/_pytest/capture.py\", line 880, in pytest_runtest_call\n    return (yield)\n            ^^^^^\n  File \"/home/runner/work/postgresql-operator/postgresql-operator/.tox/integration/lib/python3.12/site-packages/pluggy/_callers.py\", line 167, in _multicall\n    teardown.throw(outcome._exception)\n  File \"/home/runner/work/postgresql-operator/postgresql-operator/.tox/integration/lib/python3.12/site-packages/_pytest/skipping.py\", line 257, in pytest_runtest_call\n    return (yield)\n            ^^^^^\n  File \"/home/runner/work/postgresql-operator/postgresql-operator/.tox/integration/lib/python3.12/site-packages/pluggy/_callers.py\", line 103, in _multicall\n    res = hook_impl.function(*args)\n          ^^^^^^^^^^^^^^^^^^^^^^^^^\n  File \"/home/runner/work/postgresql-operator/postgresql-operator/.tox/integration/lib/python3.12/site-packages/_pytest/runner.py\", line 174, in pytest_runtest_call\n    item.runtest()\n  File \"/home/runner/work/postgresql-operator/postgresql-operator/.tox/integration/lib/python3.12/site-packages/_pytest/python.py\", line 1627, in runtest\n    self.ihook.pytest_pyfunc_call(pyfuncitem=self)\n  File \"/home/runner/work/postgresql-operator/postgresql-operator/.tox/integration/lib/python3.12/site-packages/pluggy/_hooks.py\", line 513, in __call__\n    return self._hookexec(self.name, self._hookimpls.copy(), kwargs, firstresult)\n           ^^^^^^^^^^^^^^^^^^^^^^^^^^^^^^^^^^^^^^^^^^^^^^^^^^^^^^^^^^^^^^^^^^^^^^\n  File \"/home/runner/work/postgresql-operator/postgresql-operator/.tox/integration/lib/python3.12/site-packages/pluggy/_manager.py\", line 120, in _hookexec\n    return self._inner_hookexec(hook_name, methods, kwargs, firstresult)\n           ^^^^^^^^^^^^^^^^^^^^^^^^^^^^^^^^^^^^^^^^^^^^^^^^^^^^^^^^^^^^^\n  File \"/home/runner/work/postgresql-operator/postgresql-operator/.tox/integration/lib/python3.12/site-packages/pluggy/_callers.py\", line 182, in _multicall\n    return outcome.get_result()\n           ^^^^^^^^^^^^^^^^^^^^\n  File \"/home/runner/work/postgresql-operator/postgresql-operator/.tox/integration/lib/python3.12/site-packages/pluggy/_result.py\", line 100, in get_result\n    raise exc.with_traceback(exc.__traceback__)\n  File \"/home/runner/work/postgresql-operator/postgresql-operator/.tox/integration/lib/python3.12/site-packages/pluggy/_callers.py\", line 103, in _multicall\n    res = hook_impl.function(*args)\n          ^^^^^^^^^^^^^^^^^^^^^^^^^\n  File \"/home/runner/work/postgresql-operator/postgresql-operator/.tox/integration/lib/python3.12/site-packages/_pytest/python.py\", line 159, in pytest_pyfunc_call\n    result = testfunction(**testargs)\n             ^^^^^^^^^^^^^^^^^^^^^^^^\n  File \"/home/runner/work/postgresql-operator/postgresql-operator/.tox/integration/lib/python3.12/site-packages/pytest_asyncio/plugin.py\", line 529, in inner\n    _loop.run_until_complete(task)\n  File \"/usr/lib/python3.12/asyncio/base_events.py\", line 687, in run_until_complete\n    return future.result()\n           ^^^^^^^^^^^^^^^\n  File \"/home/runner/work/postgresql-operator/postgresql-operator/tests/integration/new_relations/test_new_relations.py\", line 664, in test_nextcloud_db_blocked\n    await ops_test.model.wait_for_idle(\n  File \"/home/runner/work/postgresql-operator/postgresql-operator/.tox/integration/lib/python3.12/site-packages/juju/model/__init__.py\", line 3245, in wait_for_idle\n    _raise_for_status(errors, \"error\")\n  File \"/home/runner/work/postgresql-operator/postgresql-operator/.tox/integration/lib/python3.12/site-packages/juju/model/__init__.py\", line 3136, in _raise_for_status\n    raise error_type(\njuju.errors.JujuUnitError: Unit in error: nextcloud/0","steps":[],"attachments":[{"uid":"414a6a09b3c499e1","name":"log","source":"414a6a09b3c499e1.txt","type":"text/plain","size":10215}],"parameters":[],"shouldDisplayMessage":true,"stepsCount":0,"attachmentsCount":1,"hasContent":true,"attachmentStep":false},"afterStages":[{"name":"ops_test::finalizer","time":{"start":1738028411319,"stop":1738028411627,"duration":308},"status":"passed","steps":[],"attachments":[],"parameters":[],"shouldDisplayMessage":false,"stepsCount":0,"attachmentsCount":0,"hasContent":false,"attachmentStep":false},{"name":"charm::finalizer","time":{"start":1738028411319,"stop":1738028411319,"duration":0},"status":"passed","steps":[],"attachments":[],"parameters":[],"shouldDisplayMessage":false,"stepsCount":0,"attachmentsCount":0,"hasContent":false,"attachmentStep":false},{"name":"abort_on_fail::0","time":{"start":1738028411319,"stop":1738028411319,"duration":0},"status":"passed","steps":[],"attachments":[],"parameters":[],"shouldDisplayMessage":false,"stepsCount":0,"attachmentsCount":0,"hasContent":false,"attachmentStep":false},{"name":"event_loop::2","time":{"start":1738028411628,"stop":1738028411628,"duration":0},"status":"passed","steps":[],"attachments":[],"parameters":[],"shouldDisplayMessage":false,"stepsCount":0,"attachmentsCount":0,"hasContent":false,"attachmentStep":false},{"name":"event_loop::_close_event_loop","time":{"start":1738028411628,"stop":1738028411628,"duration":0},"status":"passed","steps":[],"attachments":[],"parameters":[],"shouldDisplayMessage":false,"stepsCount":0,"attachmentsCount":0,"hasContent":false,"attachmentStep":false},{"name":"event_loop::_provide_clean_event_loop","time":{"start":1738028411628,"stop":1738028411628,"duration":0},"status":"passed","steps":[],"attachments":[],"parameters":[],"shouldDisplayMessage":false,"stepsCount":0,"attachmentsCount":0,"hasContent":false,"attachmentStep":false}],"labels":[{"name":"tag","value":"@pytest.mark.skipif(False, reason='Requires amd64 architecture')"},{"name":"tag","value":"group('nextcloud_blocked')"},{"name":"tag","value":"asyncio"},{"name":"parentSuite","value":"tests.integration.new_relations"},{"name":"suite","value":"test_new_relations"},{"name":"host","value":"fv-az1770-929"},{"name":"thread","value":"10690-MainThread"},{"name":"framework","value":"pytest"},{"name":"language","value":"cpython3"},{"name":"package","value":"tests.integration.new_relations.test_new_relations"},{"name":"resultFormat","value":"allure2"}],"parameters":[],"links":[],"hidden":false,"retry":false,"extra":{"severity":"normal","retries":[{"uid":"2173cdbf163e2b23","status":"unknown","time":{}}],"categories":[{"name":"Test defects","matchedStatuses":[],"flaky":false}],"history":{"statistic":{"failed":0,"broken":5,"skipped":2,"passed":281,"unknown":4,"total":292},"items":[{"uid":"7dd81bd41241a0e9","reportUrl":"../3888//#testresult/7dd81bd41241a0e9","status":"passed","time":{"start":1737941426037,"stop":1737942000810,"duration":574773}},{"uid":"97b26469be2e799f","reportUrl":"../3887//#testresult/97b26469be2e799f","status":"passed","time":{"start":1737855023698,"stop":1737855643325,"duration":619627}},{"uid":"cfafc7cc6c27e336","reportUrl":"../3884//#testresult/cfafc7cc6c27e336","status":"passed","time":{"start":1737768544551,"stop":1737769104488,"duration":559937}},{"uid":"692fee08ef8a2e59","reportUrl":"../3879//#testresult/692fee08ef8a2e59","status":"passed","time":{"start":1737682174309,"stop":1737682698263,"duration":523954}},{"uid":"faeb9ff1f07b0a77","reportUrl":"../3859//#testresult/faeb9ff1f07b0a77","status":"passed","time":{"start":1737596592827,"stop":1737597229331,"duration":636504}},{"uid":"c8a6671b58fb9dfb","reportUrl":"../3849//#testresult/c8a6671b58fb9dfb","status":"passed","time":{"start":1737510213976,"stop":1737510823776,"duration":609800}},{"uid":"b800f52b11f2255b","reportUrl":"../3844//#testresult/b800f52b11f2255b","status":"passed","time":{"start":1737423821352,"stop":1737424345995,"duration":524643}},{"uid":"60e6719390fcb810","reportUrl":"../3841//#testresult/60e6719390fcb810","status":"passed","time":{"start":1737337388586,"stop":1737337937678,"duration":549092}},{"uid":"5cca73ced93532aa","reportUrl":"../3838//#testresult/5cca73ced93532aa","status":"passed","time":{"start":1737251044282,"stop":1737251664836,"duration":620554}},{"uid":"9223edd7b7526fa9","reportUrl":"../3836//#testresult/9223edd7b7526fa9","status":"passed","time":{"start":1737164608765,"stop":1737165160757,"duration":551992}},{"uid":"71873cf2fe0d9905","reportUrl":"../3828//#testresult/71873cf2fe0d9905","status":"passed","time":{"start":1737078216258,"stop":1737078803552,"duration":587294}},{"uid":"600104fa03548f5a","reportUrl":"../3822//#testresult/600104fa03548f5a","status":"passed","time":{"start":1736991748591,"stop":1736992375563,"duration":626972}},{"uid":"513434a0465adc24","reportUrl":"../3812//#testresult/513434a0465adc24","status":"passed","time":{"start":1736818249388,"stop":1736818774629,"duration":525241}},{"uid":"a427010b3e980174","reportUrl":"../3797//#testresult/a427010b3e980174","status":"passed","time":{"start":1736731915080,"stop":1736732464293,"duration":549213}},{"uid":"97c84be587336815","reportUrl":"../3794//#testresult/97c84be587336815","status":"passed","time":{"start":1736645498222,"stop":1736646073877,"duration":575655}},{"uid":"97f2f38b2a07dfc5","reportUrl":"../3793//#testresult/97f2f38b2a07dfc5","status":"passed","time":{"start":1736559144227,"stop":1736559732351,"duration":588124}},{"uid":"60a5487b7378ef6e","reportUrl":"../3781//#testresult/60a5487b7378ef6e","status":"passed","time":{"start":1736472758307,"stop":1736473370286,"duration":611979}},{"uid":"2663c94eba85fa29","reportUrl":"../3770//#testresult/2663c94eba85fa29","status":"passed","time":{"start":1736386300231,"stop":1736386851456,"duration":551225}},{"uid":"13b5bd9a6e56a45f","reportUrl":"../3737//#testresult/13b5bd9a6e56a45f","status":"passed","time":{"start":1735867852788,"stop":1735868489185,"duration":636397}},{"uid":"8bc7b269161afcdf","reportUrl":"../3735//#testresult/8bc7b269161afcdf","status":"passed","time":{"start":1735781809695,"stop":1735782446245,"duration":636550}}]},"tags":["group('nextcloud_blocked')","asyncio","@pytest.mark.skipif(False, reason='Requires amd64 architecture')"]},"source":"1488cfd8e1edcedd.json","parameterValues":[]}