[32mINFO    [0m juju.model:model.py:2097 Deploying ch:amd64/jammy/self-signed-certificates-155
[33mWARNING [0m juju.model:model.py:1563 relate is deprecated and will be removed. Use integrate instead.
[32mINFO    [0m juju.model:model.py:2971 Waiting for model:
  postgresql/0 [allocating] waiting: waiting for machine
  postgresql/1 [allocating] waiting: waiting for machine
  postgresql/2 [allocating] waiting: waiting for machine
  self-signed-certificates/0 [allocating] waiting: waiting for machine
[32mINFO    [0m juju.model:model.py:2971 Waiting for model:
  postgresql/0 [allocating] waiting: waiting for machine
  postgresql/1 [allocating] waiting: waiting for machine
  postgresql/2 [allocating] waiting: waiting for machine
  self-signed-certificates/0 [allocating] waiting: waiting for machine
[32mINFO    [0m juju.model:model.py:2971 Waiting for model:
  postgresql/0 [allocating] waiting: waiting for machine
  postgresql/1 [allocating] waiting: waiting for machine
  postgresql/2 [allocating] waiting: waiting for machine
  self-signed-certificates/0 [allocating] waiting: waiting for machine
[32mINFO    [0m juju.model:model.py:2971 Waiting for model:
  postgresql/0 [allocating] waiting: waiting for machine
  postgresql/1 [allocating] waiting: waiting for machine
  postgresql/2 [allocating] waiting: waiting for machine
  self-signed-certificates/0 [allocating] waiting: waiting for machine
[32mINFO    [0m juju.model:model.py:2971 Waiting for model:
  postgresql/0 [allocating] waiting: waiting for machine
  postgresql/1 [allocating] waiting: waiting for machine
  postgresql/2 [allocating] waiting: waiting for machine
  self-signed-certificates/0 [allocating] waiting: waiting for machine
[32mINFO    [0m juju.model:model.py:2971 Waiting for model:
  postgresql/0 [allocating] waiting: waiting for machine
  postgresql/1 [allocating] waiting: waiting for machine
  postgresql/2 [allocating] waiting: waiting for machine
  self-signed-certificates/0 [allocating] waiting: waiting for machine
[32mINFO    [0m juju.model:model.py:2971 Waiting for model:
  postgresql/0 [allocating] waiting: waiting for machine
  postgresql/1 [allocating] waiting: waiting for machine
  postgresql/2 [allocating] waiting: waiting for machine
  self-signed-certificates/0 [allocating] waiting: waiting for machine
[32mINFO    [0m juju.model:model.py:2971 Waiting for model:
  postgresql/0 [allocating] waiting: waiting for machine
  postgresql/1 [allocating] waiting: waiting for machine
  postgresql/2 [allocating] waiting: waiting for machine
  self-signed-certificates/0 [allocating] waiting: waiting for machine
[32mINFO    [0m juju.model:model.py:2971 Waiting for model:
  postgresql/0 [allocating] waiting: agent initialising
  postgresql/1 [allocating] waiting: agent initialising
  postgresql/2 [allocating] waiting: agent initialising
  self-signed-certificates/0 [executing] active: 
[32mINFO    [0m juju.model:model.py:2971 Waiting for model:
  postgresql/0 [executing] maintenance: installing PostgreSQL
  postgresql/1 [executing] maintenance: installing PostgreSQL
  postgresql/2 [executing] maintenance: installing PostgreSQL
[32mINFO    [0m juju.model:model.py:2971 Waiting for model:
  postgresql/0 [executing] maintenance: installing PostgreSQL
  postgresql/1 [executing] maintenance: installing PostgreSQL
  postgresql/2 [executing] waiting: waiting to start PostgreSQL
  self-signed-certificates/0 [executing] active: 
[32mINFO    [0m juju.model:model.py:2971 Waiting for model:
  postgresql/0 [executing] waiting: awaiting for cluster to start
  postgresql/1 [executing] waiting: awaiting for cluster to start
  postgresql/2 [executing] waiting: waiting to start PostgreSQL
  self-signed-certificates/0 [executing] active: 
[32mINFO    [0m juju.model:model.py:2971 Waiting for model:
  postgresql/0 [executing] waiting: awaiting for cluster to start
  postgresql/1 [executing] waiting: awaiting for cluster to start
  postgresql/2 [executing] active: Primary
[32mINFO    [0m juju.model:model.py:2971 Waiting for model:
  postgresql/0 [executing] waiting: awaiting for cluster to start
  postgresql/1 [executing] waiting: awaiting for cluster to start
  postgresql/2 [executing] active: 
[32mINFO    [0m juju.model:model.py:2971 Waiting for model:
  postgresql/0 [executing] waiting: awaiting for cluster to start
  postgresql/1 [executing] waiting: awaiting for cluster to start
  postgresql/2 [executing] active: Primary
[32mINFO    [0m juju.model:model.py:2971 Waiting for model:
  postgresql/0 [idle] waiting: awaiting for cluster to start
  postgresql/1 [idle] waiting: awaiting for cluster to start
  postgresql/2 [executing] maintenance: reconfiguring cluster
[32mINFO    [0m juju.model:model.py:2971 Waiting for model:
  postgresql/0 [idle] waiting: awaiting for cluster to start
  postgresql/1 [idle] waiting: awaiting for cluster to start
  postgresql/2 [executing] maintenance: reconfiguring cluster
[32mINFO    [0m juju.model:model.py:2971 Waiting for model:
  postgresql/0 [idle] waiting: awaiting for cluster to start
  postgresql/1 [idle] waiting: awaiting for cluster to start
  postgresql/2 [executing] maintenance: reconfiguring cluster
[32mINFO    [0m juju.model:model.py:2971 Waiting for model:
  postgresql/0 [idle] waiting: awaiting for cluster to start
  postgresql/1 [idle] waiting: awaiting for cluster to start
  postgresql/2 [executing] maintenance: reconfiguring cluster
[32mINFO    [0m juju.model:model.py:2971 Waiting for model:
  postgresql/0 [idle] waiting: awaiting for cluster to start
  postgresql/1 [idle] waiting: awaiting for cluster to start
  postgresql/2 [executing] maintenance: reconfiguring cluster
[32mINFO    [0m juju.model:model.py:2971 Waiting for model:
  postgresql/0 [idle] waiting: awaiting for cluster to start
  postgresql/1 [idle] waiting: awaiting for cluster to start
[32mINFO    [0m juju.model:model.py:2971 Waiting for model:
  postgresql/0 [idle] waiting: awaiting for cluster to start
  postgresql/1 [idle] waiting: awaiting for cluster to start
[32mINFO    [0m juju.model:model.py:2971 Waiting for model:
  postgresql/0 [executing] active: 
  postgresql/1 [executing] active: 
  postgresql/2 [executing] active: 
[32mINFO    [0m juju.model:model.py:2971 Waiting for model:
  postgresql/0 [idle] active: 
  postgresql/1 [executing] active: 
  postgresql/2 [executing] active: Primary
[32mINFO    [0m juju.model:model.py:2971 Waiting for model:
  postgresql/2 [idle] active: Primary
[32mINFO    [0m juju.model:model.py:2971 Waiting for model:
  postgresql/0 [idle] active: 
  postgresql/1 [idle] active: 
  postgresql/2 [idle] active: Primary
[32mINFO    [0m juju.model:model.py:2971 Waiting for model:
  postgresql/0 [idle] active: 
  postgresql/1 [idle] active: 
  postgresql/2 [idle] active: Primary
[32mINFO    [0m integration.test_tls:test_tls.py:167 Trying to grep for rewind logs.
[1m[31mERROR   [0m integration.helpers:helpers.py:929 
[32mINFO    [0m integration.test_tls:test_tls.py:167 Trying to grep for rewind logs.
[32mINFO    [0m juju.model:model.py:2971 Waiting for model:
  postgresql/0 [idle] active: 
  postgresql/1 [idle] active: 
  postgresql/2 [idle] active: Primary
[32mINFO    [0m juju.model:model.py:2971 Waiting for model:
  postgresql/0 [executing] waiting: Awaiting restart operation
  postgresql/1 [executing] waiting: Awaiting restart operation
  postgresql/2 [executing] active: 
[32mINFO    [0m juju.model:model.py:2971 Waiting for model:
  postgresql/0 [executing] active: Primary
  postgresql/1 [executing] waiting: Awaiting restart operation
  postgresql/2 [executing] active: 
[32mINFO    [0m juju.model:model.py:2971 Waiting for model:
  postgresql/0 [executing] active: Primary
  postgresql/1 [executing] active: 
  postgresql/2 [executing] active: 
[32mINFO    [0m juju.model:model.py:2971 Waiting for model:
  postgresql/0 [executing] active: 
  postgresql/1 [idle] active: 
  postgresql/2 [executing] active: 
[32mINFO    [0m juju.model:model.py:2971 Waiting for model:
  postgresql/2 [idle] active:
[32mINFO    [0m pytest_operator.plugin:plugin.py:903 Model status:

Model  Controller           Cloud/Region         Version  SLA          Timestamp
test   localhost-localhost  localhost/localhost  3.4.6    unsupported  01:52:10Z

App                       Version  Status  Scale  Charm                     Channel        Rev  Exposed  Message
postgresql                14.13    active      3  postgresql                                 0  no       
self-signed-certificates           active      1  self-signed-certificates  latest/stable  155  no       

Unit                         Workload  Agent  Machine  Public address  Ports     Message
postgresql/0                 active    idle   0        10.224.135.63   5432/tcp  Primary
postgresql/1                 active    idle   1        10.224.135.164  5432/tcp  
postgresql/2*                active    idle   2        10.224.135.209  5432/tcp  
self-signed-certificates/0*  active    idle   3        10.224.135.253            

Machine  State    Address         Inst id        Base          AZ  Message
0        started  10.224.135.63   juju-a561df-0  ubuntu@22.04      Running
1        started  10.224.135.164  juju-a561df-1  ubuntu@22.04      Running
2        started  10.224.135.209  juju-a561df-2  ubuntu@22.04      Running
3        started  10.224.135.253  juju-a561df-3  ubuntu@22.04      Running

[32mINFO    [0m pytest_operator.plugin:plugin.py:909 Juju error logs:

machine-3: 01:39:40 ERROR juju.worker.dependency "lxd-container-provisioner" manifold worker returned unexpected error: container types not yet available
machine-3: 01:39:40 ERROR juju.worker.dependency "kvm-container-provisioner" manifold worker returned unexpected error: container types not yet available
unit-self-signed-certificates-0: 01:39:40 ERROR juju.worker.meterstatus error running "meter-status-changed": charm missing from disk
machine-2: 01:39:50 ERROR juju.worker.dependency "lxd-container-provisioner" manifold worker returned unexpected error: container types not yet available
machine-2: 01:39:50 ERROR juju.worker.dependency "kvm-container-provisioner" manifold worker returned unexpected error: container types not yet available
unit-postgresql-2: 01:39:50 ERROR juju.worker.meterstatus error running "meter-status-changed": charm missing from disk
machine-1: 01:39:51 ERROR juju.worker.dependency "lxd-container-provisioner" manifold worker returned unexpected error: container types not yet available
machine-1: 01:39:51 ERROR juju.worker.dependency "kvm-container-provisioner" manifold worker returned unexpected error: container types not yet available
unit-postgresql-1: 01:39:51 ERROR juju.worker.meterstatus error running "meter-status-changed": charm missing from disk
machine-0: 01:39:52 ERROR juju.worker.dependency "lxd-container-provisioner" manifold worker returned unexpected error: container types not yet available
machine-0: 01:39:52 ERROR juju.worker.dependency "kvm-container-provisioner" manifold worker returned unexpected error: container types not yet available
unit-postgresql-0: 01:39:53 ERROR juju.worker.meterstatus error running "meter-status-changed": charm missing from disk
unit-postgresql-2: 01:41:14 ERROR unit.postgresql/2.juju-log Unable to get the state of the cluster
Traceback (most recent call last):
  File "/var/lib/juju/agents/unit-postgresql-2/charm/venv/urllib3/connection.py", line 199, in _new_conn
    sock = connection.create_connection(
  File "/var/lib/juju/agents/unit-postgresql-2/charm/venv/urllib3/util/connection.py", line 85, in create_connection
    raise err
  File "/var/lib/juju/agents/unit-postgresql-2/charm/venv/urllib3/util/connection.py", line 73, in create_connection
    sock.connect(sa)
ConnectionRefusedError: [Errno 111] Connection refused

The above exception was the direct cause of the following exception:

Traceback (most recent call last):
  File "/var/lib/juju/agents/unit-postgresql-2/charm/venv/urllib3/connectionpool.py", line 789, in urlopen
    response = self._make_request(
  File "/var/lib/juju/agents/unit-postgresql-2/charm/venv/urllib3/connectionpool.py", line 495, in _make_request
    conn.request(
  File "/var/lib/juju/agents/unit-postgresql-2/charm/venv/urllib3/connection.py", line 441, in request
    self.endheaders()
  File "/usr/lib/python3.10/http/client.py", line 1278, in endheaders
    self._send_output(message_body, encode_chunked=encode_chunked)
  File "/usr/lib/python3.10/http/client.py", line 1038, in _send_output
    self.send(msg)
  File "/usr/lib/python3.10/http/client.py", line 976, in send
    self.connect()
  File "/var/lib/juju/agents/unit-postgresql-2/charm/venv/urllib3/connection.py", line 279, in connect
    self.sock = self._new_conn()
  File "/var/lib/juju/agents/unit-postgresql-2/charm/venv/urllib3/connection.py", line 214, in _new_conn
    raise NewConnectionError(
urllib3.exceptions.NewConnectionError: <urllib3.connection.HTTPConnection object at 0x7f752be997e0>: Failed to establish a new connection: [Errno 111] Connection refused

The above exception was the direct cause of the following exception:

Traceback (most recent call last):
  File "/var/lib/juju/agents/unit-postgresql-2/charm/venv/requests/adapters.py", line 667, in send
    resp = conn.urlopen(
  File "/var/lib/juju/agents/unit-postgresql-2/charm/venv/urllib3/connectionpool.py", line 843, in urlopen
    retries = retries.increment(
  File "/var/lib/juju/agents/unit-postgresql-2/charm/venv/urllib3/util/retry.py", line 519, in increment
    raise MaxRetryError(_pool, url, reason) from reason  # type: ignore[arg-type]
urllib3.exceptions.MaxRetryError: HTTPConnectionPool(host='10.224.135.209', port=8008): Max retries exceeded with url: /cluster (Caused by NewConnectionError('<urllib3.connection.HTTPConnection object at 0x7f752be997e0>: Failed to establish a new connection: [Errno 111] Connection refused'))

During handling of the above exception, another exception occurred:

Traceback (most recent call last):
  File "/var/lib/juju/agents/unit-postgresql-2/charm/src/cluster.py", line 531, in are_replicas_up
    response = requests.get(
  File "/var/lib/juju/agents/unit-postgresql-2/charm/venv/requests/api.py", line 73, in get
    return request("get", url, params=params, **kwargs)
  File "/var/lib/juju/agents/unit-postgresql-2/charm/venv/requests/api.py", line 59, in request
    return session.request(method=method, url=url, **kwargs)
  File "/var/lib/juju/agents/unit-postgresql-2/charm/venv/requests/sessions.py", line 589, in request
    resp = self.send(prep, **send_kwargs)
  File "/var/lib/juju/agents/unit-postgresql-2/charm/venv/requests/sessions.py", line 703, in send
    r = adapter.send(request, **kwargs)
  File "/var/lib/juju/agents/unit-postgresql-2/charm/venv/requests/adapters.py", line 700, in send
    raise ConnectionError(e, request=request)
requests.exceptions.ConnectionError: HTTPConnectionPool(host='10.224.135.209', port=8008): Max retries exceeded with url: /cluster (Caused by NewConnectionError('<urllib3.connection.HTTPConnection object at 0x7f752be997e0>: Failed to establish a new connection: [Errno 111] Connection refused'))
unit-postgresql-2: 01:41:30 ERROR unit.postgresql/2.juju-log Failed to list PostgreSQL database users: could not translate host name "None" to address: Temporary failure in name resolution

unit-postgresql-2: 01:42:15 ERROR unit.postgresql/2.juju-log certificates:3: Unable to get the state of the cluster
Traceback (most recent call last):
  File "/var/lib/juju/agents/unit-postgresql-2/charm/venv/urllib3/connectionpool.py", line 466, in _make_request
    self._validate_conn(conn)
  File "/var/lib/juju/agents/unit-postgresql-2/charm/venv/urllib3/connectionpool.py", line 1095, in _validate_conn
    conn.connect()
  File "/var/lib/juju/agents/unit-postgresql-2/charm/venv/urllib3/connection.py", line 730, in connect
    sock_and_verified = _ssl_wrap_socket_and_match_hostname(
  File "/var/lib/juju/agents/unit-postgresql-2/charm/venv/urllib3/connection.py", line 909, in _ssl_wrap_socket_and_match_hostname
    ssl_sock = ssl_wrap_socket(
  File "/var/lib/juju/agents/unit-postgresql-2/charm/venv/urllib3/util/ssl_.py", line 469, in ssl_wrap_socket
    ssl_sock = _ssl_wrap_socket_impl(sock, context, tls_in_tls, server_hostname)
  File "/var/lib/juju/agents/unit-postgresql-2/charm/venv/urllib3/util/ssl_.py", line 513, in _ssl_wrap_socket_impl
    return ssl_context.wrap_socket(sock, server_hostname=server_hostname)
  File "/usr/lib/python3.10/ssl.py", line 513, in wrap_socket
    return self.sslsocket_class._create(
  File "/usr/lib/python3.10/ssl.py", line 1100, in _create
    self.do_handshake()
  File "/usr/lib/python3.10/ssl.py", line 1371, in do_handshake
    self._sslobj.do_handshake()
ssl.SSLError: [SSL: WRONG_VERSION_NUMBER] wrong version number (_ssl.c:1007)

During handling of the above exception, another exception occurred:

Traceback (most recent call last):
  File "/var/lib/juju/agents/unit-postgresql-2/charm/venv/urllib3/connectionpool.py", line 789, in urlopen
    response = self._make_request(
  File "/var/lib/juju/agents/unit-postgresql-2/charm/venv/urllib3/connectionpool.py", line 490, in _make_request
    raise new_e
urllib3.exceptions.SSLError: [SSL: WRONG_VERSION_NUMBER] wrong version number (_ssl.c:1007)

The above exception was the direct cause of the following exception:

Traceback (most recent call last):
  File "/var/lib/juju/agents/unit-postgresql-2/charm/venv/requests/adapters.py", line 667, in send
    resp = conn.urlopen(
  File "/var/lib/juju/agents/unit-postgresql-2/charm/venv/urllib3/connectionpool.py", line 843, in urlopen
    retries = retries.increment(
  File "/var/lib/juju/agents/unit-postgresql-2/charm/venv/urllib3/util/retry.py", line 519, in increment
    raise MaxRetryError(_pool, url, reason) from reason  # type: ignore[arg-type]
urllib3.exceptions.MaxRetryError: HTTPSConnectionPool(host='10.224.135.209', port=8008): Max retries exceeded with url: /cluster (Caused by SSLError(SSLError(1, '[SSL: WRONG_VERSION_NUMBER] wrong version number (_ssl.c:1007)')))

During handling of the above exception, another exception occurred:

Traceback (most recent call last):
  File "/var/lib/juju/agents/unit-postgresql-2/charm/src/cluster.py", line 531, in are_replicas_up
    response = requests.get(
  File "/var/lib/juju/agents/unit-postgresql-2/charm/venv/requests/api.py", line 73, in get
    return request("get", url, params=params, **kwargs)
  File "/var/lib/juju/agents/unit-postgresql-2/charm/venv/requests/api.py", line 59, in request
    return session.request(method=method, url=url, **kwargs)
  File "/var/lib/juju/agents/unit-postgresql-2/charm/venv/requests/sessions.py", line 589, in request
    resp = self.send(prep, **send_kwargs)
  File "/var/lib/juju/agents/unit-postgresql-2/charm/venv/requests/sessions.py", line 703, in send
    r = adapter.send(request, **kwargs)
  File "/var/lib/juju/agents/unit-postgresql-2/charm/venv/requests/adapters.py", line 698, in send
    raise SSLError(e, request=request)
requests.exceptions.SSLError: HTTPSConnectionPool(host='10.224.135.209', port=8008): Max retries exceeded with url: /cluster (Caused by SSLError(SSLError(1, '[SSL: WRONG_VERSION_NUMBER] wrong version number (_ssl.c:1007)')))

[32mINFO    [0m pytest_operator.plugin:plugin.py:991 Forgetting model main...