[32mINFO    [0m integration.ha_tests.test_scaling_three_units_async:test_scaling_three_units_async.py:71 removing sync_standbys, replicas
[32mINFO    [0m integration.ha_tests.helpers:helpers.py:642 Cluster members are: [{'name': 'postgresql-3', 'role': 'leader', 'state': 'running', 'api_url': 'http://10.85.120.77:8008/patroni', 'host': '10.85.120.77', 'port': 5432, 'timeline': 4}, {'name': 'postgresql-6', 'role': 'sync_standby', 'state': 'streaming', 'api_url': 'http://10.85.120.146:8008/patroni', 'host': '10.85.120.146', 'port': 5432, 'timeline': 4, 'lag': 0}, {'name': 'postgresql-7', 'role': 'replica', 'state': 'streaming', 'api_url': 'http://10.85.120.111:8008/patroni', 'host': '10.85.120.111', 'port': 5432, 'timeline': 4, 'lag': 0}]
[32mINFO    [0m integration.ha_tests.test_scaling_three_units_async:test_scaling_three_units_async.py:81 Stopping unit postgresql/6
[32mINFO    [0m integration.ha_tests.test_scaling_three_units_async:test_scaling_three_units_async.py:81 Stopping unit postgresql/7
[32mINFO    [0m integration.ha_tests.test_scaling_three_units_async:test_scaling_three_units_async.py:85 Deleting unit postgresql/6
[32mINFO    [0m integration.ha_tests.test_scaling_three_units_async:test_scaling_three_units_async.py:85 Deleting unit postgresql/7
[32mINFO    [0m juju.model:__init__.py:3254 Waiting for model:
  postgresql-test-app/0 [idle] active: received database credentials of the first database
  postgresql/3 [executing] active: Primary
[32mINFO    [0m juju.model:__init__.py:3254 Waiting for model:
  postgresql-test-app/0 [idle] active: received database credentials of the first database
  postgresql/3 [executing] active: Primary
[32mINFO    [0m juju.model:__init__.py:3254 Waiting for model:
  postgresql-test-app/0 [idle] active: received database credentials of the first database
  postgresql/3 [idle] active: Primary
[32mINFO    [0m juju.model:__init__.py:3254 Waiting for model:
  postgresql/3 [idle] active: 
[32mINFO    [0m integration.ha_tests.helpers:helpers.py:103 Initial writes {'testing.postgresql-3': 10221}
[32mINFO    [0m integration.ha_tests.helpers:helpers.py:113 Retry writes {'testing.postgresql-3': 10398}
[32mINFO    [0m integration.ha_tests.test_scaling_three_units_async:test_scaling_three_units_async.py:118 Scaling back up
[32mINFO    [0m juju.model:__init__.py:3254 Waiting for model:
  postgresql-test-app/0 [idle] active: received database credentials of the first database
  postgresql/3 [idle] active: 
  postgresql/8 [allocating] waiting: waiting for machine
  postgresql/9 [allocating] waiting: waiting for machine
[32mINFO    [0m juju.model:__init__.py:3254 Waiting for model:
  postgresql/8 [allocating] waiting: waiting for machine
  postgresql/9 [allocating] waiting: waiting for machine
[32mINFO    [0m juju.model:__init__.py:3254 Waiting for model:
  postgresql/8 [allocating] waiting: waiting for machine
  postgresql/9 [allocating] waiting: waiting for machine
[32mINFO    [0m juju.model:__init__.py:3254 Waiting for model:
  postgresql/8 [allocating] waiting: waiting for machine
  postgresql/9 [allocating] waiting: waiting for machine
[32mINFO    [0m juju.model:__init__.py:3254 Waiting for model:
  postgresql/8 [executing] maintenance: installing PostgreSQL
  postgresql/9 [executing] maintenance: installing PostgreSQL
[32mINFO    [0m juju.model:__init__.py:3254 Waiting for model:
  postgresql-test-app/0 [idle] active: received database credentials of the first database
  postgresql/3 [executing] active: 
  postgresql/8 [executing] waiting: waiting to start PostgreSQL
  postgresql/9 [executing] maintenance: installing PostgreSQL
[32mINFO    [0m juju.model:__init__.py:3254 Waiting for model:
  postgresql/3 [executing] maintenance: reconfiguring cluster
  postgresql/8 [executing] waiting: waiting to start PostgreSQL
  postgresql/9 [executing] waiting: waiting to start PostgreSQL
[32mINFO    [0m juju.model:__init__.py:3254 Waiting for model:
  postgresql/3 [executing] maintenance: reconfiguring cluster
  postgresql/8 [executing] waiting: waiting to start PostgreSQL
  postgresql/9 [executing] waiting: waiting to start PostgreSQL
[32mINFO    [0m juju.model:__init__.py:3254 Waiting for model:
  postgresql/3 [executing] maintenance: reconfiguring cluster
  postgresql/8 [executing] waiting: awaiting for member to start
  postgresql/9 [executing] waiting: waiting to start PostgreSQL
[32mINFO    [0m juju.model:__init__.py:3254 Waiting for model:
  postgresql/3 [executing] maintenance: reconfiguring cluster
  postgresql/8 [executing] waiting: waiting for primary to be reachable from this unit
  postgresql/9 [idle] waiting: waiting to start PostgreSQL
[32mINFO    [0m juju.model:__init__.py:3254 Waiting for model:
  postgresql/3 [executing] maintenance: reconfiguring cluster
  postgresql/8 [executing] waiting: awaiting for member to start
  postgresql/9 [idle] waiting: waiting to start PostgreSQL
[32mINFO    [0m juju.model:__init__.py:3254 Waiting for model:
  postgresql/3 [executing] active: 
  postgresql/8 [executing] active: 
  postgresql/9 [idle] active: 
[32mINFO    [0m juju.model:__init__.py:3254 Waiting for model:
  postgresql/3 [executing] active: Primary
  postgresql/8 [executing] maintenance: reinitialising replica
  postgresql/9 [executing] active: 
[32mINFO    [0m juju.model:__init__.py:3254 Waiting for model:
  postgresql/3 [executing] active: Primary
  postgresql/8 [executing] active: 
[32mINFO    [0m integration.ha_tests.helpers:helpers.py:642 Cluster members are: [{'name': 'postgresql-3', 'role': 'leader', 'state': 'running', 'api_url': 'http://10.85.120.77:8008/patroni', 'host': '10.85.120.77', 'port': 5432, 'timeline': 6}, {'name': 'postgresql-8', 'role': 'replica', 'state': 'streaming', 'api_url': 'http://10.85.120.40:8008/patroni', 'host': '10.85.120.40', 'port': 5432, 'timeline': 6, 'lag': 0}, {'name': 'postgresql-9', 'role': 'sync_standby', 'state': 'streaming', 'api_url': 'http://10.85.120.151:8008/patroni', 'host': '10.85.120.151', 'port': 5432, 'timeline': 6, 'lag': 0}]
[32mINFO    [0m pytest_operator.plugin:plugin.py:937 Model status:

Model    Controller     Cloud/Region         Version  SLA          Timestamp
testing  concierge-lxd  localhost/localhost  3.6.5    unsupported  02:38:16Z

App                  Version  Status  Scale  Charm                Channel      Rev  Exposed  Message
postgresql           14.17    active      3  postgresql                          0  no       
postgresql-test-app           active      1  postgresql-test-app  latest/edge  381  no       received database credentials of the first database

Unit                    Workload  Agent  Machine  Public address  Ports     Message
postgresql-test-app/0*  active    idle   0        10.85.120.70              received database credentials of the first database
postgresql/3*           active    idle   4        10.85.120.77    5432/tcp  
postgresql/8            active    idle   9        10.85.120.40    5432/tcp  
postgresql/9            active    idle   10       10.85.120.151   5432/tcp  

Machine  State    Address        Inst id         Base          AZ  Message
0        started  10.85.120.70   juju-5c76b3-0   ubuntu@22.04      Running
4        started  10.85.120.77   juju-5c76b3-4   ubuntu@22.04      Running
9        started  10.85.120.40   juju-5c76b3-9   ubuntu@22.04      Running
10       started  10.85.120.151  juju-5c76b3-10  ubuntu@22.04      Running

[32mINFO    [0m pytest_operator.plugin:plugin.py:943 Juju error logs:

machine-0: 01:40:23 ERROR juju.worker.dependency "lxd-container-provisioner" manifold worker returned unexpected error: container types not yet available
machine-0: 01:40:23 ERROR juju.worker.dependency "kvm-container-provisioner" manifold worker returned unexpected error: container types not yet available
unit-postgresql-test-app-0: 01:40:23 ERROR juju.worker.meterstatus error running "meter-status-changed": charm missing from disk
machine-1: 01:42:09 ERROR juju.worker.dependency "lxd-container-provisioner" manifold worker returned unexpected error: container types not yet available
machine-1: 01:42:09 ERROR juju.worker.dependency "kvm-container-provisioner" manifold worker returned unexpected error: container types not yet available
unit-postgresql-0: 01:42:09 ERROR juju.worker.meterstatus error running "meter-status-changed": charm missing from disk
machine-3: 01:42:21 ERROR juju.worker.dependency "kvm-container-provisioner" manifold worker returned unexpected error: container types not yet available
machine-3: 01:42:21 ERROR juju.worker.dependency "lxd-container-provisioner" manifold worker returned unexpected error: container types not yet available
unit-postgresql-2: 01:42:21 ERROR juju.worker.meterstatus error running "meter-status-changed": charm missing from disk
machine-2: 01:42:24 ERROR juju.worker.dependency "kvm-container-provisioner" manifold worker returned unexpected error: container types not yet available
machine-2: 01:42:24 ERROR juju.worker.dependency "lxd-container-provisioner" manifold worker returned unexpected error: container types not yet available
unit-postgresql-1: 01:42:25 ERROR juju.worker.meterstatus error running "meter-status-changed": charm missing from disk
unit-postgresql-0: 01:42:57 ERROR unit.postgresql/0.juju-log Unable to get the state of the cluster
Traceback (most recent call last):
  File "/var/lib/juju/agents/unit-postgresql-0/charm/venv/lib/python3.10/site-packages/urllib3/connection.py", line 198, in _new_conn
    sock = connection.create_connection(
  File "/var/lib/juju/agents/unit-postgresql-0/charm/venv/lib/python3.10/site-packages/urllib3/util/connection.py", line 85, in create_connection
    raise err
  File "/var/lib/juju/agents/unit-postgresql-0/charm/venv/lib/python3.10/site-packages/urllib3/util/connection.py", line 73, in create_connection
    sock.connect(sa)
ConnectionRefusedError: [Errno 111] Connection refused

The above exception was the direct cause of the following exception:

Traceback (most recent call last):
  File "/var/lib/juju/agents/unit-postgresql-0/charm/venv/lib/python3.10/site-packages/urllib3/connectionpool.py", line 787, in urlopen
    response = self._make_request(
  File "/var/lib/juju/agents/unit-postgresql-0/charm/venv/lib/python3.10/site-packages/urllib3/connectionpool.py", line 493, in _make_request
    conn.request(
  File "/var/lib/juju/agents/unit-postgresql-0/charm/venv/lib/python3.10/site-packages/urllib3/connection.py", line 445, in request
    self.endheaders()
  File "/usr/lib/python3.10/http/client.py", line 1278, in endheaders
    self._send_output(message_body, encode_chunked=encode_chunked)
  File "/usr/lib/python3.10/http/client.py", line 1038, in _send_output
    self.send(msg)
  File "/usr/lib/python3.10/http/client.py", line 976, in send
    self.connect()
  File "/var/lib/juju/agents/unit-postgresql-0/charm/venv/lib/python3.10/site-packages/urllib3/connection.py", line 276, in connect
    self.sock = self._new_conn()
  File "/var/lib/juju/agents/unit-postgresql-0/charm/venv/lib/python3.10/site-packages/urllib3/connection.py", line 213, in _new_conn
    raise NewConnectionError(
urllib3.exceptions.NewConnectionError: <urllib3.connection.HTTPConnection object at 0x7f247866d2d0>: Failed to establish a new connection: [Errno 111] Connection refused

The above exception was the direct cause of the following exception:

Traceback (most recent call last):
  File "/var/lib/juju/agents/unit-postgresql-0/charm/venv/lib/python3.10/site-packages/requests/adapters.py", line 667, in send
    resp = conn.urlopen(
  File "/var/lib/juju/agents/unit-postgresql-0/charm/venv/lib/python3.10/site-packages/urllib3/connectionpool.py", line 841, in urlopen
    retries = retries.increment(
  File "/var/lib/juju/agents/unit-postgresql-0/charm/venv/lib/python3.10/site-packages/urllib3/util/retry.py", line 519, in increment
    raise MaxRetryError(_pool, url, reason) from reason  # type: ignore[arg-type]
urllib3.exceptions.MaxRetryError: HTTPConnectionPool(host='10.85.120.204', port=8008): Max retries exceeded with url: /cluster (Caused by NewConnectionError('<urllib3.connection.HTTPConnection object at 0x7f247866d2d0>: Failed to establish a new connection: [Errno 111] Connection refused'))

During handling of the above exception, another exception occurred:

Traceback (most recent call last):
  File "/var/lib/juju/agents/unit-postgresql-0/charm/src/cluster.py", line 563, in are_replicas_up
    response = requests.get(
  File "/var/lib/juju/agents/unit-postgresql-0/charm/venv/lib/python3.10/site-packages/requests/api.py", line 73, in get
    return request("get", url, params=params, **kwargs)
  File "/var/lib/juju/agents/unit-postgresql-0/charm/venv/lib/python3.10/site-packages/requests/api.py", line 59, in request
    return session.request(method=method, url=url, **kwargs)
  File "/var/lib/juju/agents/unit-postgresql-0/charm/venv/lib/python3.10/site-packages/requests/sessions.py", line 589, in request
    resp = self.send(prep, **send_kwargs)
  File "/var/lib/juju/agents/unit-postgresql-0/charm/venv/lib/python3.10/site-packages/requests/sessions.py", line 703, in send
    r = adapter.send(request, **kwargs)
  File "/var/lib/juju/agents/unit-postgresql-0/charm/venv/lib/python3.10/site-packages/requests/adapters.py", line 700, in send
    raise ConnectionError(e, request=request)
requests.exceptions.ConnectionError: HTTPConnectionPool(host='10.85.120.204', port=8008): Max retries exceeded with url: /cluster (Caused by NewConnectionError('<urllib3.connection.HTTPConnection object at 0x7f247866d2d0>: Failed to establish a new connection: [Errno 111] Connection refused'))
controller-0: 01:50:26 ERROR juju.worker.provisioner failed to remove dead machine "1"
machine-4: 01:53:27 ERROR juju.worker.dependency "kvm-container-provisioner" manifold worker returned unexpected error: container types not yet available
machine-4: 01:53:27 ERROR juju.worker.dependency "lxd-container-provisioner" manifold worker returned unexpected error: container types not yet available
unit-postgresql-3: 01:53:27 ERROR juju.worker.meterstatus error running "meter-status-changed": charm missing from disk
unit-postgresql-2: 01:54:50 ERROR juju.worker.dependency "log-sender" manifold worker returned unexpected error: sending log message: websocket: close 1005 (no status): websocket: close sent
unit-postgresql-1: 01:54:50 ERROR juju.worker.dependency "log-sender" manifold worker returned unexpected error: sending log message: websocket: close 1005 (no status): websocket: close sent
unit-postgresql-test-app-0: 01:55:48 ERROR juju.worker.dependency "log-sender" manifold worker returned unexpected error: sending log message: websocket: close 1005 (no status): websocket: close sent
controller-0: 01:58:00 ERROR juju.worker.provisioner failed to remove dead machine "3"
unit-postgresql-1: 02:00:22 ERROR juju.worker.dependency "log-sender" manifold worker returned unexpected error: sending log message: websocket: close 1005 (no status): websocket: close sent
machine-5: 02:01:07 ERROR juju.worker.dependency "kvm-container-provisioner" manifold worker returned unexpected error: container types not yet available
machine-5: 02:01:07 ERROR juju.worker.dependency "lxd-container-provisioner" manifold worker returned unexpected error: container types not yet available
unit-postgresql-4: 02:01:07 ERROR juju.worker.meterstatus error running "meter-status-changed": charm missing from disk
unit-postgresql-3: 02:02:38 ERROR juju.worker.dependency "log-sender" manifold worker returned unexpected error: sending log message: websocket: close 1005 (no status): websocket: close sent
unit-postgresql-4: 02:04:30 ERROR juju.worker.dependency "log-sender" manifold worker returned unexpected error: sending log message: websocket: close 1005 (no status): websocket: close sent
unit-postgresql-1: 02:04:31 ERROR juju.worker.dependency "log-sender" manifold worker returned unexpected error: sending log message: websocket: close 1005 (no status): websocket: close sent
controller-0: 02:06:23 ERROR juju.worker.provisioner failed to remove dead machine "5"
machine-6: 02:09:44 ERROR juju.worker.dependency "kvm-container-provisioner" manifold worker returned unexpected error: container types not yet available
machine-6: 02:09:44 ERROR juju.worker.dependency "lxd-container-provisioner" manifold worker returned unexpected error: container types not yet available
unit-postgresql-5: 02:09:44 ERROR juju.worker.meterstatus error running "meter-status-changed": charm missing from disk
unit-postgresql-1: 02:12:04 ERROR juju.worker.dependency "log-sender" manifold worker returned unexpected error: sending log message: websocket: close 1005 (no status): websocket: close sent
controller-0: 02:14:21 ERROR juju.worker.provisioner failed to remove dead machine "2"
unit-postgresql-3: 02:15:42 ERROR juju.worker.dependency "log-sender" manifold worker returned unexpected error: sending log message: websocket: close 1005 (no status): websocket: close sent
machine-7: 02:19:00 ERROR juju.worker.dependency "lxd-container-provisioner" manifold worker returned unexpected error: container types not yet available
machine-7: 02:19:00 ERROR juju.worker.dependency "kvm-container-provisioner" manifold worker returned unexpected error: container types not yet available
unit-postgresql-6: 02:19:01 ERROR juju.worker.meterstatus error running "meter-status-changed": charm missing from disk
machine-8: 02:19:06 ERROR juju.worker.dependency "kvm-container-provisioner" manifold worker returned unexpected error: container types not yet available
machine-8: 02:19:06 ERROR juju.worker.dependency "lxd-container-provisioner" manifold worker returned unexpected error: container types not yet available
unit-postgresql-7: 02:19:06 ERROR juju.worker.meterstatus error running "meter-status-changed": charm missing from disk
controller-0: 02:24:52 ERROR juju.worker.provisioner failed to remove dead machine "7"
controller-0: 02:24:52 ERROR juju.worker.provisioner failed to remove dead machine "8"
machine-9: 02:32:47 ERROR juju.worker.dependency "kvm-container-provisioner" manifold worker returned unexpected error: container types not yet available
machine-9: 02:32:47 ERROR juju.worker.dependency "lxd-container-provisioner" manifold worker returned unexpected error: container types not yet available
unit-postgresql-8: 02:32:48 ERROR juju.worker.meterstatus error running "meter-status-changed": charm missing from disk
machine-10: 02:32:53 ERROR juju.worker.dependency "lxd-container-provisioner" manifold worker returned unexpected error: container types not yet available
machine-10: 02:32:53 ERROR juju.worker.dependency "kvm-container-provisioner" manifold worker returned unexpected error: container types not yet available
unit-postgresql-9: 02:32:54 ERROR juju.worker.meterstatus error running "meter-status-changed": charm missing from disk
machine-0: 02:32:56 ERROR juju.worker.dependency "log-sender" manifold worker returned unexpected error: sending log message: websocket: close 1005 (no status): websocket: close sent
unit-postgresql-3: 02:33:48 ERROR juju.worker.dependency "log-sender" manifold worker returned unexpected error: sending log message: websocket: close 1005 (no status): websocket: close sent
unit-postgresql-9: 02:36:31 ERROR juju.worker.dependency "log-sender" manifold worker returned unexpected error: sending log message: websocket: close 1005 (no status): websocket: close sent
unit-postgresql-8: 02:36:32 ERROR juju.worker.dependency "log-sender" manifold worker returned unexpected error: sending log message: websocket: close 1005 (no status): websocket: close sent

[32mINFO    [0m pytest_operator.plugin:plugin.py:1025 Forgetting model main...