[32mINFO    [0m integration.ha_tests.test_scaling_three_units:test_scaling_three_units.py:68 removing sync_standbys, sync_standbys
[32mINFO    [0m integration.ha_tests.helpers:helpers.py:628 Cluster members are: [{'name': 'postgresql-4', 'role': 'leader', 'state': 'running', 'api_url': 'https://10.124.18.164:8008/patroni', 'host': '10.124.18.164', 'port': 5432, 'timeline': 4}, {'name': 'postgresql-5', 'role': 'sync_standby', 'state': 'streaming', 'api_url': 'https://10.124.18.246:8008/patroni', 'host': '10.124.18.246', 'port': 5432, 'timeline': 4, 'lag': 0}, {'name': 'postgresql-6', 'role': 'sync_standby', 'state': 'streaming', 'api_url': 'https://10.124.18.166:8008/patroni', 'host': '10.124.18.166', 'port': 5432, 'timeline': 4, 'lag': 0}]
[32mINFO    [0m integration.ha_tests.test_scaling_three_units:test_scaling_three_units.py:78 Stopping unit postgresql/5
[32mINFO    [0m integration.ha_tests.test_scaling_three_units:test_scaling_three_units.py:78 Stopping unit postgresql/6
[32mINFO    [0m integration.ha_tests.test_scaling_three_units:test_scaling_three_units.py:82 Deleting unit postgresql/5
[32mINFO    [0m integration.ha_tests.test_scaling_three_units:test_scaling_three_units.py:82 Deleting unit postgresql/6
[32mINFO    [0m juju.model:__init__.py:3254 Waiting for model:
  postgresql-test-app/0 [idle] active: received database credentials of the first database
  postgresql/4 [executing] blocked: Raft majority loss, run: promote-to-primary
[32mINFO    [0m juju.model:__init__.py:3254 Waiting for model:
  postgresql-test-app/0 [idle] active: received database credentials of the first database
  postgresql/4 [executing] blocked: Raft majority loss, run: promote-to-primary
[32mINFO    [0m juju.model:__init__.py:3254 Waiting for model:
  postgresql/4 [executing] blocked: Raft majority loss, run: promote-to-primary
[32mINFO    [0m juju.model:__init__.py:3254 Waiting for model:
  postgresql/4 [idle] active: Primary (read-only)
[32mINFO    [0m juju.model:__init__.py:3254 Waiting for model:
  postgresql-test-app/0 [executing] active: received database credentials of the first database
  postgresql/4 [executing] active: Primary
[32mINFO    [0m juju.model:__init__.py:3254 Waiting for model:
  postgresql-test-app/0 [idle] active: received database credentials of the first database
  postgresql/4 [idle] active: Primary
[32mINFO    [0m integration.ha_tests.test_scaling_three_units:test_scaling_three_units.py:117 Scaling back up
[32mINFO    [0m juju.model:__init__.py:3254 Waiting for model:
  postgresql-test-app/0 [idle] active: received database credentials of the first database
  postgresql/4 [idle] active: Primary
  postgresql/7 [allocating] waiting: waiting for machine
  postgresql/8 [allocating] waiting: waiting for machine
[32mINFO    [0m juju.model:__init__.py:3254 Waiting for model:
  postgresql/7 [allocating] waiting: waiting for machine
  postgresql/8 [allocating] waiting: waiting for machine
[32mINFO    [0m juju.model:__init__.py:3254 Waiting for model:
  postgresql/7 [executing] waiting: agent initialising
  postgresql/8 [allocating] waiting: waiting for machine
[32mINFO    [0m juju.model:__init__.py:3254 Waiting for model:
  postgresql/7 [executing] waiting: waiting to start PostgreSQL
  postgresql/8 [executing] maintenance: installing PostgreSQL
[32mINFO    [0m juju.model:__init__.py:3254 Waiting for model:
  postgresql/4 [executing] blocked: failed to update cluster members on member
  postgresql/7 [executing] waiting: waiting to start PostgreSQL
  postgresql/8 [executing] waiting: waiting to start PostgreSQL
[32mINFO    [0m juju.model:__init__.py:3254 Waiting for model:
  postgresql-test-app/0 [idle] active: received database credentials of the first database
  postgresql/4 [executing] maintenance: reconfiguring cluster
  postgresql/7 [executing] waiting: waiting to start PostgreSQL
  postgresql/8 [executing] active: 
[32mINFO    [0m juju.model:__init__.py:3254 Waiting for model:
  postgresql-test-app/0 [idle] active: received database credentials of the first database
  postgresql/4 [executing] active: Primary
  postgresql/7 [executing] active: 
  postgresql/8 [executing] active: 
[32mINFO    [0m juju.model:__init__.py:3254 Waiting for model:
  postgresql/4 [executing] active: Primary
  postgresql/7 [idle] active: 
  postgresql/8 [idle] active: 
[32mINFO    [0m integration.ha_tests.helpers:helpers.py:104 Initial writes {'testing.postgresql-4': 205, 'testing.postgresql-7': 205, 'testing.postgresql-8': 205}
[32mINFO    [0m integration.ha_tests.helpers:helpers.py:114 Retry writes {'testing.postgresql-4': 207, 'testing.postgresql-7': 207, 'testing.postgresql-8': 207}
[32mINFO    [0m integration.ha_tests.helpers:helpers.py:628 Cluster members are: [{'name': 'postgresql-4', 'role': 'leader', 'state': 'running', 'api_url': 'https://10.124.18.164:8008/patroni', 'host': '10.124.18.164', 'port': 5432, 'timeline': 6}, {'name': 'postgresql-7', 'role': 'sync_standby', 'state': 'streaming', 'api_url': 'https://10.124.18.121:8008/patroni', 'host': '10.124.18.121', 'port': 5432, 'timeline': 6, 'lag': 0}, {'name': 'postgresql-8', 'role': 'sync_standby', 'state': 'streaming', 'api_url': 'https://10.124.18.20:8008/patroni', 'host': '10.124.18.20', 'port': 5432, 'timeline': 6, 'lag': 0}]
[32mINFO    [0m integration.ha_tests.helpers:helpers.py:268 member: testing.postgresql-4, count: 207, max_number_written: 207, total_expected_writes: 207
[32mINFO    [0m integration.ha_tests.helpers:helpers.py:268 member: testing.postgresql-7, count: 207, max_number_written: 207, total_expected_writes: 207
[32mINFO    [0m integration.ha_tests.helpers:helpers.py:268 member: testing.postgresql-8, count: 207, max_number_written: 207, total_expected_writes: 207
[32mINFO    [0m pytest_operator.plugin:plugin.py:951 Model status:

Model    Controller     Cloud/Region         Version  SLA          Timestamp
testing  concierge-lxd  localhost/localhost  3.6.11   unsupported  02:14:21Z

App                  Version  Status  Scale  Charm                Channel      Rev  Exposed  Message
postgresql           16.11    active      3  postgresql                          0  no       
postgresql-test-app           active      1  postgresql-test-app  latest/edge  430  no       received database credentials of the first database

Unit                    Workload  Agent  Machine  Public address  Ports     Message
postgresql-test-app/0*  active    idle   0        10.124.18.63              received database credentials of the first database
postgresql/4*           active    idle   5        10.124.18.164   5432/tcp  Primary
postgresql/7            active    idle   8        10.124.18.121   5432/tcp  
postgresql/8            active    idle   9        10.124.18.20    5432/tcp  

Machine  State    Address        Inst id        Base          AZ             Message
0        started  10.124.18.63   juju-c031c1-0  ubuntu@22.04  runnervmmtnos  Running
5        started  10.124.18.164  juju-c031c1-5  ubuntu@24.04  runnervmmtnos  Running
8        started  10.124.18.121  juju-c031c1-8  ubuntu@24.04  runnervmmtnos  Running
9        started  10.124.18.20   juju-c031c1-9  ubuntu@24.04  runnervmmtnos  Running

[32mINFO    [0m pytest_operator.plugin:plugin.py:957 Juju error logs:

machine-1: 01:34:54 ERROR juju.worker.dependency "lxd-container-provisioner" manifold worker returned unexpected error: container types not yet available
machine-1: 01:34:54 ERROR juju.worker.dependency "kvm-container-provisioner" manifold worker returned unexpected error: container types not yet available
machine-2: 01:35:09 ERROR juju.worker.dependency "kvm-container-provisioner" manifold worker returned unexpected error: container types not yet available
machine-2: 01:35:09 ERROR juju.worker.dependency "lxd-container-provisioner" manifold worker returned unexpected error: container types not yet available
machine-3: 01:35:27 ERROR juju.worker.dependency "kvm-container-provisioner" manifold worker returned unexpected error: container types not yet available
machine-3: 01:35:27 ERROR juju.worker.dependency "lxd-container-provisioner" manifold worker returned unexpected error: container types not yet available
machine-0: 01:35:35 ERROR juju.worker.dependency "lxd-container-provisioner" manifold worker returned unexpected error: container types not yet available
machine-0: 01:35:36 ERROR juju.worker.dependency "kvm-container-provisioner" manifold worker returned unexpected error: container types not yet available
unit-postgresql-0: 01:35:58 ERROR unit.postgresql/0.juju-log cluster:Unable to get the state of the cluster
Traceback (most recent call last):
  File "/var/lib/juju/agents/unit-postgresql-0/charm/src/cluster.py", line 592, in online_cluster_members
    cluster_status = self.cluster_status()
                     ^^^^^^^^^^^^^^^^^^^^^
  File "/var/lib/juju/agents/unit-postgresql-0/charm/lib/charms/tempo_coordinator_k8s/v0/charm_tracing.py", line 1153, in wrapped_function
    return callable(*args, **kwargs)  # type: ignore
           ^^^^^^^^^^^^^^^^^^^^^^^^^
  File "/var/lib/juju/agents/unit-postgresql-0/charm/src/cluster.py", line 283, in cluster_status
    raise RetryError(
tenacity.RetryError: RetryError[<Future at 0x7f124d8aaf60 state=finished raised Exception>]
unit-postgresql-0: 01:36:04 ERROR unit.postgresql/0.juju-log cluster:Unable to get the state of the cluster
Traceback (most recent call last):
  File "/var/lib/juju/agents/unit-postgresql-0/charm/src/cluster.py", line 592, in online_cluster_members
    cluster_status = self.cluster_status()
                     ^^^^^^^^^^^^^^^^^^^^^
  File "/var/lib/juju/agents/unit-postgresql-0/charm/lib/charms/tempo_coordinator_k8s/v0/charm_tracing.py", line 1153, in wrapped_function
    return callable(*args, **kwargs)  # type: ignore
           ^^^^^^^^^^^^^^^^^^^^^^^^^
  File "/var/lib/juju/agents/unit-postgresql-0/charm/src/cluster.py", line 283, in cluster_status
    raise RetryError(
tenacity.RetryError: RetryError[<Future at 0x7f62a18b4aa0 state=finished raised Exception>]
machine-4: 01:42:43 ERROR juju.worker.dependency "lxd-container-provisioner" manifold worker returned unexpected error: container types not yet available
machine-4: 01:42:43 ERROR juju.worker.dependency "kvm-container-provisioner" manifold worker returned unexpected error: container types not yet available
machine-5: 01:47:37 ERROR juju.worker.dependency "lxd-container-provisioner" manifold worker returned unexpected error: container types not yet available
machine-5: 01:47:37 ERROR juju.worker.dependency "kvm-container-provisioner" manifold worker returned unexpected error: container types not yet available
controller-0: 01:50:31 ERROR juju.worker.provisioner failed to remove dead machine "2"
controller-0: 01:50:31 ERROR juju.worker.provisioner failed to remove dead machine "4"
machine-6: 02:02:08 ERROR juju.worker.dependency "kvm-container-provisioner" manifold worker returned unexpected error: container types not yet available
machine-6: 02:02:08 ERROR juju.worker.dependency "lxd-container-provisioner" manifold worker returned unexpected error: container types not yet available
machine-7: 02:02:17 ERROR juju.worker.dependency "kvm-container-provisioner" manifold worker returned unexpected error: container types not yet available
machine-7: 02:02:17 ERROR juju.worker.dependency "lxd-container-provisioner" manifold worker returned unexpected error: container types not yet available
controller-0: 02:05:41 ERROR juju.worker.provisioner failed to remove dead machine "6"
controller-0: 02:05:41 ERROR juju.worker.provisioner failed to remove dead machine "7"
machine-8: 02:11:19 ERROR juju.worker.dependency "kvm-container-provisioner" manifold worker returned unexpected error: container types not yet available
machine-8: 02:11:19 ERROR juju.worker.dependency "lxd-container-provisioner" manifold worker returned unexpected error: container types not yet available
machine-9: 02:11:26 ERROR juju.worker.dependency "kvm-container-provisioner" manifold worker returned unexpected error: container types not yet available
machine-9: 02:11:26 ERROR juju.worker.dependency "lxd-container-provisioner" manifold worker returned unexpected error: container types not yet available

[32mINFO    [0m pytest_operator.plugin:plugin.py:1039 Forgetting model main...