[32mINFO    [0m pytest_operator.plugin:plugin.py:734 Connecting to existing model localhost-localhost:test on unspecified cloud
[32mINFO    [0m juju.model:model.py:2097 Deploying local:jammy/postgresql-0
[33mWARNING [0m juju.model:model.py:1563 relate is deprecated and will be removed. Use integrate instead.
[32mINFO    [0m juju.model:model.py:2971 Waiting for model:
  postgresql/0 [allocating] waiting: waiting for machine
  postgresql/1 [allocating] waiting: waiting for machine
  postgresql/2 [allocating] waiting: waiting for machine
[32mINFO    [0m juju.model:model.py:2971 Waiting for model:
  landscape-server/0 [allocating] waiting: waiting for machine
  landscape-server/1 [allocating] waiting: waiting for machine
[32mINFO    [0m juju.model:model.py:2971 Waiting for model:
  landscape-server/0 [allocating] waiting: waiting for machine
  landscape-server/1 [allocating] waiting: waiting for machine
[32mINFO    [0m juju.model:model.py:2971 Waiting for model:
  postgresql/0 [allocating] waiting: waiting for machine
  postgresql/1 [allocating] waiting: waiting for machine
  postgresql/2 [allocating] waiting: waiting for machine
[32mINFO    [0m juju.model:model.py:2971 Waiting for model:
  landscape-server/0 [allocating] waiting: waiting for machine
  landscape-server/1 [allocating] waiting: waiting for machine
[32mINFO    [0m juju.model:model.py:2971 Waiting for model:
  postgresql/0 [allocating] waiting: waiting for machine
  postgresql/1 [allocating] waiting: waiting for machine
  postgresql/2 [allocating] waiting: waiting for machine
[32mINFO    [0m juju.model:model.py:2971 Waiting for model:
  landscape-server/0 [allocating] waiting: waiting for machine
  landscape-server/1 [allocating] waiting: waiting for machine
[32mINFO    [0m juju.model:model.py:2971 Waiting for model:
  postgresql/0 [allocating] waiting: waiting for machine
  postgresql/1 [allocating] waiting: waiting for machine
  postgresql/2 [allocating] waiting: waiting for machine
[32mINFO    [0m juju.model:model.py:2971 Waiting for model:
  landscape-server/0 [allocating] waiting: waiting for machine
  landscape-server/1 [allocating] waiting: waiting for machine
[32mINFO    [0m juju.model:model.py:2971 Waiting for model:
  postgresql/0 [allocating] waiting: waiting for machine
  postgresql/1 [allocating] waiting: waiting for machine
  postgresql/2 [allocating] waiting: waiting for machine
[32mINFO    [0m juju.model:model.py:2971 Waiting for model:
  landscape-server/0 [allocating] waiting: waiting for machine
  landscape-server/1 [allocating] waiting: waiting for machine
[32mINFO    [0m juju.model:model.py:2971 Waiting for model:
  postgresql/0 [allocating] waiting: waiting for machine
  postgresql/1 [allocating] waiting: waiting for machine
  postgresql/2 [allocating] waiting: waiting for machine
[32mINFO    [0m juju.model:model.py:2971 Waiting for model:
  landscape-server/0 [allocating] waiting: waiting for machine
  landscape-server/1 [allocating] waiting: waiting for machine
[32mINFO    [0m juju.model:model.py:2971 Waiting for model:
  postgresql/0 [allocating] waiting: waiting for machine
  postgresql/1 [allocating] waiting: waiting for machine
  postgresql/2 [allocating] waiting: waiting for machine
[32mINFO    [0m juju.model:model.py:2971 Waiting for model:
  landscape-server/0 [allocating] waiting: waiting for machine
  landscape-server/1 [allocating] waiting: waiting for machine
[32mINFO    [0m juju.model:model.py:2971 Waiting for model:
  postgresql/0 [allocating] waiting: waiting for machine
  postgresql/1 [allocating] waiting: waiting for machine
  postgresql/2 [allocating] waiting: waiting for machine
[32mINFO    [0m juju.model:model.py:2971 Waiting for model:
  landscape-server/0 [allocating] waiting: agent initialising
  landscape-server/1 [allocating] waiting: agent initialising
[32mINFO    [0m juju.model:model.py:2971 Waiting for model:
  postgresql/0 [executing] waiting: agent initialising
  postgresql/1 [executing] waiting: agent initialising
  postgresql/2 [executing] waiting: agent initialising
[32mINFO    [0m juju.model:model.py:2971 Waiting for model:
  landscape-server/0 [executing] maintenance: Installing apt packages
  landscape-server/1 [executing] maintenance: Installing apt packages
[32mINFO    [0m juju.model:model.py:2971 Waiting for model:
  postgresql/0 [executing] maintenance: installing PostgreSQL
  postgresql/1 [executing] maintenance: installing PostgreSQL
  postgresql/2 [executing] maintenance: installing PostgreSQL
[32mINFO    [0m juju.model:model.py:2971 Waiting for model:
  landscape-server/0 [executing] maintenance: Installing apt packages
  landscape-server/1 [executing] maintenance: Installing apt packages
[32mINFO    [0m juju.model:model.py:2971 Waiting for model:
  postgresql/0 [executing] maintenance: installing PostgreSQL
  postgresql/1 [executing] maintenance: installing PostgreSQL
  postgresql/2 [executing] maintenance: installing PostgreSQL
[32mINFO    [0m juju.model:model.py:2971 Waiting for model:
  landscape-server/0 [executing] maintenance: Installing apt packages
  landscape-server/1 [executing] maintenance: Installing apt packages
[32mINFO    [0m juju.model:model.py:2971 Waiting for model:
  postgresql/0 [executing] waiting: waiting to start PostgreSQL
  postgresql/1 [executing] waiting: waiting to start PostgreSQL
  postgresql/2 [executing] maintenance: installing PostgreSQL
[32mINFO    [0m juju.model:model.py:2971 Waiting for model:
  landscape-server/0 [executing] maintenance: Installing apt packages
  landscape-server/1 [executing] maintenance: Installing apt packages
[32mINFO    [0m juju.model:model.py:2971 Waiting for model:
  postgresql/0 [executing] waiting: waiting to start PostgreSQL
  postgresql/1 [executing] waiting: awaiting for cluster to start
  postgresql/2 [executing] waiting: awaiting for cluster to start
[32mINFO    [0m juju.model:model.py:2971 Waiting for model:
  landscape-server/0 [executing] maintenance: Installing apt packages
  landscape-server/1 [executing] maintenance: Installing apt packages
[32mINFO    [0m juju.model:model.py:2971 Waiting for model:
  postgresql/0 [executing] active: Primary
  postgresql/1 [executing] waiting: awaiting for cluster to start
  postgresql/2 [executing] waiting: awaiting for cluster to start
[32mINFO    [0m juju.model:model.py:2971 Waiting for model:
  landscape-server/0 [executing] maintenance: Installing apt packages
  landscape-server/1 [executing] maintenance: Installing apt packages
[32mINFO    [0m juju.model:model.py:2971 Waiting for model:
  postgresql/0 [executing] active: Primary
  postgresql/1 [executing] waiting: awaiting for cluster to start
  postgresql/2 [executing] waiting: awaiting for cluster to start
[32mINFO    [0m juju.model:model.py:2971 Waiting for model:
  landscape-server/0 [executing] maintenance: Installing apt packages
  landscape-server/1 [executing] maintenance: Installing apt packages
[32mINFO    [0m juju.model:model.py:2971 Waiting for model:
  postgresql/0 [executing] maintenance: reconfiguring cluster
  postgresql/1 [idle] waiting: awaiting for cluster to start
  postgresql/2 [executing] waiting: awaiting for cluster to start
[32mINFO    [0m juju.model:model.py:2971 Waiting for model:
  landscape-server/0 [executing] waiting: Waiting on relations: db, amqp
  landscape-server/1 [executing] waiting: Waiting on relations: db, amqp
[32mINFO    [0m juju.model:model.py:2971 Waiting for model:
  postgresql/0 [executing] maintenance: reconfiguring cluster
  postgresql/1 [idle] waiting: awaiting for member to start
  postgresql/2 [idle] waiting: awaiting for cluster to start
[32mINFO    [0m juju.model:model.py:2971 Waiting for model:
  landscape-server/0 [idle] waiting: Waiting on relations: db
  landscape-server/1 [idle] waiting: Waiting on relations: db
[32mINFO    [0m juju.model:model.py:2971 Waiting for model:
  postgresql/0 [executing] maintenance: reconfiguring cluster
  postgresql/1 [idle] waiting: awaiting for member to start
  postgresql/2 [idle] waiting: awaiting for cluster to start
[32mINFO    [0m juju.model:model.py:2971 Waiting for model:
  landscape-server/0 [idle] waiting: Waiting on relations: db
  landscape-server/1 [idle] waiting: Waiting on relations: db
[32mINFO    [0m juju.model:model.py:2971 Waiting for model:
  postgresql/0 [executing] maintenance: reconfiguring cluster
  postgresql/1 [executing] active: 
  postgresql/2 [idle] waiting: awaiting for cluster to start
[32mINFO    [0m juju.model:model.py:2971 Waiting for model:
  landscape-server/0 [idle] waiting: Waiting on relations: db
  landscape-server/1 [idle] waiting: Waiting on relations: db
[32mINFO    [0m juju.model:model.py:2971 Waiting for model:
  postgresql/0 [executing] maintenance: reconfiguring cluster
  postgresql/2 [idle] waiting: awaiting for cluster to start
[32mINFO    [0m juju.model:model.py:2971 Waiting for model:
  postgresql/0 [executing] maintenance: reconfiguring cluster
  postgresql/1 [executing] active: 
  postgresql/2 [idle] waiting: awaiting for cluster to start
[32mINFO    [0m juju.model:model.py:2971 Waiting for model:
  landscape-server/0 [executing] maintenance: Setting up databases
  landscape-server/1 [idle] waiting: Waiting on relations: db
[32mINFO    [0m juju.model:model.py:2971 Waiting for model:
  postgresql/0 [executing] maintenance: reconfiguring cluster
  postgresql/1 [executing] waiting: awaiting for member to start
  postgresql/2 [idle] waiting: awaiting for cluster to start
[32mINFO    [0m juju.model:model.py:2971 Waiting for model:
  landscape-server/0 [executing] maintenance: Setting up databases
  landscape-server/1 [executing] maintenance: Setting up databases
[32mINFO    [0m juju.model:model.py:2971 Waiting for model:
  postgresql/0 [executing] active: Primary
  postgresql/1 [executing] active: 
  postgresql/2 [idle] waiting: awaiting for cluster to start
[32mINFO    [0m juju.model:model.py:2971 Waiting for model:
  landscape-server/0 [executing] maintenance: Setting up databases
  landscape-server/1 [executing] maintenance: Setting up databases
[32mINFO    [0m juju.model:model.py:2971 Waiting for model:
  postgresql/2 [idle] waiting: awaiting for cluster to start
[32mINFO    [0m juju.model:model.py:2971 Waiting for model:
  landscape-server/0 [executing] maintenance: Setting up databases
  landscape-server/1 [executing] maintenance: Setting up databases
[32mINFO    [0m juju.model:model.py:2971 Waiting for model:
  postgresql/2 [executing] waiting: awaiting for member to start
[32mINFO    [0m juju.model:model.py:2971 Waiting for model:
  landscape-server/0 [executing] maintenance: Starting services
  landscape-server/1 [executing] maintenance: Starting services
[32mINFO    [0m juju.model:model.py:2971 Waiting for model:
  postgresql/1 [idle] active: 
  postgresql/2 [idle] waiting: awaiting for member to start
[32mINFO    [0m juju.model:model.py:2971 Waiting for model:
  landscape-server/0 [executing] maintenance: Starting services
  landscape-server/1 [executing] maintenance: Starting services
[32mINFO    [0m juju.model:model.py:2971 Waiting for model:
  postgresql/2 [idle] waiting: awaiting for member to start
[32mINFO    [0m juju.model:model.py:2971 Waiting for model:
  landscape-server/0 [executing] maintenance: Starting services
  landscape-server/1 [idle] active: Unit is ready
[32mINFO    [0m juju.model:model.py:2971 Waiting for model:
  postgresql/2 [idle] active: 
[32mINFO    [0m juju.model:model.py:2971 Waiting for model:
  landscape-server/0 [idle] active: Unit is ready
  landscape-server/1 [idle] active: Unit is ready
  postgresql/0 [idle] active: Primary
  postgresql/1 [idle] active: 
  postgresql/2 [idle] active: 
[32mINFO    [0m juju.model:model.py:2971 Waiting for model:
  landscape-server/0 [executing] maintenance: Starting services
  landscape-server/1 [executing] maintenance: Starting services
  postgresql/0 [executing] active: Primary
  postgresql/1 [executing] active: 
[32mINFO    [0m juju.model:model.py:2971 Waiting for model:
  landscape-server/0 [idle] active: Unit is ready
  landscape-server/1 [idle] active: Unit is ready
[32mINFO    [0m integration.test_db_admin:test_db_admin.py:111 restarting primary
[32mINFO    [0m juju.model:model.py:2971 Waiting for model:
  postgresql/0 [idle] active: Primary
  postgresql/1 [idle] active: 
  postgresql/2 [idle] active: 
[32mINFO    [0m juju.model:model.py:2971 Waiting for model:
  postgresql/0 [idle] waiting: awaiting for member to start
  postgresql/1 [executing] active: 
  postgresql/2 [executing] active: 
[32mINFO    [0m juju.model:model.py:2971 Waiting for model:
  postgresql/0 [idle] waiting: awaiting for member to start
[32mINFO    [0m juju.model:model.py:2971 Waiting for model:
  postgresql/0 [idle] waiting: awaiting for member to start
[32mINFO    [0m juju.model:model.py:2971 Waiting for model:
  postgresql/0 [idle] waiting: awaiting for member to start
[32mINFO    [0m juju.model:model.py:2971 Waiting for model:
  postgresql/0 [idle] waiting: awaiting for member to start
[32mINFO    [0m juju.model:model.py:2971 Waiting for model:
  postgresql/0 [idle] waiting: awaiting for member to start
[32mINFO    [0m juju.model:model.py:2971 Waiting for model:
  postgresql/0 [idle] waiting: awaiting for member to start
[32mINFO    [0m juju.model:model.py:2971 Waiting for model:
  postgresql/0 [idle] waiting: awaiting for member to start
[32mINFO    [0m juju.model:model.py:2971 Waiting for model:
  postgresql/0 [idle] waiting: awaiting for member to start
[32mINFO    [0m juju.model:model.py:2971 Waiting for model:
  postgresql/0 [idle] waiting: awaiting for member to start
[32mINFO    [0m juju.model:model.py:2971 Waiting for model:
  postgresql/0 [idle] waiting: awaiting for member to start
[32mINFO    [0m juju.model:model.py:2971 Waiting for model:
  postgresql/0 [idle] active: 
  postgresql/1 [executing] active: Primary
  postgresql/2 [executing] active: 
[32mINFO    [0m integration.test_db_admin:test_db_admin.py:132 triggering a switchover
[32mINFO    [0m juju.model:model.py:2971 Waiting for model:
  landscape-server/0 [idle] active: Unit is ready
  landscape-server/1 [idle] active: Unit is ready
  postgresql/0 [executing] active: 
  postgresql/1 [idle] active: 
  postgresql/2 [idle] active: 
[32mINFO    [0m juju.model:model.py:2971 Waiting for model:
  landscape-server/0 [executing] maintenance: Starting services
  landscape-server/1 [executing] maintenance: Starting services
  postgresql/1 [idle] active: 
  postgresql/2 [idle] active: 
[32mINFO    [0m juju.model:model.py:2971 Waiting for model:
  landscape-server/0 [idle] active: Unit is ready
  landscape-server/1 [idle] active: Unit is ready
[32mINFO    [0m juju.model:model.py:2971 Waiting for model:
  postgresql/0 [idle] active: 
  postgresql/1 [idle] active: 
  postgresql/2 [idle] active: 
[32mINFO    [0m juju.model:model.py:2971 Waiting for model:
  postgresql/0 [idle] active: 
  postgresql/1 [idle] active: 
  postgresql/2 [idle] active: Primary
[32mINFO    [0m pytest_operator.plugin:plugin.py:862 Model status:

Model  Controller           Cloud/Region         Version  SLA          Timestamp
test   localhost-localhost  localhost/localhost  3.4.4    unsupported  02:03:02Z

Machine  State    Address        Inst id        Base          AZ  Message
0        stopped  10.170.69.216  juju-318407-0  ubuntu@22.04      Running
1        stopped  10.170.69.19   juju-318407-1  ubuntu@22.04      Running
2        stopped  10.170.69.132  juju-318407-2  ubuntu@22.04      Running

[32mINFO    [0m pytest_operator.plugin:plugin.py:868 Juju error logs:

machine-0: 01:41:39 ERROR juju.worker.dependency "lxd-container-provisioner" manifold worker returned unexpected error: container types not yet available
machine-0: 01:41:39 ERROR juju.worker.dependency "kvm-container-provisioner" manifold worker returned unexpected error: container types not yet available
unit-postgresql-0: 01:41:41 ERROR juju.worker.meterstatus error running "meter-status-changed": charm missing from disk
machine-2: 01:41:41 ERROR juju.worker.dependency "kvm-container-provisioner" manifold worker returned unexpected error: container types not yet available
machine-2: 01:41:41 ERROR juju.worker.dependency "lxd-container-provisioner" manifold worker returned unexpected error: container types not yet available
machine-1: 01:41:41 ERROR juju.worker.dependency "kvm-container-provisioner" manifold worker returned unexpected error: container types not yet available
machine-1: 01:41:41 ERROR juju.worker.dependency "lxd-container-provisioner" manifold worker returned unexpected error: container types not yet available
unit-postgresql-2: 01:41:42 ERROR juju.worker.meterstatus error running "meter-status-changed": charm missing from disk
unit-postgresql-1: 01:41:43 ERROR juju.worker.meterstatus error running "meter-status-changed": charm missing from disk
machine-4: 01:41:55 ERROR juju.worker.dependency "lxd-container-provisioner" manifold worker returned unexpected error: container types not yet available
machine-4: 01:41:55 ERROR juju.worker.dependency "kvm-container-provisioner" manifold worker returned unexpected error: container types not yet available
unit-landscape-server-0: 01:41:55 ERROR juju.worker.meterstatus error running "meter-status-changed": charm missing from disk
machine-3: 01:41:56 ERROR juju.worker.dependency "lxd-container-provisioner" manifold worker returned unexpected error: container types not yet available
machine-6: 01:41:56 ERROR juju.worker.dependency "lxd-container-provisioner" manifold worker returned unexpected error: container types not yet available
machine-3: 01:41:56 ERROR juju.worker.dependency "kvm-container-provisioner" manifold worker returned unexpected error: container types not yet available
machine-6: 01:41:56 ERROR juju.worker.dependency "kvm-container-provisioner" manifold worker returned unexpected error: container types not yet available
machine-5: 01:41:57 ERROR juju.worker.dependency "kvm-container-provisioner" manifold worker returned unexpected error: container types not yet available
machine-5: 01:41:57 ERROR juju.worker.dependency "lxd-container-provisioner" manifold worker returned unexpected error: container types not yet available
unit-rabbitmq-server-0: 01:41:58 ERROR juju.worker.meterstatus error running "meter-status-changed": charm missing from disk
unit-haproxy-0: 01:41:58 ERROR juju.worker.meterstatus error running "meter-status-changed": charm missing from disk
unit-landscape-server-1: 01:41:59 ERROR juju.worker.meterstatus error running "meter-status-changed": charm missing from disk
unit-postgresql-0: 01:59:12 ERROR unit.postgresql/0.juju-log failed to change plugins: 
Traceback (most recent call last):
  File "/var/lib/juju/agents/unit-postgresql-0/charm/lib/charms/postgresql_k8s/v0/postgresql.py", line 323, in enable_disable_extensions
    cursor.execute(
psycopg2.errors.DependentObjectsStillExist: cannot drop extension debversion because other objects depend on it
DETAIL:  column version of table package depends on type debversion
HINT:  Use DROP ... CASCADE to drop the dependent objects too.


During handling of the above exception, another exception occurred:

Traceback (most recent call last):
  File "/var/lib/juju/agents/unit-postgresql-0/charm/./src/charm.py", line 1015, in enable_disable_extensions
    self.postgresql.enable_disable_extensions(extensions, database)
  File "/var/lib/juju/agents/unit-postgresql-0/charm/lib/charms/tempo_k8s/v1/charm_tracing.py", line 647, in wrapped_function
    return callable(*args, **kwargs)  # type: ignore
  File "/var/lib/juju/agents/unit-postgresql-0/charm/lib/charms/postgresql_k8s/v0/postgresql.py", line 331, in enable_disable_extensions
    raise PostgreSQLEnableDisableExtensionError()
charms.postgresql_k8s.v0.postgresql.PostgreSQLEnableDisableExtensionError
unit-postgresql-1: 02:01:36 ERROR juju.worker.dependency "uniter" manifold worker returned unexpected error: relation scope id "24bb4290-88c0-41f6-86c8-c1074a318407:r#8#landscape-server": settings 24bb4290-88c0-41f6-86c8-c1074a318407:r#8#landscape-server not found (not found)
unit-postgresql-0: 02:01:36 ERROR juju.worker.dependency "uniter" manifold worker returned unexpected error: relation scope id "24bb4290-88c0-41f6-86c8-c1074a318407:r#8#landscape-server": settings 24bb4290-88c0-41f6-86c8-c1074a318407:r#8#landscape-server not found (not found)
unit-landscape-server-0: 02:01:37 ERROR juju.worker.dependency "uniter" manifold worker returned unexpected error: relation scope id "24bb4290-88c0-41f6-86c8-c1074a318407:r#8#postgresql": settings 24bb4290-88c0-41f6-86c8-c1074a318407:r#8#postgresql not found (not found)
unit-landscape-server-0: 02:01:41 ERROR juju.worker.dependency "uniter" manifold worker returned unexpected error: relation scope id "24bb4290-88c0-41f6-86c8-c1074a318407:r#4#landscape-server": settings 24bb4290-88c0-41f6-86c8-c1074a318407:r#4#landscape-server not found (not found)
machine-6: 02:02:00 ERROR juju.api.watcher error trying to stop watcher: websocket: close sent
machine-1: 02:03:01 ERROR juju.api.watcher error trying to stop watcher: websocket: close sent

[32mINFO    [0m pytest_operator.plugin:plugin.py:947 Forgetting model main...