{"uid":"e83b76a58393ba43","name":"test_promote_standby","fullName":"tests.integration.ha_tests.test_async_replication#test_promote_standby","historyId":"84b7a82b02421c5c1fae72e5006c76d4","time":{"start":1757816275360,"stop":1757816379258,"duration":103898},"description":"Test promoting the standby cluster.","descriptionHtml":"<p>Test promoting the standby cluster.</p>\n","status":"broken","statusMessage":"juju.errors.JujuUnitError: Unit in error: postgresql/0","statusTrace":"Traceback (most recent call last):\n  File \"/root/spread_project/.tox/integration/lib/python3.12/site-packages/_pytest/runner.py\", line 344, in from_call\n    result: TResult | None = func()\n                             ^^^^^^\n  File \"/root/spread_project/.tox/integration/lib/python3.12/site-packages/_pytest/runner.py\", line 246, in <lambda>\n    lambda: runtest_hook(item=item, **kwds), when=when, reraise=reraise\n            ^^^^^^^^^^^^^^^^^^^^^^^^^^^^^^^\n  File \"/root/spread_project/.tox/integration/lib/python3.12/site-packages/pluggy/_hooks.py\", line 512, in __call__\n    return self._hookexec(self.name, self._hookimpls.copy(), kwargs, firstresult)\n           ^^^^^^^^^^^^^^^^^^^^^^^^^^^^^^^^^^^^^^^^^^^^^^^^^^^^^^^^^^^^^^^^^^^^^^\n  File \"/root/spread_project/.tox/integration/lib/python3.12/site-packages/pluggy/_manager.py\", line 120, in _hookexec\n    return self._inner_hookexec(hook_name, methods, kwargs, firstresult)\n           ^^^^^^^^^^^^^^^^^^^^^^^^^^^^^^^^^^^^^^^^^^^^^^^^^^^^^^^^^^^^^\n  File \"/root/spread_project/.tox/integration/lib/python3.12/site-packages/pluggy/_callers.py\", line 167, in _multicall\n    raise exception\n  File \"/root/spread_project/.tox/integration/lib/python3.12/site-packages/pluggy/_callers.py\", line 139, in _multicall\n    teardown.throw(exception)\n  File \"/root/spread_project/.tox/integration/lib/python3.12/site-packages/_pytest/logging.py\", line 850, in pytest_runtest_call\n    yield\n  File \"/root/spread_project/.tox/integration/lib/python3.12/site-packages/pluggy/_callers.py\", line 139, in _multicall\n    teardown.throw(exception)\n  File \"/root/spread_project/.tox/integration/lib/python3.12/site-packages/pluggy/_callers.py\", line 53, in run_old_style_hookwrapper\n    return result.get_result()\n           ^^^^^^^^^^^^^^^^^^^\n  File \"/root/spread_project/.tox/integration/lib/python3.12/site-packages/pluggy/_result.py\", line 103, in get_result\n    raise exc.with_traceback(tb)\n  File \"/root/spread_project/.tox/integration/lib/python3.12/site-packages/pluggy/_callers.py\", line 38, in run_old_style_hookwrapper\n    res = yield\n          ^^^^^\n  File \"/root/spread_project/.tox/integration/lib/python3.12/site-packages/pluggy/_callers.py\", line 139, in _multicall\n    teardown.throw(exception)\n  File \"/root/spread_project/.tox/integration/lib/python3.12/site-packages/_pytest/capture.py\", line 900, in pytest_runtest_call\n    return (yield)\n            ^^^^^\n  File \"/root/spread_project/.tox/integration/lib/python3.12/site-packages/pluggy/_callers.py\", line 139, in _multicall\n    teardown.throw(exception)\n  File \"/root/spread_project/.tox/integration/lib/python3.12/site-packages/_pytest/skipping.py\", line 263, in pytest_runtest_call\n    return (yield)\n            ^^^^^\n  File \"/root/spread_project/.tox/integration/lib/python3.12/site-packages/pluggy/_callers.py\", line 121, in _multicall\n    res = hook_impl.function(*args)\n          ^^^^^^^^^^^^^^^^^^^^^^^^^\n  File \"/root/spread_project/.tox/integration/lib/python3.12/site-packages/_pytest/runner.py\", line 178, in pytest_runtest_call\n    item.runtest()\n  File \"/root/spread_project/.tox/integration/lib/python3.12/site-packages/_pytest/python.py\", line 1671, in runtest\n    self.ihook.pytest_pyfunc_call(pyfuncitem=self)\n  File \"/root/spread_project/.tox/integration/lib/python3.12/site-packages/pluggy/_hooks.py\", line 512, in __call__\n    return self._hookexec(self.name, self._hookimpls.copy(), kwargs, firstresult)\n           ^^^^^^^^^^^^^^^^^^^^^^^^^^^^^^^^^^^^^^^^^^^^^^^^^^^^^^^^^^^^^^^^^^^^^^\n  File \"/root/spread_project/.tox/integration/lib/python3.12/site-packages/pluggy/_manager.py\", line 120, in _hookexec\n    return self._inner_hookexec(hook_name, methods, kwargs, firstresult)\n           ^^^^^^^^^^^^^^^^^^^^^^^^^^^^^^^^^^^^^^^^^^^^^^^^^^^^^^^^^^^^^\n  File \"/root/spread_project/.tox/integration/lib/python3.12/site-packages/pluggy/_callers.py\", line 167, in _multicall\n    raise exception\n  File \"/root/spread_project/.tox/integration/lib/python3.12/site-packages/pluggy/_callers.py\", line 139, in _multicall\n    teardown.throw(exception)\n  File \"/root/spread_project/.tox/integration/lib/python3.12/site-packages/pluggy/_callers.py\", line 53, in run_old_style_hookwrapper\n    return result.get_result()\n           ^^^^^^^^^^^^^^^^^^^\n  File \"/root/spread_project/.tox/integration/lib/python3.12/site-packages/pluggy/_result.py\", line 103, in get_result\n    raise exc.with_traceback(tb)\n  File \"/root/spread_project/.tox/integration/lib/python3.12/site-packages/pluggy/_callers.py\", line 38, in run_old_style_hookwrapper\n    res = yield\n          ^^^^^\n  File \"/root/spread_project/.tox/integration/lib/python3.12/site-packages/pluggy/_callers.py\", line 121, in _multicall\n    res = hook_impl.function(*args)\n          ^^^^^^^^^^^^^^^^^^^^^^^^^\n  File \"/root/spread_project/.tox/integration/lib/python3.12/site-packages/_pytest/python.py\", line 157, in pytest_pyfunc_call\n    result = testfunction(**testargs)\n             ^^^^^^^^^^^^^^^^^^^^^^^^\n  File \"/root/spread_project/.tox/integration/lib/python3.12/site-packages/pytest_asyncio/plugin.py\", line 529, in inner\n    _loop.run_until_complete(task)\n  File \"/usr/lib/python3.12/asyncio/base_events.py\", line 687, in run_until_complete\n    return future.result()\n           ^^^^^^^^^^^^^^^\n  File \"/root/spread_project/tests/integration/ha_tests/test_async_replication.py\", line 337, in test_promote_standby\n    await gather(\n  File \"/root/spread_project/.tox/integration/lib/python3.12/site-packages/juju/model/__init__.py\", line 3245, in wait_for_idle\n    _raise_for_status(errors, \"error\")\n  File \"/root/spread_project/.tox/integration/lib/python3.12/site-packages/juju/model/__init__.py\", line 3136, in _raise_for_status\n    raise error_type(\njuju.errors.JujuUnitError: Unit in error: postgresql/0","flaky":false,"newFailed":false,"newBroken":true,"newPassed":false,"retriesCount":1,"retriesStatusChange":true,"beforeStages":[{"name":"tmp_path_factory","time":{"start":1757813613740,"stop":1757813613741,"duration":1},"status":"passed","steps":[],"attachments":[],"parameters":[],"shouldDisplayMessage":false,"stepsCount":0,"attachmentsCount":0,"hasContent":false,"attachmentStep":false},{"name":"event_loop","time":{"start":1757813613740,"stop":1757813613740,"duration":0},"status":"passed","steps":[],"attachments":[],"parameters":[],"shouldDisplayMessage":false,"stepsCount":0,"attachmentsCount":0,"hasContent":false,"attachmentStep":false},{"name":"ops_test","time":{"start":1757813613741,"stop":1757813613885,"duration":144},"status":"passed","steps":[],"attachments":[],"parameters":[],"shouldDisplayMessage":false,"stepsCount":0,"attachmentsCount":0,"hasContent":false,"attachmentStep":false},{"name":"first_model","time":{"start":1757813613886,"stop":1757813613886,"duration":0},"status":"passed","steps":[],"attachments":[],"parameters":[],"shouldDisplayMessage":false,"stepsCount":0,"attachmentsCount":0,"hasContent":false,"attachmentStep":false},{"name":"second_model","time":{"start":1757813613886,"stop":1757813614636,"duration":750},"status":"passed","steps":[],"attachments":[],"parameters":[],"shouldDisplayMessage":false,"stepsCount":0,"attachmentsCount":0,"hasContent":false,"attachmentStep":false},{"name":"second_model_continuous_writes","time":{"start":1757816275360,"stop":1757816275360,"duration":0},"status":"passed","steps":[],"attachments":[],"parameters":[],"shouldDisplayMessage":false,"stepsCount":0,"attachmentsCount":0,"hasContent":false,"attachmentStep":false},{"name":"abort_on_fail","time":{"start":1757816275360,"stop":1757816275360,"duration":0},"status":"passed","steps":[],"attachments":[],"parameters":[],"shouldDisplayMessage":false,"stepsCount":0,"attachmentsCount":0,"hasContent":false,"attachmentStep":false}],"testStage":{"description":"Test promoting the standby cluster.","status":"broken","statusMessage":"juju.errors.JujuUnitError: Unit in error: postgresql/0","statusTrace":"Traceback (most recent call last):\n  File \"/root/spread_project/.tox/integration/lib/python3.12/site-packages/_pytest/runner.py\", line 344, in from_call\n    result: TResult | None = func()\n                             ^^^^^^\n  File \"/root/spread_project/.tox/integration/lib/python3.12/site-packages/_pytest/runner.py\", line 246, in <lambda>\n    lambda: runtest_hook(item=item, **kwds), when=when, reraise=reraise\n            ^^^^^^^^^^^^^^^^^^^^^^^^^^^^^^^\n  File \"/root/spread_project/.tox/integration/lib/python3.12/site-packages/pluggy/_hooks.py\", line 512, in __call__\n    return self._hookexec(self.name, self._hookimpls.copy(), kwargs, firstresult)\n           ^^^^^^^^^^^^^^^^^^^^^^^^^^^^^^^^^^^^^^^^^^^^^^^^^^^^^^^^^^^^^^^^^^^^^^\n  File \"/root/spread_project/.tox/integration/lib/python3.12/site-packages/pluggy/_manager.py\", line 120, in _hookexec\n    return self._inner_hookexec(hook_name, methods, kwargs, firstresult)\n           ^^^^^^^^^^^^^^^^^^^^^^^^^^^^^^^^^^^^^^^^^^^^^^^^^^^^^^^^^^^^^\n  File \"/root/spread_project/.tox/integration/lib/python3.12/site-packages/pluggy/_callers.py\", line 167, in _multicall\n    raise exception\n  File \"/root/spread_project/.tox/integration/lib/python3.12/site-packages/pluggy/_callers.py\", line 139, in _multicall\n    teardown.throw(exception)\n  File \"/root/spread_project/.tox/integration/lib/python3.12/site-packages/_pytest/logging.py\", line 850, in pytest_runtest_call\n    yield\n  File \"/root/spread_project/.tox/integration/lib/python3.12/site-packages/pluggy/_callers.py\", line 139, in _multicall\n    teardown.throw(exception)\n  File \"/root/spread_project/.tox/integration/lib/python3.12/site-packages/pluggy/_callers.py\", line 53, in run_old_style_hookwrapper\n    return result.get_result()\n           ^^^^^^^^^^^^^^^^^^^\n  File \"/root/spread_project/.tox/integration/lib/python3.12/site-packages/pluggy/_result.py\", line 103, in get_result\n    raise exc.with_traceback(tb)\n  File \"/root/spread_project/.tox/integration/lib/python3.12/site-packages/pluggy/_callers.py\", line 38, in run_old_style_hookwrapper\n    res = yield\n          ^^^^^\n  File \"/root/spread_project/.tox/integration/lib/python3.12/site-packages/pluggy/_callers.py\", line 139, in _multicall\n    teardown.throw(exception)\n  File \"/root/spread_project/.tox/integration/lib/python3.12/site-packages/_pytest/capture.py\", line 900, in pytest_runtest_call\n    return (yield)\n            ^^^^^\n  File \"/root/spread_project/.tox/integration/lib/python3.12/site-packages/pluggy/_callers.py\", line 139, in _multicall\n    teardown.throw(exception)\n  File \"/root/spread_project/.tox/integration/lib/python3.12/site-packages/_pytest/skipping.py\", line 263, in pytest_runtest_call\n    return (yield)\n            ^^^^^\n  File \"/root/spread_project/.tox/integration/lib/python3.12/site-packages/pluggy/_callers.py\", line 121, in _multicall\n    res = hook_impl.function(*args)\n          ^^^^^^^^^^^^^^^^^^^^^^^^^\n  File \"/root/spread_project/.tox/integration/lib/python3.12/site-packages/_pytest/runner.py\", line 178, in pytest_runtest_call\n    item.runtest()\n  File \"/root/spread_project/.tox/integration/lib/python3.12/site-packages/_pytest/python.py\", line 1671, in runtest\n    self.ihook.pytest_pyfunc_call(pyfuncitem=self)\n  File \"/root/spread_project/.tox/integration/lib/python3.12/site-packages/pluggy/_hooks.py\", line 512, in __call__\n    return self._hookexec(self.name, self._hookimpls.copy(), kwargs, firstresult)\n           ^^^^^^^^^^^^^^^^^^^^^^^^^^^^^^^^^^^^^^^^^^^^^^^^^^^^^^^^^^^^^^^^^^^^^^\n  File \"/root/spread_project/.tox/integration/lib/python3.12/site-packages/pluggy/_manager.py\", line 120, in _hookexec\n    return self._inner_hookexec(hook_name, methods, kwargs, firstresult)\n           ^^^^^^^^^^^^^^^^^^^^^^^^^^^^^^^^^^^^^^^^^^^^^^^^^^^^^^^^^^^^^\n  File \"/root/spread_project/.tox/integration/lib/python3.12/site-packages/pluggy/_callers.py\", line 167, in _multicall\n    raise exception\n  File \"/root/spread_project/.tox/integration/lib/python3.12/site-packages/pluggy/_callers.py\", line 139, in _multicall\n    teardown.throw(exception)\n  File \"/root/spread_project/.tox/integration/lib/python3.12/site-packages/pluggy/_callers.py\", line 53, in run_old_style_hookwrapper\n    return result.get_result()\n           ^^^^^^^^^^^^^^^^^^^\n  File \"/root/spread_project/.tox/integration/lib/python3.12/site-packages/pluggy/_result.py\", line 103, in get_result\n    raise exc.with_traceback(tb)\n  File \"/root/spread_project/.tox/integration/lib/python3.12/site-packages/pluggy/_callers.py\", line 38, in run_old_style_hookwrapper\n    res = yield\n          ^^^^^\n  File \"/root/spread_project/.tox/integration/lib/python3.12/site-packages/pluggy/_callers.py\", line 121, in _multicall\n    res = hook_impl.function(*args)\n          ^^^^^^^^^^^^^^^^^^^^^^^^^\n  File \"/root/spread_project/.tox/integration/lib/python3.12/site-packages/_pytest/python.py\", line 157, in pytest_pyfunc_call\n    result = testfunction(**testargs)\n             ^^^^^^^^^^^^^^^^^^^^^^^^\n  File \"/root/spread_project/.tox/integration/lib/python3.12/site-packages/pytest_asyncio/plugin.py\", line 529, in inner\n    _loop.run_until_complete(task)\n  File \"/usr/lib/python3.12/asyncio/base_events.py\", line 687, in run_until_complete\n    return future.result()\n           ^^^^^^^^^^^^^^^\n  File \"/root/spread_project/tests/integration/ha_tests/test_async_replication.py\", line 337, in test_promote_standby\n    await gather(\n  File \"/root/spread_project/.tox/integration/lib/python3.12/site-packages/juju/model/__init__.py\", line 3245, in wait_for_idle\n    _raise_for_status(errors, \"error\")\n  File \"/root/spread_project/.tox/integration/lib/python3.12/site-packages/juju/model/__init__.py\", line 3136, in _raise_for_status\n    raise error_type(\njuju.errors.JujuUnitError: Unit in error: postgresql/0","steps":[],"attachments":[{"uid":"6ee334c76aafbaee","name":"log","source":"6ee334c76aafbaee.txt","type":"text/plain","size":1554}],"parameters":[],"shouldDisplayMessage":true,"stepsCount":0,"attachmentsCount":1,"hasContent":true,"attachmentStep":false},"afterStages":[{"name":"second_model_continuous_writes::finalizer","time":{"start":1757816379293,"stop":1757816382572,"duration":3279},"status":"passed","steps":[],"attachments":[],"parameters":[],"shouldDisplayMessage":false,"stepsCount":0,"attachmentsCount":0,"hasContent":false,"attachmentStep":false},{"name":"abort_on_fail::0","time":{"start":1757816382573,"stop":1757816382573,"duration":0},"status":"passed","steps":[],"attachments":[],"parameters":[],"shouldDisplayMessage":false,"stepsCount":0,"attachmentsCount":0,"hasContent":false,"attachmentStep":false},{"name":"second_model::finalizer","time":{"start":1757816382612,"stop":1757816382702,"duration":90},"status":"passed","steps":[],"attachments":[],"parameters":[],"shouldDisplayMessage":false,"stepsCount":0,"attachmentsCount":0,"hasContent":false,"attachmentStep":false},{"name":"ops_test::finalizer","time":{"start":1757816382703,"stop":1757816383832,"duration":1129},"status":"passed","steps":[],"attachments":[],"parameters":[],"shouldDisplayMessage":false,"stepsCount":0,"attachmentsCount":0,"hasContent":false,"attachmentStep":false},{"name":"event_loop::2","time":{"start":1757816383832,"stop":1757816383832,"duration":0},"status":"passed","steps":[],"attachments":[],"parameters":[],"shouldDisplayMessage":false,"stepsCount":0,"attachmentsCount":0,"hasContent":false,"attachmentStep":false},{"name":"event_loop::_close_event_loop","time":{"start":1757816383832,"stop":1757816383832,"duration":0},"status":"passed","steps":[],"attachments":[],"parameters":[],"shouldDisplayMessage":false,"stepsCount":0,"attachmentsCount":0,"hasContent":false,"attachmentStep":false},{"name":"event_loop::_provide_clean_event_loop","time":{"start":1757816383832,"stop":1757816383832,"duration":0},"status":"passed","steps":[],"attachments":[],"parameters":[],"shouldDisplayMessage":false,"stepsCount":0,"attachmentsCount":0,"hasContent":false,"attachmentStep":false}],"labels":[{"name":"tag","value":"abort_on_fail"},{"name":"tag","value":"asyncio"},{"name":"tag","value":"asyncio"},{"name":"parentSuite","value":"tests.integration.ha_tests"},{"name":"suite","value":"test_async_replication"},{"name":"host","value":"runnervmf4ws1"},{"name":"thread","value":"16022-MainThread"},{"name":"framework","value":"pytest"},{"name":"language","value":"cpython3"},{"name":"package","value":"tests.integration.ha_tests.test_async_replication"},{"name":"resultFormat","value":"allure2"}],"parameters":[],"links":[],"hidden":false,"retry":false,"extra":{"severity":"normal","retries":[{"uid":"e67b8f93b0bd60ab","status":"unknown","time":{}}],"categories":[{"name":"Test defects","matchedStatuses":[]}],"history":{"statistic":{"failed":0,"broken":16,"skipped":50,"passed":382,"unknown":21,"total":469},"items":[{"uid":"35f72bb1dd234a8","reportUrl":"../5597//#testresult/35f72bb1dd234a8","status":"passed","time":{"start":1757729788824,"stop":1757730273910,"duration":485086}},{"uid":"a5b93bfa37a5ac38","reportUrl":"../5594//#testresult/a5b93bfa37a5ac38","status":"passed","time":{"start":1757643313468,"stop":1757643810991,"duration":497523}},{"uid":"c1a9c9c711c3b707","reportUrl":"../5581//#testresult/c1a9c9c711c3b707","status":"unknown","time":{}},{"uid":"7f2096e365bba5b6","reportUrl":"../5576//#testresult/7f2096e365bba5b6","status":"passed","time":{"start":1757470575860,"stop":1757471056685,"duration":480825}},{"uid":"9658b0d2dace794","reportUrl":"../5569//#testresult/9658b0d2dace794","status":"unknown","time":{}},{"uid":"af699a8837c6e4f4","reportUrl":"../5568//#testresult/af699a8837c6e4f4","status":"unknown","time":{}},{"uid":"f0743a4592f72b95","reportUrl":"../5566//#testresult/f0743a4592f72b95","status":"passed","time":{"start":1757124836844,"stop":1757125288668,"duration":451824}},{"uid":"24f78fb299a94dcc","reportUrl":"../5556//#testresult/24f78fb299a94dcc","status":"passed","time":{"start":1756951949752,"stop":1756952395990,"duration":446238}},{"uid":"a3eb8cb1ca529772","reportUrl":"../5548//#testresult/a3eb8cb1ca529772","status":"unknown","time":{}},{"uid":"440aa81cc405cce2","reportUrl":"../5533//#testresult/440aa81cc405cce2","status":"passed","time":{"start":1756779166190,"stop":1756779606927,"duration":440737}},{"uid":"a7b9e2612999c6ec","reportUrl":"../5532//#testresult/a7b9e2612999c6ec","status":"passed","time":{"start":1756692951364,"stop":1756693398456,"duration":447092}},{"uid":"a265031d66610969","reportUrl":"../5531//#testresult/a265031d66610969","status":"passed","time":{"start":1756606572698,"stop":1756607034390,"duration":461692}},{"uid":"8b65bfd5822e627d","reportUrl":"../5530//#testresult/8b65bfd5822e627d","status":"passed","time":{"start":1756520010468,"stop":1756520461005,"duration":450537}},{"uid":"c7b3459f47b00ce8","reportUrl":"../5520//#testresult/c7b3459f47b00ce8","status":"broken","statusDetails":"juju.errors.JujuUnitError: Units in error: postgresql/0, postgresql/2","time":{"start":1756433553704,"stop":1756433593623,"duration":39919}},{"uid":"a8d25b31c43aec7f","reportUrl":"../5514//#testresult/a8d25b31c43aec7f","status":"passed","time":{"start":1756347350023,"stop":1756347806411,"duration":456388}},{"uid":"74a9d6257d7230d4","reportUrl":"../5513//#testresult/74a9d6257d7230d4","status":"passed","time":{"start":1756260926168,"stop":1756261418158,"duration":491990}},{"uid":"69158c8cdc86f935","reportUrl":"../5511//#testresult/69158c8cdc86f935","status":"passed","time":{"start":1756176339377,"stop":1756176834641,"duration":495264}},{"uid":"7e40177e27b280f0","reportUrl":"../5497//#testresult/7e40177e27b280f0","status":"broken","statusDetails":"juju.errors.JujuUnitError: Unit in error: postgresql/2","time":{"start":1756087988393,"stop":1756088027628,"duration":39235}},{"uid":"80acd6102ace46e2","reportUrl":"../5496//#testresult/80acd6102ace46e2","status":"passed","time":{"start":1756001860219,"stop":1756002305748,"duration":445529}},{"uid":"92534642acb74794","reportUrl":"../5494//#testresult/92534642acb74794","status":"passed","time":{"start":1755915291671,"stop":1755915735739,"duration":444068}}]},"tags":["asyncio","abort_on_fail"]},"source":"e83b76a58393ba43.json","parameterValues":[]}