[32mINFO    [0m integration.ha_tests.test_upgrade_from_stable:test_upgrade_from_stable.py:102 starting continuous writes to the database
[33mWARNING [0m juju.model:__init__.py:1683 relate is deprecated and will be removed. Use integrate instead.
[32mINFO    [0m juju.model:__init__.py:3254 Waiting for model:
  postgresql/0 [executing] active: Primary
  postgresql/1 [executing] active: 
  postgresql/2 [idle] active: 
  postgresql-test-app/0 [idle] active: 
[32mINFO    [0m integration.ha_tests.test_upgrade_from_stable:test_upgrade_from_stable.py:106 checking whether writes are increasing
[32mINFO    [0m integration.ha_tests.helpers:helpers.py:103 Initial writes {'test.postgresql-0': 218, 'test.postgresql-1': 219}
[32mINFO    [0m integration.ha_tests.helpers:helpers.py:113 Retry writes {'test.postgresql-0': 390, 'test.postgresql-1': 390}
[32mINFO    [0m integration.ha_tests.test_upgrade_from_stable:test_upgrade_from_stable.py:115 Build charm locally
[32mINFO    [0m integration.ha_tests.test_upgrade_from_stable:test_upgrade_from_stable.py:118 Refresh the charm
[32mINFO    [0m integration.ha_tests.test_upgrade_from_stable:test_upgrade_from_stable.py:121 Wait for upgrade to start
[32mINFO    [0m integration.ha_tests.test_upgrade_from_stable:test_upgrade_from_stable.py:128 Wait for upgrade to complete
[32mINFO    [0m juju.model:__init__.py:3254 Waiting for model:
  postgresql/0 [executing] active: Primary
  postgresql/1 [executing] waiting: other units upgrading first...
  postgresql/2 [executing] waiting: other units upgrading first...
[32mINFO    [0m juju.model:__init__.py:3254 Waiting for model:
  postgresql/0 [idle] waiting: other units upgrading first...
  postgresql/1 [idle] waiting: other units upgrading first...
  postgresql/2 [executing] maintenance: refreshing the snap
[32mINFO    [0m juju.model:__init__.py:3254 Waiting for model:
  postgresql/0 [executing] waiting: other units upgrading first...
  postgresql/1 [executing] waiting: other units upgrading first...
  postgresql/2 [executing] maintenance: upgrade completed
[32mINFO    [0m juju.model:__init__.py:3254 Waiting for model:
  postgresql/0 [idle] waiting: other units upgrading first...
  postgresql/1 [executing] maintenance: refreshing the snap
  postgresql/2 [idle] maintenance: upgrade completed
[32mINFO    [0m juju.model:__init__.py:3254 Waiting for model:
  postgresql/0 [executing] active: 
  postgresql/1 [executing] maintenance: upgrade completed
  postgresql/2 [executing] maintenance: upgrade completed
[32mINFO    [0m juju.model:__init__.py:3254 Waiting for model:
  postgresql/0 [executing] maintenance: Executing restart operation
  postgresql/1 [idle] maintenance: upgrade completed
  postgresql/2 [idle] maintenance: upgrade completed
[32mINFO    [0m juju.model:__init__.py:3254 Waiting for model:
  postgresql/0 [executing] maintenance: Executing restart operation
  postgresql/1 [idle] maintenance: upgrade completed
  postgresql/2 [idle] maintenance: upgrade completed
[32mINFO    [0m juju.model:__init__.py:3254 Waiting for model:
  postgresql/0 [executing] maintenance: Executing restart operation
  postgresql/1 [idle] maintenance: upgrade completed
  postgresql/2 [idle] maintenance: upgrade completed
[32mINFO    [0m juju.model:__init__.py:3254 Waiting for model:
  postgresql/0 [executing] maintenance: Executing restart operation
  postgresql/1 [idle] maintenance: upgrade completed
  postgresql/2 [idle] maintenance: upgrade completed
[32mINFO    [0m juju.model:__init__.py:3254 Waiting for model:
  postgresql/0 [executing] maintenance: Executing restart operation
  postgresql/1 [idle] maintenance: upgrade completed
  postgresql/2 [idle] maintenance: upgrade completed
[32mINFO    [0m juju.model:__init__.py:3254 Waiting for model:
  postgresql/0 [executing] maintenance: Executing restart operation
  postgresql/1 [idle] maintenance: upgrade completed
  postgresql/2 [idle] maintenance: upgrade completed
[32mINFO    [0m juju.model:__init__.py:3254 Waiting for model:
  postgresql/0 [executing] maintenance: Executing restart operation
  postgresql/1 [idle] maintenance: upgrade completed
  postgresql/2 [idle] maintenance: upgrade completed
[32mINFO    [0m juju.model:__init__.py:3254 Waiting for model:
  postgresql/0 [executing] maintenance: Executing restart operation
  postgresql/1 [idle] maintenance: upgrade completed
  postgresql/2 [idle] maintenance: upgrade completed
[32mINFO    [0m juju.model:__init__.py:3254 Waiting for model:
  postgresql/0 [executing] maintenance: Executing restart operation
  postgresql/1 [idle] maintenance: upgrade completed
  postgresql/2 [idle] maintenance: upgrade completed
[32mINFO    [0m juju.model:__init__.py:3254 Waiting for model:
  postgresql/0 [executing] maintenance: Executing restart operation
  postgresql/1 [idle] maintenance: upgrade completed
  postgresql/2 [idle] maintenance: upgrade completed
[32mINFO    [0m juju.model:__init__.py:3254 Waiting for model:
  postgresql/0 [executing] maintenance: Executing restart operation
  postgresql/1 [idle] maintenance: upgrade completed
  postgresql/2 [idle] maintenance: upgrade completed
[32mINFO    [0m juju.model:__init__.py:3254 Waiting for model:
  postgresql/0 [executing] maintenance: refreshing the snap
  postgresql/1 [idle] maintenance: upgrade completed
  postgresql/2 [idle] maintenance: upgrade completed
[32mINFO    [0m juju.model:__init__.py:3254 Waiting for model:
  postgresql/0 [executing] active: 
  postgresql/1 [executing] maintenance: upgrade completed
  postgresql/2 [executing] maintenance: upgrade completed
[32mINFO    [0m juju.model:__init__.py:3254 Waiting for model:
  postgresql/0 [executing] active: 
  postgresql/1 [executing] active: 
  postgresql/2 [executing] active: 
[32mINFO    [0m juju.model:__init__.py:3254 Waiting for model:
  postgresql/0 [executing] active: 
  postgresql/1 [idle] active: 
  postgresql/2 [executing] active: Primary
[32mINFO    [0m juju.model:__init__.py:3254 Waiting for model:
  postgresql/0 [idle] active: 
  postgresql/2 [idle] active: Primary
[32mINFO    [0m integration.ha_tests.test_upgrade_from_stable:test_upgrade_from_stable.py:135 checking whether writes are increasing
[32mINFO    [0m integration.ha_tests.helpers:helpers.py:103 Initial writes {'test.postgresql-1': 17816, 'test.postgresql-2': 17817}
[32mINFO    [0m integration.ha_tests.helpers:helpers.py:113 Retry writes {'test.postgresql-1': 17901, 'test.postgresql-2': 17901}
[32mINFO    [0m integration.ha_tests.test_upgrade_from_stable:test_upgrade_from_stable.py:140 checking whether no writes were lost
[32mINFO    [0m integration.ha_tests.test_upgrade_from_stable:test_upgrade_from_stable.py:145 checking the number of switchovers
[32mINFO    [0m pytest_operator.plugin:plugin.py:929 Model status:

Model  Controller           Cloud/Region         Version  SLA          Timestamp
test   localhost-localhost  localhost/localhost  3.6.2    unsupported  01:52:18Z

App                  Version  Status  Scale  Charm                Channel      Rev  Exposed  Message
postgresql           14.15    active      3  postgresql                          0  no       
postgresql-test-app           active      1  postgresql-test-app  latest/edge  344  no       received database credentials of the first database

Unit                    Workload  Agent  Machine  Public address  Ports     Message
postgresql-test-app/0*  active    idle   3        10.200.23.158             received database credentials of the first database
postgresql/0*           active    idle   0        10.200.23.193   5432/tcp  
postgresql/1            active    idle   1        10.200.23.214   5432/tcp  
postgresql/2            active    idle   2        10.200.23.146   5432/tcp  Primary

Machine  State    Address        Inst id        Base          AZ  Message
0        started  10.200.23.193  juju-29f83d-0  ubuntu@22.04      Running
1        started  10.200.23.214  juju-29f83d-1  ubuntu@22.04      Running
2        started  10.200.23.146  juju-29f83d-2  ubuntu@22.04      Running
3        started  10.200.23.158  juju-29f83d-3  ubuntu@22.04      Running

[32mINFO    [0m pytest_operator.plugin:plugin.py:935 Juju error logs:

machine-0: 01:33:24 ERROR juju.worker.dependency "lxd-container-provisioner" manifold worker returned unexpected error: container types not yet available
machine-0: 01:33:24 ERROR juju.worker.dependency "kvm-container-provisioner" manifold worker returned unexpected error: container types not yet available
unit-postgresql-0: 01:33:24 ERROR juju.worker.meterstatus error running "meter-status-changed": charm missing from disk
machine-1: 01:33:31 ERROR juju.worker.dependency "kvm-container-provisioner" manifold worker returned unexpected error: container types not yet available
machine-1: 01:33:31 ERROR juju.worker.dependency "lxd-container-provisioner" manifold worker returned unexpected error: container types not yet available
unit-postgresql-1: 01:33:31 ERROR juju.worker.meterstatus error running "meter-status-changed": charm missing from disk
machine-2: 01:33:32 ERROR juju.worker.dependency "kvm-container-provisioner" manifold worker returned unexpected error: container types not yet available
machine-2: 01:33:32 ERROR juju.worker.dependency "lxd-container-provisioner" manifold worker returned unexpected error: container types not yet available
unit-postgresql-2: 01:33:32 ERROR juju.worker.meterstatus error running "meter-status-changed": charm missing from disk
machine-3: 01:33:35 ERROR juju.worker.dependency "kvm-container-provisioner" manifold worker returned unexpected error: container types not yet available
machine-3: 01:33:35 ERROR juju.worker.dependency "lxd-container-provisioner" manifold worker returned unexpected error: container types not yet available
unit-postgresql-test-app-0: 01:33:35 ERROR juju.worker.meterstatus error running "meter-status-changed": charm missing from disk
unit-postgresql-0: 01:49:44 ERROR unit.postgresql/0.juju-log upgrade:2: Unable to reconnect to postgresql
Traceback (most recent call last):
  File "/var/lib/juju/agents/unit-postgresql-0/charm/src/charm.py", line 1667, in _restart
    raise CannotConnectError
CannotConnectError

The above exception was the direct cause of the following exception:

Traceback (most recent call last):
  File "/var/lib/juju/agents/unit-postgresql-0/charm/src/charm.py", line 1664, in _restart
    for attempt in Retrying(wait=wait_fixed(3), stop=stop_after_delay(300)):
  File "/var/lib/juju/agents/unit-postgresql-0/charm/venv/lib/python3.10/site-packages/tenacity/__init__.py", line 443, in __iter__
    do = self.iter(retry_state=retry_state)
  File "/var/lib/juju/agents/unit-postgresql-0/charm/venv/lib/python3.10/site-packages/tenacity/__init__.py", line 376, in iter
    result = action(retry_state)
  File "/var/lib/juju/agents/unit-postgresql-0/charm/venv/lib/python3.10/site-packages/tenacity/__init__.py", line 419, in exc_check
    raise retry_exc from fut.exception()
tenacity.RetryError: RetryError[<Future at 0x7f2fe8495db0 state=finished raised CannotConnectError>]

[32mINFO    [0m pytest_operator.plugin:plugin.py:1017 Forgetting model main...