[32mINFO    [0m integration.ha_tests.test_upgrade_from_stable:test_upgrade_from_stable.py:102 starting continuous writes to the database
[33mWARNING [0m juju.model:model.py:1563 relate is deprecated and will be removed. Use integrate instead.
[32mINFO    [0m juju.model:model.py:2971 Waiting for model:
  postgresql/0 [executing] active: 
  postgresql/1 [executing] active: 
  postgresql/2 [executing] active: Primary
  postgresql-test-app/0 [idle] active: 
[32mINFO    [0m integration.ha_tests.test_upgrade_from_stable:test_upgrade_from_stable.py:106 checking whether writes are increasing
[32mINFO    [0m integration.ha_tests.test_upgrade_from_stable:test_upgrade_from_stable.py:115 Build charm locally
[32mINFO    [0m integration.ha_tests.test_upgrade_from_stable:test_upgrade_from_stable.py:118 Refresh the charm
[32mINFO    [0m integration.ha_tests.test_upgrade_from_stable:test_upgrade_from_stable.py:121 Wait for upgrade to start
[32mINFO    [0m integration.ha_tests.test_upgrade_from_stable:test_upgrade_from_stable.py:128 Wait for upgrade to complete
[32mINFO    [0m juju.model:model.py:2971 Waiting for model:
  postgresql/0 [executing] waiting: other units upgrading first...
  postgresql/1 [executing] waiting: other units upgrading first...
  postgresql/2 [idle] active: Primary
[32mINFO    [0m juju.model:model.py:2971 Waiting for model:
  postgresql/0 [executing] active: 
  postgresql/1 [executing] maintenance: updating configuration
  postgresql/2 [executing] active: Primary
[32mINFO    [0m juju.model:model.py:2971 Waiting for model:
  postgresql/0 [idle] active: 
  postgresql/1 [executing] maintenance: refreshing the snap
  postgresql/2 [idle] active: 
[32mINFO    [0m juju.model:model.py:2971 Waiting for model:
  postgresql/0 [idle] active: 
  postgresql/1 [executing] maintenance: refreshing the snap
  postgresql/2 [idle] active: 
[32mINFO    [0m juju.model:model.py:2971 Waiting for model:
  postgresql/1 [executing] waiting: waiting for database initialisation
[32mINFO    [0m juju.model:model.py:2971 Waiting for model:
  postgresql/1 [executing] waiting: waiting for database initialisation
[32mINFO    [0m juju.model:model.py:2971 Waiting for model:
  postgresql/1 [executing] waiting: waiting for database initialisation
[32mINFO    [0m juju.model:model.py:2971 Waiting for model:
  postgresql/1 [executing] waiting: waiting for database initialisation
[32mINFO    [0m juju.model:model.py:2971 Waiting for model:
  postgresql/1 [executing] waiting: waiting for database initialisation
[32mINFO    [0m juju.model:model.py:2971 Waiting for model:
  postgresql/1 [executing] waiting: waiting for database initialisation
[32mINFO    [0m juju.model:model.py:2971 Waiting for model:
  postgresql/1 [executing] waiting: waiting for database initialisation
[32mINFO    [0m juju.model:model.py:2971 Waiting for model:
  postgresql/1 [executing] waiting: waiting for database initialisation
[32mINFO    [0m juju.model:model.py:2971 Waiting for model:
  postgresql/1 [executing] waiting: waiting for database initialisation
[32mINFO    [0m juju.model:model.py:2971 Waiting for model:
  postgresql/1 [executing] waiting: waiting for database initialisation
[32mINFO    [0m juju.model:model.py:2971 Waiting for model:
  postgresql/1 [executing] waiting: waiting for database initialisation
[32mINFO    [0m juju.model:model.py:2971 Waiting for model:
  postgresql/1 [executing] waiting: waiting for database initialisation
[32mINFO    [0m juju.model:model.py:2971 Waiting for model:
  postgresql/0 [idle] waiting: other units upgrading first...
  postgresql/1 [executing] waiting: waiting for database initialisation
  postgresql/2 [idle] waiting: other units upgrading first...
[32mINFO    [0m juju.model:model.py:2971 Waiting for model:
  postgresql/0 [idle] waiting: other units upgrading first...
  postgresql/1 [executing] waiting: waiting for database initialisation
  postgresql/2 [idle] waiting: other units upgrading first...
[32mINFO    [0m juju.model:model.py:2971 Waiting for model:
  postgresql/0 [idle] waiting: other units upgrading first...
  postgresql/1 [executing] waiting: waiting for database initialisation
  postgresql/2 [idle] waiting: other units upgrading first...
[32mINFO    [0m juju.model:model.py:2971 Waiting for model:
  postgresql/0 [idle] waiting: other units upgrading first...
  postgresql/1 [executing] waiting: waiting for database initialisation
  postgresql/2 [idle] waiting: other units upgrading first...
[32mINFO    [0m pytest_operator.plugin:plugin.py:903 Model status:

Model  Controller           Cloud/Region         Version  SLA          Timestamp
test   localhost-localhost  localhost/localhost  3.4.5    unsupported  01:55:00Z

App                  Version  Status  Scale  Charm                Channel      Rev  Exposed  Message
postgresql           14.12    active      3  postgresql                          0  no       
postgresql-test-app           active      1  postgresql-test-app  latest/edge  239  no       received database credentials of the first database

Unit                    Workload  Agent      Machine  Public address  Ports     Message
postgresql-test-app/0*  active    idle       3        10.175.189.31             received database credentials of the first database
postgresql/0            waiting   idle       0        10.175.189.107  5432/tcp  other units upgrading first...
postgresql/1            waiting   executing  1        10.175.189.34   5432/tcp  waiting for database initialisation
postgresql/2*           waiting   idle       2        10.175.189.20   5432/tcp  other units upgrading first...

Machine  State    Address         Inst id        Base          AZ  Message
0        started  10.175.189.107  juju-5eccb3-0  ubuntu@22.04      Running
1        started  10.175.189.34   juju-5eccb3-1  ubuntu@22.04      Running
2        started  10.175.189.20   juju-5eccb3-2  ubuntu@22.04      Running
3        started  10.175.189.31   juju-5eccb3-3  ubuntu@22.04      Running

[32mINFO    [0m pytest_operator.plugin:plugin.py:909 Juju error logs:

machine-2: 01:36:55 ERROR juju.worker.dependency "lxd-container-provisioner" manifold worker returned unexpected error: container types not yet available
machine-2: 01:36:55 ERROR juju.worker.dependency "kvm-container-provisioner" manifold worker returned unexpected error: container types not yet available
unit-postgresql-2: 01:36:56 ERROR juju.worker.meterstatus error running "meter-status-changed": charm missing from disk
machine-3: 01:36:58 ERROR juju.worker.dependency "kvm-container-provisioner" manifold worker returned unexpected error: container types not yet available
machine-3: 01:36:58 ERROR juju.worker.dependency "lxd-container-provisioner" manifold worker returned unexpected error: container types not yet available
unit-postgresql-test-app-0: 01:36:59 ERROR juju.worker.meterstatus error running "meter-status-changed": charm missing from disk
machine-0: 01:37:04 ERROR juju.worker.dependency "kvm-container-provisioner" manifold worker returned unexpected error: container types not yet available
machine-0: 01:37:04 ERROR juju.worker.dependency "lxd-container-provisioner" manifold worker returned unexpected error: container types not yet available
unit-postgresql-0: 01:37:04 ERROR juju.worker.meterstatus error running "meter-status-changed": charm missing from disk
machine-1: 01:37:04 ERROR juju.worker.dependency "lxd-container-provisioner" manifold worker returned unexpected error: container types not yet available
machine-1: 01:37:04 ERROR juju.worker.dependency "kvm-container-provisioner" manifold worker returned unexpected error: container types not yet available
unit-postgresql-1: 01:37:05 ERROR juju.worker.meterstatus error running "meter-status-changed": charm missing from disk
unit-postgresql-1: 01:47:56 ERROR unit.postgresql/1.juju-log upgrade:2: replication is not healthy
Traceback (most recent call last):
  File "/var/lib/juju/agents/unit-postgresql-1/charm/src/cluster.py", line 435, in is_replication_healthy
    raise Exception
Exception

The above exception was the direct cause of the following exception:

Traceback (most recent call last):
  File "/var/lib/juju/agents/unit-postgresql-1/charm/src/cluster.py", line 418, in is_replication_healthy
    for attempt in Retrying(stop=stop_after_delay(60), wait=wait_fixed(3)):
  File "/var/lib/juju/agents/unit-postgresql-1/charm/venv/tenacity/__init__.py", line 443, in __iter__
    do = self.iter(retry_state=retry_state)
  File "/var/lib/juju/agents/unit-postgresql-1/charm/venv/tenacity/__init__.py", line 376, in iter
    result = action(retry_state)
  File "/var/lib/juju/agents/unit-postgresql-1/charm/venv/tenacity/__init__.py", line 419, in exc_check
    raise retry_exc from fut.exception()
tenacity.RetryError: RetryError[<Future at 0x7f2707f03c40 state=finished raised Exception>]
unit-postgresql-1: 01:49:08 ERROR unit.postgresql/1.juju-log upgrade:2: replication is not healthy
Traceback (most recent call last):
  File "/var/lib/juju/agents/unit-postgresql-1/charm/src/cluster.py", line 435, in is_replication_healthy
    raise Exception
Exception

The above exception was the direct cause of the following exception:

Traceback (most recent call last):
  File "/var/lib/juju/agents/unit-postgresql-1/charm/src/cluster.py", line 418, in is_replication_healthy
    for attempt in Retrying(stop=stop_after_delay(60), wait=wait_fixed(3)):
  File "/var/lib/juju/agents/unit-postgresql-1/charm/venv/tenacity/__init__.py", line 443, in __iter__
    do = self.iter(retry_state=retry_state)
  File "/var/lib/juju/agents/unit-postgresql-1/charm/venv/tenacity/__init__.py", line 376, in iter
    result = action(retry_state)
  File "/var/lib/juju/agents/unit-postgresql-1/charm/venv/tenacity/__init__.py", line 419, in exc_check
    raise retry_exc from fut.exception()
tenacity.RetryError: RetryError[<Future at 0x7f2707f028f0 state=finished raised Exception>]
unit-postgresql-1: 01:50:19 ERROR unit.postgresql/1.juju-log upgrade:2: replication is not healthy
Traceback (most recent call last):
  File "/var/lib/juju/agents/unit-postgresql-1/charm/src/cluster.py", line 435, in is_replication_healthy
    raise Exception
Exception

The above exception was the direct cause of the following exception:

Traceback (most recent call last):
  File "/var/lib/juju/agents/unit-postgresql-1/charm/src/cluster.py", line 418, in is_replication_healthy
    for attempt in Retrying(stop=stop_after_delay(60), wait=wait_fixed(3)):
  File "/var/lib/juju/agents/unit-postgresql-1/charm/venv/tenacity/__init__.py", line 443, in __iter__
    do = self.iter(retry_state=retry_state)
  File "/var/lib/juju/agents/unit-postgresql-1/charm/venv/tenacity/__init__.py", line 376, in iter
    result = action(retry_state)
  File "/var/lib/juju/agents/unit-postgresql-1/charm/venv/tenacity/__init__.py", line 419, in exc_check
    raise retry_exc from fut.exception()
tenacity.RetryError: RetryError[<Future at 0x7f2707f02a10 state=finished raised Exception>]
unit-postgresql-1: 01:51:31 ERROR unit.postgresql/1.juju-log upgrade:2: replication is not healthy
Traceback (most recent call last):
  File "/var/lib/juju/agents/unit-postgresql-1/charm/src/cluster.py", line 435, in is_replication_healthy
    raise Exception
Exception

The above exception was the direct cause of the following exception:

Traceback (most recent call last):
  File "/var/lib/juju/agents/unit-postgresql-1/charm/src/cluster.py", line 418, in is_replication_healthy
    for attempt in Retrying(stop=stop_after_delay(60), wait=wait_fixed(3)):
  File "/var/lib/juju/agents/unit-postgresql-1/charm/venv/tenacity/__init__.py", line 443, in __iter__
    do = self.iter(retry_state=retry_state)
  File "/var/lib/juju/agents/unit-postgresql-1/charm/venv/tenacity/__init__.py", line 376, in iter
    result = action(retry_state)
  File "/var/lib/juju/agents/unit-postgresql-1/charm/venv/tenacity/__init__.py", line 419, in exc_check
    raise retry_exc from fut.exception()
tenacity.RetryError: RetryError[<Future at 0x7f2707e9fe50 state=finished raised Exception>]
unit-postgresql-1: 01:52:42 ERROR unit.postgresql/1.juju-log upgrade:2: replication is not healthy
Traceback (most recent call last):
  File "/var/lib/juju/agents/unit-postgresql-1/charm/src/cluster.py", line 435, in is_replication_healthy
    raise Exception
Exception

The above exception was the direct cause of the following exception:

Traceback (most recent call last):
  File "/var/lib/juju/agents/unit-postgresql-1/charm/src/cluster.py", line 418, in is_replication_healthy
    for attempt in Retrying(stop=stop_after_delay(60), wait=wait_fixed(3)):
  File "/var/lib/juju/agents/unit-postgresql-1/charm/venv/tenacity/__init__.py", line 443, in __iter__
    do = self.iter(retry_state=retry_state)
  File "/var/lib/juju/agents/unit-postgresql-1/charm/venv/tenacity/__init__.py", line 376, in iter
    result = action(retry_state)
  File "/var/lib/juju/agents/unit-postgresql-1/charm/venv/tenacity/__init__.py", line 419, in exc_check
    raise retry_exc from fut.exception()
tenacity.RetryError: RetryError[<Future at 0x7f2707f03b20 state=finished raised Exception>]
unit-postgresql-1: 01:53:59 ERROR unit.postgresql/1.juju-log replication is not healthy
Traceback (most recent call last):
  File "/var/lib/juju/agents/unit-postgresql-1/charm/src/cluster.py", line 435, in is_replication_healthy
    raise Exception
Exception

The above exception was the direct cause of the following exception:

Traceback (most recent call last):
  File "/var/lib/juju/agents/unit-postgresql-1/charm/src/cluster.py", line 418, in is_replication_healthy
    for attempt in Retrying(stop=stop_after_delay(60), wait=wait_fixed(3)):
  File "/var/lib/juju/agents/unit-postgresql-1/charm/venv/tenacity/__init__.py", line 443, in __iter__
    do = self.iter(retry_state=retry_state)
  File "/var/lib/juju/agents/unit-postgresql-1/charm/venv/tenacity/__init__.py", line 376, in iter
    result = action(retry_state)
  File "/var/lib/juju/agents/unit-postgresql-1/charm/venv/tenacity/__init__.py", line 419, in exc_check
    raise retry_exc from fut.exception()
tenacity.RetryError: RetryError[<Future at 0x7efee97a1cc0 state=finished raised Exception>]

[32mINFO    [0m pytest_operator.plugin:plugin.py:991 Forgetting model main...