[33mWARNING [0m juju.client.connection:connection.py:858 unexpected facade SSHServer received from the controller
[32mINFO    [0m pytest_operator.plugin:plugin.py:806 Connecting to existing model concierge-lxd:testing on unspecified cloud
[33mWARNING [0m juju.client.connection:connection.py:858 unexpected facade SSHServer received from the controller
[33mWARNING [0m juju.client.connection:connection.py:858 unexpected facade SSHSession received from the controller
[33mWARNING [0m juju.client.connection:connection.py:858 unexpected facade SSHTunneler received from the controller
[33mWARNING [0m juju.client.connection:connection.py:858 unexpected facade SSHServer received from the controller
[33mWARNING [0m juju.client.connection:connection.py:858 unexpected facade SSHServer received from the controller
[32mINFO    [0m integration.test_backups_pitr_gcp:test_backups_pitr_gcp.py:57 deploying the next charms: s3-integrator, self-signed-certificates, postgresql
[32mINFO    [0m juju.model:__init__.py:2301 Deploying ch:amd64/jammy/s3-integrator-145
[32mINFO    [0m juju.model:__init__.py:2301 Deploying ch:amd64/noble/self-signed-certificates-317
[32mINFO    [0m juju.model:__init__.py:2301 Deploying local:postgresql-0
[32mINFO    [0m integration.test_backups_pitr_gcp:test_backups_pitr_gcp.py:68 integrating self-signed-certificates with postgresql and waiting them to stabilize
[33mWARNING [0m juju.model:__init__.py:1683 relate is deprecated and will be removed. Use integrate instead.
[32mINFO    [0m juju.model:__init__.py:3254 Waiting for model:
  postgresql-gcp/0 [allocating] waiting: waiting for machine
  postgresql-gcp/1 [allocating] waiting: waiting for machine
  self-signed-certificates/0 [allocating] waiting: waiting for machine
[32mINFO    [0m juju.model:__init__.py:3254 Waiting for model:
  postgresql-gcp/0 [allocating] waiting: waiting for machine
  postgresql-gcp/1 [allocating] waiting: waiting for machine
  self-signed-certificates/0 [allocating] waiting: waiting for machine
[32mINFO    [0m juju.model:__init__.py:3254 Waiting for model:
  postgresql-gcp/0 [allocating] waiting: waiting for machine
  postgresql-gcp/1 [allocating] waiting: waiting for machine
  self-signed-certificates/0 [allocating] waiting: waiting for machine
[32mINFO    [0m juju.model:__init__.py:3254 Waiting for model:
  postgresql-gcp/0 [allocating] waiting: waiting for machine
  postgresql-gcp/1 [allocating] waiting: waiting for machine
  self-signed-certificates/0 [allocating] waiting: waiting for machine
[32mINFO    [0m juju.model:__init__.py:3254 Waiting for model:
  postgresql-gcp/0 [allocating] waiting: waiting for machine
  postgresql-gcp/1 [allocating] waiting: waiting for machine
  self-signed-certificates/0 [idle] active: 
[32mINFO    [0m juju.model:__init__.py:3254 Waiting for model:
  postgresql-gcp/0 [executing] maintenance: installing PostgreSQL
  postgresql-gcp/1 [executing] maintenance: installing PostgreSQL
[32mINFO    [0m juju.model:__init__.py:3254 Waiting for model:
  postgresql-gcp/0 [executing] waiting: waiting to start PostgreSQL
  postgresql-gcp/1 [executing] waiting: waiting to start PostgreSQL
  self-signed-certificates/0 [idle] active: 
[32mINFO    [0m juju.model:__init__.py:3254 Waiting for model:
  postgresql-gcp/0 [executing] active: Primary (degraded)
  postgresql-gcp/1 [idle] waiting: awaiting for cluster to start
[32mINFO    [0m juju.model:__init__.py:3254 Waiting for model:
  postgresql-gcp/0 [executing] active: Primary (degraded)
  postgresql-gcp/1 [executing] active: 
[32mINFO    [0m juju.model:__init__.py:3254 Waiting for model:
  postgresql-gcp/0 [idle] active: Primary
  postgresql-gcp/1 [idle] active: 
[32mINFO    [0m integration.test_backups_pitr_gcp:test_backups_pitr_gcp.py:79 configuring s3-integrator for GCP
[32mINFO    [0m integration.test_backups_pitr_gcp:test_backups_pitr_gcp.py:87 integrating s3-integrator with postgresql and waiting model to stabilize
[33mWARNING [0m juju.model:__init__.py:1683 relate is deprecated and will be removed. Use integrate instead.
[32mINFO    [0m juju.model:__init__.py:3254 Waiting for model:
  s3-integrator/0 [executing] active: 
  self-signed-certificates/0 [idle] active: 
  postgresql-gcp/0 [executing] active: Primary
  postgresql-gcp/1 [executing] active: 
[32mINFO    [0m juju.model:__init__.py:3254 Waiting for model:
  postgresql-gcp/0 [idle] blocked: failed to access/create the bucket, check your S3 settings
[32mINFO    [0m juju.model:__init__.py:3254 Waiting for model:
  postgresql-gcp/0 [idle] blocked: failed to access/create the bucket, check your S3 settings
[32mINFO    [0m juju.model:__init__.py:3254 Waiting for model:
  postgresql-gcp/0 [idle] blocked: failed to access/create the bucket, check your S3 settings
[32mINFO    [0m juju.model:__init__.py:3254 Waiting for model:
  postgresql-gcp/0 [idle] blocked: failed to access/create the bucket, check your S3 settings
[32mINFO    [0m juju.model:__init__.py:3254 Waiting for model:
  postgresql-gcp/0 [idle] blocked: failed to access/create the bucket, check your S3 settings
[32mINFO    [0m juju.model:__init__.py:3254 Waiting for model:
  postgresql-gcp/0 [idle] blocked: failed to access/create the bucket, check your S3 settings
[32mINFO    [0m juju.model:__init__.py:3254 Waiting for model:
  postgresql-gcp/0 [idle] blocked: failed to access/create the bucket, check your S3 settings
[32mINFO    [0m juju.model:__init__.py:3254 Waiting for model:
  postgresql-gcp/0 [idle] blocked: failed to access/create the bucket, check your S3 settings
[32mINFO    [0m juju.model:__init__.py:3254 Waiting for model:
  postgresql-gcp/0 [idle] blocked: failed to access/create the bucket, check your S3 settings
[32mINFO    [0m juju.model:__init__.py:3254 Waiting for model:
  postgresql-gcp/0 [idle] blocked: failed to access/create the bucket, check your S3 settings
[32mINFO    [0m juju.model:__init__.py:3254 Waiting for model:
  postgresql-gcp/0 [idle] blocked: failed to access/create the bucket, check your S3 settings
[32mINFO    [0m juju.model:__init__.py:3254 Waiting for model:
  postgresql-gcp/0 [idle] blocked: failed to access/create the bucket, check your S3 settings
[32mINFO    [0m juju.model:__init__.py:3254 Waiting for model:
  postgresql-gcp/0 [idle] blocked: failed to access/create the bucket, check your S3 settings
[32mINFO    [0m juju.model:__init__.py:3254 Waiting for model:
  postgresql-gcp/0 [idle] blocked: failed to access/create the bucket, check your S3 settings
[32mINFO    [0m juju.model:__init__.py:3254 Waiting for model:
  postgresql-gcp/0 [idle] blocked: failed to access/create the bucket, check your S3 settings
[32mINFO    [0m juju.model:__init__.py:3254 Waiting for model:
  postgresql-gcp/0 [idle] blocked: failed to access/create the bucket, check your S3 settings
[32mINFO    [0m juju.model:__init__.py:3254 Waiting for model:
  postgresql-gcp/0 [idle] blocked: failed to access/create the bucket, check your S3 settings
[32mINFO    [0m juju.model:__init__.py:3254 Waiting for model:
  postgresql-gcp/0 [idle] blocked: failed to access/create the bucket, check your S3 settings
[32mINFO    [0m juju.model:__init__.py:3254 Waiting for model:
  postgresql-gcp/0 [idle] blocked: failed to access/create the bucket, check your S3 settings
[32mINFO    [0m juju.model:__init__.py:3254 Waiting for model:
  postgresql-gcp/0 [idle] blocked: failed to access/create the bucket, check your S3 settings
[32mINFO    [0m juju.model:__init__.py:3254 Waiting for model:
  postgresql-gcp/0 [idle] blocked: failed to access/create the bucket, check your S3 settings
[32mINFO    [0m juju.model:__init__.py:3254 Waiting for model:
  postgresql-gcp/0 [idle] blocked: failed to access/create the bucket, check your S3 settings
[32mINFO    [0m juju.model:__init__.py:3254 Waiting for model:
  postgresql-gcp/0 [idle] blocked: failed to access/create the bucket, check your S3 settings
[32mINFO    [0m juju.model:__init__.py:3254 Waiting for model:
  postgresql-gcp/0 [idle] blocked: failed to access/create the bucket, check your S3 settings
[32mINFO    [0m juju.model:__init__.py:3254 Waiting for model:
  postgresql-gcp/0 [idle] blocked: failed to access/create the bucket, check your S3 settings
[32mINFO    [0m juju.model:__init__.py:3254 Waiting for model:
  postgresql-gcp/0 [idle] blocked: failed to access/create the bucket, check your S3 settings
[32mINFO    [0m juju.model:__init__.py:3254 Waiting for model:
  postgresql-gcp/0 [idle] blocked: failed to access/create the bucket, check your S3 settings
[32mINFO    [0m juju.model:__init__.py:3254 Waiting for model:
  postgresql-gcp/0 [idle] blocked: failed to access/create the bucket, check your S3 settings
[32mINFO    [0m juju.model:__init__.py:3254 Waiting for model:
  postgresql-gcp/0 [idle] blocked: failed to access/create the bucket, check your S3 settings
[32mINFO    [0m juju.model:__init__.py:3254 Waiting for model:
  postgresql-gcp/0 [idle] blocked: failed to access/create the bucket, check your S3 settings
[32mINFO    [0m juju.model:__init__.py:3254 Waiting for model:
  postgresql-gcp/0 [idle] blocked: failed to access/create the bucket, check your S3 settings
[32mINFO    [0m juju.model:__init__.py:3254 Waiting for model:
  postgresql-gcp/0 [idle] blocked: failed to access/create the bucket, check your S3 settings
[32mINFO    [0m juju.model:__init__.py:3254 Waiting for model:
  postgresql-gcp/0 [idle] blocked: failed to access/create the bucket, check your S3 settings
[32mINFO    [0m integration.conftest:conftest.py:54 deleting the previously created backups
[32mINFO    [0m pytest_operator.plugin:plugin.py:951 Model status:

Model    Controller     Cloud/Region         Version  SLA          Timestamp
testing  concierge-lxd  localhost/localhost  3.6.14   unsupported  00:28:56Z

App                       Version  Status  Scale  Charm                     Channel        Rev  Exposed  Message
postgresql-gcp            14.20    active      2  postgresql                                 0  no       
s3-integrator                      active      1  s3-integrator             latest/stable  145  no       
self-signed-certificates           active      1  self-signed-certificates  1/stable       317  no       

Unit                         Workload  Agent  Machine  Public address  Ports     Message
postgresql-gcp/0*            blocked   idle   2        10.83.143.71    5432/tcp  failed to access/create the bucket, check your S3 settings
postgresql-gcp/1             active    idle   3        10.83.143.64    5432/tcp  
s3-integrator/0*             active    idle   0        10.83.143.222             
self-signed-certificates/0*  active    idle   1        10.83.143.41              

Machine  State    Address        Inst id        Base          AZ             Message
0        started  10.83.143.222  juju-e24efc-0  ubuntu@22.04  runnervmkj6or  Running
1        started  10.83.143.41   juju-e24efc-1  ubuntu@24.04  runnervmkj6or  Running
2        started  10.83.143.71   juju-e24efc-2  ubuntu@22.04  runnervmkj6or  Running
3        started  10.83.143.64   juju-e24efc-3  ubuntu@22.04  runnervmkj6or  Running

[32mINFO    [0m pytest_operator.plugin:plugin.py:957 Juju error logs:

machine-1: 00:09:01 ERROR juju.worker.dependency "kvm-container-provisioner" manifold worker returned unexpected error: container types not yet available
machine-1: 00:09:01 ERROR juju.worker.dependency "lxd-container-provisioner" manifold worker returned unexpected error: container types not yet available
machine-0: 00:09:25 ERROR juju.worker.dependency "kvm-container-provisioner" manifold worker returned unexpected error: container types not yet available
machine-0: 00:09:25 ERROR juju.worker.dependency "lxd-container-provisioner" manifold worker returned unexpected error: container types not yet available
machine-2: 00:09:38 ERROR juju.worker.dependency "kvm-container-provisioner" manifold worker returned unexpected error: container types not yet available
machine-2: 00:09:38 ERROR juju.worker.dependency "lxd-container-provisioner" manifold worker returned unexpected error: container types not yet available
machine-3: 00:09:48 ERROR juju.worker.dependency "kvm-container-provisioner" manifold worker returned unexpected error: container types not yet available
machine-3: 00:09:48 ERROR juju.worker.dependency "lxd-container-provisioner" manifold worker returned unexpected error: container types not yet available
unit-self-signed-certificates-0: 00:10:10 ERROR unit.self-signed-certificates/0.juju-log At least 1 matching relation ID not found with the relation name 'send-ca-cert'
unit-self-signed-certificates-0: 00:10:17 ERROR unit.self-signed-certificates/0.juju-log certificates:4: At least 1 matching relation ID not found with the relation name 'send-ca-cert'
unit-postgresql-gcp-0: 00:10:23 ERROR unit.postgresql-gcp/0.juju-log Unable to get the state of the cluster
Traceback (most recent call last):
  File "/var/lib/juju/agents/unit-postgresql-gcp-0/charm/src/cluster.py", line 569, in are_replicas_up
    members = self.cluster_status()
  File "/var/lib/juju/agents/unit-postgresql-gcp-0/charm/lib/charms/tempo_coordinator_k8s/v0/charm_tracing.py", line 1153, in wrapped_function
    return callable(*args, **kwargs)  # type: ignore
  File "/var/lib/juju/agents/unit-postgresql-gcp-0/charm/src/cluster.py", line 369, in cluster_status
    raise RetryError(
tenacity.RetryError: RetryError[<Future at 0x7f9056639f60 state=finished raised Exception>]
unit-self-signed-certificates-0: 00:10:29 ERROR unit.self-signed-certificates/0.juju-log certificates:4: At least 1 matching relation ID not found with the relation name 'send-ca-cert'
unit-postgresql-gcp-0: 00:10:33 ERROR unit.postgresql-gcp/0.juju-log Failed to list PostgreSQL database users: could not translate host name "None" to address: Temporary failure in name resolution

unit-self-signed-certificates-0: 00:10:38 ERROR unit.self-signed-certificates/0.juju-log certificates:4: At least 1 matching relation ID not found with the relation name 'send-ca-cert'
unit-self-signed-certificates-0: 00:10:39 ERROR unit.self-signed-certificates/0.juju-log certificates:4: At least 1 matching relation ID not found with the relation name 'send-ca-cert'
unit-self-signed-certificates-0: 00:11:12 ERROR unit.self-signed-certificates/0.juju-log At least 1 matching relation ID not found with the relation name 'send-ca-cert'
unit-postgresql-gcp-0: 00:12:23 ERROR unit.postgresql-gcp/0.juju-log s3-parameters:5: Couldn't create bucket named 'data-charms-testing' in region=us-east-1.
Traceback (most recent call last):
  File "/var/lib/juju/agents/unit-postgresql-gcp-0/charm/src/backups.py", line 312, in _create_bucket_if_not_exists
    bucket.create(CreateBucketConfiguration={"LocationConstraint": region})
  File "/var/lib/juju/agents/unit-postgresql-gcp-0/charm/venv/lib/python3.10/site-packages/boto3/resources/factory.py", line 581, in do_action
    response = action(self, *args, **kwargs)
  File "/var/lib/juju/agents/unit-postgresql-gcp-0/charm/venv/lib/python3.10/site-packages/boto3/resources/action.py", line 88, in __call__
    response = getattr(parent.meta.client, operation_name)(*args, **params)
  File "/var/lib/juju/agents/unit-postgresql-gcp-0/charm/venv/lib/python3.10/site-packages/botocore/client.py", line 602, in _api_call
    return self._make_api_call(operation_name, kwargs)
  File "/var/lib/juju/agents/unit-postgresql-gcp-0/charm/venv/lib/python3.10/site-packages/botocore/context.py", line 123, in wrapper
    return func(*args, **kwargs)
  File "/var/lib/juju/agents/unit-postgresql-gcp-0/charm/venv/lib/python3.10/site-packages/botocore/client.py", line 1078, in _make_api_call
    raise error_class(parsed_response, operation_name)
botocore.exceptions.ClientError: An error occurred (KeyDeleted) when calling the CreateBucket operation: Authentication required.
unit-postgresql-gcp-0: 00:12:28 ERROR unit.postgresql-gcp/0.juju-log s3-parameters:5: Couldn't create bucket named 'data-charms-testing' in region=us-east-1.
Traceback (most recent call last):
  File "/var/lib/juju/agents/unit-postgresql-gcp-0/charm/src/backups.py", line 312, in _create_bucket_if_not_exists
    bucket.create(CreateBucketConfiguration={"LocationConstraint": region})
  File "/var/lib/juju/agents/unit-postgresql-gcp-0/charm/venv/lib/python3.10/site-packages/boto3/resources/factory.py", line 581, in do_action
    response = action(self, *args, **kwargs)
  File "/var/lib/juju/agents/unit-postgresql-gcp-0/charm/venv/lib/python3.10/site-packages/boto3/resources/action.py", line 88, in __call__
    response = getattr(parent.meta.client, operation_name)(*args, **params)
  File "/var/lib/juju/agents/unit-postgresql-gcp-0/charm/venv/lib/python3.10/site-packages/botocore/client.py", line 602, in _api_call
    return self._make_api_call(operation_name, kwargs)
  File "/var/lib/juju/agents/unit-postgresql-gcp-0/charm/venv/lib/python3.10/site-packages/botocore/context.py", line 123, in wrapper
    return func(*args, **kwargs)
  File "/var/lib/juju/agents/unit-postgresql-gcp-0/charm/venv/lib/python3.10/site-packages/botocore/client.py", line 1078, in _make_api_call
    raise error_class(parsed_response, operation_name)
botocore.exceptions.ClientError: An error occurred (KeyDeleted) when calling the CreateBucket operation: Authentication required.
unit-self-signed-certificates-0: 00:13:20 ERROR unit.self-signed-certificates/0.juju-log At least 1 matching relation ID not found with the relation name 'send-ca-cert'
unit-self-signed-certificates-0: 00:14:31 ERROR unit.self-signed-certificates/0.juju-log At least 1 matching relation ID not found with the relation name 'send-ca-cert'
unit-self-signed-certificates-0: 00:15:26 ERROR unit.self-signed-certificates/0.juju-log At least 1 matching relation ID not found with the relation name 'send-ca-cert'
unit-self-signed-certificates-0: 00:16:27 ERROR unit.self-signed-certificates/0.juju-log At least 1 matching relation ID not found with the relation name 'send-ca-cert'
unit-self-signed-certificates-0: 00:17:31 ERROR unit.self-signed-certificates/0.juju-log At least 1 matching relation ID not found with the relation name 'send-ca-cert'
unit-self-signed-certificates-0: 00:18:28 ERROR unit.self-signed-certificates/0.juju-log At least 1 matching relation ID not found with the relation name 'send-ca-cert'
unit-self-signed-certificates-0: 00:19:18 ERROR unit.self-signed-certificates/0.juju-log At least 1 matching relation ID not found with the relation name 'send-ca-cert'
unit-self-signed-certificates-0: 00:20:26 ERROR unit.self-signed-certificates/0.juju-log At least 1 matching relation ID not found with the relation name 'send-ca-cert'
unit-self-signed-certificates-0: 00:21:26 ERROR unit.self-signed-certificates/0.juju-log At least 1 matching relation ID not found with the relation name 'send-ca-cert'
unit-self-signed-certificates-0: 00:22:18 ERROR unit.self-signed-certificates/0.juju-log At least 1 matching relation ID not found with the relation name 'send-ca-cert'
unit-self-signed-certificates-0: 00:23:22 ERROR unit.self-signed-certificates/0.juju-log At least 1 matching relation ID not found with the relation name 'send-ca-cert'
unit-self-signed-certificates-0: 00:24:31 ERROR unit.self-signed-certificates/0.juju-log At least 1 matching relation ID not found with the relation name 'send-ca-cert'
unit-self-signed-certificates-0: 00:25:23 ERROR unit.self-signed-certificates/0.juju-log At least 1 matching relation ID not found with the relation name 'send-ca-cert'
unit-self-signed-certificates-0: 00:26:19 ERROR unit.self-signed-certificates/0.juju-log At least 1 matching relation ID not found with the relation name 'send-ca-cert'
unit-self-signed-certificates-0: 00:27:08 ERROR unit.self-signed-certificates/0.juju-log At least 1 matching relation ID not found with the relation name 'send-ca-cert'
unit-self-signed-certificates-0: 00:28:17 ERROR unit.self-signed-certificates/0.juju-log At least 1 matching relation ID not found with the relation name 'send-ca-cert'

[32mINFO    [0m pytest_operator.plugin:plugin.py:1039 Forgetting model main...