[32mINFO    [0m pytest_operator.plugin:plugin.py:951 Model status:

Model    Controller     Cloud/Region         Version  SLA          Timestamp
testing  concierge-lxd  localhost/localhost  3.6.14   unsupported  00:28:57Z

App                  Version  Status   Scale  Charm       Channel  Rev  Exposed  Message
postgres-test-dup    14.20    waiting      1  postgresql             1  no       awaiting for member to start
postgresql-test-app           active       0  postgresql             0  no       

Unit                  Workload  Agent  Machine  Public address  Ports     Message
postgres-test-dup/0*  waiting   idle   2        10.74.208.84    5432/tcp  awaiting for member to start

Machine  State    Address       Inst id        Base          AZ             Message
2        started  10.74.208.84  juju-cdb18e-2  ubuntu@22.04  runnervmkj6or  Running

[32mINFO    [0m pytest_operator.plugin:plugin.py:957 Juju error logs:

machine-0: 00:08:22 ERROR juju.worker.dependency "lxd-container-provisioner" manifold worker returned unexpected error: container types not yet available
machine-0: 00:08:22 ERROR juju.worker.dependency "kvm-container-provisioner" manifold worker returned unexpected error: container types not yet available
unit-postgresql-test-app-0: 00:08:56 ERROR unit.postgresql-test-app/0.juju-log Unable to get the state of the cluster
Traceback (most recent call last):
  File "/var/lib/juju/agents/unit-postgresql-test-app-0/charm/src/cluster.py", line 569, in are_replicas_up
    members = self.cluster_status()
  File "/var/lib/juju/agents/unit-postgresql-test-app-0/charm/lib/charms/tempo_coordinator_k8s/v0/charm_tracing.py", line 1153, in wrapped_function
    return callable(*args, **kwargs)  # type: ignore
  File "/var/lib/juju/agents/unit-postgresql-test-app-0/charm/src/cluster.py", line 369, in cluster_status
    raise RetryError(
tenacity.RetryError: RetryError[<Future at 0x7fd129c2df60 state=finished raised Exception>]
unit-postgresql-test-app-0: 00:09:05 ERROR unit.postgresql-test-app/0.juju-log Failed to list PostgreSQL database users: could not translate host name "None" to address: Temporary failure in name resolution

controller-0: 00:09:55 ERROR juju.worker.provisioner failed to remove dead machine "0"
machine-1: 00:10:43 ERROR juju.worker.dependency "lxd-container-provisioner" manifold worker returned unexpected error: container types not yet available
machine-1: 00:10:43 ERROR juju.worker.dependency "kvm-container-provisioner" manifold worker returned unexpected error: container types not yet available
unit-postgresql-test-app-1: 00:11:16 ERROR unit.postgresql-test-app/1.juju-log Unable to get the state of the cluster
Traceback (most recent call last):
  File "/var/lib/juju/agents/unit-postgresql-test-app-1/charm/src/cluster.py", line 569, in are_replicas_up
    members = self.cluster_status()
  File "/var/lib/juju/agents/unit-postgresql-test-app-1/charm/lib/charms/tempo_coordinator_k8s/v0/charm_tracing.py", line 1153, in wrapped_function
    return callable(*args, **kwargs)  # type: ignore
  File "/var/lib/juju/agents/unit-postgresql-test-app-1/charm/src/cluster.py", line 369, in cluster_status
    raise RetryError(
tenacity.RetryError: RetryError[<Future at 0x7f5281919450 state=finished raised Exception>]
unit-postgresql-test-app-1: 00:11:18 ERROR unit.postgresql-test-app/1.juju-log Unable to get the state of the cluster
Traceback (most recent call last):
  File "/var/lib/juju/agents/unit-postgresql-test-app-1/charm/src/cluster.py", line 569, in are_replicas_up
    members = self.cluster_status()
  File "/var/lib/juju/agents/unit-postgresql-test-app-1/charm/lib/charms/tempo_coordinator_k8s/v0/charm_tracing.py", line 1153, in wrapped_function
    return callable(*args, **kwargs)  # type: ignore
  File "/var/lib/juju/agents/unit-postgresql-test-app-1/charm/src/cluster.py", line 369, in cluster_status
    raise RetryError(
tenacity.RetryError: RetryError[<Future at 0x7fdd2d7c5450 state=finished raised Exception>]
unit-postgresql-test-app-1: 00:11:40 ERROR unit.postgresql-test-app/1.juju-log failed to change plugins: 
Traceback (most recent call last):
  File "/var/lib/juju/agents/unit-postgresql-test-app-1/charm/lib/charms/postgresql_k8s/v0/postgresql.py", line 438, in enable_disable_extensions
    with self._connect_to_database() as connection, connection.cursor() as cursor:
  File "/var/lib/juju/agents/unit-postgresql-test-app-1/charm/lib/charms/tempo_coordinator_k8s/v0/charm_tracing.py", line 1153, in wrapped_function
    return callable(*args, **kwargs)  # type: ignore
  File "/var/lib/juju/agents/unit-postgresql-test-app-1/charm/lib/charms/postgresql_k8s/v0/postgresql.py", line 184, in _connect_to_database
    connection = psycopg2.connect(
  File "/var/lib/juju/agents/unit-postgresql-test-app-1/charm/venv/lib/python3.10/site-packages/psycopg2/__init__.py", line 122, in connect
    conn = _connect(dsn, connection_factory=connection_factory, **kwasync)
psycopg2.OperationalError: could not translate host name "None" to address: Temporary failure in name resolution


The above exception was the direct cause of the following exception:

Traceback (most recent call last):
  File "/var/lib/juju/agents/unit-postgresql-test-app-1/charm/src/charm.py", line 1258, in enable_disable_extensions
    self.postgresql.enable_disable_extensions(extensions, database)
  File "/var/lib/juju/agents/unit-postgresql-test-app-1/charm/lib/charms/tempo_coordinator_k8s/v0/charm_tracing.py", line 1153, in wrapped_function
    return callable(*args, **kwargs)  # type: ignore
  File "/var/lib/juju/agents/unit-postgresql-test-app-1/charm/lib/charms/postgresql_k8s/v0/postgresql.py", line 467, in enable_disable_extensions
    raise PostgreSQLEnableDisableExtensionError() from e
charms.postgresql_k8s.v0.postgresql.PostgreSQLEnableDisableExtensionError
machine-2: 00:13:04 ERROR juju.worker.dependency "lxd-container-provisioner" manifold worker returned unexpected error: container types not yet available
machine-2: 00:13:04 ERROR juju.worker.dependency "kvm-container-provisioner" manifold worker returned unexpected error: container types not yet available
unit-postgres-test-dup-0: 00:13:36 ERROR unit.postgres-test-dup/0.juju-log Unable to get the state of the cluster
Traceback (most recent call last):
  File "/var/lib/juju/agents/unit-postgres-test-dup-0/charm/src/cluster.py", line 569, in are_replicas_up
    members = self.cluster_status()
  File "/var/lib/juju/agents/unit-postgres-test-dup-0/charm/lib/charms/tempo_coordinator_k8s/v0/charm_tracing.py", line 1153, in wrapped_function
    return callable(*args, **kwargs)  # type: ignore
  File "/var/lib/juju/agents/unit-postgres-test-dup-0/charm/src/cluster.py", line 369, in cluster_status
    raise RetryError(
tenacity.RetryError: RetryError[<Future at 0x7fbcefc33430 state=finished raised Exception>]
unit-postgres-test-dup-0: 00:13:43 ERROR unit.postgres-test-dup/0.juju-log Failed to list PostgreSQL database users: could not translate host name "None" to address: Temporary failure in name resolution


[32mINFO    [0m pytest_operator.plugin:plugin.py:1039 Forgetting model main...