[32mINFO    [0m juju.model:__init__.py:3254 Waiting for model:
  postgresql-test-app/0 [idle] active: received database credentials of the second database
  postgresql-test-app/1 [idle] active: received database credentials of the second database
  database/2 [executing] active: 
  database/3 [executing] active: Primary
  another-database/0 [idle] active: Primary
  another-database/1 [idle] active: 
[32mINFO    [0m juju.model:__init__.py:2301 Deploying ch:amd64/jammy/data-integrator-341
[32mINFO    [0m juju.model:__init__.py:3254 Waiting for model:
  another-data-integrator/0 [allocating] waiting: waiting for machine
[32mINFO    [0m juju.model:__init__.py:3254 Waiting for model:
  another-data-integrator/0 [allocating] waiting: waiting for machine
[32mINFO    [0m juju.model:__init__.py:3254 Waiting for model:
  another-data-integrator/0 [allocating] waiting: waiting for machine
[32mINFO    [0m juju.model:__init__.py:3254 Waiting for model:
  another-data-integrator/0 [allocating] waiting: waiting for machine
[32mINFO    [0m juju.model:__init__.py:3254 Waiting for model:
  data-integrator/0 [executing] blocked: Please relate the data-integrator with the desired product
  another-data-integrator/0 [executing] blocked: Please specify either topic, index, database name, or prefix
[33mWARNING [0m juju.model:__init__.py:1683 relate is deprecated and will be removed. Use integrate instead.
[33mWARNING [0m juju.model:__init__.py:1683 relate is deprecated and will be removed. Use integrate instead.
[32mINFO    [0m juju.model:__init__.py:3254 Waiting for model:
  database/2 [idle] active: 
  database/3 [idle] active: Primary
[32mINFO    [0m juju.model:__init__.py:3254 Waiting for model:
  database/2 [idle] active: 
  database/3 [executing] active: Primary
[32mINFO    [0m juju.model:__init__.py:3254 Waiting for model:
  database/3 [idle] blocked: invalid role(s) for extra user roles
[32mINFO    [0m juju.model:__init__.py:3254 Waiting for model:
  database/2 [executing] active: 
  database/3 [executing] blocked: invalid role(s) for extra user roles
[32mINFO    [0m juju.model:__init__.py:3254 Waiting for model:
  database/2 [executing] active: 
  database/3 [executing] blocked: invalid role(s) for extra user roles
[32mINFO    [0m pytest_operator.plugin:plugin.py:951 Model status:

Model    Controller     Cloud/Region         Version  SLA          Timestamp
testing  concierge-lxd  localhost/localhost  3.6.14   unsupported  00:47:30Z

App                      Version  Status   Scale  Charm                Channel      Rev  Exposed  Message
another-application               active       1  postgresql-test-app  latest/edge  434  no       received database credentials of the first database
another-data-integrator           blocked      1  data-integrator      latest/edge  341  no       Please relate the data-integrator with the desired product
another-database         14.20    active       2  postgresql                          0  no       
data-integrator                   blocked      1  data-integrator      latest/edge  341  no       Please relate the data-integrator with the desired product
database                 14.20    active       2  postgresql                          1  no       
postgresql-test-app               active       2  postgresql-test-app  latest/edge  434  no       received database credentials of the second database

Unit                        Workload  Agent  Machine  Public address  Ports     Message
another-application/0*      active    idle   6        10.250.46.140             received database credentials of the first database
another-data-integrator/0*  blocked   idle   10       10.250.46.13              Please relate the data-integrator with the desired product
another-database/0*         active    idle   3        10.250.46.132   5432/tcp  Primary
another-database/1          active    idle   4        10.250.46.185   5432/tcp  
data-integrator/0*          blocked   idle   9        10.250.46.79              Please relate the data-integrator with the desired product
database/2                  active    idle   7        10.250.46.214   5432/tcp  
database/3*                 active    idle   8        10.250.46.111   5432/tcp  Primary
postgresql-test-app/0*      active    idle   0        10.250.46.15              received database credentials of the second database
postgresql-test-app/1       active    idle   1        10.250.46.2               received database credentials of the second database

Machine  State    Address        Inst id         Base          AZ             Message
0        started  10.250.46.15   juju-e2ed8f-0   ubuntu@22.04  runnervmkj6or  Running
1        started  10.250.46.2    juju-e2ed8f-1   ubuntu@22.04  runnervmkj6or  Running
3        started  10.250.46.132  juju-e2ed8f-3   ubuntu@22.04  runnervmkj6or  Running
4        started  10.250.46.185  juju-e2ed8f-4   ubuntu@22.04  runnervmkj6or  Running
6        started  10.250.46.140  juju-e2ed8f-6   ubuntu@22.04  runnervmkj6or  Running
7        started  10.250.46.214  juju-e2ed8f-7   ubuntu@22.04  runnervmkj6or  Running
8        started  10.250.46.111  juju-e2ed8f-8   ubuntu@22.04  runnervmkj6or  Running
9        started  10.250.46.79   juju-e2ed8f-9   ubuntu@22.04  runnervmkj6or  Running
10       started  10.250.46.13   juju-e2ed8f-10  ubuntu@22.04  runnervmkj6or  Running

[32mINFO    [0m pytest_operator.plugin:plugin.py:957 Juju error logs:

machine-0: 00:09:13 ERROR juju.worker.dependency "kvm-container-provisioner" manifold worker returned unexpected error: container types not yet available
machine-0: 00:09:13 ERROR juju.worker.dependency "lxd-container-provisioner" manifold worker returned unexpected error: container types not yet available
machine-2: 00:11:19 ERROR juju.worker.dependency "kvm-container-provisioner" manifold worker returned unexpected error: container types not yet available
machine-2: 00:11:19 ERROR juju.worker.dependency "lxd-container-provisioner" manifold worker returned unexpected error: container types not yet available
machine-3: 00:11:33 ERROR juju.worker.dependency "lxd-container-provisioner" manifold worker returned unexpected error: container types not yet available
machine-3: 00:11:33 ERROR juju.worker.dependency "kvm-container-provisioner" manifold worker returned unexpected error: container types not yet available
machine-4: 00:11:49 ERROR juju.worker.dependency "kvm-container-provisioner" manifold worker returned unexpected error: container types not yet available
machine-4: 00:11:49 ERROR juju.worker.dependency "lxd-container-provisioner" manifold worker returned unexpected error: container types not yet available
machine-1: 00:12:02 ERROR juju.worker.dependency "kvm-container-provisioner" manifold worker returned unexpected error: container types not yet available
machine-1: 00:12:02 ERROR juju.worker.dependency "lxd-container-provisioner" manifold worker returned unexpected error: container types not yet available
unit-another-database-0: 00:12:50 ERROR unit.another-database/0.juju-log Unable to get the state of the cluster
Traceback (most recent call last):
  File "/var/lib/juju/agents/unit-another-database-0/charm/src/cluster.py", line 569, in are_replicas_up
    members = self.cluster_status()
  File "/var/lib/juju/agents/unit-another-database-0/charm/lib/charms/tempo_coordinator_k8s/v0/charm_tracing.py", line 1153, in wrapped_function
    return callable(*args, **kwargs)  # type: ignore
  File "/var/lib/juju/agents/unit-another-database-0/charm/src/cluster.py", line 369, in cluster_status
    raise RetryError(
tenacity.RetryError: RetryError[<Future at 0x7f6a7e3cf460 state=finished raised Exception>]
unit-database-0: 00:13:00 ERROR unit.database/0.juju-log Unable to get the state of the cluster
Traceback (most recent call last):
  File "/var/lib/juju/agents/unit-database-0/charm/src/cluster.py", line 569, in are_replicas_up
    members = self.cluster_status()
  File "/var/lib/juju/agents/unit-database-0/charm/lib/charms/tempo_coordinator_k8s/v0/charm_tracing.py", line 1153, in wrapped_function
    return callable(*args, **kwargs)  # type: ignore
  File "/var/lib/juju/agents/unit-database-0/charm/src/cluster.py", line 369, in cluster_status
    raise RetryError(
tenacity.RetryError: RetryError[<Future at 0x7fc286b25f60 state=finished raised Exception>]
machine-5: 00:17:15 ERROR juju.worker.dependency "lxd-container-provisioner" manifold worker returned unexpected error: container types not yet available
machine-5: 00:17:15 ERROR juju.worker.dependency "kvm-container-provisioner" manifold worker returned unexpected error: container types not yet available
machine-6: 00:22:53 ERROR juju.worker.dependency "kvm-container-provisioner" manifold worker returned unexpected error: container types not yet available
machine-6: 00:22:53 ERROR juju.worker.dependency "lxd-container-provisioner" manifold worker returned unexpected error: container types not yet available
unit-another-database-1: 00:24:19 ERROR juju.worker.dependency "log-sender" manifold worker returned unexpected error: sending log message: websocket: close 1005 (no status): websocket: close sent
unit-another-database-0: 00:24:20 ERROR juju.worker.dependency "log-sender" manifold worker returned unexpected error: sending log message: websocket: close 1005 (no status): websocket: close sent
unit-database-0: 00:24:20 ERROR juju.worker.dependency "log-sender" manifold worker returned unexpected error: sending log message: websocket: close 1005 (no status): websocket: close sent
unit-postgresql-test-app-1: 00:24:26 ERROR juju.worker.dependency "log-sender" manifold worker returned unexpected error: sending log message: websocket: close 1005 (no status): websocket: close sent
unit-postgresql-test-app-0: 00:24:54 ERROR juju.worker.dependency "log-sender" manifold worker returned unexpected error: sending log message: websocket: close 1005 (no status): websocket: close sent
unit-database-0: 00:26:17 ERROR juju.worker.dependency "log-sender" manifold worker returned unexpected error: sending log message: websocket: close 1005 (no status): websocket: close sent
unit-another-database-0: 00:26:17 ERROR juju.worker.dependency "log-sender" manifold worker returned unexpected error: sending log message: websocket: close 1005 (no status): websocket: close sent
unit-another-database-1: 00:26:31 ERROR juju.worker.dependency "log-sender" manifold worker returned unexpected error: sending log message: websocket: close 1005 (no status): websocket: close sent
machine-7: 00:29:27 ERROR juju.worker.dependency "lxd-container-provisioner" manifold worker returned unexpected error: container types not yet available
machine-7: 00:29:27 ERROR juju.worker.dependency "kvm-container-provisioner" manifold worker returned unexpected error: container types not yet available
machine-8: 00:29:35 ERROR juju.worker.dependency "kvm-container-provisioner" manifold worker returned unexpected error: container types not yet available
machine-8: 00:29:35 ERROR juju.worker.dependency "lxd-container-provisioner" manifold worker returned unexpected error: container types not yet available
unit-database-2: 00:31:05 ERROR unit.database/2.juju-log Failed to start patroni snap service
Traceback (most recent call last):
  File "/var/lib/juju/agents/unit-database-2/charm/venv/lib/python3.10/site-packages/charmlibs/snap/_snap.py", line 351, in _snap_daemons
    return subprocess.run(args, text=True, check=True, capture_output=True)
  File "/usr/lib/python3.10/subprocess.py", line 526, in run
    raise CalledProcessError(retcode, process.args,
subprocess.CalledProcessError: Command '['snap', 'start', 'charmed-postgresql.patroni']' returned non-zero exit status 1.

The above exception was the direct cause of the following exception:

Traceback (most recent call last):
  File "/var/lib/juju/agents/unit-database-2/charm/src/cluster.py", line 712, in start_patroni
    selected_snap.start(services=["patroni"])
  File "/var/lib/juju/agents/unit-database-2/charm/venv/lib/python3.10/site-packages/charmlibs/snap/_snap.py", line 415, in start
    self._snap_daemons(args, services)
  File "/var/lib/juju/agents/unit-database-2/charm/venv/lib/python3.10/site-packages/charmlibs/snap/_snap.py", line 354, in _snap_daemons
    raise SnapError._from_called_process_error(msg=msg, error=e) from e
charmlibs.snap._snap.SnapError: Snap: 'charmed-postgresql' -- command ['snap', 'start', 'charmed-postgresql.patroni'] failed!
Stderr:
error: cannot perform the following tasks:
- Run service command "start" for services ["patroni"] of snap "charmed-postgresql" (systemctl command [start snap.charmed-postgresql.patroni.service] failed with exit status 1: stderr:
Job for snap.charmed-postgresql.patroni.service failed because the control process exited with error code.
See "systemctl status snap.charmed-postgresql.patroni.service" and "journalctl -xeu snap.charmed-postgresql.patroni.service" for details.)

Latest logs:
Feb 02 00:29:22 juju-e2ed8f-7 systemd[1]: /lib/systemd/system/snapd.service:23: Unknown key name 'RestartMode' in section 'Service', ignoring.
Feb 02 00:29:27 juju-e2ed8f-7 systemd[1]: /lib/systemd/system/snapd.service:23: Unknown key name 'RestartMode' in section 'Service', ignoring.
Feb 02 00:29:27 juju-e2ed8f-7 systemd[1]: /lib/systemd/system/snapd.service:23: Unknown key name 'RestartMode' in section 'Service', ignoring.
Feb 02 00:29:27 juju-e2ed8f-7 systemd[1]: /lib/systemd/system/snapd.service:23: Unknown key name 'RestartMode' in section 'Service', ignoring.
Feb 02 00:29:37 juju-e2ed8f-7 snapd[341]: api_snaps.go:536: Installing snap "charmed-postgresql" revision 245
Feb 02 00:29:38 juju-e2ed8f-7 groupadd[3321]: group added to /etc/group: name=snapd-range-524288-root, GID=524288
Feb 02 00:29:38 juju-e2ed8f-7 groupadd[3321]: group added to /etc/gshadow: name=snapd-range-524288-root
Feb 02 00:29:38 juju-e2ed8f-7 groupadd[3321]: new group: name=snapd-range-524288-root, GID=524288
Feb 02 00:29:38 juju-e2ed8f-7 useradd[3327]: new user: name=snapd-range-524288-root, UID=524288, GID=524288, home=/nonexistent, shell=/usr/bin/false, from=none
Feb 02 00:29:38 juju-e2ed8f-7 groupadd[3334]: group added to /etc/group: name=snap_daemon, GID=584788
Feb 02 00:29:38 juju-e2ed8f-7 groupadd[3334]: group added to /etc/gshadow: name=snap_daemon
Feb 02 00:29:38 juju-e2ed8f-7 groupadd[3334]: new group: name=snap_daemon, GID=584788
Feb 02 00:29:38 juju-e2ed8f-7 useradd[3340]: new user: name=snap_daemon, UID=584788, GID=584788, home=/nonexistent, shell=/usr/bin/false, from=none
Feb 02 00:29:44 juju-e2ed8f-7 systemd[1]: /lib/systemd/system/snapd.service:23: Unknown key name 'RestartMode' in section 'Service', ignoring.
Feb 02 00:29:51 juju-e2ed8f-7 systemd[1]: /lib/systemd/system/snapd.service:23: Unknown key name 'RestartMode' in section 'Service', ignoring.
Feb 02 00:30:01 juju-e2ed8f-7 systemd[1]: /lib/systemd/system/snapd.service:23: Unknown key name 'RestartMode' in section 'Service', ignoring.
Feb 02 00:30:02 juju-e2ed8f-7 snapd[341]: backend.go:285: reloading profiles of snap-confine provided by the system snap
Feb 02 00:31:05 juju-e2ed8f-7 snapd[341]: taskrunner.go:304: Change 10 task (Run service command "start" for services ["patroni"] of snap "charmed-postgresql") failed: systemctl command [start snap.charmed-postgresql.patroni.service] failed with exit status 1: stderr:
Feb 02 00:31:05 juju-e2ed8f-7 snapd[341]: Job for snap.charmed-postgresql.patroni.service failed because the control process exited with error code.
Feb 02 00:31:05 juju-e2ed8f-7 snapd[341]: See "systemctl status snap.charmed-postgresql.patroni.service" and "journalctl -xeu snap.charmed-postgresql.patroni.service" for details.

unit-database-2: 00:31:17 ERROR unit.database/2.juju-log database:7: Failed to list PostgreSQL database users: connection to server on socket "/tmp/snap-private-tmp/snap.charmed-postgresql/tmp//.s.PGSQL.5432" failed: No such file or directory
	Is the server running locally and accepting connections on that socket?

unit-database-1: 00:32:37 ERROR juju.worker.dependency "log-sender" manifold worker returned unexpected error: sending log message: websocket: close 1005 (no status): websocket: close sent
unit-database-0: 00:32:47 ERROR juju.worker.dependency "log-sender" manifold worker returned unexpected error: sending log message: websocket: close 1005 (no status): websocket: close sent
unit-another-application-0: 00:33:04 ERROR juju.worker.dependency "log-sender" manifold worker returned unexpected error: sending log message: websocket: close 1005 (no status): websocket: close sent
unit-another-database-0: 00:33:15 ERROR juju.worker.dependency "log-sender" manifold worker returned unexpected error: sending log message: websocket: close 1005 (no status): websocket: close sent
unit-postgresql-test-app-1: 00:35:31 ERROR juju.worker.dependency "log-sender" manifold worker returned unexpected error: sending log message: websocket: close 1005 (no status): websocket: close sent
machine-2: 00:35:58 ERROR juju.worker.dependency "log-sender" manifold worker returned unexpected error: sending log message: websocket: close 1005 (no status): websocket: close sent
unit-database-3: 00:36:44 ERROR juju.worker.dependency "log-sender" manifold worker returned unexpected error: sending log message: websocket: close 1005 (no status): websocket: close sent
unit-database-2: 00:36:44 ERROR juju.worker.dependency "log-sender" manifold worker returned unexpected error: sending log message: websocket: close 1005 (no status): websocket: close sent
unit-postgresql-test-app-0: 00:37:11 ERROR juju.worker.dependency "log-sender" manifold worker returned unexpected error: sending log message: websocket: close 1005 (no status): websocket: close sent
machine-0: 00:38:09 ERROR juju.worker.dependency "log-sender" manifold worker returned unexpected error: sending log message: websocket: close 1005 (no status): websocket: close sent
machine-1: 00:38:09 ERROR juju.worker.dependency "log-sender" manifold worker returned unexpected error: sending log message: websocket: close 1005 (no status): websocket: close sent
machine-4: 00:38:09 ERROR juju.worker.dependency "log-sender" manifold worker returned unexpected error: sending log message: websocket: close 1005 (no status): websocket: close sent
machine-3: 00:38:09 ERROR juju.worker.dependency "log-sender" manifold worker returned unexpected error: sending log message: websocket: close 1005 (no status): websocket: close sent
machine-7: 00:38:09 ERROR juju.worker.dependency "log-sender" manifold worker returned unexpected error: sending log message: websocket: close 1005 (no status): websocket: close sent
machine-8: 00:38:09 ERROR juju.worker.dependency "log-sender" manifold worker returned unexpected error: sending log message: websocket: close 1005 (no status): websocket: close sent
machine-6: 00:38:38 ERROR juju.worker.dependency "log-sender" manifold worker returned unexpected error: sending log message: websocket: close 1005 (no status): write tcp 10.250.46.140:58282->10.250.46.221:17070: write: broken pipe
unit-database-3: 00:40:25 ERROR juju.worker.dependency "log-sender" manifold worker returned unexpected error: sending log message: websocket: close 1005 (no status): websocket: close sent
unit-database-2: 00:40:25 ERROR juju.worker.dependency "log-sender" manifold worker returned unexpected error: sending log message: websocket: close 1005 (no status): websocket: close sent
machine-9: 00:41:14 ERROR juju.worker.dependency "kvm-container-provisioner" manifold worker returned unexpected error: container types not yet available
machine-9: 00:41:14 ERROR juju.worker.dependency "lxd-container-provisioner" manifold worker returned unexpected error: container types not yet available
machine-10: 00:45:00 ERROR juju.worker.dependency "lxd-container-provisioner" manifold worker returned unexpected error: container types not yet available
machine-10: 00:45:00 ERROR juju.worker.dependency "kvm-container-provisioner" manifold worker returned unexpected error: container types not yet available
unit-postgresql-test-app-1: 00:45:57 ERROR juju.worker.dependency "log-sender" manifold worker returned unexpected error: sending log message: websocket: close 1005 (no status): websocket: close sent
unit-another-database-1: 00:46:34 ERROR juju.worker.dependency "log-sender" manifold worker returned unexpected error: sending log message: websocket: close 1005 (no status): websocket: close sent

[32mINFO    [0m pytest_operator.plugin:plugin.py:1039 Forgetting model main...