[32mINFO    [0m juju.model:__init__.py:3254 Waiting for model:
  postgresql/0 [idle] active: 
  postgresql/1 [idle] active: Primary
  postgresql/2 [idle] active: 
  postgresql-test-app/0 [idle] active: received database credentials of the first database
[32mINFO    [0m integration.ha_tests.helpers:helpers.py:104 Initial writes {'testing.postgresql-1': 86, 'testing.postgresql-2': 2}
[32mINFO    [0m integration.ha_tests.helpers:helpers.py:114 Retry writes {'testing.postgresql-1': 87, 'testing.postgresql-2': 2}
[32mINFO    [0m integration.ha_tests.helpers:helpers.py:114 Retry writes {'testing.postgresql-1': 94, 'testing.postgresql-2': 2}
[32mINFO    [0m integration.ha_tests.helpers:helpers.py:114 Retry writes {'testing.postgresql-1': 102, 'testing.postgresql-2': 2}
[32mINFO    [0m integration.ha_tests.helpers:helpers.py:114 Retry writes {'testing.postgresql-1': 109, 'testing.postgresql-2': -1}
[32mINFO    [0m integration.ha_tests.helpers:helpers.py:114 Retry writes {'testing.postgresql-1': 116, 'testing.postgresql-2': -1}
[32mINFO    [0m integration.ha_tests.helpers:helpers.py:114 Retry writes {'testing.postgresql-1': 123, 'testing.postgresql-2': -1}
[32mINFO    [0m integration.ha_tests.helpers:helpers.py:114 Retry writes {'testing.postgresql-1': 130, 'testing.postgresql-2': -1}
[32mINFO    [0m integration.ha_tests.helpers:helpers.py:114 Retry writes {'testing.postgresql-1': 138, 'testing.postgresql-2': -1}
[32mINFO    [0m integration.ha_tests.helpers:helpers.py:114 Retry writes {'testing.postgresql-1': 145, 'testing.postgresql-2': -1}
[32mINFO    [0m integration.ha_tests.helpers:helpers.py:114 Retry writes {'testing.postgresql-1': 152, 'testing.postgresql-2': -1}
[32mINFO    [0m integration.ha_tests.helpers:helpers.py:114 Retry writes {'testing.postgresql-1': 159, 'testing.postgresql-2': -1}
[32mINFO    [0m integration.ha_tests.helpers:helpers.py:114 Retry writes {'testing.postgresql-1': 167, 'testing.postgresql-2': -1}
[32mINFO    [0m integration.ha_tests.helpers:helpers.py:114 Retry writes {'testing.postgresql-1': 174, 'testing.postgresql-2': -1}
[32mINFO    [0m integration.ha_tests.helpers:helpers.py:114 Retry writes {'testing.postgresql-1': 181, 'testing.postgresql-2': -1}
[32mINFO    [0m integration.ha_tests.helpers:helpers.py:114 Retry writes {'testing.postgresql-1': 189, 'testing.postgresql-2': -1}
[32mINFO    [0m integration.ha_tests.helpers:helpers.py:114 Retry writes {'testing.postgresql-1': 196, 'testing.postgresql-2': -1}
[32mINFO    [0m integration.ha_tests.helpers:helpers.py:114 Retry writes {'testing.postgresql-1': 203, 'testing.postgresql-2': -1}
[32mINFO    [0m integration.ha_tests.helpers:helpers.py:114 Retry writes {'testing.postgresql-1': 210, 'testing.postgresql-2': -1}
[32mINFO    [0m integration.ha_tests.helpers:helpers.py:114 Retry writes {'testing.postgresql-1': 217, 'testing.postgresql-2': -1}
[32mINFO    [0m integration.ha_tests.helpers:helpers.py:114 Retry writes {'testing.postgresql-1': 225, 'testing.postgresql-2': -1}
[32mINFO    [0m integration.ha_tests.helpers:helpers.py:114 Retry writes {'testing.postgresql-1': 232, 'testing.postgresql-2': -1}
[32mINFO    [0m integration.ha_tests.helpers:helpers.py:114 Retry writes {'testing.postgresql-1': 239, 'testing.postgresql-2': -1}
[32mINFO    [0m integration.ha_tests.helpers:helpers.py:114 Retry writes {'testing.postgresql-1': 246, 'testing.postgresql-2': -1}
[32mINFO    [0m integration.ha_tests.helpers:helpers.py:114 Retry writes {'testing.postgresql-1': 253, 'testing.postgresql-2': -1}
[32mINFO    [0m integration.ha_tests.helpers:helpers.py:114 Retry writes {'testing.postgresql-1': 261, 'testing.postgresql-2': -1}
[32mINFO    [0m integration.ha_tests.helpers:helpers.py:114 Retry writes {'testing.postgresql-1': 268, 'testing.postgresql-2': -1}
[32mINFO    [0m integration.ha_tests.helpers:helpers.py:114 Retry writes {'testing.postgresql-1': 275, 'testing.postgresql-2': -1}
[32mINFO    [0m integration.ha_tests.helpers:helpers.py:114 Retry writes {'testing.postgresql-1': 283, 'testing.postgresql-2': -1}
[32mINFO    [0m integration.ha_tests.helpers:helpers.py:114 Retry writes {'testing.postgresql-1': 290, 'testing.postgresql-2': -1}
[32mINFO    [0m integration.ha_tests.helpers:helpers.py:114 Retry writes {'testing.postgresql-1': 297, 'testing.postgresql-2': -1}
[32mINFO    [0m integration.ha_tests.helpers:helpers.py:114 Retry writes {'testing.postgresql-1': 304, 'testing.postgresql-2': -1}
[32mINFO    [0m integration.ha_tests.helpers:helpers.py:114 Retry writes {'testing.postgresql-1': 312, 'testing.postgresql-2': -1}
[32mINFO    [0m integration.ha_tests.helpers:helpers.py:114 Retry writes {'testing.postgresql-1': 319, 'testing.postgresql-2': -1}
[32mINFO    [0m integration.ha_tests.helpers:helpers.py:114 Retry writes {'testing.postgresql-1': 326, 'testing.postgresql-2': -1}
[32mINFO    [0m integration.ha_tests.helpers:helpers.py:114 Retry writes {'testing.postgresql-1': 334, 'testing.postgresql-2': -1}
[32mINFO    [0m integration.ha_tests.helpers:helpers.py:114 Retry writes {'testing.postgresql-1': 341, 'testing.postgresql-2': -1}
[32mINFO    [0m integration.ha_tests.helpers:helpers.py:114 Retry writes {'testing.postgresql-1': 348, 'testing.postgresql-2': -1}
[32mINFO    [0m integration.ha_tests.helpers:helpers.py:114 Retry writes {'testing.postgresql-1': 356, 'testing.postgresql-2': -1}
[32mINFO    [0m integration.ha_tests.helpers:helpers.py:114 Retry writes {'testing.postgresql-1': 363, 'testing.postgresql-2': -1}
[32mINFO    [0m integration.ha_tests.helpers:helpers.py:114 Retry writes {'testing.postgresql-1': 370, 'testing.postgresql-2': -1}
[32mINFO    [0m integration.ha_tests.helpers:helpers.py:114 Retry writes {'testing.postgresql-1': 377, 'testing.postgresql-2': -1}
[32mINFO    [0m integration.ha_tests.helpers:helpers.py:114 Retry writes {'testing.postgresql-1': 384, 'testing.postgresql-2': -1}
[32mINFO    [0m integration.ha_tests.helpers:helpers.py:114 Retry writes {'testing.postgresql-1': 392, 'testing.postgresql-2': -1}
[32mINFO    [0m integration.ha_tests.helpers:helpers.py:114 Retry writes {'testing.postgresql-1': 399, 'testing.postgresql-2': -1}
[32mINFO    [0m integration.ha_tests.helpers:helpers.py:114 Retry writes {'testing.postgresql-1': 406, 'testing.postgresql-2': -1}
[32mINFO    [0m integration.ha_tests.helpers:helpers.py:114 Retry writes {'testing.postgresql-1': 414, 'testing.postgresql-2': -1}
[32mINFO    [0m integration.ha_tests.helpers:helpers.py:114 Retry writes {'testing.postgresql-1': 421, 'testing.postgresql-2': -1}
[32mINFO    [0m integration.ha_tests.helpers:helpers.py:114 Retry writes {'testing.postgresql-1': 428, 'testing.postgresql-2': -1}
[32mINFO    [0m integration.ha_tests.helpers:helpers.py:114 Retry writes {'testing.postgresql-1': 435, 'testing.postgresql-2': -1}
[32mINFO    [0m pytest_operator.plugin:plugin.py:951 Model status:

Model    Controller     Cloud/Region         Version  SLA          Timestamp
testing  concierge-lxd  localhost/localhost  3.6.13   unsupported  02:17:56Z

App                  Version  Status  Scale  Charm                Channel      Rev  Exposed  Message
postgresql           16.11    active      3  postgresql                          0  no       
postgresql-test-app           active      1  postgresql-test-app  latest/edge  432  no       received database credentials of the first database

Unit                    Workload  Agent  Machine  Public address  Ports     Message
postgresql-test-app/0*  active    idle   3        10.92.86.41               received database credentials of the first database
postgresql/0*           active    idle   0        10.92.86.142    5432/tcp  
postgresql/1            active    idle   1        10.92.86.76     5432/tcp  Primary
postgresql/2            active    idle   2        10.92.86.19     5432/tcp  

Machine  State    Address       Inst id        Base          AZ             Message
0        started  10.92.86.142  juju-935b52-0  ubuntu@24.04  runnervmymu0l  Running
1        started  10.92.86.76   juju-935b52-1  ubuntu@24.04  runnervmymu0l  Running
2        started  10.92.86.19   juju-935b52-2  ubuntu@24.04  runnervmymu0l  Running
3        started  10.92.86.41   juju-935b52-3  ubuntu@22.04  runnervmymu0l  Running

[32mINFO    [0m pytest_operator.plugin:plugin.py:957 Juju error logs:

machine-0: 01:51:58 ERROR juju.worker.dependency "kvm-container-provisioner" manifold worker returned unexpected error: container types not yet available
machine-0: 01:51:58 ERROR juju.worker.dependency "lxd-container-provisioner" manifold worker returned unexpected error: container types not yet available
machine-1: 01:52:10 ERROR juju.worker.dependency "kvm-container-provisioner" manifold worker returned unexpected error: container types not yet available
machine-1: 01:52:10 ERROR juju.worker.dependency "lxd-container-provisioner" manifold worker returned unexpected error: container types not yet available
machine-3: 01:52:23 ERROR juju.worker.dependency "lxd-container-provisioner" manifold worker returned unexpected error: container types not yet available
machine-3: 01:52:23 ERROR juju.worker.dependency "kvm-container-provisioner" manifold worker returned unexpected error: container types not yet available
machine-2: 01:52:27 ERROR juju.worker.dependency "lxd-container-provisioner" manifold worker returned unexpected error: container types not yet available
machine-2: 01:52:27 ERROR juju.worker.dependency "kvm-container-provisioner" manifold worker returned unexpected error: container types not yet available
unit-postgresql-0: 01:53:10 ERROR unit.postgresql/0.juju-log cluster:Unable to get the state of the cluster
Traceback (most recent call last):
  File "/var/lib/juju/agents/unit-postgresql-0/charm/src/cluster.py", line 592, in online_cluster_members
    cluster_status = self.cluster_status()
                     ^^^^^^^^^^^^^^^^^^^^^
  File "/var/lib/juju/agents/unit-postgresql-0/charm/lib/charms/tempo_coordinator_k8s/v0/charm_tracing.py", line 1153, in wrapped_function
    return callable(*args, **kwargs)  # type: ignore
           ^^^^^^^^^^^^^^^^^^^^^^^^^
  File "/var/lib/juju/agents/unit-postgresql-0/charm/src/cluster.py", line 283, in cluster_status
    raise RetryError(
tenacity.RetryError: RetryError[<Future at 0x7f358956fdd0 state=finished raised Exception>]
unit-postgresql-0: 01:53:18 ERROR unit.postgresql/0.juju-log cluster:Unable to get the state of the cluster
Traceback (most recent call last):
  File "/var/lib/juju/agents/unit-postgresql-0/charm/src/cluster.py", line 592, in online_cluster_members
    cluster_status = self.cluster_status()
                     ^^^^^^^^^^^^^^^^^^^^^
  File "/var/lib/juju/agents/unit-postgresql-0/charm/lib/charms/tempo_coordinator_k8s/v0/charm_tracing.py", line 1153, in wrapped_function
    return callable(*args, **kwargs)  # type: ignore
           ^^^^^^^^^^^^^^^^^^^^^^^^^
  File "/var/lib/juju/agents/unit-postgresql-0/charm/src/cluster.py", line 283, in cluster_status
    raise RetryError(
tenacity.RetryError: RetryError[<Future at 0x7f591a759160 state=finished raised Exception>]
unit-postgresql-0: 02:05:20 ERROR unit.postgresql/0.juju-log single_kernel_postgresql.utils.postgresql:Failed to list PostgreSQL database users: connection to server on socket "/tmp/snap-private-tmp/snap.charmed-postgresql/tmp//.s.PGSQL.5432" failed: No such file or directory
	Is the server running locally and accepting connections on that socket?


[32mINFO    [0m pytest_operator.plugin:plugin.py:1039 Forgetting model main...