[32mINFO    [0m juju.model:model.py:2097 Deploying ch:amd64/jammy/nextcloud-24
[32mINFO    [0m juju.model:model.py:2971 Waiting for model:
  nextcloud/0 [allocating] waiting: waiting for machine
[32mINFO    [0m juju.model:model.py:2971 Waiting for model:
  nextcloud/0 [allocating] waiting: waiting for machine
[32mINFO    [0m juju.model:model.py:2971 Waiting for model:
  nextcloud/0 [allocating] waiting: waiting for machine
[32mINFO    [0m juju.model:model.py:2971 Waiting for model:
  nextcloud/0 [executing] maintenance: installing dependencies...
[32mINFO    [0m juju.model:model.py:2971 Waiting for model:
  nextcloud/0 [executing] maintenance: fetching nextcloud from network...
[32mINFO    [0m juju.model:model.py:2971 Waiting for model:
  nextcloud/0 [executing] maintenance: fetching nextcloud from network...
[32mINFO    [0m juju.model:model.py:2971 Waiting for model:
  nextcloud/0 [idle] blocked: Nextcloud not initialized.
[33mWARNING [0m juju.model:model.py:1563 relate is deprecated and will be removed. Use integrate instead.
[32mINFO    [0m juju.model:model.py:2971 Waiting for model:
  database/2 [idle] active: Primary
  database/3 [idle] active: 
  nextcloud/0 [executing] blocked: Nextcloud not initialized.
[32mINFO    [0m juju.model:model.py:2971 Waiting for model:
  database/2 [idle] active: Primary
  database/3 [executing] active: 
  nextcloud/0 [executing] maintenance: config php...
[32mINFO    [0m pytest_operator.plugin:plugin.py:862 Model status:

Model  Controller           Cloud/Region         Version  SLA          Timestamp
test   localhost-localhost  localhost/localhost  3.1.8    unsupported  02:10:19Z

App                      Version    Status   Scale  Charm                Channel        Rev  Exposed  Message
another-application                 active       1  postgresql-test-app  edge           174  no       received database credentials of the first database
another-data-integrator             blocked      1  data-integrator      latest/stable   27  no       Please relate the data-integrator with the desired product
another-database         14.11      active       2  postgresql                            1  no       
data-integrator                     blocked      1  data-integrator      latest/stable   27  no       Please relate the data-integrator with the desired product
database                 14.11      active       2  postgresql                            0  no       
nextcloud                27.1.11.3  active       1  nextcloud            edge            24  no       27.1.11.3 ‚òÅ
postgresql-test-app                 active       2  postgresql-test-app  edge           174  no       received database credentials of the second database

Unit                        Workload  Agent  Machine  Public address  Ports     Message
another-application/0*      active    idle   6        10.153.148.236            received database credentials of the first database
another-data-integrator/0*  blocked   idle   10       10.153.148.167            Please relate the data-integrator with the desired product
another-database/0*         active    idle   3        10.153.148.208  5432/tcp  Primary
another-database/1          active    idle   4        10.153.148.128  5432/tcp  
data-integrator/0*          blocked   idle   9        10.153.148.109            Please relate the data-integrator with the desired product
database/2*                 active    idle   7        10.153.148.221  5432/tcp  Primary
database/3                  active    idle   8        10.153.148.172  5432/tcp  
nextcloud/0*                active    idle   11       10.153.148.124  80/tcp    27.1.11.3 ‚òÅ
postgresql-test-app/0       active    idle   0        10.153.148.196            received database credentials of the second database
postgresql-test-app/1*      active    idle   1        10.153.148.254            received database credentials of the second database

Machine  State    Address         Inst id         Base          AZ  Message
0        started  10.153.148.196  juju-1caa19-0   ubuntu@22.04      Running
1        started  10.153.148.254  juju-1caa19-1   ubuntu@22.04      Running
3        started  10.153.148.208  juju-1caa19-3   ubuntu@22.04      Running
4        started  10.153.148.128  juju-1caa19-4   ubuntu@22.04      Running
6        started  10.153.148.236  juju-1caa19-6   ubuntu@22.04      Running
7        started  10.153.148.221  juju-1caa19-7   ubuntu@22.04      Running
8        started  10.153.148.172  juju-1caa19-8   ubuntu@22.04      Running
9        started  10.153.148.109  juju-1caa19-9   ubuntu@22.04      Running
10       started  10.153.148.167  juju-1caa19-10  ubuntu@22.04      Running
11       started  10.153.148.124  juju-1caa19-11  ubuntu@22.04      Running

[32mINFO    [0m pytest_operator.plugin:plugin.py:868 Juju error logs:

machine-1: 01:39:07 ERROR juju.worker.dependency "kvm-container-provisioner" manifold worker returned unexpected error: container types not yet available
machine-1: 01:39:07 ERROR juju.worker.dependency "lxd-container-provisioner" manifold worker returned unexpected error: container types not yet available
machine-1: 01:39:07 ERROR juju.worker.dependency "broker-tracker" manifold worker returned unexpected error: no container types determined
unit-postgresql-test-app-1: 01:39:07 ERROR juju.worker.meterstatus error running "meter-status-changed": charm missing from disk
machine-0: 01:39:11 ERROR juju.worker.dependency "lxd-container-provisioner" manifold worker returned unexpected error: container types not yet available
machine-0: 01:39:11 ERROR juju.worker.dependency "kvm-container-provisioner" manifold worker returned unexpected error: container types not yet available
machine-0: 01:39:11 ERROR juju.worker.dependency "broker-tracker" manifold worker returned unexpected error: no container types determined
unit-postgresql-test-app-0: 01:39:11 ERROR juju.worker.meterstatus error running "meter-status-changed": charm missing from disk
machine-3: 01:39:28 ERROR juju.worker.dependency "broker-tracker" manifold worker returned unexpected error: no container types determined
machine-3: 01:39:28 ERROR juju.worker.dependency "kvm-container-provisioner" manifold worker returned unexpected error: container types not yet available
machine-3: 01:39:28 ERROR juju.worker.dependency "lxd-container-provisioner" manifold worker returned unexpected error: container types not yet available
unit-another-database-0: 01:39:28 ERROR juju.worker.meterstatus error running "meter-status-changed": charm missing from disk
machine-2: 01:39:28 ERROR juju.worker.dependency "kvm-container-provisioner" manifold worker returned unexpected error: container types not yet available
machine-2: 01:39:28 ERROR juju.worker.dependency "broker-tracker" manifold worker returned unexpected error: no container types determined
machine-2: 01:39:28 ERROR juju.worker.dependency "lxd-container-provisioner" manifold worker returned unexpected error: container types not yet available
unit-database-0: 01:39:28 ERROR juju.worker.meterstatus error running "meter-status-changed": charm missing from disk
machine-4: 01:39:29 ERROR juju.worker.dependency "lxd-container-provisioner" manifold worker returned unexpected error: container types not yet available
machine-4: 01:39:29 ERROR juju.worker.dependency "broker-tracker" manifold worker returned unexpected error: no container types determined
machine-4: 01:39:29 ERROR juju.worker.dependency "kvm-container-provisioner" manifold worker returned unexpected error: container types not yet available
unit-another-database-1: 01:39:30 ERROR juju.worker.meterstatus error running "meter-status-changed": charm missing from disk
unit-database-0: 01:40:52 ERROR unit.database/0.juju-log Failed to list PostgreSQL database users: could not translate host name "None" to address: Temporary failure in name resolution

unit-another-database-0: 01:40:56 ERROR unit.another-database/0.juju-log Failed to list PostgreSQL database users: could not translate host name "None" to address: Temporary failure in name resolution

machine-5: 01:44:31 ERROR juju.worker.dependency "broker-tracker" manifold worker returned unexpected error: no container types determined
machine-5: 01:44:31 ERROR juju.worker.dependency "lxd-container-provisioner" manifold worker returned unexpected error: container types not yet available
machine-5: 01:44:31 ERROR juju.worker.dependency "kvm-container-provisioner" manifold worker returned unexpected error: container types not yet available
unit-database-1: 01:44:31 ERROR juju.worker.meterstatus error running "meter-status-changed": charm missing from disk
machine-6: 01:48:29 ERROR juju.worker.dependency "lxd-container-provisioner" manifold worker returned unexpected error: container types not yet available
machine-6: 01:48:29 ERROR juju.worker.dependency "broker-tracker" manifold worker returned unexpected error: no container types determined
machine-6: 01:48:29 ERROR juju.worker.dependency "kvm-container-provisioner" manifold worker returned unexpected error: container types not yet available
unit-another-application-0: 01:48:29 ERROR juju.worker.meterstatus error running "meter-status-changed": charm missing from disk
machine-7: 01:51:46 ERROR juju.worker.dependency "lxd-container-provisioner" manifold worker returned unexpected error: container types not yet available
machine-7: 01:51:46 ERROR juju.worker.dependency "kvm-container-provisioner" manifold worker returned unexpected error: container types not yet available
machine-7: 01:51:46 ERROR juju.worker.dependency "broker-tracker" manifold worker returned unexpected error: no container types determined
unit-database-2: 01:51:47 ERROR juju.worker.meterstatus error running "meter-status-changed": charm missing from disk
machine-8: 01:51:48 ERROR juju.worker.dependency "kvm-container-provisioner" manifold worker returned unexpected error: container types not yet available
machine-8: 01:51:48 ERROR juju.worker.dependency "lxd-container-provisioner" manifold worker returned unexpected error: container types not yet available
machine-8: 01:51:48 ERROR juju.worker.dependency "broker-tracker" manifold worker returned unexpected error: no container types determined
unit-database-3: 01:51:48 ERROR juju.worker.meterstatus error running "meter-status-changed": charm missing from disk
machine-9: 02:02:00 ERROR juju.worker.dependency "lxd-container-provisioner" manifold worker returned unexpected error: container types not yet available
machine-9: 02:02:00 ERROR juju.worker.dependency "kvm-container-provisioner" manifold worker returned unexpected error: container types not yet available
machine-9: 02:02:00 ERROR juju.worker.dependency "broker-tracker" manifold worker returned unexpected error: no container types determined
unit-data-integrator-0: 02:02:00 ERROR juju.worker.meterstatus error running "meter-status-changed": charm missing from disk
unit-data-integrator-0: 02:03:09 ERROR juju.worker.dependency "uniter" manifold worker returned unexpected error: relation scope id "eae974f5-c7ad-4ae3-8b7d-8ef9c81caa19:r#17#database": settings eae974f5-c7ad-4ae3-8b7d-8ef9c81caa19:r#17#database not found (not found)
machine-10: 02:04:20 ERROR juju.worker.dependency "kvm-container-provisioner" manifold worker returned unexpected error: container types not yet available
machine-10: 02:04:20 ERROR juju.worker.dependency "broker-tracker" manifold worker returned unexpected error: no container types determined
machine-10: 02:04:20 ERROR juju.worker.dependency "lxd-container-provisioner" manifold worker returned unexpected error: container types not yet available
unit-another-data-integrator-0: 02:04:20 ERROR juju.worker.meterstatus error running "meter-status-changed": charm missing from disk
unit-database-2: 02:05:00 ERROR unit.database/2.juju-log database:20: Invalid extra user roles: test
unit-database-2: 02:05:00 ERROR unit.database/2.juju-log database:20: invalid role(s) for extra user roles
Traceback (most recent call last):
  File "/var/lib/juju/agents/unit-database-2/charm/src/relations/postgresql_provider.py", line 93, in _on_database_requested
    self.charm.postgresql.create_user(user, password, extra_user_roles=extra_user_roles)
  File "/var/lib/juju/agents/unit-database-2/charm/lib/charms/tempo_k8s/v1/charm_tracing.py", line 647, in wrapped_function
    return callable(*args, **kwargs)  # type: ignore
  File "/var/lib/juju/agents/unit-database-2/charm/lib/charms/postgresql_k8s/v0/postgresql.py", line 225, in create_user
    raise PostgreSQLCreateUserError(INVALID_EXTRA_USER_ROLE_BLOCKING_MESSAGE)
charms.postgresql_k8s.v0.postgresql.PostgreSQLCreateUserError: invalid role(s) for extra user roles
unit-database-2: 02:05:01 ERROR unit.database/2.juju-log database:19: Invalid extra user roles: test
unit-database-2: 02:05:01 ERROR unit.database/2.juju-log database:19: invalid role(s) for extra user roles
Traceback (most recent call last):
  File "/var/lib/juju/agents/unit-database-2/charm/src/relations/postgresql_provider.py", line 93, in _on_database_requested
    self.charm.postgresql.create_user(user, password, extra_user_roles=extra_user_roles)
  File "/var/lib/juju/agents/unit-database-2/charm/lib/charms/tempo_k8s/v1/charm_tracing.py", line 647, in wrapped_function
    return callable(*args, **kwargs)  # type: ignore
  File "/var/lib/juju/agents/unit-database-2/charm/lib/charms/postgresql_k8s/v0/postgresql.py", line 225, in create_user
    raise PostgreSQLCreateUserError(INVALID_EXTRA_USER_ROLE_BLOCKING_MESSAGE)
charms.postgresql_k8s.v0.postgresql.PostgreSQLCreateUserError: invalid role(s) for extra user roles
machine-11: 02:07:09 ERROR juju.worker.dependency "broker-tracker" manifold worker returned unexpected error: no container types determined
machine-11: 02:07:09 ERROR juju.worker.dependency "kvm-container-provisioner" manifold worker returned unexpected error: container types not yet available
machine-11: 02:07:09 ERROR juju.worker.dependency "lxd-container-provisioner" manifold worker returned unexpected error: container types not yet available
unit-nextcloud-0: 02:07:09 ERROR juju.worker.meterstatus error running "meter-status-changed": charm missing from disk

[32mINFO    [0m pytest_operator.plugin:plugin.py:947 Forgetting model main...