[32mINFO    [0m juju.model:model.py:2971 Waiting for model:
  postgresql-test-app/0 [idle] active: 
  postgresql-test-app/1 [idle] active: 
  database/2 [executing] active: Primary
  database/3 [executing] active: 
  another-database/0 [idle] active: Primary
  another-database/1 [idle] active: 
[32mINFO    [0m juju.model:model.py:2097 Deploying ch:amd64/jammy/data-integrator-41
[32mINFO    [0m juju.model:model.py:2971 Waiting for model:
  another-data-integrator/0 [allocating] waiting: waiting for machine
[32mINFO    [0m juju.model:model.py:2971 Waiting for model:
  another-data-integrator/0 [allocating] waiting: waiting for machine
[32mINFO    [0m juju.model:model.py:2971 Waiting for model:
  another-data-integrator/0 [allocating] waiting: waiting for machine
[32mINFO    [0m juju.model:model.py:2971 Waiting for model:
  another-data-integrator/0 [idle] blocked: Please specify either topic, index, or database name
[32mINFO    [0m juju.model:model.py:2971 Waiting for model:
  data-integrator/0 [executing] blocked: Please relate the data-integrator with the desired product
  another-data-integrator/0 [executing] blocked: Please specify either topic, index, or database name
[33mWARNING [0m juju.model:model.py:1563 relate is deprecated and will be removed. Use integrate instead.
[33mWARNING [0m juju.model:model.py:1563 relate is deprecated and will be removed. Use integrate instead.
[32mINFO    [0m juju.model:model.py:2971 Waiting for model:
  database/2 [idle] active: Primary
  database/3 [idle] active: 
[32mINFO    [0m juju.model:model.py:2971 Waiting for model:
  database/2 [idle] blocked: invalid role(s) for extra user roles
  database/3 [idle] active: 
[32mINFO    [0m juju.model:model.py:2971 Waiting for model:
  database/2 [idle] blocked: invalid role(s) for extra user roles
  database/3 [idle] active:
[32mINFO    [0m pytest_operator.plugin:plugin.py:903 Model status:

Model  Controller           Cloud/Region         Version  SLA          Timestamp
test   localhost-localhost  localhost/localhost  3.4.5    unsupported  02:06:42Z

App                      Version  Status   Scale  Charm                Channel        Rev  Exposed  Message
another-application               active       1  postgresql-test-app  latest/edge    221  no       received database credentials of the first database
another-data-integrator           blocked      1  data-integrator      latest/stable   41  no       Please relate the data-integrator with the desired product
another-database         14.12    active       2  postgresql                            1  no       
data-integrator                   blocked      1  data-integrator      latest/stable   41  no       Please relate the data-integrator with the desired product
database                 14.12    active       2  postgresql                            0  no       
postgresql-test-app               active       2  postgresql-test-app  latest/edge    221  no       

Unit                        Workload  Agent  Machine  Public address  Ports     Message
another-application/0*      active    idle   6        10.135.196.57             received database credentials of the first database
another-data-integrator/0*  blocked   idle   10       10.135.196.111            Please relate the data-integrator with the desired product
another-database/0*         active    idle   3        10.135.196.24   5432/tcp  Primary
another-database/1          active    idle   4        10.135.196.219  5432/tcp  
data-integrator/0*          blocked   idle   9        10.135.196.247            Please relate the data-integrator with the desired product
database/2*                 active    idle   7        10.135.196.26   5432/tcp  Primary
database/3                  active    idle   8        10.135.196.31   5432/tcp  
postgresql-test-app/0       active    idle   0        10.135.196.235            
postgresql-test-app/1*      active    idle   1        10.135.196.40             

Machine  State    Address         Inst id         Base          AZ  Message
0        started  10.135.196.235  juju-99339d-0   ubuntu@22.04      Running
1        started  10.135.196.40   juju-99339d-1   ubuntu@22.04      Running
3        started  10.135.196.24   juju-99339d-3   ubuntu@22.04      Running
4        started  10.135.196.219  juju-99339d-4   ubuntu@22.04      Running
6        started  10.135.196.57   juju-99339d-6   ubuntu@22.04      Running
7        started  10.135.196.26   juju-99339d-7   ubuntu@22.04      Running
8        started  10.135.196.31   juju-99339d-8   ubuntu@22.04      Running
9        started  10.135.196.247  juju-99339d-9   ubuntu@22.04      Running
10       started  10.135.196.111  juju-99339d-10  ubuntu@22.04      Running

[32mINFO    [0m pytest_operator.plugin:plugin.py:909 Juju error logs:

machine-1: 01:36:07 ERROR juju.worker.dependency "kvm-container-provisioner" manifold worker returned unexpected error: container types not yet available
machine-1: 01:36:07 ERROR juju.worker.dependency "lxd-container-provisioner" manifold worker returned unexpected error: container types not yet available
unit-postgresql-test-app-1: 01:36:07 ERROR juju.worker.meterstatus error running "meter-status-changed": charm missing from disk
machine-0: 01:36:08 ERROR juju.worker.dependency "lxd-container-provisioner" manifold worker returned unexpected error: container types not yet available
machine-0: 01:36:08 ERROR juju.worker.dependency "kvm-container-provisioner" manifold worker returned unexpected error: container types not yet available
unit-postgresql-test-app-0: 01:36:10 ERROR juju.worker.meterstatus error running "meter-status-changed": charm missing from disk
machine-2: 01:36:28 ERROR juju.worker.dependency "lxd-container-provisioner" manifold worker returned unexpected error: container types not yet available
machine-2: 01:36:28 ERROR juju.worker.dependency "kvm-container-provisioner" manifold worker returned unexpected error: container types not yet available
unit-database-0: 01:36:28 ERROR juju.worker.meterstatus error running "meter-status-changed": charm missing from disk
machine-3: 01:36:33 ERROR juju.worker.dependency "kvm-container-provisioner" manifold worker returned unexpected error: container types not yet available
machine-3: 01:36:33 ERROR juju.worker.dependency "lxd-container-provisioner" manifold worker returned unexpected error: container types not yet available
unit-another-database-0: 01:36:33 ERROR juju.worker.meterstatus error running "meter-status-changed": charm missing from disk
machine-4: 01:36:34 ERROR juju.worker.dependency "kvm-container-provisioner" manifold worker returned unexpected error: container types not yet available
machine-4: 01:36:34 ERROR juju.worker.dependency "lxd-container-provisioner" manifold worker returned unexpected error: container types not yet available
unit-another-database-1: 01:36:34 ERROR juju.worker.meterstatus error running "meter-status-changed": charm missing from disk
machine-5: 01:41:51 ERROR juju.worker.dependency "lxd-container-provisioner" manifold worker returned unexpected error: container types not yet available
machine-5: 01:41:51 ERROR juju.worker.dependency "kvm-container-provisioner" manifold worker returned unexpected error: container types not yet available
unit-database-1: 01:41:51 ERROR juju.worker.meterstatus error running "meter-status-changed": charm missing from disk
machine-6: 01:46:30 ERROR juju.worker.dependency "lxd-container-provisioner" manifold worker returned unexpected error: container types not yet available
machine-6: 01:46:30 ERROR juju.worker.dependency "kvm-container-provisioner" manifold worker returned unexpected error: container types not yet available
unit-another-application-0: 01:46:30 ERROR juju.worker.meterstatus error running "meter-status-changed": charm missing from disk
machine-7: 01:50:15 ERROR juju.worker.dependency "kvm-container-provisioner" manifold worker returned unexpected error: container types not yet available
machine-7: 01:50:15 ERROR juju.worker.dependency "lxd-container-provisioner" manifold worker returned unexpected error: container types not yet available
unit-database-2: 01:50:15 ERROR juju.worker.meterstatus error running "meter-status-changed": charm missing from disk
machine-8: 01:50:16 ERROR juju.worker.dependency "lxd-container-provisioner" manifold worker returned unexpected error: container types not yet available
machine-8: 01:50:16 ERROR juju.worker.dependency "kvm-container-provisioner" manifold worker returned unexpected error: container types not yet available
unit-database-3: 01:50:16 ERROR juju.worker.meterstatus error running "meter-status-changed": charm missing from disk
machine-2: 01:56:58 ERROR juju.api.watcher error trying to stop watcher: websocket: close sent
unit-postgresql-test-app-0: 01:59:33 ERROR juju.worker.dependency "uniter" manifold worker returned unexpected error: relation scope id "da106360-b169-4a30-80ba-90533b99339d:r#7#database": settings da106360-b169-4a30-80ba-90533b99339d:r#7#database not found (not found)
machine-9: 02:02:13 ERROR juju.worker.dependency "lxd-container-provisioner" manifold worker returned unexpected error: container types not yet available
machine-9: 02:02:13 ERROR juju.worker.dependency "kvm-container-provisioner" manifold worker returned unexpected error: container types not yet available
unit-data-integrator-0: 02:02:13 ERROR juju.worker.meterstatus error running "meter-status-changed": charm missing from disk
machine-10: 02:05:01 ERROR juju.worker.dependency "kvm-container-provisioner" manifold worker returned unexpected error: container types not yet available
machine-10: 02:05:01 ERROR juju.worker.dependency "lxd-container-provisioner" manifold worker returned unexpected error: container types not yet available
unit-another-data-integrator-0: 02:05:01 ERROR juju.worker.meterstatus error running "meter-status-changed": charm missing from disk
unit-database-2: 02:05:41 ERROR unit.database/2.juju-log database:20: Invalid extra user roles: test
unit-database-2: 02:05:41 ERROR unit.database/2.juju-log database:20: invalid role(s) for extra user roles
Traceback (most recent call last):
  File "/var/lib/juju/agents/unit-database-2/charm/src/relations/postgresql_provider.py", line 93, in _on_database_requested
    self.charm.postgresql.create_user(user, password, extra_user_roles=extra_user_roles)
  File "/var/lib/juju/agents/unit-database-2/charm/lib/charms/tempo_k8s/v1/charm_tracing.py", line 724, in wrapped_function
    return callable(*args, **kwargs)  # type: ignore
  File "/var/lib/juju/agents/unit-database-2/charm/lib/charms/postgresql_k8s/v0/postgresql.py", line 225, in create_user
    raise PostgreSQLCreateUserError(INVALID_EXTRA_USER_ROLE_BLOCKING_MESSAGE)
charms.postgresql_k8s.v0.postgresql.PostgreSQLCreateUserError: invalid role(s) for extra user roles
unit-database-2: 02:05:45 ERROR unit.database/2.juju-log database:19: Invalid extra user roles: test
unit-database-2: 02:05:45 ERROR unit.database/2.juju-log database:19: invalid role(s) for extra user roles
Traceback (most recent call last):
  File "/var/lib/juju/agents/unit-database-2/charm/src/relations/postgresql_provider.py", line 93, in _on_database_requested
    self.charm.postgresql.create_user(user, password, extra_user_roles=extra_user_roles)
  File "/var/lib/juju/agents/unit-database-2/charm/lib/charms/tempo_k8s/v1/charm_tracing.py", line 724, in wrapped_function
    return callable(*args, **kwargs)  # type: ignore
  File "/var/lib/juju/agents/unit-database-2/charm/lib/charms/postgresql_k8s/v0/postgresql.py", line 225, in create_user
    raise PostgreSQLCreateUserError(INVALID_EXTRA_USER_ROLE_BLOCKING_MESSAGE)
charms.postgresql_k8s.v0.postgresql.PostgreSQLCreateUserError: invalid role(s) for extra user roles

[32mINFO    [0m pytest_operator.plugin:plugin.py:991 Forgetting model main...