[32mINFO    [0m juju.model:model.py:2098 Deploying ch:amd64/jammy/nextcloud-24
[32mINFO    [0m juju.model:model.py:2958 Waiting for model:
  nextcloud/0 [allocating] waiting: waiting for machine
[32mINFO    [0m juju.model:model.py:2958 Waiting for model:
  nextcloud/0 [allocating] waiting: waiting for machine
[32mINFO    [0m juju.model:model.py:2958 Waiting for model:
  nextcloud/0 [allocating] waiting: waiting for machine
[32mINFO    [0m juju.model:model.py:2958 Waiting for model:
  nextcloud/0 [allocating] waiting: waiting for machine
[32mINFO    [0m juju.model:model.py:2958 Waiting for model:
  nextcloud/0 [allocating] waiting: waiting for machine
[32mINFO    [0m juju.model:model.py:2958 Waiting for model:
  nextcloud/0 [executing] maintenance: installing dependencies...
[32mINFO    [0m juju.model:model.py:2958 Waiting for model:
  nextcloud/0 [executing] maintenance: installing dependencies...
[32mINFO    [0m juju.model:model.py:2958 Waiting for model:
  nextcloud/0 [executing] maintenance: installing dependencies...
[32mINFO    [0m juju.model:model.py:2958 Waiting for model:
  nextcloud/0 [executing] maintenance: fetching nextcloud from network...
[32mINFO    [0m juju.model:model.py:2958 Waiting for model:
  nextcloud/0 [idle] blocked: Nextcloud not initialized.
[33mWARNING [0m juju.model:model.py:1564 relate is deprecated and will be removed. Use integrate instead.
[32mINFO    [0m juju.model:model.py:2958 Waiting for model:
  database/2 [idle] active: 
  database/3 [idle] active: Primary
  nextcloud/0 [executing] blocked: Nextcloud not initialized.
[32mINFO    [0m juju.model:model.py:2958 Waiting for model:
  nextcloud/0 [executing] maintenance: initialized nextcloud...
[32mINFO    [0m pytest_operator.plugin:plugin.py:862 Model status:

Model  Controller           Cloud/Region         Version  SLA          Timestamp
test   localhost-localhost  localhost/localhost  3.1.8    unsupported  02:18:41Z

App                      Version    Status   Scale  Charm                Channel        Rev  Exposed  Message
another-application                 active       1  postgresql-test-app  edge           134  no       received database credentials of the first database
another-data-integrator             blocked      1  data-integrator      latest/stable   27  no       Please relate the data-integrator with the desired product
another-database         14.11      active       2  postgresql                            1  no       
data-integrator                     blocked      1  data-integrator      latest/stable   27  no       Please relate the data-integrator with the desired product
database                 14.11      active       2  postgresql                            0  no       
nextcloud                27.1.10.2  active       1  nextcloud            edge            24  no       27.1.10.2 ‚òÅ
postgresql-test-app                 active       2  postgresql-test-app  edge           134  no       received database credentials of the second database

Unit                        Workload  Agent  Machine  Public address  Ports     Message
another-application/0*      active    idle   6        10.157.46.38              received database credentials of the first database
another-data-integrator/0*  blocked   idle   10       10.157.46.105             Please relate the data-integrator with the desired product
another-database/0          active    idle   2        10.157.46.103   5432/tcp  
another-database/1*         active    idle   3        10.157.46.52    5432/tcp  Primary
data-integrator/0*          blocked   idle   9        10.157.46.30              Please relate the data-integrator with the desired product
database/2                  active    idle   7        10.157.46.112   5432/tcp  
database/3*                 active    idle   8        10.157.46.114   5432/tcp  Primary
nextcloud/0*                active    idle   11       10.157.46.101   80/tcp    27.1.10.2 ‚òÅ
postgresql-test-app/0       active    idle   0        10.157.46.158             received database credentials of the second database
postgresql-test-app/1*      active    idle   1        10.157.46.7               received database credentials of the second database

Machine  State    Address        Inst id         Base          AZ  Message
0        started  10.157.46.158  juju-dd6ebb-0   ubuntu@22.04      Running
1        started  10.157.46.7    juju-dd6ebb-1   ubuntu@22.04      Running
2        started  10.157.46.103  juju-dd6ebb-2   ubuntu@22.04      Running
3        started  10.157.46.52   juju-dd6ebb-3   ubuntu@22.04      Running
6        started  10.157.46.38   juju-dd6ebb-6   ubuntu@22.04      Running
7        started  10.157.46.112  juju-dd6ebb-7   ubuntu@22.04      Running
8        started  10.157.46.114  juju-dd6ebb-8   ubuntu@22.04      Running
9        started  10.157.46.30   juju-dd6ebb-9   ubuntu@22.04      Running
10       started  10.157.46.105  juju-dd6ebb-10  ubuntu@22.04      Running
11       started  10.157.46.101  juju-dd6ebb-11  ubuntu@22.04      Running

[32mINFO    [0m pytest_operator.plugin:plugin.py:868 Juju error logs:

machine-1: 01:35:05 ERROR juju.worker.dependency "kvm-container-provisioner" manifold worker returned unexpected error: container types not yet available
machine-1: 01:35:05 ERROR juju.worker.dependency "broker-tracker" manifold worker returned unexpected error: no container types determined
machine-1: 01:35:05 ERROR juju.worker.dependency "lxd-container-provisioner" manifold worker returned unexpected error: container types not yet available
unit-postgresql-test-app-1: 01:35:05 ERROR juju.worker.meterstatus error running "meter-status-changed": charm missing from disk
machine-0: 01:35:15 ERROR juju.worker.dependency "lxd-container-provisioner" manifold worker returned unexpected error: container types not yet available
machine-0: 01:35:15 ERROR juju.worker.dependency "kvm-container-provisioner" manifold worker returned unexpected error: container types not yet available
machine-0: 01:35:15 ERROR juju.worker.dependency "broker-tracker" manifold worker returned unexpected error: no container types determined
unit-postgresql-test-app-0: 01:35:15 ERROR juju.worker.meterstatus error running "meter-status-changed": charm missing from disk
machine-3: 01:35:29 ERROR juju.worker.dependency "lxd-container-provisioner" manifold worker returned unexpected error: container types not yet available
machine-3: 01:35:29 ERROR juju.worker.dependency "kvm-container-provisioner" manifold worker returned unexpected error: container types not yet available
machine-3: 01:35:29 ERROR juju.worker.dependency "broker-tracker" manifold worker returned unexpected error: no container types determined
unit-another-database-1: 01:35:30 ERROR juju.worker.meterstatus error running "meter-status-changed": charm missing from disk
machine-4: 01:35:30 ERROR juju.worker.dependency "lxd-container-provisioner" manifold worker returned unexpected error: container types not yet available
machine-4: 01:35:30 ERROR juju.worker.dependency "kvm-container-provisioner" manifold worker returned unexpected error: container types not yet available
machine-4: 01:35:30 ERROR juju.worker.dependency "broker-tracker" manifold worker returned unexpected error: no container types determined
unit-database-0: 01:35:30 ERROR juju.worker.meterstatus error running "meter-status-changed": charm missing from disk
machine-2: 01:35:33 ERROR juju.worker.dependency "lxd-container-provisioner" manifold worker returned unexpected error: container types not yet available
machine-2: 01:35:33 ERROR juju.worker.dependency "kvm-container-provisioner" manifold worker returned unexpected error: container types not yet available
machine-2: 01:35:33 ERROR juju.worker.dependency "broker-tracker" manifold worker returned unexpected error: no container types determined
unit-another-database-0: 01:35:33 ERROR juju.worker.meterstatus error running "meter-status-changed": charm missing from disk
unit-database-0: 01:38:53 ERROR unit.database/0.juju-log upgrade:4: Failed to list PostgreSQL database users: could not translate host name "None" to address: Temporary failure in name resolution

unit-another-database-1: 01:40:24 ERROR unit.another-database/1.juju-log restart:1: Failed to list PostgreSQL database users: could not translate host name "None" to address: Temporary failure in name resolution

machine-5: 01:47:25 ERROR juju.worker.dependency "kvm-container-provisioner" manifold worker returned unexpected error: container types not yet available
machine-5: 01:47:25 ERROR juju.worker.dependency "lxd-container-provisioner" manifold worker returned unexpected error: container types not yet available
machine-5: 01:47:25 ERROR juju.worker.dependency "broker-tracker" manifold worker returned unexpected error: no container types determined
unit-database-1: 01:47:25 ERROR juju.worker.meterstatus error running "meter-status-changed": charm missing from disk
unit-another-database-1: 01:49:47 ERROR unit.another-database/1.juju-log Failed to list PostgreSQL database users: connection to server at "10.157.46.52", port 5432 failed: Connection refused
	Is the server running on that host and accepting TCP/IP connections?

unit-another-database-1: 01:49:49 ERROR unit.another-database/1.juju-log Failed to list PostgreSQL database users: connection to server at "10.157.46.52", port 5432 failed: Connection refused
	Is the server running on that host and accepting TCP/IP connections?

machine-6: 01:53:19 ERROR juju.worker.dependency "lxd-container-provisioner" manifold worker returned unexpected error: container types not yet available
machine-6: 01:53:19 ERROR juju.worker.dependency "broker-tracker" manifold worker returned unexpected error: no container types determined
machine-6: 01:53:19 ERROR juju.worker.dependency "kvm-container-provisioner" manifold worker returned unexpected error: container types not yet available
unit-another-application-0: 01:53:19 ERROR juju.worker.meterstatus error running "meter-status-changed": charm missing from disk
machine-8: 01:56:58 ERROR juju.worker.dependency "lxd-container-provisioner" manifold worker returned unexpected error: container types not yet available
machine-8: 01:56:58 ERROR juju.worker.dependency "broker-tracker" manifold worker returned unexpected error: no container types determined
machine-8: 01:56:58 ERROR juju.worker.dependency "kvm-container-provisioner" manifold worker returned unexpected error: container types not yet available
unit-database-3: 01:56:58 ERROR juju.worker.meterstatus error running "meter-status-changed": charm missing from disk
machine-7: 01:57:01 ERROR juju.worker.dependency "broker-tracker" manifold worker returned unexpected error: no container types determined
machine-7: 01:57:01 ERROR juju.worker.dependency "lxd-container-provisioner" manifold worker returned unexpected error: container types not yet available
machine-7: 01:57:01 ERROR juju.worker.dependency "kvm-container-provisioner" manifold worker returned unexpected error: container types not yet available
unit-database-2: 01:57:01 ERROR juju.worker.meterstatus error running "meter-status-changed": charm missing from disk
machine-9: 02:07:47 ERROR juju.worker.dependency "broker-tracker" manifold worker returned unexpected error: no container types determined
machine-9: 02:07:47 ERROR juju.worker.dependency "lxd-container-provisioner" manifold worker returned unexpected error: container types not yet available
machine-9: 02:07:47 ERROR juju.worker.dependency "kvm-container-provisioner" manifold worker returned unexpected error: container types not yet available
unit-data-integrator-0: 02:07:47 ERROR juju.worker.meterstatus error running "meter-status-changed": charm missing from disk
machine-10: 02:10:55 ERROR juju.worker.dependency "lxd-container-provisioner" manifold worker returned unexpected error: container types not yet available
machine-10: 02:10:55 ERROR juju.worker.dependency "broker-tracker" manifold worker returned unexpected error: no container types determined
machine-10: 02:10:55 ERROR juju.worker.dependency "kvm-container-provisioner" manifold worker returned unexpected error: container types not yet available
unit-another-data-integrator-0: 02:10:55 ERROR juju.worker.meterstatus error running "meter-status-changed": charm missing from disk
unit-database-3: 02:11:39 ERROR unit.database/3.juju-log database:19: Invalid extra user roles: test
unit-database-3: 02:11:39 ERROR unit.database/3.juju-log database:19: invalid role(s) for extra user roles
Traceback (most recent call last):
  File "/var/lib/juju/agents/unit-database-3/charm/src/relations/postgresql_provider.py", line 93, in _on_database_requested
    self.charm.postgresql.create_user(user, password, extra_user_roles=extra_user_roles)
  File "/var/lib/juju/agents/unit-database-3/charm/lib/charms/postgresql_k8s/v0/postgresql.py", line 222, in create_user
    raise PostgreSQLCreateUserError(INVALID_EXTRA_USER_ROLE_BLOCKING_MESSAGE)
charms.postgresql_k8s.v0.postgresql.PostgreSQLCreateUserError: invalid role(s) for extra user roles
unit-database-3: 02:11:43 ERROR unit.database/3.juju-log database:20: Invalid extra user roles: test
unit-database-3: 02:11:43 ERROR unit.database/3.juju-log database:20: invalid role(s) for extra user roles
Traceback (most recent call last):
  File "/var/lib/juju/agents/unit-database-3/charm/src/relations/postgresql_provider.py", line 93, in _on_database_requested
    self.charm.postgresql.create_user(user, password, extra_user_roles=extra_user_roles)
  File "/var/lib/juju/agents/unit-database-3/charm/lib/charms/postgresql_k8s/v0/postgresql.py", line 222, in create_user
    raise PostgreSQLCreateUserError(INVALID_EXTRA_USER_ROLE_BLOCKING_MESSAGE)
charms.postgresql_k8s.v0.postgresql.PostgreSQLCreateUserError: invalid role(s) for extra user roles
machine-11: 02:15:07 ERROR juju.worker.dependency "kvm-container-provisioner" manifold worker returned unexpected error: container types not yet available
machine-11: 02:15:07 ERROR juju.worker.dependency "broker-tracker" manifold worker returned unexpected error: no container types determined
machine-11: 02:15:07 ERROR juju.worker.dependency "lxd-container-provisioner" manifold worker returned unexpected error: container types not yet available
unit-nextcloud-0: 02:15:07 ERROR juju.worker.meterstatus error running "meter-status-changed": charm missing from disk

[32mINFO    [0m pytest_operator.plugin:plugin.py:947 Forgetting model main...