[32mINFO    [0m juju.model:model.py:2947 Waiting for model:
  postgresql-test-app/0 [idle] active: received database credentials of the second database
  postgresql-test-app/1 [idle] active: received database credentials of the second database
  database/2 [executing] active: 
  database/3 [executing] active: Primary
  another-database/0 [idle] active: 
  another-database/1 [idle] active: Primary
[32mINFO    [0m juju.model:model.py:2087 Deploying ch:amd64/jammy/data-integrator-13
[32mINFO    [0m juju.model:model.py:2947 Waiting for model:
  another-data-integrator/0 [allocating] waiting: waiting for machine
[32mINFO    [0m juju.model:model.py:2947 Waiting for model:
  another-data-integrator/0 [allocating] waiting: waiting for machine
[32mINFO    [0m juju.model:model.py:2947 Waiting for model:
  another-data-integrator/0 [allocating] waiting: waiting for machine
[32mINFO    [0m juju.model:model.py:2947 Waiting for model:
  data-integrator/0 [executing] blocked: Please relate the data-integrator with the desired product
  another-data-integrator/0 [executing] blocked: Please specify either topic, index, or database name
[33mWARNING [0m juju.model:model.py:1553 relate is deprecated and will be removed. Use integrate instead.
[33mWARNING [0m juju.model:model.py:1553 relate is deprecated and will be removed. Use integrate instead.
[32mINFO    [0m juju.model:model.py:2947 Waiting for model:
  database/2 [idle] active: 
  database/3 [executing] active: Primary
[32mINFO    [0m juju.model:model.py:2947 Waiting for model:
  database/2 [idle] active: 
  database/3 [idle] blocked: invalid role(s) for extra user roles
[32mINFO    [0m juju.model:model.py:2947 Waiting for model:
  database/2 [idle] active: 
  database/3 [idle] active: Primary
[32mINFO    [0m pytest_operator.plugin:plugin.py:784 Model status:

Model  Controller           Cloud/Region         Version  SLA          Timestamp
test   localhost-localhost  localhost/localhost  3.1.7    unsupported  02:23:56Z

App                      Version  Status   Scale  Charm                Channel        Rev  Exposed  Message
another-application               active       1  postgresql-test-app  edge            43  no       received database credentials of the first database
another-data-integrator           blocked      1  data-integrator      latest/stable   13  no       Please relate the data-integrator with the desired product
another-database         14.10    active       2  postgresql                            1  no       
data-integrator                   blocked      1  data-integrator      latest/stable   13  no       Please relate the data-integrator with the desired product
database                 14.10    active       2  postgresql                            0  no       
postgresql-test-app               active       2  postgresql-test-app  edge            43  no       received database credentials of the second database

Unit                        Workload  Agent  Machine  Public address  Ports     Message
another-application/0*      active    idle   6        10.1.120.212              received database credentials of the first database
another-data-integrator/0*  blocked   idle   10       10.1.120.87               Please relate the data-integrator with the desired product
another-database/0          active    idle   3        10.1.120.153    5432/tcp  
another-database/1*         active    idle   4        10.1.120.52     5432/tcp  Primary
data-integrator/0*          blocked   idle   9        10.1.120.211              Please relate the data-integrator with the desired product
database/2                  active    idle   7        10.1.120.186    5432/tcp  
database/3*                 active    idle   8        10.1.120.109    5432/tcp  Primary
postgresql-test-app/0       active    idle   0        10.1.120.116              received database credentials of the second database
postgresql-test-app/1*      active    idle   1        10.1.120.142              received database credentials of the second database

Machine  State    Address       Inst id         Base          AZ  Message
0        started  10.1.120.116  juju-02f64c-0   ubuntu@22.04      Running
1        started  10.1.120.142  juju-02f64c-1   ubuntu@22.04      Running
3        started  10.1.120.153  juju-02f64c-3   ubuntu@22.04      Running
4        started  10.1.120.52   juju-02f64c-4   ubuntu@22.04      Running
6        started  10.1.120.212  juju-02f64c-6   ubuntu@22.04      Running
7        started  10.1.120.186  juju-02f64c-7   ubuntu@22.04      Running
8        started  10.1.120.109  juju-02f64c-8   ubuntu@22.04      Running
9        started  10.1.120.211  juju-02f64c-9   ubuntu@22.04      Running
10       started  10.1.120.87   juju-02f64c-10  ubuntu@22.04      Running

[32mINFO    [0m pytest_operator.plugin:plugin.py:790 Juju error logs:

machine-1: 01:30:38 ERROR juju.worker.dependency "broker-tracker" manifold worker returned unexpected error: no container types determined
machine-1: 01:30:38 ERROR juju.worker.dependency "kvm-container-provisioner" manifold worker returned unexpected error: container types not yet available
machine-1: 01:30:38 ERROR juju.worker.dependency "lxd-container-provisioner" manifold worker returned unexpected error: container types not yet available
unit-postgresql-test-app-1: 01:30:39 ERROR juju.worker.meterstatus error running "meter-status-changed": charm missing from disk
machine-0: 01:30:45 ERROR juju.worker.dependency "kvm-container-provisioner" manifold worker returned unexpected error: container types not yet available
machine-0: 01:30:45 ERROR juju.worker.dependency "broker-tracker" manifold worker returned unexpected error: no container types determined
machine-0: 01:30:45 ERROR juju.worker.dependency "lxd-container-provisioner" manifold worker returned unexpected error: container types not yet available
unit-postgresql-test-app-0: 01:30:45 ERROR juju.worker.meterstatus error running "meter-status-changed": charm missing from disk
machine-2: 01:31:29 ERROR juju.worker.dependency "lxd-container-provisioner" manifold worker returned unexpected error: container types not yet available
machine-2: 01:31:29 ERROR juju.worker.dependency "kvm-container-provisioner" manifold worker returned unexpected error: container types not yet available
machine-2: 01:31:29 ERROR juju.worker.dependency "broker-tracker" manifold worker returned unexpected error: no container types determined
unit-database-0: 01:31:30 ERROR juju.worker.meterstatus error running "meter-status-changed": charm missing from disk
machine-4: 01:31:32 ERROR juju.worker.dependency "broker-tracker" manifold worker returned unexpected error: no container types determined
machine-4: 01:31:32 ERROR juju.worker.dependency "lxd-container-provisioner" manifold worker returned unexpected error: container types not yet available
machine-4: 01:31:32 ERROR juju.worker.dependency "kvm-container-provisioner" manifold worker returned unexpected error: container types not yet available
unit-another-database-1: 01:31:33 ERROR juju.worker.meterstatus error running "meter-status-changed": charm missing from disk
machine-3: 01:31:35 ERROR juju.worker.dependency "broker-tracker" manifold worker returned unexpected error: no container types determined
machine-3: 01:31:35 ERROR juju.worker.dependency "lxd-container-provisioner" manifold worker returned unexpected error: container types not yet available
machine-3: 01:31:35 ERROR juju.worker.dependency "kvm-container-provisioner" manifold worker returned unexpected error: container types not yet available
unit-another-database-0: 01:31:37 ERROR juju.worker.meterstatus error running "meter-status-changed": charm missing from disk
machine-5: 01:41:51 ERROR juju.worker.dependency "lxd-container-provisioner" manifold worker returned unexpected error: container types not yet available
machine-5: 01:41:51 ERROR juju.worker.dependency "broker-tracker" manifold worker returned unexpected error: no container types determined
machine-5: 01:41:51 ERROR juju.worker.dependency "kvm-container-provisioner" manifold worker returned unexpected error: container types not yet available
unit-database-1: 01:41:52 ERROR juju.worker.meterstatus error running "meter-status-changed": charm missing from disk
machine-6: 01:55:06 ERROR juju.worker.dependency "broker-tracker" manifold worker returned unexpected error: no container types determined
machine-6: 01:55:06 ERROR juju.worker.dependency "kvm-container-provisioner" manifold worker returned unexpected error: container types not yet available
machine-6: 01:55:06 ERROR juju.worker.dependency "lxd-container-provisioner" manifold worker returned unexpected error: container types not yet available
unit-another-application-0: 01:55:06 ERROR juju.worker.meterstatus error running "meter-status-changed": charm missing from disk
machine-7: 01:58:59 ERROR juju.worker.dependency "broker-tracker" manifold worker returned unexpected error: no container types determined
machine-7: 01:58:59 ERROR juju.worker.dependency "lxd-container-provisioner" manifold worker returned unexpected error: container types not yet available
machine-7: 01:58:59 ERROR juju.worker.dependency "kvm-container-provisioner" manifold worker returned unexpected error: container types not yet available
unit-database-2: 01:58:59 ERROR juju.worker.meterstatus error running "meter-status-changed": charm missing from disk
machine-8: 01:59:00 ERROR juju.worker.dependency "kvm-container-provisioner" manifold worker returned unexpected error: container types not yet available
machine-8: 01:59:00 ERROR juju.worker.dependency "broker-tracker" manifold worker returned unexpected error: no container types determined
machine-8: 01:59:00 ERROR juju.worker.dependency "lxd-container-provisioner" manifold worker returned unexpected error: container types not yet available
unit-database-3: 01:59:00 ERROR juju.worker.meterstatus error running "meter-status-changed": charm missing from disk
unit-database-3: 02:16:31 ERROR unit.database/3.juju-log Non-existing field 'relation-7' was attempted to be removed from the databag (relation ID: 3)
unit-database-3: 02:16:31 ERROR unit.database/3.juju-log Non-existing field 'relation-7-database' was attempted to be removed from the databag (relation ID: 3)
machine-9: 02:19:04 ERROR juju.worker.dependency "kvm-container-provisioner" manifold worker returned unexpected error: container types not yet available
machine-9: 02:19:04 ERROR juju.worker.dependency "lxd-container-provisioner" manifold worker returned unexpected error: container types not yet available
machine-9: 02:19:04 ERROR juju.worker.dependency "broker-tracker" manifold worker returned unexpected error: no container types determined
unit-data-integrator-0: 02:19:04 ERROR juju.worker.meterstatus error running "meter-status-changed": charm missing from disk
unit-database-3: 02:20:29 ERROR unit.database/3.juju-log Non-existing field 'relation-17' was attempted to be removed from the databag (relation ID: 3)
unit-database-3: 02:20:29 ERROR unit.database/3.juju-log Non-existing field 'relation-17-database' was attempted to be removed from the databag (relation ID: 3)
machine-10: 02:21:57 ERROR juju.worker.dependency "kvm-container-provisioner" manifold worker returned unexpected error: container types not yet available
machine-10: 02:21:57 ERROR juju.worker.dependency "broker-tracker" manifold worker returned unexpected error: no container types determined
machine-10: 02:21:57 ERROR juju.worker.dependency "lxd-container-provisioner" manifold worker returned unexpected error: container types not yet available
unit-another-data-integrator-0: 02:21:57 ERROR juju.worker.meterstatus error running "meter-status-changed": charm missing from disk
unit-database-3: 02:22:42 ERROR unit.database/3.juju-log database:20: Invalid extra user roles: test
unit-database-3: 02:22:42 ERROR unit.database/3.juju-log database:20: invalid role(s) for extra user roles
Traceback (most recent call last):
  File "/var/lib/juju/agents/unit-database-3/charm/src/relations/postgresql_provider.py", line 86, in _on_database_requested
    self.charm.postgresql.create_user(user, password, extra_user_roles=extra_user_roles)
  File "/var/lib/juju/agents/unit-database-3/charm/lib/charms/postgresql_k8s/v0/postgresql.py", line 224, in create_user
    raise PostgreSQLCreateUserError(INVALID_EXTRA_USER_ROLE_BLOCKING_MESSAGE)
charms.postgresql_k8s.v0.postgresql.PostgreSQLCreateUserError: invalid role(s) for extra user roles
unit-database-3: 02:22:44 ERROR unit.database/3.juju-log database:19: Invalid extra user roles: test
unit-database-3: 02:22:44 ERROR unit.database/3.juju-log database:19: invalid role(s) for extra user roles
Traceback (most recent call last):
  File "/var/lib/juju/agents/unit-database-3/charm/src/relations/postgresql_provider.py", line 86, in _on_database_requested
    self.charm.postgresql.create_user(user, password, extra_user_roles=extra_user_roles)
  File "/var/lib/juju/agents/unit-database-3/charm/lib/charms/postgresql_k8s/v0/postgresql.py", line 224, in create_user
    raise PostgreSQLCreateUserError(INVALID_EXTRA_USER_ROLE_BLOCKING_MESSAGE)
charms.postgresql_k8s.v0.postgresql.PostgreSQLCreateUserError: invalid role(s) for extra user roles

[32mINFO    [0m pytest_operator.plugin:plugin.py:856 Forgetting main...