[32mINFO    [0m integration.ha_tests.test_upgrade_from_stable:test_upgrade_from_stable.py:102 starting continuous writes to the database
[33mWARNING [0m juju.model:model.py:1666 relate is deprecated and will be removed. Use integrate instead.
[32mINFO    [0m juju.model:model.py:3211 Waiting for model:
  postgresql/0 [executing] active: 
  postgresql/1 [executing] active: 
  postgresql/2 [executing] active: Primary
  postgresql-test-app/0 [idle] active: 
[32mINFO    [0m integration.ha_tests.test_upgrade_from_stable:test_upgrade_from_stable.py:106 checking whether writes are increasing
[32mINFO    [0m integration.ha_tests.helpers:helpers.py:103 Initial writes {'test.postgresql-0': 192, 'test.postgresql-2': 193}
[32mINFO    [0m integration.ha_tests.helpers:helpers.py:113 Retry writes {'test.postgresql-0': 334, 'test.postgresql-2': 334}
[32mINFO    [0m integration.ha_tests.test_upgrade_from_stable:test_upgrade_from_stable.py:115 Build charm locally
[32mINFO    [0m integration.ha_tests.test_upgrade_from_stable:test_upgrade_from_stable.py:118 Refresh the charm
[32mINFO    [0m integration.ha_tests.test_upgrade_from_stable:test_upgrade_from_stable.py:121 Wait for upgrade to start
[32mINFO    [0m integration.ha_tests.test_upgrade_from_stable:test_upgrade_from_stable.py:128 Wait for upgrade to complete
[32mINFO    [0m juju.model:model.py:3211 Waiting for model:
  postgresql/0 [executing] waiting: other units upgrading first...
  postgresql/1 [executing] waiting: other units upgrading first...
  postgresql/2 [idle] active: Primary
[32mINFO    [0m juju.model:model.py:3211 Waiting for model:
  postgresql/0 [idle] waiting: other units upgrading first...
  postgresql/1 [executing] maintenance: refreshing the snap
  postgresql/2 [idle] waiting: other units upgrading first...
[32mINFO    [0m juju.model:model.py:3211 Waiting for model:
  postgresql/0 [idle] waiting: other units upgrading first...
  postgresql/1 [idle] maintenance: upgrade completed
  postgresql/2 [executing] waiting: other units upgrading first...
[32mINFO    [0m juju.model:model.py:3211 Waiting for model:
  postgresql/0 [executing] maintenance: refreshing the snap
  postgresql/1 [idle] maintenance: upgrade completed
  postgresql/2 [idle] waiting: other units upgrading first...
[32mINFO    [0m juju.model:model.py:3211 Waiting for model:
  postgresql/0 [executing] waiting: waiting for database initialisation
  postgresql/1 [idle] maintenance: upgrade completed
  postgresql/2 [idle] active: 
[32mINFO    [0m juju.model:model.py:3211 Waiting for model:
  postgresql/0 [idle] maintenance: upgrade completed
  postgresql/1 [idle] maintenance: upgrade completed
  postgresql/2 [executing] maintenance: refreshing the snap
[32mINFO    [0m juju.model:model.py:3211 Waiting for model:
  postgresql/0 [executing] active: 
  postgresql/1 [executing] active: 
  postgresql/2 [executing] active: 
[32mINFO    [0m juju.model:model.py:3211 Waiting for model:
  postgresql/0 [executing] active: 
  postgresql/1 [executing] active: 
  postgresql/2 [executing] active: 
[32mINFO    [0m juju.model:model.py:3211 Waiting for model:
  postgresql/0 [idle] active: 
  postgresql/1 [idle] active: Primary
  postgresql/2 [executing] active: 
[32mINFO    [0m juju.model:model.py:3211 Waiting for model:
  postgresql/2 [idle] active: 
[32mINFO    [0m integration.ha_tests.test_upgrade_from_stable:test_upgrade_from_stable.py:135 checking whether writes are increasing
[32mINFO    [0m integration.ha_tests.helpers:helpers.py:103 Initial writes {'test.postgresql-0': 16650, 'test.postgresql-1': 16650}
[32mINFO    [0m integration.ha_tests.helpers:helpers.py:113 Retry writes {'test.postgresql-0': 16790, 'test.postgresql-1': 16790}
[32mINFO    [0m integration.ha_tests.test_upgrade_from_stable:test_upgrade_from_stable.py:140 checking whether no writes were lost
[32mINFO    [0m integration.ha_tests.test_upgrade_from_stable:test_upgrade_from_stable.py:145 checking the number of switchovers
[32mINFO    [0m pytest_operator.plugin:plugin.py:903 Model status:

Model  Controller           Cloud/Region         Version  SLA          Timestamp
test   localhost-localhost  localhost/localhost  3.4.6    unsupported  01:53:41Z

App                  Version  Status  Scale  Charm                Channel      Rev  Exposed  Message
postgresql           14.13    active      3  postgresql                          0  no       
postgresql-test-app           active      1  postgresql-test-app  latest/edge  295  no       received database credentials of the first database

Unit                    Workload  Agent  Machine  Public address  Ports     Message
postgresql-test-app/0*  active    idle   3        10.115.38.214             received database credentials of the first database
postgresql/0            active    idle   0        10.115.38.206   5432/tcp  
postgresql/1            active    idle   1        10.115.38.153   5432/tcp  Primary
postgresql/2*           active    idle   2        10.115.38.17    5432/tcp  

Machine  State    Address        Inst id        Base          AZ  Message
0        started  10.115.38.206  juju-3a3254-0  ubuntu@22.04      Running
1        started  10.115.38.153  juju-3a3254-1  ubuntu@22.04      Running
2        started  10.115.38.17   juju-3a3254-2  ubuntu@22.04      Running
3        started  10.115.38.214  juju-3a3254-3  ubuntu@22.04      Running

[32mINFO    [0m pytest_operator.plugin:plugin.py:909 Juju error logs:

machine-2: 01:40:34 ERROR juju.worker.dependency "kvm-container-provisioner" manifold worker returned unexpected error: container types not yet available
machine-2: 01:40:34 ERROR juju.worker.dependency "lxd-container-provisioner" manifold worker returned unexpected error: container types not yet available
unit-postgresql-2: 01:40:34 ERROR juju.worker.meterstatus error running "meter-status-changed": charm missing from disk
machine-0: 01:40:35 ERROR juju.worker.dependency "kvm-container-provisioner" manifold worker returned unexpected error: container types not yet available
machine-0: 01:40:35 ERROR juju.worker.dependency "lxd-container-provisioner" manifold worker returned unexpected error: container types not yet available
unit-postgresql-0: 01:40:36 ERROR juju.worker.meterstatus error running "meter-status-changed": charm missing from disk
machine-3: 01:40:40 ERROR juju.worker.dependency "kvm-container-provisioner" manifold worker returned unexpected error: container types not yet available
machine-3: 01:40:40 ERROR juju.worker.dependency "lxd-container-provisioner" manifold worker returned unexpected error: container types not yet available
unit-postgresql-test-app-0: 01:40:40 ERROR juju.worker.meterstatus error running "meter-status-changed": charm missing from disk
machine-1: 01:40:44 ERROR juju.worker.dependency "kvm-container-provisioner" manifold worker returned unexpected error: container types not yet available
machine-1: 01:40:44 ERROR juju.worker.dependency "lxd-container-provisioner" manifold worker returned unexpected error: container types not yet available
unit-postgresql-1: 01:40:44 ERROR juju.worker.meterstatus error running "meter-status-changed": charm missing from disk
unit-postgresql-2: 01:52:58 ERROR unit.postgresql/2.juju-log upgrade:0: failed to change plugins: 
Traceback (most recent call last):
  File "/var/lib/juju/agents/unit-postgresql-2/charm/lib/charms/postgresql_k8s/v0/postgresql.py", line 346, in enable_disable_extensions
    cursor.execute(
psycopg2.errors.ObjectNotInPrerequisiteState: pgaudit must be loaded via shared_preload_libraries


During handling of the above exception, another exception occurred:

Traceback (most recent call last):
  File "/var/lib/juju/agents/unit-postgresql-2/charm/./src/charm.py", line 1066, in enable_disable_extensions
    self.postgresql.enable_disable_extensions(extensions, database)
  File "/var/lib/juju/agents/unit-postgresql-2/charm/lib/charms/tempo_coordinator_k8s/v0/charm_tracing.py", line 1064, in wrapped_function
    return callable(*args, **kwargs)  # type: ignore
  File "/var/lib/juju/agents/unit-postgresql-2/charm/lib/charms/postgresql_k8s/v0/postgresql.py", line 357, in enable_disable_extensions
    raise PostgreSQLEnableDisableExtensionError()
charms.postgresql_k8s.v0.postgresql.PostgreSQLEnableDisableExtensionError

[32mINFO    [0m pytest_operator.plugin:plugin.py:991 Forgetting model main...