{"uid":"f7d47ba1aebc79bb","name":"test_postgresql_parameters_change","fullName":"tests.integration.test_charm#test_postgresql_parameters_change","historyId":"79343fb23366941645f2aa0224f58e5f","time":{"start":1767231432022,"stop":1767231519601,"duration":87579},"description":"Test that's possible to change PostgreSQL parameters.","descriptionHtml":"<p>Test that's possible to change PostgreSQL parameters.</p>\n","status":"failed","statusMessage":"AssertionError: assert '16384' == '32768'\n  \n  \u001B[0m\u001B[91m- 32768\u001B[39;49;00m\u001B[90m\u001B[39;49;00m\n  \u001B[92m+ 16384\u001B[39;49;00m\u001B[90m\u001B[39;49;00m","statusTrace":"Traceback (most recent call last):\n  File \"/root/spread_project/.tox/integration/lib/python3.12/site-packages/_pytest/runner.py\", line 344, in from_call\n    result: TResult | None = func()\n                             ^^^^^^\n  File \"/root/spread_project/.tox/integration/lib/python3.12/site-packages/_pytest/runner.py\", line 246, in <lambda>\n    lambda: runtest_hook(item=item, **kwds), when=when, reraise=reraise\n            ^^^^^^^^^^^^^^^^^^^^^^^^^^^^^^^\n  File \"/root/spread_project/.tox/integration/lib/python3.12/site-packages/pluggy/_hooks.py\", line 512, in __call__\n    return self._hookexec(self.name, self._hookimpls.copy(), kwargs, firstresult)\n           ^^^^^^^^^^^^^^^^^^^^^^^^^^^^^^^^^^^^^^^^^^^^^^^^^^^^^^^^^^^^^^^^^^^^^^\n  File \"/root/spread_project/.tox/integration/lib/python3.12/site-packages/pluggy/_manager.py\", line 120, in _hookexec\n    return self._inner_hookexec(hook_name, methods, kwargs, firstresult)\n           ^^^^^^^^^^^^^^^^^^^^^^^^^^^^^^^^^^^^^^^^^^^^^^^^^^^^^^^^^^^^^\n  File \"/root/spread_project/.tox/integration/lib/python3.12/site-packages/pluggy/_callers.py\", line 167, in _multicall\n    raise exception\n  File \"/root/spread_project/.tox/integration/lib/python3.12/site-packages/pluggy/_callers.py\", line 139, in _multicall\n    teardown.throw(exception)\n  File \"/root/spread_project/.tox/integration/lib/python3.12/site-packages/_pytest/logging.py\", line 850, in pytest_runtest_call\n    yield\n  File \"/root/spread_project/.tox/integration/lib/python3.12/site-packages/pluggy/_callers.py\", line 139, in _multicall\n    teardown.throw(exception)\n  File \"/root/spread_project/.tox/integration/lib/python3.12/site-packages/pluggy/_callers.py\", line 53, in run_old_style_hookwrapper\n    return result.get_result()\n           ^^^^^^^^^^^^^^^^^^^\n  File \"/root/spread_project/.tox/integration/lib/python3.12/site-packages/pluggy/_result.py\", line 103, in get_result\n    raise exc.with_traceback(tb)\n  File \"/root/spread_project/.tox/integration/lib/python3.12/site-packages/pluggy/_callers.py\", line 38, in run_old_style_hookwrapper\n    res = yield\n          ^^^^^\n  File \"/root/spread_project/.tox/integration/lib/python3.12/site-packages/pluggy/_callers.py\", line 139, in _multicall\n    teardown.throw(exception)\n  File \"/root/spread_project/.tox/integration/lib/python3.12/site-packages/_pytest/capture.py\", line 900, in pytest_runtest_call\n    return (yield)\n            ^^^^^\n  File \"/root/spread_project/.tox/integration/lib/python3.12/site-packages/pluggy/_callers.py\", line 139, in _multicall\n    teardown.throw(exception)\n  File \"/root/spread_project/.tox/integration/lib/python3.12/site-packages/_pytest/skipping.py\", line 263, in pytest_runtest_call\n    return (yield)\n            ^^^^^\n  File \"/root/spread_project/.tox/integration/lib/python3.12/site-packages/pluggy/_callers.py\", line 121, in _multicall\n    res = hook_impl.function(*args)\n          ^^^^^^^^^^^^^^^^^^^^^^^^^\n  File \"/root/spread_project/.tox/integration/lib/python3.12/site-packages/_pytest/runner.py\", line 178, in pytest_runtest_call\n    item.runtest()\n  File \"/root/spread_project/.tox/integration/lib/python3.12/site-packages/_pytest/python.py\", line 1671, in runtest\n    self.ihook.pytest_pyfunc_call(pyfuncitem=self)\n  File \"/root/spread_project/.tox/integration/lib/python3.12/site-packages/pluggy/_hooks.py\", line 512, in __call__\n    return self._hookexec(self.name, self._hookimpls.copy(), kwargs, firstresult)\n           ^^^^^^^^^^^^^^^^^^^^^^^^^^^^^^^^^^^^^^^^^^^^^^^^^^^^^^^^^^^^^^^^^^^^^^\n  File \"/root/spread_project/.tox/integration/lib/python3.12/site-packages/pluggy/_manager.py\", line 120, in _hookexec\n    return self._inner_hookexec(hook_name, methods, kwargs, firstresult)\n           ^^^^^^^^^^^^^^^^^^^^^^^^^^^^^^^^^^^^^^^^^^^^^^^^^^^^^^^^^^^^^\n  File \"/root/spread_project/.tox/integration/lib/python3.12/site-packages/pluggy/_callers.py\", line 167, in _multicall\n    raise exception\n  File \"/root/spread_project/.tox/integration/lib/python3.12/site-packages/pluggy/_callers.py\", line 139, in _multicall\n    teardown.throw(exception)\n  File \"/root/spread_project/.tox/integration/lib/python3.12/site-packages/pluggy/_callers.py\", line 53, in run_old_style_hookwrapper\n    return result.get_result()\n           ^^^^^^^^^^^^^^^^^^^\n  File \"/root/spread_project/.tox/integration/lib/python3.12/site-packages/pluggy/_result.py\", line 103, in get_result\n    raise exc.with_traceback(tb)\n  File \"/root/spread_project/.tox/integration/lib/python3.12/site-packages/pluggy/_callers.py\", line 38, in run_old_style_hookwrapper\n    res = yield\n          ^^^^^\n  File \"/root/spread_project/.tox/integration/lib/python3.12/site-packages/pluggy/_callers.py\", line 121, in _multicall\n    res = hook_impl.function(*args)\n          ^^^^^^^^^^^^^^^^^^^^^^^^^\n  File \"/root/spread_project/.tox/integration/lib/python3.12/site-packages/_pytest/python.py\", line 157, in pytest_pyfunc_call\n    result = testfunction(**testargs)\n             ^^^^^^^^^^^^^^^^^^^^^^^^\n  File \"/root/spread_project/.tox/integration/lib/python3.12/site-packages/pytest_asyncio/plugin.py\", line 529, in inner\n    _loop.run_until_complete(task)\n  File \"/usr/lib/python3.12/asyncio/base_events.py\", line 687, in run_until_complete\n    return future.result()\n           ^^^^^^^^^^^^^^^\n  File \"/root/spread_project/tests/integration/test_charm.py\", line 227, in test_postgresql_parameters_change\n    assert settings[\"shared_buffers\"] == \"32768\"\nAssertionError: assert '16384' == '32768'\n  \n  \u001B[0m\u001B[91m- 32768\u001B[39;49;00m\u001B[90m\u001B[39;49;00m\n  \u001B[92m+ 16384\u001B[39;49;00m\u001B[90m\u001B[39;49;00m","flaky":false,"newFailed":true,"newBroken":false,"newPassed":false,"retriesCount":1,"retriesStatusChange":true,"beforeStages":[{"name":"ops_test","time":{"start":1767231170720,"stop":1767231170870,"duration":150},"status":"passed","steps":[],"attachments":[],"parameters":[],"shouldDisplayMessage":false,"stepsCount":0,"attachmentsCount":0,"hasContent":false,"attachmentStep":false},{"name":"tmp_path_factory","time":{"start":1767231170720,"stop":1767231170720,"duration":0},"status":"passed","steps":[],"attachments":[],"parameters":[],"shouldDisplayMessage":false,"stepsCount":0,"attachmentsCount":0,"hasContent":false,"attachmentStep":false},{"name":"event_loop","time":{"start":1767231170720,"stop":1767231170720,"duration":0},"status":"passed","steps":[],"attachments":[],"parameters":[],"shouldDisplayMessage":false,"stepsCount":0,"attachmentsCount":0,"hasContent":false,"attachmentStep":false},{"name":"abort_on_fail","time":{"start":1767231432021,"stop":1767231432021,"duration":0},"status":"passed","steps":[],"attachments":[],"parameters":[],"shouldDisplayMessage":false,"stepsCount":0,"attachmentsCount":0,"hasContent":false,"attachmentStep":false}],"testStage":{"description":"Test that's possible to change PostgreSQL parameters.","status":"failed","statusMessage":"AssertionError: assert '16384' == '32768'\n  \n  \u001B[0m\u001B[91m- 32768\u001B[39;49;00m\u001B[90m\u001B[39;49;00m\n  \u001B[92m+ 16384\u001B[39;49;00m\u001B[90m\u001B[39;49;00m","statusTrace":"Traceback (most recent call last):\n  File \"/root/spread_project/.tox/integration/lib/python3.12/site-packages/_pytest/runner.py\", line 344, in from_call\n    result: TResult | None = func()\n                             ^^^^^^\n  File \"/root/spread_project/.tox/integration/lib/python3.12/site-packages/_pytest/runner.py\", line 246, in <lambda>\n    lambda: runtest_hook(item=item, **kwds), when=when, reraise=reraise\n            ^^^^^^^^^^^^^^^^^^^^^^^^^^^^^^^\n  File \"/root/spread_project/.tox/integration/lib/python3.12/site-packages/pluggy/_hooks.py\", line 512, in __call__\n    return self._hookexec(self.name, self._hookimpls.copy(), kwargs, firstresult)\n           ^^^^^^^^^^^^^^^^^^^^^^^^^^^^^^^^^^^^^^^^^^^^^^^^^^^^^^^^^^^^^^^^^^^^^^\n  File \"/root/spread_project/.tox/integration/lib/python3.12/site-packages/pluggy/_manager.py\", line 120, in _hookexec\n    return self._inner_hookexec(hook_name, methods, kwargs, firstresult)\n           ^^^^^^^^^^^^^^^^^^^^^^^^^^^^^^^^^^^^^^^^^^^^^^^^^^^^^^^^^^^^^\n  File \"/root/spread_project/.tox/integration/lib/python3.12/site-packages/pluggy/_callers.py\", line 167, in _multicall\n    raise exception\n  File \"/root/spread_project/.tox/integration/lib/python3.12/site-packages/pluggy/_callers.py\", line 139, in _multicall\n    teardown.throw(exception)\n  File \"/root/spread_project/.tox/integration/lib/python3.12/site-packages/_pytest/logging.py\", line 850, in pytest_runtest_call\n    yield\n  File \"/root/spread_project/.tox/integration/lib/python3.12/site-packages/pluggy/_callers.py\", line 139, in _multicall\n    teardown.throw(exception)\n  File \"/root/spread_project/.tox/integration/lib/python3.12/site-packages/pluggy/_callers.py\", line 53, in run_old_style_hookwrapper\n    return result.get_result()\n           ^^^^^^^^^^^^^^^^^^^\n  File \"/root/spread_project/.tox/integration/lib/python3.12/site-packages/pluggy/_result.py\", line 103, in get_result\n    raise exc.with_traceback(tb)\n  File \"/root/spread_project/.tox/integration/lib/python3.12/site-packages/pluggy/_callers.py\", line 38, in run_old_style_hookwrapper\n    res = yield\n          ^^^^^\n  File \"/root/spread_project/.tox/integration/lib/python3.12/site-packages/pluggy/_callers.py\", line 139, in _multicall\n    teardown.throw(exception)\n  File \"/root/spread_project/.tox/integration/lib/python3.12/site-packages/_pytest/capture.py\", line 900, in pytest_runtest_call\n    return (yield)\n            ^^^^^\n  File \"/root/spread_project/.tox/integration/lib/python3.12/site-packages/pluggy/_callers.py\", line 139, in _multicall\n    teardown.throw(exception)\n  File \"/root/spread_project/.tox/integration/lib/python3.12/site-packages/_pytest/skipping.py\", line 263, in pytest_runtest_call\n    return (yield)\n            ^^^^^\n  File \"/root/spread_project/.tox/integration/lib/python3.12/site-packages/pluggy/_callers.py\", line 121, in _multicall\n    res = hook_impl.function(*args)\n          ^^^^^^^^^^^^^^^^^^^^^^^^^\n  File \"/root/spread_project/.tox/integration/lib/python3.12/site-packages/_pytest/runner.py\", line 178, in pytest_runtest_call\n    item.runtest()\n  File \"/root/spread_project/.tox/integration/lib/python3.12/site-packages/_pytest/python.py\", line 1671, in runtest\n    self.ihook.pytest_pyfunc_call(pyfuncitem=self)\n  File \"/root/spread_project/.tox/integration/lib/python3.12/site-packages/pluggy/_hooks.py\", line 512, in __call__\n    return self._hookexec(self.name, self._hookimpls.copy(), kwargs, firstresult)\n           ^^^^^^^^^^^^^^^^^^^^^^^^^^^^^^^^^^^^^^^^^^^^^^^^^^^^^^^^^^^^^^^^^^^^^^\n  File \"/root/spread_project/.tox/integration/lib/python3.12/site-packages/pluggy/_manager.py\", line 120, in _hookexec\n    return self._inner_hookexec(hook_name, methods, kwargs, firstresult)\n           ^^^^^^^^^^^^^^^^^^^^^^^^^^^^^^^^^^^^^^^^^^^^^^^^^^^^^^^^^^^^^\n  File \"/root/spread_project/.tox/integration/lib/python3.12/site-packages/pluggy/_callers.py\", line 167, in _multicall\n    raise exception\n  File \"/root/spread_project/.tox/integration/lib/python3.12/site-packages/pluggy/_callers.py\", line 139, in _multicall\n    teardown.throw(exception)\n  File \"/root/spread_project/.tox/integration/lib/python3.12/site-packages/pluggy/_callers.py\", line 53, in run_old_style_hookwrapper\n    return result.get_result()\n           ^^^^^^^^^^^^^^^^^^^\n  File \"/root/spread_project/.tox/integration/lib/python3.12/site-packages/pluggy/_result.py\", line 103, in get_result\n    raise exc.with_traceback(tb)\n  File \"/root/spread_project/.tox/integration/lib/python3.12/site-packages/pluggy/_callers.py\", line 38, in run_old_style_hookwrapper\n    res = yield\n          ^^^^^\n  File \"/root/spread_project/.tox/integration/lib/python3.12/site-packages/pluggy/_callers.py\", line 121, in _multicall\n    res = hook_impl.function(*args)\n          ^^^^^^^^^^^^^^^^^^^^^^^^^\n  File \"/root/spread_project/.tox/integration/lib/python3.12/site-packages/_pytest/python.py\", line 157, in pytest_pyfunc_call\n    result = testfunction(**testargs)\n             ^^^^^^^^^^^^^^^^^^^^^^^^\n  File \"/root/spread_project/.tox/integration/lib/python3.12/site-packages/pytest_asyncio/plugin.py\", line 529, in inner\n    _loop.run_until_complete(task)\n  File \"/usr/lib/python3.12/asyncio/base_events.py\", line 687, in run_until_complete\n    return future.result()\n           ^^^^^^^^^^^^^^^\n  File \"/root/spread_project/tests/integration/test_charm.py\", line 227, in test_postgresql_parameters_change\n    assert settings[\"shared_buffers\"] == \"32768\"\nAssertionError: assert '16384' == '32768'\n  \n  \u001B[0m\u001B[91m- 32768\u001B[39;49;00m\u001B[90m\u001B[39;49;00m\n  \u001B[92m+ 16384\u001B[39;49;00m\u001B[90m\u001B[39;49;00m","steps":[],"attachments":[{"uid":"c77cbdbdfa397de2","name":"log","source":"c77cbdbdfa397de2.txt","type":"text/plain","size":634}],"parameters":[],"shouldDisplayMessage":true,"stepsCount":0,"attachmentsCount":1,"hasContent":true,"attachmentStep":false},"afterStages":[{"name":"abort_on_fail::0","time":{"start":1767231519616,"stop":1767231519616,"duration":0},"status":"passed","steps":[],"attachments":[],"parameters":[],"shouldDisplayMessage":false,"stepsCount":0,"attachmentsCount":0,"hasContent":false,"attachmentStep":false},{"name":"ops_test::finalizer","time":{"start":1767231519627,"stop":1767231519974,"duration":347},"status":"passed","steps":[],"attachments":[],"parameters":[],"shouldDisplayMessage":false,"stepsCount":0,"attachmentsCount":0,"hasContent":false,"attachmentStep":false},{"name":"event_loop::2","time":{"start":1767231519974,"stop":1767231519974,"duration":0},"status":"passed","steps":[],"attachments":[],"parameters":[],"shouldDisplayMessage":false,"stepsCount":0,"attachmentsCount":0,"hasContent":false,"attachmentStep":false},{"name":"event_loop::_close_event_loop","time":{"start":1767231519974,"stop":1767231519974,"duration":0},"status":"passed","steps":[],"attachments":[],"parameters":[],"shouldDisplayMessage":false,"stepsCount":0,"attachmentsCount":0,"hasContent":false,"attachmentStep":false},{"name":"event_loop::_provide_clean_event_loop","time":{"start":1767231519974,"stop":1767231519974,"duration":0},"status":"passed","steps":[],"attachments":[],"parameters":[],"shouldDisplayMessage":false,"stepsCount":0,"attachmentsCount":0,"hasContent":false,"attachmentStep":false}],"labels":[{"name":"tag","value":"abort_on_fail"},{"name":"tag","value":"asyncio"},{"name":"parentSuite","value":"tests.integration"},{"name":"suite","value":"test_charm"},{"name":"host","value":"runnervmh13bl"},{"name":"thread","value":"13204-MainThread"},{"name":"framework","value":"pytest"},{"name":"language","value":"cpython3"},{"name":"package","value":"tests.integration.test_charm"},{"name":"resultFormat","value":"allure2"}],"parameters":[],"links":[],"hidden":false,"retry":false,"extra":{"severity":"normal","retries":[{"uid":"75ba0ba2df4a0031","status":"unknown","time":{}}],"categories":[{"name":"Product defects","matchedStatuses":[]}],"history":{"statistic":{"failed":28,"broken":16,"skipped":7,"passed":578,"unknown":25,"total":654},"items":[{"uid":"5ec3e5b47aa904ab","reportUrl":"../6265//#testresult/5ec3e5b47aa904ab","status":"passed","time":{"start":1767145000068,"stop":1767145091091,"duration":91023}},{"uid":"67d914cf17daaee1","reportUrl":"../6260//#testresult/67d914cf17daaee1","status":"passed","time":{"start":1767058561629,"stop":1767058669841,"duration":108212}},{"uid":"b47dc39577615ebf","reportUrl":"../6259//#testresult/b47dc39577615ebf","status":"passed","time":{"start":1766972222699,"stop":1766972314672,"duration":91973}},{"uid":"121ea4bbe5793713","reportUrl":"../6258//#testresult/121ea4bbe5793713","status":"passed","time":{"start":1766885800973,"stop":1766885917322,"duration":116349}},{"uid":"6681459a3c603abc","reportUrl":"../6257//#testresult/6681459a3c603abc","status":"passed","time":{"start":1766799934388,"stop":1766800020668,"duration":86280}},{"uid":"42f9789405a6de33","reportUrl":"../6256//#testresult/42f9789405a6de33","status":"passed","time":{"start":1766713061698,"stop":1766713157792,"duration":96094}},{"uid":"88d687d94005d117","reportUrl":"../6255//#testresult/88d687d94005d117","status":"failed","statusDetails":"AssertionError: assert '16384' == '32768'\n  \n  \u001B[0m\u001B[91m- 32768\u001B[39;49;00m\u001B[90m\u001B[39;49;00m\n  \u001B[92m+ 16384\u001B[39;49;00m\u001B[90m\u001B[39;49;00m","time":{"start":1766626641084,"stop":1766626738319,"duration":97235}},{"uid":"c7a01a1c2eb4a6f5","reportUrl":"../6254//#testresult/c7a01a1c2eb4a6f5","status":"passed","time":{"start":1766540199464,"stop":1766540315734,"duration":116270}},{"uid":"6de3014ee5eb64a3","reportUrl":"../6248//#testresult/6de3014ee5eb64a3","status":"passed","time":{"start":1766453814694,"stop":1766453906365,"duration":91671}},{"uid":"c034b71e5bedfab6","reportUrl":"../6247//#testresult/c034b71e5bedfab6","status":"passed","time":{"start":1766367402045,"stop":1766367512615,"duration":110570}},{"uid":"ae1d56e4ea739036","reportUrl":"../6246//#testresult/ae1d56e4ea739036","status":"passed","time":{"start":1766281069858,"stop":1766281184620,"duration":114762}},{"uid":"c91c1ab5edb8bb8","reportUrl":"../6245//#testresult/c91c1ab5edb8bb8","status":"failed","statusDetails":"AssertionError: assert '16384' == '32768'\n  \n  \u001B[0m\u001B[91m- 32768\u001B[39;49;00m\u001B[90m\u001B[39;49;00m\n  \u001B[92m+ 16384\u001B[39;49;00m\u001B[90m\u001B[39;49;00m","time":{"start":1766194619381,"stop":1766194717349,"duration":97968}},{"uid":"c6cc25455cfe9601","reportUrl":"../6244//#testresult/c6cc25455cfe9601","status":"failed","statusDetails":"AssertionError: assert '16384' == '32768'\n  \n  \u001B[0m\u001B[91m- 32768\u001B[39;49;00m\u001B[90m\u001B[39;49;00m\n  \u001B[92m+ 16384\u001B[39;49;00m\u001B[90m\u001B[39;49;00m","time":{"start":1766108276645,"stop":1766108384570,"duration":107925}},{"uid":"8903a1372bca1f05","reportUrl":"../6243//#testresult/8903a1372bca1f05","status":"passed","time":{"start":1766021787120,"stop":1766021889274,"duration":102154}},{"uid":"ef6f27748da2fdec","reportUrl":"../6240//#testresult/ef6f27748da2fdec","status":"failed","statusDetails":"AssertionError: assert '16384' == '32768'\n  \n  \u001B[0m\u001B[91m- 32768\u001B[39;49;00m\u001B[90m\u001B[39;49;00m\n  \u001B[92m+ 16384\u001B[39;49;00m\u001B[90m\u001B[39;49;00m","time":{"start":1765935431653,"stop":1765935515411,"duration":83758}},{"uid":"78999b693a9ec30","reportUrl":"../6220//#testresult/78999b693a9ec30","status":"passed","time":{"start":1765849061751,"stop":1765849176111,"duration":114360}},{"uid":"729ea541bf16dfd8","reportUrl":"../6210//#testresult/729ea541bf16dfd8","status":"passed","time":{"start":1765762664976,"stop":1765762760460,"duration":95484}},{"uid":"c2183959a687ed3","reportUrl":"../6209//#testresult/c2183959a687ed3","status":"failed","statusDetails":"AssertionError: assert '16384' == '32768'\n  \n  \u001B[0m\u001B[91m- 32768\u001B[39;49;00m\u001B[90m\u001B[39;49;00m\n  \u001B[92m+ 16384\u001B[39;49;00m\u001B[90m\u001B[39;49;00m","time":{"start":1765676245690,"stop":1765676358699,"duration":113009}},{"uid":"b6cab5947ea20b26","reportUrl":"../6208//#testresult/b6cab5947ea20b26","status":"passed","time":{"start":1765589858405,"stop":1765589959068,"duration":100663}},{"uid":"98a585537a6df425","reportUrl":"../6203//#testresult/98a585537a6df425","status":"passed","time":{"start":1765503572807,"stop":1765503660026,"duration":87219}}]},"tags":["asyncio","abort_on_fail"]},"source":"f7d47ba1aebc79bb.json","parameterValues":[]}