[32mINFO    [0m integration.ha_tests.helpers:helpers.py:80 Unit postgresql/0 not yet down
[32mINFO    [0m juju.model:__init__.py:3254 Waiting for model:
  postgresql/0 [idle] active: 
  postgresql/1 [idle] waiting: waiting for primary to be reachable from this unit
  postgresql/2 [idle] active: Primary
  postgresql-test-app/0 [idle] active: received database credentials of the first database
[32mINFO    [0m juju.model:__init__.py:3254 Waiting for model:
  postgresql/1 [idle] waiting: waiting for primary to be reachable from this unit
[32mINFO    [0m juju.model:__init__.py:3254 Waiting for model:
  postgresql/0 [executing] active: 
  postgresql/1 [idle] active: 
  postgresql/2 [idle] active: Primary
  postgresql-test-app/0 [idle] active: received database credentials of the first database
[32mINFO    [0m juju.model:__init__.py:3254 Waiting for model:
  postgresql/0 [idle] waiting: waiting for primary to be reachable from this unit
[32mINFO    [0m juju.model:__init__.py:3254 Waiting for model:
  postgresql/0 [idle] active: 
[32mINFO    [0m integration.ha_tests.helpers:helpers.py:104 Initial writes {'testing.postgresql-0': 3, 'testing.postgresql-1': 3}
[32mINFO    [0m integration.ha_tests.helpers:helpers.py:114 Retry writes {'testing.postgresql-0': 3, 'testing.postgresql-1': 3}
[32mINFO    [0m integration.ha_tests.helpers:helpers.py:114 Retry writes {'testing.postgresql-0': 3, 'testing.postgresql-1': 3}
[32mINFO    [0m integration.ha_tests.helpers:helpers.py:114 Retry writes {'testing.postgresql-0': 3, 'testing.postgresql-1': 3}
[32mINFO    [0m integration.ha_tests.helpers:helpers.py:114 Retry writes {'testing.postgresql-0': 3, 'testing.postgresql-1': 3}
[32mINFO    [0m integration.ha_tests.helpers:helpers.py:114 Retry writes {'testing.postgresql-0': 3, 'testing.postgresql-1': 3}
[32mINFO    [0m integration.ha_tests.helpers:helpers.py:114 Retry writes {'testing.postgresql-0': 3, 'testing.postgresql-1': 3}
[32mINFO    [0m integration.ha_tests.helpers:helpers.py:114 Retry writes {'testing.postgresql-0': 3, 'testing.postgresql-1': 3}
[32mINFO    [0m integration.ha_tests.helpers:helpers.py:114 Retry writes {'testing.postgresql-0': 3, 'testing.postgresql-1': 3}
[32mINFO    [0m integration.ha_tests.helpers:helpers.py:114 Retry writes {'testing.postgresql-0': 3, 'testing.postgresql-1': 3}
[32mINFO    [0m integration.ha_tests.helpers:helpers.py:114 Retry writes {'testing.postgresql-0': 3, 'testing.postgresql-1': 3}
[32mINFO    [0m integration.ha_tests.helpers:helpers.py:114 Retry writes {'testing.postgresql-0': 3, 'testing.postgresql-1': 3}
[32mINFO    [0m integration.ha_tests.helpers:helpers.py:114 Retry writes {'testing.postgresql-0': 3, 'testing.postgresql-1': 3}
[32mINFO    [0m integration.ha_tests.helpers:helpers.py:114 Retry writes {'testing.postgresql-0': 3, 'testing.postgresql-1': 3}
[32mINFO    [0m integration.ha_tests.helpers:helpers.py:114 Retry writes {'testing.postgresql-0': 3, 'testing.postgresql-1': 3}
[32mINFO    [0m integration.ha_tests.helpers:helpers.py:114 Retry writes {'testing.postgresql-0': 3, 'testing.postgresql-1': 3}
[32mINFO    [0m integration.ha_tests.helpers:helpers.py:114 Retry writes {'testing.postgresql-0': 3, 'testing.postgresql-1': 3}
[32mINFO    [0m integration.ha_tests.helpers:helpers.py:114 Retry writes {'testing.postgresql-0': 3, 'testing.postgresql-1': 3}
[32mINFO    [0m integration.ha_tests.helpers:helpers.py:114 Retry writes {'testing.postgresql-0': 3, 'testing.postgresql-1': 3}
[32mINFO    [0m integration.ha_tests.helpers:helpers.py:114 Retry writes {'testing.postgresql-0': 3, 'testing.postgresql-1': 3}
[32mINFO    [0m integration.ha_tests.helpers:helpers.py:114 Retry writes {'testing.postgresql-0': 3, 'testing.postgresql-1': 3}
[32mINFO    [0m integration.ha_tests.helpers:helpers.py:114 Retry writes {'testing.postgresql-0': 3, 'testing.postgresql-1': 3}
[32mINFO    [0m integration.ha_tests.helpers:helpers.py:114 Retry writes {'testing.postgresql-0': 3, 'testing.postgresql-1': 3}
[32mINFO    [0m integration.ha_tests.helpers:helpers.py:114 Retry writes {'testing.postgresql-0': 3, 'testing.postgresql-1': 3}
[32mINFO    [0m integration.ha_tests.helpers:helpers.py:114 Retry writes {'testing.postgresql-0': 3, 'testing.postgresql-1': 3}
[32mINFO    [0m integration.ha_tests.helpers:helpers.py:114 Retry writes {'testing.postgresql-0': 3, 'testing.postgresql-1': 3}
[32mINFO    [0m integration.ha_tests.helpers:helpers.py:114 Retry writes {'testing.postgresql-0': 3, 'testing.postgresql-1': 3}
[32mINFO    [0m integration.ha_tests.helpers:helpers.py:114 Retry writes {'testing.postgresql-0': 3, 'testing.postgresql-1': 3}
[32mINFO    [0m integration.ha_tests.helpers:helpers.py:114 Retry writes {'testing.postgresql-0': 3, 'testing.postgresql-1': 3}
[32mINFO    [0m integration.ha_tests.helpers:helpers.py:114 Retry writes {'testing.postgresql-0': 3, 'testing.postgresql-1': 3}
[32mINFO    [0m integration.ha_tests.helpers:helpers.py:114 Retry writes {'testing.postgresql-0': 3, 'testing.postgresql-1': 3}
[32mINFO    [0m integration.ha_tests.helpers:helpers.py:114 Retry writes {'testing.postgresql-0': 3, 'testing.postgresql-1': 3}
[32mINFO    [0m integration.ha_tests.helpers:helpers.py:114 Retry writes {'testing.postgresql-0': 3, 'testing.postgresql-1': 3}
[32mINFO    [0m integration.ha_tests.helpers:helpers.py:114 Retry writes {'testing.postgresql-0': 3, 'testing.postgresql-1': 3}
[32mINFO    [0m integration.ha_tests.helpers:helpers.py:114 Retry writes {'testing.postgresql-0': 3, 'testing.postgresql-1': 3}
[32mINFO    [0m integration.ha_tests.helpers:helpers.py:114 Retry writes {'testing.postgresql-0': 3, 'testing.postgresql-1': 3}
[32mINFO    [0m integration.ha_tests.helpers:helpers.py:114 Retry writes {'testing.postgresql-0': 3, 'testing.postgresql-1': 3}
[32mINFO    [0m integration.ha_tests.helpers:helpers.py:114 Retry writes {'testing.postgresql-0': 3, 'testing.postgresql-1': 3}
[32mINFO    [0m integration.ha_tests.helpers:helpers.py:114 Retry writes {'testing.postgresql-0': 3, 'testing.postgresql-1': 3}
[32mINFO    [0m integration.ha_tests.helpers:helpers.py:114 Retry writes {'testing.postgresql-0': 3, 'testing.postgresql-1': 3}
[32mINFO    [0m integration.ha_tests.helpers:helpers.py:114 Retry writes {'testing.postgresql-0': 3, 'testing.postgresql-1': 3}
[32mINFO    [0m integration.ha_tests.helpers:helpers.py:114 Retry writes {'testing.postgresql-0': 3, 'testing.postgresql-1': 3}
[32mINFO    [0m integration.ha_tests.helpers:helpers.py:114 Retry writes {'testing.postgresql-0': 3, 'testing.postgresql-1': 3}
[32mINFO    [0m integration.ha_tests.helpers:helpers.py:114 Retry writes {'testing.postgresql-0': 3, 'testing.postgresql-1': 3}
[32mINFO    [0m integration.ha_tests.helpers:helpers.py:114 Retry writes {'testing.postgresql-0': 3, 'testing.postgresql-1': 3}
[32mINFO    [0m integration.ha_tests.helpers:helpers.py:114 Retry writes {'testing.postgresql-0': 3, 'testing.postgresql-1': 3}
[32mINFO    [0m integration.ha_tests.helpers:helpers.py:114 Retry writes {'testing.postgresql-0': 3, 'testing.postgresql-1': 3}
[32mINFO    [0m integration.ha_tests.helpers:helpers.py:114 Retry writes {'testing.postgresql-0': 3, 'testing.postgresql-1': 3}
[32mINFO    [0m pytest_operator.plugin:plugin.py:951 Model status:

Model    Controller     Cloud/Region         Version  SLA          Timestamp
testing  concierge-lxd  localhost/localhost  3.6.13   unsupported  02:02:43Z

App                  Version  Status  Scale  Charm                Channel      Rev  Exposed  Message
postgresql           16.11    active      3  postgresql                          0  no       
postgresql-test-app           active      1  postgresql-test-app  latest/edge  432  no       received database credentials of the first database

Unit                    Workload  Agent  Machine  Public address  Ports     Message
postgresql-test-app/0*  active    idle   3        10.216.241.201            received database credentials of the first database
postgresql/0*           active    idle   0        10.216.241.231  5432/tcp  
postgresql/1            active    idle   1        10.216.241.166  5432/tcp  
postgresql/2            active    idle   2        10.216.241.66   5432/tcp  Primary

Machine  State    Address         Inst id        Base          AZ             Message
0        started  10.216.241.231  juju-c11f2a-0  ubuntu@24.04  runnervmymu0l  Running
1        started  10.216.241.166  juju-c11f2a-1  ubuntu@24.04  runnervmymu0l  Running
2        started  10.216.241.66   juju-c11f2a-2  ubuntu@24.04  runnervmymu0l  Running
3        started  10.216.241.201  juju-c11f2a-3  ubuntu@22.04  runnervmymu0l  Running

[32mINFO    [0m pytest_operator.plugin:plugin.py:957 Juju error logs:

machine-0: 01:33:25 ERROR juju.worker.dependency "kvm-container-provisioner" manifold worker returned unexpected error: container types not yet available
machine-0: 01:33:25 ERROR juju.worker.dependency "lxd-container-provisioner" manifold worker returned unexpected error: container types not yet available
machine-2: 01:33:44 ERROR juju.worker.dependency "kvm-container-provisioner" manifold worker returned unexpected error: container types not yet available
machine-2: 01:33:44 ERROR juju.worker.dependency "lxd-container-provisioner" manifold worker returned unexpected error: container types not yet available
machine-3: 01:33:55 ERROR juju.worker.dependency "lxd-container-provisioner" manifold worker returned unexpected error: container types not yet available
machine-3: 01:33:55 ERROR juju.worker.dependency "kvm-container-provisioner" manifold worker returned unexpected error: container types not yet available
machine-1: 01:34:04 ERROR juju.worker.dependency "lxd-container-provisioner" manifold worker returned unexpected error: container types not yet available
machine-1: 01:34:04 ERROR juju.worker.dependency "kvm-container-provisioner" manifold worker returned unexpected error: container types not yet available
unit-postgresql-0: 01:34:43 ERROR unit.postgresql/0.juju-log cluster:Unable to get the state of the cluster
Traceback (most recent call last):
  File "/var/lib/juju/agents/unit-postgresql-0/charm/src/cluster.py", line 592, in online_cluster_members
    cluster_status = self.cluster_status()
                     ^^^^^^^^^^^^^^^^^^^^^
  File "/var/lib/juju/agents/unit-postgresql-0/charm/lib/charms/tempo_coordinator_k8s/v0/charm_tracing.py", line 1153, in wrapped_function
    return callable(*args, **kwargs)  # type: ignore
           ^^^^^^^^^^^^^^^^^^^^^^^^^
  File "/var/lib/juju/agents/unit-postgresql-0/charm/src/cluster.py", line 283, in cluster_status
    raise RetryError(
tenacity.RetryError: RetryError[<Future at 0x7f9450a86f60 state=finished raised Exception>]
unit-postgresql-0: 01:34:50 ERROR unit.postgresql/0.juju-log cluster:Unable to get the state of the cluster
Traceback (most recent call last):
  File "/var/lib/juju/agents/unit-postgresql-0/charm/src/cluster.py", line 592, in online_cluster_members
    cluster_status = self.cluster_status()
                     ^^^^^^^^^^^^^^^^^^^^^
  File "/var/lib/juju/agents/unit-postgresql-0/charm/lib/charms/tempo_coordinator_k8s/v0/charm_tracing.py", line 1153, in wrapped_function
    return callable(*args, **kwargs)  # type: ignore
           ^^^^^^^^^^^^^^^^^^^^^^^^^
  File "/var/lib/juju/agents/unit-postgresql-0/charm/src/cluster.py", line 283, in cluster_status
    raise RetryError(
tenacity.RetryError: RetryError[<Future at 0x7f287ed1efc0 state=finished raised Exception>]
unit-postgresql-0: 01:47:02 ERROR unit.postgresql/0.juju-log single_kernel_postgresql.utils.postgresql:Failed to list PostgreSQL database users: connection to server on socket "/tmp/snap-private-tmp/snap.charmed-postgresql/tmp//.s.PGSQL.5432" failed: No such file or directory
	Is the server running locally and accepting connections on that socket?

unit-postgresql-0: 01:54:17 ERROR unit.postgresql/0.juju-log relations.postgresql_provider:Early-exit, failed to oversee users: PostgreSQLUndefinedHostError('Host not set')
unit-postgresql-0: 01:57:14 ERROR unit.postgresql/0.juju-log relations.postgresql_provider:Early-exit, failed to oversee users: PostgreSQLUndefinedHostError('Host not set')
unit-postgresql-0: 02:01:47 ERROR unit.postgresql/0.juju-log relations.postgresql_provider:Early-exit, failed to oversee users: PostgreSQLUndefinedHostError('Host not set')

[32mINFO    [0m pytest_operator.plugin:plugin.py:1039 Forgetting model main...