[32mINFO    [0m juju.model:__init__.py:3254 Waiting for model:
  postgresql/0 [idle] active: 
  postgresql/1 [executing] active: 
  postgresql/2 [executing] active: 
  postgresql-test-app/0 [idle] active: received database credentials of the first database
[32mINFO    [0m integration.ha_tests.helpers:helpers.py:104 Initial writes {'testing.postgresql-0': 2, 'testing.postgresql-1': 2, 'testing.postgresql-2': 2}
[32mINFO    [0m integration.ha_tests.helpers:helpers.py:114 Retry writes {'testing.postgresql-0': 2, 'testing.postgresql-1': 2, 'testing.postgresql-2': 2}
[32mINFO    [0m integration.ha_tests.helpers:helpers.py:114 Retry writes {'testing.postgresql-0': 2, 'testing.postgresql-1': 2, 'testing.postgresql-2': 2}
[32mINFO    [0m integration.ha_tests.helpers:helpers.py:114 Retry writes {'testing.postgresql-0': 2, 'testing.postgresql-1': 2, 'testing.postgresql-2': 2}
[32mINFO    [0m integration.ha_tests.helpers:helpers.py:114 Retry writes {'testing.postgresql-0': 2, 'testing.postgresql-1': 2, 'testing.postgresql-2': 2}
[32mINFO    [0m integration.ha_tests.helpers:helpers.py:114 Retry writes {'testing.postgresql-0': 2, 'testing.postgresql-1': 2, 'testing.postgresql-2': 2}
[32mINFO    [0m integration.ha_tests.helpers:helpers.py:114 Retry writes {'testing.postgresql-0': 2, 'testing.postgresql-1': 2, 'testing.postgresql-2': 2}
[32mINFO    [0m integration.ha_tests.helpers:helpers.py:114 Retry writes {'testing.postgresql-0': 2, 'testing.postgresql-1': 2, 'testing.postgresql-2': 2}
[32mINFO    [0m integration.ha_tests.helpers:helpers.py:114 Retry writes {'testing.postgresql-0': 2, 'testing.postgresql-1': 2, 'testing.postgresql-2': 2}
[32mINFO    [0m integration.ha_tests.helpers:helpers.py:114 Retry writes {'testing.postgresql-0': 2, 'testing.postgresql-1': 2, 'testing.postgresql-2': 2}
[32mINFO    [0m integration.ha_tests.helpers:helpers.py:114 Retry writes {'testing.postgresql-0': 2, 'testing.postgresql-1': 2, 'testing.postgresql-2': 2}
[32mINFO    [0m integration.ha_tests.helpers:helpers.py:114 Retry writes {'testing.postgresql-0': 2, 'testing.postgresql-1': 2, 'testing.postgresql-2': 2}
[32mINFO    [0m integration.ha_tests.helpers:helpers.py:114 Retry writes {'testing.postgresql-0': 2, 'testing.postgresql-1': 2, 'testing.postgresql-2': 2}
[32mINFO    [0m integration.ha_tests.helpers:helpers.py:114 Retry writes {'testing.postgresql-0': 2, 'testing.postgresql-1': 2, 'testing.postgresql-2': 2}
[32mINFO    [0m integration.ha_tests.helpers:helpers.py:114 Retry writes {'testing.postgresql-0': 2, 'testing.postgresql-1': 2, 'testing.postgresql-2': 2}
[32mINFO    [0m integration.ha_tests.helpers:helpers.py:114 Retry writes {'testing.postgresql-0': 9, 'testing.postgresql-1': 9, 'testing.postgresql-2': 9}
[32mINFO    [0m integration.ha_tests.helpers:helpers.py:268 member: testing.postgresql-0, count: 14, max_number_written: 14, total_expected_writes: 14
[32mINFO    [0m integration.ha_tests.helpers:helpers.py:268 member: testing.postgresql-1, count: 14, max_number_written: 14, total_expected_writes: 14
[32mINFO    [0m integration.ha_tests.helpers:helpers.py:268 member: testing.postgresql-2, count: 14, max_number_written: 14, total_expected_writes: 14
[32mINFO    [0m pytest_operator.plugin:plugin.py:951 Model status:

Model    Controller     Cloud/Region         Version  SLA          Timestamp
testing  concierge-lxd  localhost/localhost  3.6.14   unsupported  01:58:40Z

App                  Version  Status  Scale  Charm                Channel      Rev  Exposed  Message
postgresql           16.11    active      3  postgresql                          0  no       
postgresql-test-app           active      1  postgresql-test-app  latest/edge  434  no       received database credentials of the first database

Unit                    Workload  Agent  Machine  Public address  Ports     Message
postgresql-test-app/0*  active    idle   3        10.21.43.186              received database credentials of the first database
postgresql/0*           active    idle   0        10.21.43.17     5432/tcp  Primary
postgresql/1            active    idle   1        10.21.43.91     5432/tcp  
postgresql/2            active    idle   2        10.21.43.74     5432/tcp  

Machine  State    Address       Inst id        Base          AZ             Message
0        started  10.21.43.17   juju-cbed1d-0  ubuntu@24.04  runnervmwffz4  Running
1        started  10.21.43.91   juju-cbed1d-1  ubuntu@24.04  runnervmwffz4  Running
2        started  10.21.43.74   juju-cbed1d-2  ubuntu@24.04  runnervmwffz4  Running
3        started  10.21.43.186  juju-cbed1d-3  ubuntu@22.04  runnervmwffz4  Running

[32mINFO    [0m pytest_operator.plugin:plugin.py:957 Juju error logs:

machine-0: 01:35:07 ERROR juju.worker.dependency "kvm-container-provisioner" manifold worker returned unexpected error: container types not yet available
machine-0: 01:35:07 ERROR juju.worker.dependency "lxd-container-provisioner" manifold worker returned unexpected error: container types not yet available
machine-1: 01:35:15 ERROR juju.worker.dependency "kvm-container-provisioner" manifold worker returned unexpected error: container types not yet available
machine-1: 01:35:15 ERROR juju.worker.dependency "lxd-container-provisioner" manifold worker returned unexpected error: container types not yet available
machine-3: 01:35:25 ERROR juju.worker.dependency "kvm-container-provisioner" manifold worker returned unexpected error: container types not yet available
machine-3: 01:35:25 ERROR juju.worker.dependency "lxd-container-provisioner" manifold worker returned unexpected error: container types not yet available
machine-2: 01:35:35 ERROR juju.worker.dependency "kvm-container-provisioner" manifold worker returned unexpected error: container types not yet available
machine-2: 01:35:35 ERROR juju.worker.dependency "lxd-container-provisioner" manifold worker returned unexpected error: container types not yet available
unit-postgresql-0: 01:36:18 ERROR unit.postgresql/0.juju-log cluster:Unable to get the state of the cluster
Traceback (most recent call last):
  File "/var/lib/juju/agents/unit-postgresql-0/charm/src/cluster.py", line 592, in online_cluster_members
    cluster_status = self.cluster_status()
                     ^^^^^^^^^^^^^^^^^^^^^
  File "/var/lib/juju/agents/unit-postgresql-0/charm/lib/charms/tempo_coordinator_k8s/v0/charm_tracing.py", line 1153, in wrapped_function
    return callable(*args, **kwargs)  # type: ignore
           ^^^^^^^^^^^^^^^^^^^^^^^^^
  File "/var/lib/juju/agents/unit-postgresql-0/charm/src/cluster.py", line 283, in cluster_status
    raise RetryError(
tenacity.RetryError: RetryError[<Future at 0x7efc9fe6ef90 state=finished raised Exception>]
unit-postgresql-0: 01:36:25 ERROR unit.postgresql/0.juju-log cluster:Unable to get the state of the cluster
Traceback (most recent call last):
  File "/var/lib/juju/agents/unit-postgresql-0/charm/src/cluster.py", line 592, in online_cluster_members
    cluster_status = self.cluster_status()
                     ^^^^^^^^^^^^^^^^^^^^^
  File "/var/lib/juju/agents/unit-postgresql-0/charm/lib/charms/tempo_coordinator_k8s/v0/charm_tracing.py", line 1153, in wrapped_function
    return callable(*args, **kwargs)  # type: ignore
           ^^^^^^^^^^^^^^^^^^^^^^^^^
  File "/var/lib/juju/agents/unit-postgresql-0/charm/src/cluster.py", line 283, in cluster_status
    raise RetryError(
tenacity.RetryError: RetryError[<Future at 0x7f3a4fbaefc0 state=finished raised Exception>]

[32mINFO    [0m pytest_operator.plugin:plugin.py:1039 Forgetting model main...