[32mINFO    [0m integration.ha_tests.test_async_replication:test_async_replication.py:78 Destroying second model
[32mINFO    [0m pytest_operator.plugin:plugin.py:862 Model status:

Model  Controller           Cloud/Region         Version  SLA          Timestamp
test   localhost-localhost  localhost/localhost  3.1.8    unsupported  02:18:38Z

App                  Version  Status  Scale  Charm                Channel        Rev  Exposed  Message
postgresql           14.11    error       3  postgresql                            0  no       hook failed: "async-primary-relation-broken"
postgresql-test-app           active      1  postgresql-test-app  latest/stable  119  no       received database credentials of the first database

Unit                    Workload     Agent      Machine  Public address  Ports     Message
postgresql-test-app/0*  active       idle       3        10.39.192.201             received database credentials of the first database
postgresql/0            error        idle       0        10.39.192.21    5432/tcp  hook failed: "async-primary-relation-broken"
postgresql/1            active       executing  1        10.39.192.37    5432/tcp  
postgresql/2*           maintenance  executing  2        10.39.192.163   5432/tcp  reconfiguring cluster

Machine  State    Address        Inst id        Base          AZ  Message
0        started  10.39.192.21   juju-f764d2-0  ubuntu@22.04      Running
1        started  10.39.192.37   juju-f764d2-1  ubuntu@22.04      Running
2        started  10.39.192.163  juju-f764d2-2  ubuntu@22.04      Running
3        started  10.39.192.201  juju-f764d2-3  ubuntu@22.04      Running

Offer          Application  Charm       Rev  Connected  Endpoint       Interface          Role
async-primary  postgresql   postgresql  0    1/1        async-primary  async_replication  provider
async-replica  postgresql   postgresql  0    0/0        async-replica  async_replication  requirer

[32mINFO    [0m pytest_operator.plugin:plugin.py:868 Juju error logs:

machine-2: 01:33:41 ERROR juju.worker.dependency "kvm-container-provisioner" manifold worker returned unexpected error: container types not yet available
machine-2: 01:33:41 ERROR juju.worker.dependency "lxd-container-provisioner" manifold worker returned unexpected error: container types not yet available
machine-2: 01:33:41 ERROR juju.worker.dependency "broker-tracker" manifold worker returned unexpected error: no container types determined
unit-postgresql-2: 01:33:41 ERROR juju.worker.meterstatus error running "meter-status-changed": charm missing from disk
machine-1: 01:33:45 ERROR juju.worker.dependency "broker-tracker" manifold worker returned unexpected error: no container types determined
machine-1: 01:33:45 ERROR juju.worker.dependency "kvm-container-provisioner" manifold worker returned unexpected error: container types not yet available
machine-1: 01:33:45 ERROR juju.worker.dependency "lxd-container-provisioner" manifold worker returned unexpected error: container types not yet available
unit-postgresql-1: 01:33:46 ERROR juju.worker.meterstatus error running "meter-status-changed": charm missing from disk
machine-0: 01:33:48 ERROR juju.worker.dependency "lxd-container-provisioner" manifold worker returned unexpected error: container types not yet available
machine-0: 01:33:48 ERROR juju.worker.dependency "broker-tracker" manifold worker returned unexpected error: no container types determined
machine-0: 01:33:49 ERROR juju.worker.dependency "kvm-container-provisioner" manifold worker returned unexpected error: container types not yet available
unit-postgresql-0: 01:33:51 ERROR juju.worker.meterstatus error running "meter-status-changed": charm missing from disk
machine-3: 01:34:12 ERROR juju.worker.dependency "lxd-container-provisioner" manifold worker returned unexpected error: container types not yet available
machine-3: 01:34:12 ERROR juju.worker.dependency "kvm-container-provisioner" manifold worker returned unexpected error: container types not yet available
machine-3: 01:34:12 ERROR juju.worker.dependency "broker-tracker" manifold worker returned unexpected error: no container types determined
unit-postgresql-test-app-0: 01:34:18 ERROR juju.worker.meterstatus error running "meter-status-changed": charm missing from disk
unit-postgresql-test-app-0: 02:08:07 ERROR juju.worker.dependency "uniter" manifold worker returned unexpected error: relation scope id "c0130f1e-1652-4855-86cf-d34242f764d2:r#4#postgresql": settings c0130f1e-1652-4855-86cf-d34242f764d2:r#4#postgresql not found (not found)
unit-postgresql-0: 02:08:09 ERROR juju.worker.dependency "uniter" manifold worker returned unexpected error: relation scope id "c0130f1e-1652-4855-86cf-d34242f764d2:r#4#postgresql-test-app": settings c0130f1e-1652-4855-86cf-d34242f764d2:r#4#postgresql-test-app not found (not found)
unit-postgresql-0: 02:18:30 ERROR unit.postgresql/0.juju-log async-primary:7: Uncaught exception while in charm code:
Traceback (most recent call last):
  File "/var/lib/juju/agents/unit-postgresql-0/charm/./src/charm.py", line 1639, in <module>
    main(PostgresqlOperatorCharm)
  File "/var/lib/juju/agents/unit-postgresql-0/charm/venv/ops/main.py", line 544, in main
    manager.run()
  File "/var/lib/juju/agents/unit-postgresql-0/charm/venv/ops/main.py", line 520, in run
    self._emit()
  File "/var/lib/juju/agents/unit-postgresql-0/charm/venv/ops/main.py", line 509, in _emit
    _emit_charm_event(self.charm, self.dispatcher.event_name)
  File "/var/lib/juju/agents/unit-postgresql-0/charm/venv/ops/main.py", line 143, in _emit_charm_event
    event_to_emit.emit(*args, **kwargs)
  File "/var/lib/juju/agents/unit-postgresql-0/charm/venv/ops/framework.py", line 352, in emit
    framework._emit(event)
  File "/var/lib/juju/agents/unit-postgresql-0/charm/venv/ops/framework.py", line 851, in _emit
    self._reemit(event_path)
  File "/var/lib/juju/agents/unit-postgresql-0/charm/venv/ops/framework.py", line 941, in _reemit
    custom_handler(event)
  File "/var/lib/juju/agents/unit-postgresql-0/charm/src/relations/async_replication.py", line 425, in _on_async_relation_broken
    if "departing" in self.charm._peers.data[self.charm.unit]:
AttributeError: 'NoneType' object has no attribute 'data'
unit-postgresql-0: 02:18:30 ERROR juju.worker.uniter.operation hook "async-primary-relation-broken" (via hook dispatching script: dispatch) failed: exit status 1
unit-postgresql-0: 02:18:36 ERROR unit.postgresql/0.juju-log async-primary:7: Uncaught exception while in charm code:
Traceback (most recent call last):
  File "/var/lib/juju/agents/unit-postgresql-0/charm/./src/charm.py", line 1639, in <module>
    main(PostgresqlOperatorCharm)
  File "/var/lib/juju/agents/unit-postgresql-0/charm/venv/ops/main.py", line 544, in main
    manager.run()
  File "/var/lib/juju/agents/unit-postgresql-0/charm/venv/ops/main.py", line 520, in run
    self._emit()
  File "/var/lib/juju/agents/unit-postgresql-0/charm/venv/ops/main.py", line 509, in _emit
    _emit_charm_event(self.charm, self.dispatcher.event_name)
  File "/var/lib/juju/agents/unit-postgresql-0/charm/venv/ops/main.py", line 143, in _emit_charm_event
    event_to_emit.emit(*args, **kwargs)
  File "/var/lib/juju/agents/unit-postgresql-0/charm/venv/ops/framework.py", line 352, in emit
    framework._emit(event)
  File "/var/lib/juju/agents/unit-postgresql-0/charm/venv/ops/framework.py", line 851, in _emit
    self._reemit(event_path)
  File "/var/lib/juju/agents/unit-postgresql-0/charm/venv/ops/framework.py", line 941, in _reemit
    custom_handler(event)
  File "/var/lib/juju/agents/unit-postgresql-0/charm/src/relations/async_replication.py", line 425, in _on_async_relation_broken
    if "departing" in self.charm._peers.data[self.charm.unit]:
AttributeError: 'NoneType' object has no attribute 'data'
unit-postgresql-0: 02:18:36 ERROR juju.worker.uniter.operation hook "async-primary-relation-broken" (via hook dispatching script: dispatch) failed: exit status 1

[32mINFO    [0m pytest_operator.plugin:plugin.py:947 Forgetting model main...