[32mINFO    [0m juju.model:model.py:2971 Waiting for model:
  postgresql-test-app/0 [idle] active: 
  postgresql-test-app/1 [idle] active: 
  database/2 [executing] active: 
  database/3 [executing] active: Primary
  another-database/0 [idle] active: 
  another-database/1 [idle] active: Primary
[32mINFO    [0m juju.model:model.py:2097 Deploying ch:amd64/jammy/data-integrator-41
[32mINFO    [0m juju.model:model.py:2971 Waiting for model:
  another-data-integrator/0 [allocating] waiting: waiting for machine
[32mINFO    [0m juju.model:model.py:2971 Waiting for model:
  another-data-integrator/0 [allocating] waiting: waiting for machine
[32mINFO    [0m juju.model:model.py:2971 Waiting for model:
  another-data-integrator/0 [allocating] waiting: waiting for machine
[32mINFO    [0m juju.model:model.py:2971 Waiting for model:
  another-data-integrator/0 [allocating] waiting: waiting for machine
[32mINFO    [0m juju.model:model.py:2971 Waiting for model:
  data-integrator/0 [executing] blocked: Please relate the data-integrator with the desired product
  another-data-integrator/0 [executing] blocked: Please relate the data-integrator with the desired product
[33mWARNING [0m juju.model:model.py:1563 relate is deprecated and will be removed. Use integrate instead.
[33mWARNING [0m juju.model:model.py:1563 relate is deprecated and will be removed. Use integrate instead.
[32mINFO    [0m juju.model:model.py:2971 Waiting for model:
  database/2 [idle] active: 
  database/3 [idle] active: Primary
[32mINFO    [0m juju.model:model.py:2971 Waiting for model:
  database/2 [idle] active: 
  database/3 [idle] blocked: invalid role(s) for extra user roles
[32mINFO    [0m juju.model:model.py:2971 Waiting for model:
  database/2 [idle] active: 
  database/3 [idle] blocked: invalid role(s) for extra user roles
[32mINFO    [0m pytest_operator.plugin:plugin.py:903 Model status:

Model  Controller           Cloud/Region         Version  SLA          Timestamp
test   localhost-localhost  localhost/localhost  3.4.5    unsupported  02:15:13Z

App                      Version  Status   Scale  Charm                Channel        Rev  Exposed  Message
another-application               active       1  postgresql-test-app  latest/edge    242  no       received database credentials of the first database
another-data-integrator           blocked      1  data-integrator      latest/stable   41  no       Please relate the data-integrator with the desired product
another-database         14.12    active       2  postgresql                            0  no       
data-integrator                   blocked      1  data-integrator      latest/stable   41  no       Please relate the data-integrator with the desired product
database                 14.12    active       2  postgresql                            1  no       
postgresql-test-app               active       2  postgresql-test-app  latest/edge    242  no       

Unit                        Workload  Agent  Machine  Public address  Ports     Message
another-application/0*      active    idle   6        10.61.182.119             received database credentials of the first database
another-data-integrator/0*  blocked   idle   10       10.61.182.218             Please relate the data-integrator with the desired product
another-database/0          active    idle   2        10.61.182.114   5432/tcp  
another-database/1*         active    idle   3        10.61.182.219   5432/tcp  Primary
data-integrator/0*          blocked   idle   9        10.61.182.103             Please relate the data-integrator with the desired product
database/2                  error     idle   7        10.61.182.47    5432/tcp  hook failed: "update-status"
database/3*                 active    idle   8        10.61.182.226   5432/tcp  
postgresql-test-app/0       active    idle   0        10.61.182.195             
postgresql-test-app/1*      active    idle   1        10.61.182.23              

Machine  State    Address        Inst id         Base          AZ  Message
0        started  10.61.182.195  juju-d6589c-0   ubuntu@22.04      Running
1        started  10.61.182.23   juju-d6589c-1   ubuntu@22.04      Running
2        started  10.61.182.114  juju-d6589c-2   ubuntu@22.04      Running
3        started  10.61.182.219  juju-d6589c-3   ubuntu@22.04      Running
6        started  10.61.182.119  juju-d6589c-6   ubuntu@22.04      Running
7        started  10.61.182.47   juju-d6589c-7   ubuntu@22.04      Running
8        started  10.61.182.226  juju-d6589c-8   ubuntu@22.04      Running
9        started  10.61.182.103  juju-d6589c-9   ubuntu@22.04      Running
10       started  10.61.182.218  juju-d6589c-10  ubuntu@22.04      Running

[32mINFO    [0m pytest_operator.plugin:plugin.py:909 Juju error logs:

machine-1: 01:39:28 ERROR juju.worker.dependency "lxd-container-provisioner" manifold worker returned unexpected error: container types not yet available
machine-1: 01:39:28 ERROR juju.worker.dependency "kvm-container-provisioner" manifold worker returned unexpected error: container types not yet available
unit-postgresql-test-app-1: 01:39:29 ERROR juju.worker.meterstatus error running "meter-status-changed": charm missing from disk
machine-0: 01:39:32 ERROR juju.worker.dependency "kvm-container-provisioner" manifold worker returned unexpected error: container types not yet available
machine-0: 01:39:33 ERROR juju.worker.dependency "lxd-container-provisioner" manifold worker returned unexpected error: container types not yet available
unit-postgresql-test-app-0: 01:39:33 ERROR juju.worker.meterstatus error running "meter-status-changed": charm missing from disk
machine-3: 01:39:53 ERROR juju.worker.dependency "lxd-container-provisioner" manifold worker returned unexpected error: container types not yet available
machine-3: 01:39:53 ERROR juju.worker.dependency "kvm-container-provisioner" manifold worker returned unexpected error: container types not yet available
unit-another-database-1: 01:39:53 ERROR juju.worker.meterstatus error running "meter-status-changed": charm missing from disk
machine-4: 01:39:56 ERROR juju.worker.dependency "lxd-container-provisioner" manifold worker returned unexpected error: container types not yet available
machine-4: 01:39:56 ERROR juju.worker.dependency "kvm-container-provisioner" manifold worker returned unexpected error: container types not yet available
unit-database-0: 01:39:56 ERROR juju.worker.meterstatus error running "meter-status-changed": charm missing from disk
machine-2: 01:39:59 ERROR juju.worker.dependency "kvm-container-provisioner" manifold worker returned unexpected error: container types not yet available
machine-2: 01:39:59 ERROR juju.worker.dependency "lxd-container-provisioner" manifold worker returned unexpected error: container types not yet available
unit-another-database-0: 01:39:59 ERROR juju.worker.meterstatus error running "meter-status-changed": charm missing from disk
machine-5: 01:48:42 ERROR juju.worker.dependency "lxd-container-provisioner" manifold worker returned unexpected error: container types not yet available
machine-5: 01:48:42 ERROR juju.worker.dependency "kvm-container-provisioner" manifold worker returned unexpected error: container types not yet available
unit-database-1: 01:48:42 ERROR juju.worker.meterstatus error running "meter-status-changed": charm missing from disk
machine-6: 01:53:46 ERROR juju.worker.dependency "lxd-container-provisioner" manifold worker returned unexpected error: container types not yet available
machine-6: 01:53:46 ERROR juju.worker.dependency "kvm-container-provisioner" manifold worker returned unexpected error: container types not yet available
unit-another-application-0: 01:53:46 ERROR juju.worker.meterstatus error running "meter-status-changed": charm missing from disk
machine-7: 01:57:49 ERROR juju.worker.dependency "kvm-container-provisioner" manifold worker returned unexpected error: container types not yet available
machine-7: 01:57:49 ERROR juju.worker.dependency "lxd-container-provisioner" manifold worker returned unexpected error: container types not yet available
unit-database-2: 01:57:50 ERROR juju.worker.meterstatus error running "meter-status-changed": charm missing from disk
machine-8: 01:57:54 ERROR juju.worker.dependency "lxd-container-provisioner" manifold worker returned unexpected error: container types not yet available
machine-8: 01:57:54 ERROR juju.worker.dependency "kvm-container-provisioner" manifold worker returned unexpected error: container types not yet available
unit-database-3: 01:57:54 ERROR juju.worker.meterstatus error running "meter-status-changed": charm missing from disk
machine-9: 02:10:35 ERROR juju.worker.dependency "kvm-container-provisioner" manifold worker returned unexpected error: container types not yet available
machine-9: 02:10:35 ERROR juju.worker.dependency "lxd-container-provisioner" manifold worker returned unexpected error: container types not yet available
unit-data-integrator-0: 02:10:35 ERROR juju.worker.meterstatus error running "meter-status-changed": charm missing from disk
machine-10: 02:13:44 ERROR juju.worker.dependency "kvm-container-provisioner" manifold worker returned unexpected error: container types not yet available
machine-10: 02:13:44 ERROR juju.worker.dependency "lxd-container-provisioner" manifold worker returned unexpected error: container types not yet available
unit-another-data-integrator-0: 02:13:44 ERROR juju.worker.meterstatus error running "meter-status-changed": charm missing from disk
unit-database-3: 02:14:28 ERROR unit.database/3.juju-log database:20: Invalid extra user roles: test
unit-database-3: 02:14:28 ERROR unit.database/3.juju-log database:20: invalid role(s) for extra user roles
Traceback (most recent call last):
  File "/var/lib/juju/agents/unit-database-3/charm/src/relations/postgresql_provider.py", line 93, in _on_database_requested
    self.charm.postgresql.create_user(user, password, extra_user_roles=extra_user_roles)
  File "/var/lib/juju/agents/unit-database-3/charm/lib/charms/tempo_k8s/v1/charm_tracing.py", line 735, in wrapped_function
    return callable(*args, **kwargs)  # type: ignore
  File "/var/lib/juju/agents/unit-database-3/charm/lib/charms/postgresql_k8s/v0/postgresql.py", line 225, in create_user
    raise PostgreSQLCreateUserError(INVALID_EXTRA_USER_ROLE_BLOCKING_MESSAGE)
charms.postgresql_k8s.v0.postgresql.PostgreSQLCreateUserError: invalid role(s) for extra user roles
unit-database-3: 02:14:29 ERROR unit.database/3.juju-log database:19: Invalid extra user roles: test
unit-database-3: 02:14:29 ERROR unit.database/3.juju-log database:19: invalid role(s) for extra user roles
Traceback (most recent call last):
  File "/var/lib/juju/agents/unit-database-3/charm/src/relations/postgresql_provider.py", line 93, in _on_database_requested
    self.charm.postgresql.create_user(user, password, extra_user_roles=extra_user_roles)
  File "/var/lib/juju/agents/unit-database-3/charm/lib/charms/tempo_k8s/v1/charm_tracing.py", line 735, in wrapped_function
    return callable(*args, **kwargs)  # type: ignore
  File "/var/lib/juju/agents/unit-database-3/charm/lib/charms/postgresql_k8s/v0/postgresql.py", line 225, in create_user
    raise PostgreSQLCreateUserError(INVALID_EXTRA_USER_ROLE_BLOCKING_MESSAGE)
charms.postgresql_k8s.v0.postgresql.PostgreSQLCreateUserError: invalid role(s) for extra user roles
unit-database-2: 02:15:13 ERROR unit.database/2.juju-log Uncaught exception while in charm code:
Traceback (most recent call last):
  File "/var/lib/juju/agents/unit-database-2/charm/venv/ops/model.py", line 3213, in _run
    result = subprocess.run(args, **kwargs)  # type: ignore
  File "/usr/lib/python3.10/subprocess.py", line 526, in run
    raise CalledProcessError(retcode, process.args,
subprocess.CalledProcessError: Command '('/var/lib/juju/tools/unit-database-2/goal-state', '--format=json')' returned non-zero exit status 1.

The above exception was the direct cause of the following exception:

Traceback (most recent call last):
  File "/var/lib/juju/agents/unit-database-2/charm/./src/charm.py", line 1866, in <module>
    main(PostgresqlOperatorCharm)
  File "/var/lib/juju/agents/unit-database-2/charm/venv/ops/main.py", line 553, in main
    manager.run()
  File "/var/lib/juju/agents/unit-database-2/charm/venv/ops/main.py", line 529, in run
    self._emit()
  File "/var/lib/juju/agents/unit-database-2/charm/venv/ops/main.py", line 518, in _emit
    _emit_charm_event(self.charm, self.dispatcher.event_name, self._juju_context)
  File "/var/lib/juju/agents/unit-database-2/charm/venv/ops/main.py", line 139, in _emit_charm_event
    event_to_emit.emit(*args, **kwargs)
  File "/var/lib/juju/agents/unit-database-2/charm/venv/ops/framework.py", line 347, in emit
    framework._emit(event)
  File "/var/lib/juju/agents/unit-database-2/charm/venv/ops/framework.py", line 853, in _emit
    self._reemit(event_path)
  File "/var/lib/juju/agents/unit-database-2/charm/venv/ops/framework.py", line 943, in _reemit
    custom_handler(event)
  File "/var/lib/juju/agents/unit-database-2/charm/lib/charms/tempo_k8s/v1/charm_tracing.py", line 735, in wrapped_function
    return callable(*args, **kwargs)  # type: ignore
  File "/var/lib/juju/agents/unit-database-2/charm/./src/charm.py", line 1365, in _on_update_status
    self._set_primary_status_message()
  File "/var/lib/juju/agents/unit-database-2/charm/lib/charms/tempo_k8s/v1/charm_tracing.py", line 735, in wrapped_function
    return callable(*args, **kwargs)  # type: ignore
  File "/var/lib/juju/agents/unit-database-2/charm/./src/charm.py", line 1449, in _set_primary_status_message
    if self._patroni.get_primary(unit_name_pattern=True) == self.unit.name:
  File "/var/lib/juju/agents/unit-database-2/charm/./src/charm.py", line 745, in _patroni
    self.app.planned_units(),
  File "/var/lib/juju/agents/unit-database-2/charm/venv/ops/model.py", line 451, in planned_units
    return self._backend.planned_units()
  File "/var/lib/juju/agents/unit-database-2/charm/venv/ops/model.py", line 3544, in planned_units
    app_state = self._run('goal-state', return_output=True, use_json=True)
  File "/var/lib/juju/agents/unit-database-2/charm/venv/ops/model.py", line 3215, in _run
    raise ModelError(e.stderr) from e
ops.model.ModelError: ERROR getting relation status: cannot get status: relation not found

unit-database-2: 02:15:13 ERROR juju.worker.uniter.operation hook "update-status" (via hook dispatching script: dispatch) failed: exit status 1

[32mINFO    [0m pytest_operator.plugin:plugin.py:991 Forgetting model main...