[32mINFO    [0m integration.ha_tests.helpers:helpers.py:80 Unit postgresql/0 not yet down
[32mINFO    [0m juju.model:__init__.py:3254 Waiting for model:
  postgresql/0 [executing] active: 
  postgresql/1 [executing] active: Primary (degraded)
  postgresql/2 [idle] active: 
  postgresql-test-app/0 [idle] active: received database credentials of the first database
[32mINFO    [0m integration.ha_tests.helpers:helpers.py:104 Initial writes {'testing.postgresql-0': 3, 'testing.postgresql-2': 119}
[32mINFO    [0m integration.ha_tests.helpers:helpers.py:114 Retry writes {'testing.postgresql-0': 3, 'testing.postgresql-2': 120}
[32mINFO    [0m integration.ha_tests.helpers:helpers.py:114 Retry writes {'testing.postgresql-0': 3, 'testing.postgresql-2': 127}
[32mINFO    [0m integration.ha_tests.helpers:helpers.py:114 Retry writes {'testing.postgresql-0': 3, 'testing.postgresql-2': 134}
[32mINFO    [0m integration.ha_tests.helpers:helpers.py:114 Retry writes {'testing.postgresql-0': 3, 'testing.postgresql-2': 141}
[32mINFO    [0m integration.ha_tests.helpers:helpers.py:114 Retry writes {'testing.postgresql-0': 3, 'testing.postgresql-2': 149}
[32mINFO    [0m integration.ha_tests.helpers:helpers.py:114 Retry writes {'testing.postgresql-0': 3, 'testing.postgresql-2': 156}
[32mINFO    [0m integration.ha_tests.helpers:helpers.py:114 Retry writes {'testing.postgresql-0': 3, 'testing.postgresql-2': 163}
[32mINFO    [0m integration.ha_tests.helpers:helpers.py:114 Retry writes {'testing.postgresql-0': 3, 'testing.postgresql-2': 170}
[32mINFO    [0m integration.ha_tests.helpers:helpers.py:114 Retry writes {'testing.postgresql-0': 3, 'testing.postgresql-2': 177}
[32mINFO    [0m integration.ha_tests.helpers:helpers.py:114 Retry writes {'testing.postgresql-0': 3, 'testing.postgresql-2': 184}
[32mINFO    [0m integration.ha_tests.helpers:helpers.py:114 Retry writes {'testing.postgresql-0': 3, 'testing.postgresql-2': 191}
[32mINFO    [0m integration.ha_tests.helpers:helpers.py:114 Retry writes {'testing.postgresql-0': 3, 'testing.postgresql-2': 198}
[32mINFO    [0m integration.ha_tests.helpers:helpers.py:114 Retry writes {'testing.postgresql-0': 3, 'testing.postgresql-2': 206}
[32mINFO    [0m integration.ha_tests.helpers:helpers.py:114 Retry writes {'testing.postgresql-0': 3, 'testing.postgresql-2': 214}
[32mINFO    [0m integration.ha_tests.helpers:helpers.py:114 Retry writes {'testing.postgresql-0': 3, 'testing.postgresql-2': 222}
[32mINFO    [0m integration.ha_tests.helpers:helpers.py:114 Retry writes {'testing.postgresql-0': 3, 'testing.postgresql-2': 229}
[32mINFO    [0m integration.ha_tests.helpers:helpers.py:114 Retry writes {'testing.postgresql-0': 3, 'testing.postgresql-2': 236}
[32mINFO    [0m integration.ha_tests.helpers:helpers.py:114 Retry writes {'testing.postgresql-0': 3, 'testing.postgresql-2': 244}
[32mINFO    [0m integration.ha_tests.helpers:helpers.py:114 Retry writes {'testing.postgresql-0': 3, 'testing.postgresql-2': 252}
[32mINFO    [0m integration.ha_tests.helpers:helpers.py:114 Retry writes {'testing.postgresql-0': 3, 'testing.postgresql-2': 259}
[32mINFO    [0m integration.ha_tests.helpers:helpers.py:114 Retry writes {'testing.postgresql-0': 3, 'testing.postgresql-2': 266}
[32mINFO    [0m integration.ha_tests.helpers:helpers.py:114 Retry writes {'testing.postgresql-0': 3, 'testing.postgresql-2': 273}
[32mINFO    [0m integration.ha_tests.helpers:helpers.py:114 Retry writes {'testing.postgresql-0': 3, 'testing.postgresql-2': 280}
[32mINFO    [0m integration.ha_tests.helpers:helpers.py:114 Retry writes {'testing.postgresql-0': 3, 'testing.postgresql-2': 288}
[32mINFO    [0m integration.ha_tests.helpers:helpers.py:114 Retry writes {'testing.postgresql-0': 3, 'testing.postgresql-2': 295}
[32mINFO    [0m integration.ha_tests.helpers:helpers.py:114 Retry writes {'testing.postgresql-0': 3, 'testing.postgresql-2': 302}
[32mINFO    [0m integration.ha_tests.helpers:helpers.py:114 Retry writes {'testing.postgresql-0': 3, 'testing.postgresql-2': 309}
[32mINFO    [0m integration.ha_tests.helpers:helpers.py:114 Retry writes {'testing.postgresql-0': 3, 'testing.postgresql-2': 316}
[32mINFO    [0m integration.ha_tests.helpers:helpers.py:114 Retry writes {'testing.postgresql-0': 3, 'testing.postgresql-2': 324}
[32mINFO    [0m integration.ha_tests.helpers:helpers.py:114 Retry writes {'testing.postgresql-0': 3, 'testing.postgresql-2': 332}
[32mINFO    [0m integration.ha_tests.helpers:helpers.py:114 Retry writes {'testing.postgresql-0': 3, 'testing.postgresql-2': 340}
[32mINFO    [0m integration.ha_tests.helpers:helpers.py:114 Retry writes {'testing.postgresql-0': 3, 'testing.postgresql-2': 348}
[32mINFO    [0m integration.ha_tests.helpers:helpers.py:114 Retry writes {'testing.postgresql-0': 3, 'testing.postgresql-2': 355}
[32mINFO    [0m integration.ha_tests.helpers:helpers.py:114 Retry writes {'testing.postgresql-0': 3, 'testing.postgresql-2': 364}
[32mINFO    [0m integration.ha_tests.helpers:helpers.py:114 Retry writes {'testing.postgresql-0': 3, 'testing.postgresql-2': 371}
[32mINFO    [0m integration.ha_tests.helpers:helpers.py:114 Retry writes {'testing.postgresql-0': 3, 'testing.postgresql-2': 379}
[32mINFO    [0m integration.ha_tests.helpers:helpers.py:114 Retry writes {'testing.postgresql-0': 3, 'testing.postgresql-2': 387}
[32mINFO    [0m integration.ha_tests.helpers:helpers.py:114 Retry writes {'testing.postgresql-0': 3, 'testing.postgresql-2': 395}
[32mINFO    [0m integration.ha_tests.helpers:helpers.py:114 Retry writes {'testing.postgresql-0': 3, 'testing.postgresql-2': 402}
[32mINFO    [0m integration.ha_tests.helpers:helpers.py:114 Retry writes {'testing.postgresql-0': 3, 'testing.postgresql-2': 409}
[32mINFO    [0m integration.ha_tests.helpers:helpers.py:114 Retry writes {'testing.postgresql-0': 3, 'testing.postgresql-2': 417}
[32mINFO    [0m integration.ha_tests.helpers:helpers.py:114 Retry writes {'testing.postgresql-0': 3, 'testing.postgresql-2': 425}
[32mINFO    [0m integration.ha_tests.helpers:helpers.py:114 Retry writes {'testing.postgresql-0': 3, 'testing.postgresql-2': 432}
[32mINFO    [0m integration.ha_tests.helpers:helpers.py:114 Retry writes {'testing.postgresql-0': 3, 'testing.postgresql-2': 440}
[32mINFO    [0m integration.ha_tests.helpers:helpers.py:114 Retry writes {'testing.postgresql-0': 3, 'testing.postgresql-2': 448}
[32mINFO    [0m integration.ha_tests.helpers:helpers.py:114 Retry writes {'testing.postgresql-0': 3, 'testing.postgresql-2': 455}
[32mINFO    [0m integration.ha_tests.helpers:helpers.py:114 Retry writes {'testing.postgresql-0': 3, 'testing.postgresql-2': 462}
[32mINFO    [0m pytest_operator.plugin:plugin.py:951 Model status:

Model    Controller     Cloud/Region         Version  SLA          Timestamp
testing  concierge-lxd  localhost/localhost  3.6.14   unsupported  01:57:15Z

App                  Version  Status  Scale  Charm                Channel      Rev  Exposed  Message
postgresql           16.11    active      3  postgresql                          0  no       
postgresql-test-app           active      1  postgresql-test-app  latest/edge  436  no       received database credentials of the first database

Unit                    Workload  Agent  Machine  Public address  Ports     Message
postgresql-test-app/0*  active    idle   3        10.230.219.227            received database credentials of the first database
postgresql/0*           waiting   idle   0        10.230.219.197  5432/tcp  waiting for primary to be reachable from this unit
postgresql/1            active    idle   1        10.230.219.247  5432/tcp  Primary
postgresql/2            active    idle   2        10.230.219.243  5432/tcp  

Machine  State    Address         Inst id        Base          AZ             Message
0        started  10.230.219.197  juju-cd668d-0  ubuntu@24.04  runnervmjduv7  Running
1        started  10.230.219.247  juju-cd668d-1  ubuntu@24.04  runnervmjduv7  Running
2        started  10.230.219.243  juju-cd668d-2  ubuntu@24.04  runnervmjduv7  Running
3        started  10.230.219.227  juju-cd668d-3  ubuntu@22.04  runnervmjduv7  Running

[32mINFO    [0m pytest_operator.plugin:plugin.py:957 Juju error logs:

machine-0: 01:34:15 ERROR juju.worker.dependency "lxd-container-provisioner" manifold worker returned unexpected error: container types not yet available
machine-0: 01:34:15 ERROR juju.worker.dependency "kvm-container-provisioner" manifold worker returned unexpected error: container types not yet available
machine-2: 01:34:29 ERROR juju.worker.dependency "lxd-container-provisioner" manifold worker returned unexpected error: container types not yet available
machine-2: 01:34:29 ERROR juju.worker.dependency "kvm-container-provisioner" manifold worker returned unexpected error: container types not yet available
machine-1: 01:34:48 ERROR juju.worker.dependency "kvm-container-provisioner" manifold worker returned unexpected error: container types not yet available
machine-1: 01:34:48 ERROR juju.worker.dependency "lxd-container-provisioner" manifold worker returned unexpected error: container types not yet available
machine-3: 01:35:00 ERROR juju.worker.dependency "kvm-container-provisioner" manifold worker returned unexpected error: container types not yet available
machine-3: 01:35:00 ERROR juju.worker.dependency "lxd-container-provisioner" manifold worker returned unexpected error: container types not yet available
unit-postgresql-0: 01:35:35 ERROR unit.postgresql/0.juju-log cluster:Unable to get the state of the cluster
Traceback (most recent call last):
  File "/var/lib/juju/agents/unit-postgresql-0/charm/src/cluster.py", line 592, in online_cluster_members
    cluster_status = self.cluster_status()
                     ^^^^^^^^^^^^^^^^^^^^^
  File "/var/lib/juju/agents/unit-postgresql-0/charm/lib/charms/tempo_coordinator_k8s/v0/charm_tracing.py", line 946, in wrapped_function
    return callable(*args, **kwargs)  # type: ignore
           ^^^^^^^^^^^^^^^^^^^^^^^^^
  File "/var/lib/juju/agents/unit-postgresql-0/charm/src/cluster.py", line 283, in cluster_status
    raise RetryError(
tenacity.RetryError: RetryError[<Future at 0x7f0c364bafc0 state=finished raised Exception>]
unit-postgresql-0: 01:35:42 ERROR unit.postgresql/0.juju-log cluster:Unable to get the state of the cluster
Traceback (most recent call last):
  File "/var/lib/juju/agents/unit-postgresql-0/charm/src/cluster.py", line 592, in online_cluster_members
    cluster_status = self.cluster_status()
                     ^^^^^^^^^^^^^^^^^^^^^
  File "/var/lib/juju/agents/unit-postgresql-0/charm/lib/charms/tempo_coordinator_k8s/v0/charm_tracing.py", line 946, in wrapped_function
    return callable(*args, **kwargs)  # type: ignore
           ^^^^^^^^^^^^^^^^^^^^^^^^^
  File "/var/lib/juju/agents/unit-postgresql-0/charm/src/cluster.py", line 283, in cluster_status
    raise RetryError(
tenacity.RetryError: RetryError[<Future at 0x7f8609e3f020 state=finished raised Exception>]

[32mINFO    [0m pytest_operator.plugin:plugin.py:1039 Forgetting model main...