[32mINFO    [0m integration.ha_tests.test_async_replication:test_async_replication.py:541 starting continuous writes to the database
[32mINFO    [0m integration.ha_tests.test_async_replication:test_async_replication.py:544 checking whether writes are increasing
[32mINFO    [0m integration.ha_tests.helpers:helpers.py:103 Initial writes {'testing.postgresql-0': 2, 'testing.postgresql-2': 2}
[32mINFO    [0m integration.ha_tests.helpers:helpers.py:113 Retry writes {'testing.postgresql-0': 4, 'testing.postgresql-2': 4}
[32mINFO    [0m integration.ha_tests.test_async_replication:test_async_replication.py:547 scaling out the clusters
[32mINFO    [0m juju.model:__init__.py:3254 Waiting for model:
  postgresql/0 [idle] active: Standby
  postgresql/1 [idle] active: 
  postgresql/3 [allocating] waiting: waiting for machine
[32mINFO    [0m juju.model:__init__.py:3254 Waiting for model:
  postgresql/0 [idle] active: Primary
  postgresql/2 [idle] active: 
  postgresql/3 [allocating] waiting: waiting for machine
[32mINFO    [0m juju.model:__init__.py:3254 Waiting for model:
  postgresql/3 [allocating] waiting: waiting for machine
[32mINFO    [0m juju.model:__init__.py:3254 Waiting for model:
  postgresql/3 [allocating] waiting: waiting for machine
[32mINFO    [0m juju.model:__init__.py:3254 Waiting for model:
  postgresql/3 [executing] maintenance: installing charm software
[32mINFO    [0m juju.model:__init__.py:3254 Waiting for model:
  postgresql/3 [allocating] waiting: waiting for machine
[32mINFO    [0m juju.model:__init__.py:3254 Waiting for model:
  postgresql/0 [executing] active: Primary
  postgresql/2 [executing] active: 
  postgresql/3 [executing] maintenance: installing PostgreSQL
[32mINFO    [0m juju.model:__init__.py:3254 Waiting for model:
  postgresql/0 [executing] active: Standby
  postgresql/1 [executing] active: 
  postgresql/3 [executing] waiting: waiting to start PostgreSQL
[32mINFO    [0m juju.model:__init__.py:3254 Waiting for model:
  postgresql/0 [executing] active: Primary (degraded)
  postgresql/2 [executing] active: 
  postgresql/3 [executing] waiting: waiting to start PostgreSQL
[32mINFO    [0m juju.model:__init__.py:3254 Waiting for model:
  postgresql/0 [executing] waiting: Waiting for the database to be stopped in all units
  postgresql/1 [executing] active: 
  postgresql/3 [executing] waiting: waiting to start PostgreSQL
[32mINFO    [0m juju.model:__init__.py:3254 Waiting for model:
  postgresql/0 [executing] maintenance: reconfiguring cluster
  postgresql/2 [executing] active: 
  postgresql/3 [executing] waiting: waiting to start PostgreSQL
[32mINFO    [0m juju.model:__init__.py:3254 Waiting for model:
  postgresql/0 [executing] active: Standby
  postgresql/1 [executing] active: 
  postgresql/3 [executing] active: 
[32mINFO    [0m juju.model:__init__.py:3254 Waiting for model:
  postgresql/0 [executing] maintenance: reconfiguring cluster
  postgresql/2 [idle] active: 
  postgresql/3 [executing] waiting: waiting to start PostgreSQL
[32mINFO    [0m juju.model:__init__.py:3254 Waiting for model:
  postgresql/0 [executing] active: Standby
  postgresql/1 [executing] active: 
  postgresql/3 [executing] waiting: waiting for primary to be reachable from this unit
[32mINFO    [0m juju.model:__init__.py:3254 Waiting for model:
  postgresql/0 [executing] active: Primary
  postgresql/2 [idle] active: 
  postgresql/3 [executing] waiting: waiting for primary to be reachable from this unit
[32mINFO    [0m juju.model:__init__.py:3254 Waiting for model:
  postgresql/0 [idle] active: Standby
  postgresql/1 [idle] active: 
  postgresql/3 [idle] active: 
[32mINFO    [0m juju.model:__init__.py:3254 Waiting for model:
  postgresql/0 [idle] active: Primary
  postgresql/2 [idle] active: 
  postgresql/3 [idle] active: 
[32mINFO    [0m integration.ha_tests.test_async_replication:test_async_replication.py:560 checking whether writes are increasing
[32mINFO    [0m integration.ha_tests.helpers:helpers.py:103 Initial writes {'testing.postgresql-0': 254, 'testing.postgresql-2': 254, 'testing.postgresql-3': 254, 'testing-other.postgresql-0': 254, 'testing-other.postgresql-2': 254, 'testing-other.postgresql-3': 254}
[32mINFO    [0m integration.ha_tests.helpers:helpers.py:113 Retry writes {'testing.postgresql-0': 255, 'testing.postgresql-2': 255, 'testing.postgresql-3': 255, 'testing-other.postgresql-0': 255, 'testing-other.postgresql-2': 255, 'testing-other.postgresql-3': 255}
[32mINFO    [0m integration.ha_tests.test_async_replication:test_async_replication.py:563 scaling in the clusters
[32mINFO    [0m juju.model:__init__.py:3254 Waiting for model:
  postgresql (waiting for exactly 2 units, current : 3)
[32mINFO    [0m juju.model:__init__.py:3254 Waiting for model:
  postgresql (waiting for exactly 2 units, current : 3)
[32mINFO    [0m juju.model:__init__.py:3254 Waiting for model:
  postgresql/1 [executing] active: 
  postgresql/3 [executing] waiting: waiting for primary to be reachable from this unit
[32mINFO    [0m juju.model:__init__.py:3254 Waiting for model:
  postgresql/2 [executing] active: 
  postgresql/3 [idle] active: 
[32mINFO    [0m juju.model:__init__.py:3254 Waiting for model:
  postgresql/1 [idle] waiting: waiting for primary to be reachable from this unit
  postgresql/3 [executing] active: 
[32mINFO    [0m juju.model:__init__.py:3254 Waiting for model:
  postgresql/2 [executing] active: 
  postgresql/3 [idle] active: 
[32mINFO    [0m juju.model:__init__.py:3254 Waiting for model:
  postgresql/2 [idle] active: Primary
[32mINFO    [0m juju.model:__init__.py:3254 Waiting for model:
  postgresql/1 [idle] active: 
  postgresql/3 [idle] active: 
[32mINFO    [0m integration.ha_tests.test_async_replication:test_async_replication.py:571 checking whether writes are increasing
[32mINFO    [0m integration.ha_tests.helpers:helpers.py:103 Initial writes {'testing.postgresql-2': 321, 'testing.postgresql-3': 321, 'testing-other.postgresql-2': 321, 'testing-other.postgresql-3': 321}
[32mINFO    [0m integration.ha_tests.helpers:helpers.py:113 Retry writes {'testing.postgresql-2': 322, 'testing.postgresql-3': 322, 'testing-other.postgresql-2': 322, 'testing-other.postgresql-3': 322}
[32mINFO    [0m integration.ha_tests.test_async_replication:test_async_replication.py:576 checking whether no writes were lost
[32mINFO    [0m integration.ha_tests.test_async_replication:test_async_replication.py:82 Destroying second model
[32mINFO    [0m pytest_operator.plugin:plugin.py:951 Model status:

Model    Controller     Cloud/Region         Version  SLA          Timestamp
testing  concierge-lxd  localhost/localhost  3.6.13   unsupported  00:37:27Z

App                  Version  Status  Scale  Charm                Channel      Rev  Exposed  Message
data-integrator               active      1  data-integrator      latest/edge  343  no       
postgresql           14.20    active      2  postgresql                          0  no       Primary
postgresql-test-app           active      1  postgresql-test-app  latest/edge  432  no       received database credentials of the first database

Unit                    Workload  Agent      Machine  Public address  Ports     Message
data-integrator/0*      active    idle       3        10.225.244.208            
postgresql-test-app/0*  active    idle       4        10.225.244.156            received database credentials of the first database
postgresql/2*           active    executing  2        10.225.244.247  5432/tcp  Primary
postgresql/3            active    executing  5        10.225.244.149  5432/tcp  

Machine  State    Address         Inst id        Base          AZ             Message
2        started  10.225.244.247  juju-66f002-2  ubuntu@22.04  runnervmymu0l  Running
3        started  10.225.244.208  juju-66f002-3  ubuntu@24.04  runnervmymu0l  Running
4        started  10.225.244.156  juju-66f002-4  ubuntu@22.04  runnervmymu0l  Running
5        started  10.225.244.149  juju-66f002-5  ubuntu@22.04  runnervmymu0l  Running

Offer              Application  Charm       Rev  Connected  Endpoint           Interface         Role
replication        postgresql   postgresql  0    0/0        replication        postgresql_async  requirer
replication-offer  postgresql   postgresql  0    1/1        replication-offer  postgresql_async  provider

[32mINFO    [0m pytest_operator.plugin:plugin.py:957 Juju error logs:

machine-3: 00:06:09 ERROR juju.worker.dependency "kvm-container-provisioner" manifold worker returned unexpected error: container types not yet available
machine-3: 00:06:09 ERROR juju.worker.dependency "lxd-container-provisioner" manifold worker returned unexpected error: container types not yet available
machine-0: 00:06:14 ERROR juju.worker.dependency "lxd-container-provisioner" manifold worker returned unexpected error: container types not yet available
machine-0: 00:06:14 ERROR juju.worker.dependency "kvm-container-provisioner" manifold worker returned unexpected error: container types not yet available
unit-postgresql-0: 00:07:16 ERROR unit.postgresql/0.juju-log Unable to get the state of the cluster
Traceback (most recent call last):
  File "/var/lib/juju/agents/unit-postgresql-0/charm/src/cluster.py", line 568, in are_replicas_up
    members = self.cluster_status()
  File "/var/lib/juju/agents/unit-postgresql-0/charm/lib/charms/tempo_coordinator_k8s/v0/charm_tracing.py", line 1153, in wrapped_function
    return callable(*args, **kwargs)  # type: ignore
  File "/var/lib/juju/agents/unit-postgresql-0/charm/src/cluster.py", line 368, in cluster_status
    raise RetryError(
tenacity.RetryError: RetryError[<Future at 0x7fb86779e170 state=finished raised Exception>]
unit-postgresql-0: 00:07:39 ERROR unit.postgresql/0.juju-log Failed to list PostgreSQL database users: could not translate host name "None" to address: Temporary failure in name resolution

machine-1: 00:07:54 ERROR juju.worker.dependency "kvm-container-provisioner" manifold worker returned unexpected error: container types not yet available
machine-1: 00:07:54 ERROR juju.worker.dependency "lxd-container-provisioner" manifold worker returned unexpected error: container types not yet available
machine-2: 00:08:24 ERROR juju.worker.dependency "lxd-container-provisioner" manifold worker returned unexpected error: container types not yet available
machine-2: 00:08:24 ERROR juju.worker.dependency "kvm-container-provisioner" manifold worker returned unexpected error: container types not yet available
machine-4: 00:10:36 ERROR juju.worker.dependency "kvm-container-provisioner" manifold worker returned unexpected error: container types not yet available
machine-4: 00:10:36 ERROR juju.worker.dependency "lxd-container-provisioner" manifold worker returned unexpected error: container types not yet available
unit-postgresql-0: 00:19:19 ERROR unit.postgresql/0.juju-log database-peers:1: Unable to get the state of the cluster
Traceback (most recent call last):
  File "/var/lib/juju/agents/unit-postgresql-0/charm/src/cluster.py", line 568, in are_replicas_up
    members = self.cluster_status()
  File "/var/lib/juju/agents/unit-postgresql-0/charm/lib/charms/tempo_coordinator_k8s/v0/charm_tracing.py", line 1153, in wrapped_function
    return callable(*args, **kwargs)  # type: ignore
  File "/var/lib/juju/agents/unit-postgresql-0/charm/src/cluster.py", line 368, in cluster_status
    raise RetryError(
tenacity.RetryError: RetryError[<Future at 0x7fbc13d30be0 state=finished raised Exception>]
unit-postgresql-2: 00:23:08 ERROR juju.worker.dependency "uniter" manifold worker returned unexpected error: relation scope id "082a04e0-55eb-4045-8910-1df04366f002:r#6#postgresql-test-app": settings 082a04e0-55eb-4045-8910-1df04366f002:r#6#postgresql-test-app not found (not found)
unit-postgresql-2: 00:23:57 ERROR juju.worker.dependency "uniter" manifold worker returned unexpected error: relation scope id "082a04e0-55eb-4045-8910-1df04366f002:r#7#remote-3aec27c00dca497688929b5c6a2170cf": settings 082a04e0-55eb-4045-8910-1df04366f002:r#7#remote-3aec27c00dca497688929b5c6a2170cf not found (not found)
machine-5: 00:32:17 ERROR juju.worker.dependency "lxd-container-provisioner" manifold worker returned unexpected error: container types not yet available
machine-5: 00:32:17 ERROR juju.worker.dependency "kvm-container-provisioner" manifold worker returned unexpected error: container types not yet available
unit-postgresql-0: 00:33:34 ERROR juju.worker.dependency "log-sender" manifold worker returned unexpected error: sending log message: websocket: close 1005 (no status): websocket: close sent
unit-postgresql-2: 00:33:35 ERROR juju.worker.dependency "log-sender" manifold worker returned unexpected error: sending log message: websocket: close 1005 (no status): websocket: close sent
unit-data-integrator-0: 00:34:40 ERROR juju.worker.dependency "log-sender" manifold worker returned unexpected error: sending log message: websocket: close 1005 (no status): websocket: close sent
unit-postgresql-test-app-0: 00:34:40 ERROR juju.worker.dependency "log-sender" manifold worker returned unexpected error: sending log message: websocket: close 1005 (no status): websocket: close sent

[32mINFO    [0m pytest_operator.plugin:plugin.py:1039 Forgetting model main...